#                                                                            --- full sequence --- -------------- this domain -------------   hmm coord   ali coord   env coord
# target name        accession   tlen query name           accession   qlen   E-value  score  bias   #  of  c-Evalue  i-Evalue  score  bias  from    to  from    to  from    to  acc description of target
#------------------- ---------- ----- -------------------- ---------- ----- --------- ------ ----- --- --- --------- --------- ------ ----- ----- ----- ----- ----- ----- ----- ---- ---------------------
ptg000005l_439       -            609 1074831at2           -            386   0.00018   19.6   0.1   1   3    0.0001     0.066   11.2   0.0   289   341   221   279   209   286 0.72 # 613766 # 615592 # -1 # ID=5_439;partial=00;start_type=ATG;rbs_motif=None;rbs_spacer=None;gc_cont=0.374
ptg000005l_439       -            609 1074831at2           -            386   0.00018   19.6   0.1   2   3     0.038        25    2.7   0.1    22    41   380   399   372   416 0.85 # 613766 # 615592 # -1 # ID=5_439;partial=00;start_type=ATG;rbs_motif=None;rbs_spacer=None;gc_cont=0.374
ptg000005l_439       -            609 1074831at2           -            386   0.00018   19.6   0.1   3   3     0.095        62    1.4   0.0   289   315   467   493   461   496 0.78 # 613766 # 615592 # -1 # ID=5_439;partial=00;start_type=ATG;rbs_motif=None;rbs_spacer=None;gc_cont=0.374
ptg000005l_331       -           1502 1074831at2           -            386    0.0033   15.5   0.2   1   2     0.021        14    3.5   0.0   288   332   307   351   295   354 0.89 # 466383 # 470888 # 1 # ID=5_331;partial=00;start_type=ATG;rbs_motif=None;rbs_spacer=None;gc_cont=0.395
ptg000005l_331       -           1502 1074831at2           -            386    0.0033   15.5   0.2   2   2   0.00035      0.23    9.4   0.1    21    62   883   925   875   944 0.75 # 466383 # 470888 # 1 # ID=5_331;partial=00;start_type=ATG;rbs_motif=None;rbs_spacer=None;gc_cont=0.395
ptg000016l_95        -           1412 1074831at2           -            386    0.0047   15.0   0.3   1   2       0.5   3.3e+02   -1.0   0.0   288   326   170   208   163   219 0.83 # 113974 # 118209 # 1 # ID=16_95;partial=00;start_type=ATG;rbs_motif=None;rbs_spacer=None;gc_cont=0.390
ptg000016l_95        -           1412 1074831at2           -            386    0.0047   15.0   0.3   2   2   2.7e-05     0.018   13.1   0.1     7    41   760   796   756   842 0.78 # 113974 # 118209 # 1 # ID=16_95;partial=00;start_type=ATG;rbs_motif=None;rbs_spacer=None;gc_cont=0.390
ptg000005l_862       -           1530 1074831at2           -            386     0.023   12.7   0.4   1   2    0.0088       5.8    4.8   0.0   285   335   314   364   300   366 0.90 # 1259729 # 1264318 # 1 # ID=5_862;partial=00;start_type=ATG;rbs_motif=None;rbs_spacer=None;gc_cont=0.412
ptg000005l_862       -           1530 1074831at2           -            386     0.023   12.7   0.4   2   2    0.0064       4.2    5.3   0.2    22    41   915   934   910   956 0.89 # 1259729 # 1264318 # 1 # ID=5_862;partial=00;start_type=ATG;rbs_motif=None;rbs_spacer=None;gc_cont=0.412
ptg000011l_238       -           1395 1074831at2           -            386     0.029   12.4   2.0   1   2      0.47   3.1e+02   -0.9   0.0   289   331   171   213   166   217 0.83 # 350231 # 354415 # 1 # ID=11_238;partial=00;start_type=ATG;rbs_motif=None;rbs_spacer=None;gc_cont=0.385
ptg000011l_238       -           1395 1074831at2           -            386     0.029   12.4   2.0   2   2   0.00012     0.078   11.0   0.9    18    41   773   796   760   812 0.85 # 350231 # 354415 # 1 # ID=11_238;partial=00;start_type=ATG;rbs_motif=None;rbs_spacer=None;gc_cont=0.385
ptg000003l_336       -           1512 1074831at2           -            386      0.06   11.3   4.9   1   3       1.6     1e+03   -2.6   0.9   122   198    29   103    14   108 0.58 # 492420 # 496955 # 1 # ID=3_336;partial=00;start_type=ATG;rbs_motif=AATAA;rbs_spacer=4bp;gc_cont=0.391
ptg000003l_336       -           1512 1074831at2           -            386      0.06   11.3   4.9   2   3     0.011       7.4    4.5   0.0   288   346   294   352   282   359 0.86 # 492420 # 496955 # 1 # ID=3_336;partial=00;start_type=ATG;rbs_motif=AATAA;rbs_spacer=4bp;gc_cont=0.391
ptg000003l_336       -           1512 1074831at2           -            386      0.06   11.3   4.9   3   3   0.00091       0.6    8.1   0.0    21    41   872   892   869   922 0.78 # 492420 # 496955 # 1 # ID=3_336;partial=00;start_type=ATG;rbs_motif=AATAA;rbs_spacer=4bp;gc_cont=0.391
ptg000011l_414       -           1512 1074831at2           -            386     0.069   11.1   3.3   1   4      0.67   4.4e+02   -1.4   0.0   356   381    37    62    29    64 0.89 # 615027 # 619562 # 1 # ID=11_414;partial=00;start_type=ATG;rbs_motif=None;rbs_spacer=None;gc_cont=0.396
ptg000011l_414       -           1512 1074831at2           -            386     0.069   11.1   3.3   2   4     0.011       7.1    4.5   0.0   285   335   304   354   281   364 0.90 # 615027 # 619562 # 1 # ID=11_414;partial=00;start_type=ATG;rbs_motif=None;rbs_spacer=None;gc_cont=0.396
ptg000011l_414       -           1512 1074831at2           -            386     0.069   11.1   3.3   3   4     0.008       5.2    5.0   0.4    22    41   900   919   894   930 0.90 # 615027 # 619562 # 1 # ID=11_414;partial=00;start_type=ATG;rbs_motif=None;rbs_spacer=None;gc_cont=0.396
ptg000011l_414       -           1512 1074831at2           -            386     0.069   11.1   3.3   4   4       1.7   1.1e+03   -2.7   0.0   297   334  1017  1055  1016  1073 0.77 # 615027 # 619562 # 1 # ID=11_414;partial=00;start_type=ATG;rbs_motif=None;rbs_spacer=None;gc_cont=0.396
ptg000011l_634       -           1565 1074831at2           -            386     0.078   11.0   2.6   1   2    0.0072       4.7    5.1   0.0   287   337   326   376   296   388 0.86 # 926992 # 931686 # 1 # ID=11_634;partial=00;start_type=ATG;rbs_motif=None;rbs_spacer=None;gc_cont=0.411
ptg000011l_634       -           1565 1074831at2           -            386     0.078   11.0   2.6   2   2     0.014       9.1    4.2   0.9    22    41   954   973   948   983 0.90 # 926992 # 931686 # 1 # ID=11_634;partial=00;start_type=ATG;rbs_motif=None;rbs_spacer=None;gc_cont=0.411
ptg000004l_21        -           1662 1074831at2           -            386      0.11   10.5   7.6   1   3    0.0075       4.9    5.0   0.1    16    40   715   742   709   752 0.81 # 26843 # 31828 # -1 # ID=4_21;partial=00;start_type=ATG;rbs_motif=AAAA;rbs_spacer=12bp;gc_cont=0.371
ptg000004l_21        -           1662 1074831at2           -            386      0.11   10.5   7.6   2   3   0.00044      0.29    9.1   0.1    25    61  1413  1449  1397  1461 0.78 # 26843 # 31828 # -1 # ID=4_21;partial=00;start_type=ATG;rbs_motif=AAAA;rbs_spacer=12bp;gc_cont=0.371
ptg000004l_21        -           1662 1074831at2           -            386      0.11   10.5   7.6   3   3       3.2   2.1e+03   -3.6   0.6   144   223  1488  1567  1483  1583 0.63 # 26843 # 31828 # -1 # ID=4_21;partial=00;start_type=ATG;rbs_motif=AAAA;rbs_spacer=12bp;gc_cont=0.371
ptg000008l_26        -           1478 1074831at2           -            386      0.13   10.3  13.2   1   5     0.037        24    2.8   0.1    22    41   616   635   606   646 0.87 # 37015 # 41448 # -1 # ID=8_26;partial=00;start_type=ATG;rbs_motif=None;rbs_spacer=None;gc_cont=0.379
ptg000008l_26        -           1478 1074831at2           -            386      0.13   10.3  13.2   2   5    0.0072       4.7    5.1   0.0   289   328   709   748   699   758 0.89 # 37015 # 41448 # -1 # ID=8_26;partial=00;start_type=ATG;rbs_motif=None;rbs_spacer=None;gc_cont=0.379
ptg000008l_26        -           1478 1074831at2           -            386      0.13   10.3  13.2   3   5       2.1   1.4e+03   -3.0   1.5   127   169   811   854   794   879 0.54 # 37015 # 41448 # -1 # ID=8_26;partial=00;start_type=ATG;rbs_motif=None;rbs_spacer=None;gc_cont=0.379
ptg000008l_26        -           1478 1074831at2           -            386      0.13   10.3  13.2   4   5   0.00066      0.43    8.5   0.1    25    59  1245  1279  1233  1292 0.83 # 37015 # 41448 # -1 # ID=8_26;partial=00;start_type=ATG;rbs_motif=None;rbs_spacer=None;gc_cont=0.379
ptg000008l_26        -           1478 1074831at2           -            386      0.13   10.3  13.2   5   5       1.7   1.1e+03   -2.7   0.0   293   341  1370  1423  1357  1429 0.70 # 37015 # 41448 # -1 # ID=8_26;partial=00;start_type=ATG;rbs_motif=None;rbs_spacer=None;gc_cont=0.379
ptg000010l_133       -           1050 1074831at2           -            386      0.18    9.7   1.4   1   2      0.17   1.1e+02    0.6   1.0    24    42   420   438   416   456 0.84 # 206786 # 209935 # 1 # ID=10_133;partial=00;start_type=ATG;rbs_motif=AAAA;rbs_spacer=11bp;gc_cont=0.379
ptg000010l_133       -           1050 1074831at2           -            386      0.18    9.7   1.4   2   2    0.0019       1.3    7.0   0.0   287   332   527   572   523   574 0.86 # 206786 # 209935 # 1 # ID=10_133;partial=00;start_type=ATG;rbs_motif=AAAA;rbs_spacer=11bp;gc_cont=0.379
ptg000015l_22        -           1593 1074831at2           -            386      0.19    9.7   4.9   1   3     0.061        40    2.0   1.0    21    40   696   715   687   725 0.82 # 25253 # 30031 # -1 # ID=15_22;partial=00;start_type=ATG;rbs_motif=None;rbs_spacer=None;gc_cont=0.358
ptg000015l_22        -           1593 1074831at2           -            386      0.19    9.7   4.9   2   3       1.2   7.8e+02   -2.2   0.0   290   326   808   844   800   870 0.83 # 25253 # 30031 # -1 # ID=15_22;partial=00;start_type=ATG;rbs_motif=None;rbs_spacer=None;gc_cont=0.358
ptg000015l_22        -           1593 1074831at2           -            386      0.19    9.7   4.9   3   3    0.0011      0.72    7.8   0.1    25    44  1355  1374  1349  1402 0.86 # 25253 # 30031 # -1 # ID=15_22;partial=00;start_type=ATG;rbs_motif=None;rbs_spacer=None;gc_cont=0.358
ptg000011l_130       -           1295 1074831at2           -            386      0.29    9.1   4.6   1   5       2.2   1.4e+03   -3.1   0.5    24    41    59    76    41    89 0.80 # 184373 # 188257 # -1 # ID=11_130;partial=00;start_type=ATG;rbs_motif=None;rbs_spacer=None;gc_cont=0.382
ptg000011l_130       -           1295 1074831at2           -            386      0.29    9.1   4.6   2   5     0.038        25    2.7   0.0   288   328   184   224   179   230 0.79 # 184373 # 188257 # -1 # ID=11_130;partial=00;start_type=ATG;rbs_motif=None;rbs_spacer=None;gc_cont=0.382
ptg000011l_130       -           1295 1074831at2           -            386      0.29    9.1   4.6   3   5      0.54   3.5e+02   -1.1   0.0    22    40   722   740   712   761 0.79 # 184373 # 188257 # -1 # ID=11_130;partial=00;start_type=ATG;rbs_motif=None;rbs_spacer=None;gc_cont=0.382
ptg000011l_130       -           1295 1074831at2           -            386      0.29    9.1   4.6   4   5    0.0058       3.8    5.4   0.0   286   333   835   882   828   898 0.89 # 184373 # 188257 # -1 # ID=11_130;partial=00;start_type=ATG;rbs_motif=None;rbs_spacer=None;gc_cont=0.382
ptg000011l_130       -           1295 1074831at2           -            386      0.29    9.1   4.6   5   5       4.1   2.7e+03   -4.0   0.0    93   119   951   977   943   985 0.80 # 184373 # 188257 # -1 # ID=11_130;partial=00;start_type=ATG;rbs_motif=None;rbs_spacer=None;gc_cont=0.382
#
# Program:         hmmsearch
# Version:         3.1b2 (February 2015)
# Pipeline mode:   SEARCH
# Query file:      /home/inf-41-2022/Assembly/busco_downloads/lineages/bacteria_odb10/hmms/1074831at2.hmm
# Target file:     /home/inf-41-2022/Assembly/Busco/prodigal_output/predicted_genes/predicted.faa
# Option settings: hmmsearch --domtblout /home/inf-41-2022/Assembly/Busco/auto_lineage/run_bacteria_odb10/hmmer_output/1074831at2.out --cpu 1 /home/inf-41-2022/Assembly/busco_downloads/lineages/bacteria_odb10/hmms/1074831at2.hmm /home/inf-41-2022/Assembly/Busco/prodigal_output/predicted_genes/predicted.faa 
# Current dir:     /home/inf-41-2022/Assembly
# Date:            Thu Feb 23 23:00:35 2023
# [ok]
