#                                                                            --- full sequence --- -------------- this domain -------------   hmm coord   ali coord   env coord
# target name        accession   tlen query name           accession   qlen   E-value  score  bias   #  of  c-Evalue  i-Evalue  score  bias  from    to  from    to  from    to  acc description of target
#------------------- ---------- ----- -------------------- ---------- ----- --------- ------ ----- --- --- --------- --------- ------ ----- ----- ----- ----- ----- ----- ----- ---- ---------------------
ptg000014l_276       -            487 1211060at2           -            164   1.1e-15   56.7   0.2   1   2    0.0053        11    4.6   0.2    31    63    35    70    12    83 0.80 # 407843 # 409303 # 1 # ID=14_276;partial=00;start_type=ATG;rbs_motif=None;rbs_spacer=None;gc_cont=0.383
ptg000014l_276       -            487 1211060at2           -            164   1.1e-15   56.7   0.2   2   2   7.5e-17   1.6e-13   49.7   0.0    74   129    99   155    89   189 0.88 # 407843 # 409303 # 1 # ID=14_276;partial=00;start_type=ATG;rbs_motif=None;rbs_spacer=None;gc_cont=0.383
ptg000003l_367       -            175 1211060at2           -            164   2.8e-10   39.1   0.2   1   2      0.87   1.9e+03   -2.6   0.0    84   101    19    38    16    41 0.67 # 536754 # 537278 # -1 # ID=3_367;partial=00;start_type=TTG;rbs_motif=None;rbs_spacer=None;gc_cont=0.429
ptg000003l_367       -            175 1211060at2           -            164   2.8e-10   39.1   0.2   2   2   2.9e-13   6.1e-10   38.0   0.1    75   120    81   127    61   138 0.91 # 536754 # 537278 # -1 # ID=3_367;partial=00;start_type=TTG;rbs_motif=None;rbs_spacer=None;gc_cont=0.429
ptg000002l_414       -            173 1211060at2           -            164     3e-10   39.0   0.3   1   2      0.96     2e+03   -2.7   0.0    84   101    19    38    17    41 0.66 # 593916 # 594434 # 1 # ID=2_414;partial=00;start_type=TTG;rbs_motif=None;rbs_spacer=None;gc_cont=0.430
ptg000002l_414       -            173 1211060at2           -            164     3e-10   39.0   0.3   2   2   2.8e-13     6e-10   38.1   0.1    75   120    81   127    61   138 0.91 # 593916 # 594434 # 1 # ID=2_414;partial=00;start_type=TTG;rbs_motif=None;rbs_spacer=None;gc_cont=0.430
ptg000015l_279       -            184 1211060at2           -            164    0.0003   19.5   0.1   1   2       1.6   3.3e+03   -3.4   0.1    31    40    30    39     6    47 0.52 # 394431 # 394982 # 1 # ID=15_279;partial=00;start_type=ATG;rbs_motif=None;rbs_spacer=None;gc_cont=0.386
ptg000015l_279       -            184 1211060at2           -            164    0.0003   19.5   0.1   2   2   1.4e-07    0.0003   19.5   0.1    75   131   106   165    97   179 0.80 # 394431 # 394982 # 1 # ID=15_279;partial=00;start_type=ATG;rbs_motif=None;rbs_spacer=None;gc_cont=0.386
#
# Program:         hmmsearch
# Version:         3.1b2 (February 2015)
# Pipeline mode:   SEARCH
# Query file:      /home/inf-41-2022/Assembly/busco_downloads/lineages/bacteria_odb10/hmms/1211060at2.hmm
# Target file:     /home/inf-41-2022/Assembly/Busco/prodigal_output/predicted_genes/predicted.faa
# Option settings: hmmsearch --domtblout /home/inf-41-2022/Assembly/Busco/auto_lineage/run_bacteria_odb10/hmmer_output/1211060at2.out --cpu 1 /home/inf-41-2022/Assembly/busco_downloads/lineages/bacteria_odb10/hmms/1211060at2.hmm /home/inf-41-2022/Assembly/Busco/prodigal_output/predicted_genes/predicted.faa 
# Current dir:     /home/inf-41-2022/Assembly
# Date:            Thu Feb 23 23:00:35 2023
# [ok]
