#                                                                            --- full sequence --- -------------- this domain -------------   hmm coord   ali coord   env coord
# target name        accession   tlen query name           accession   qlen   E-value  score  bias   #  of  c-Evalue  i-Evalue  score  bias  from    to  from    to  from    to  acc description of target
#------------------- ---------- ----- -------------------- ---------- ----- --------- ------ ----- --- --- --------- --------- ------ ----- ----- ----- ----- ----- ----- ----- ---- ---------------------
ptg000017l_186       -            572 1346419at2           -            308   9.1e-21   73.2   0.5   1   1   6.3e-23   1.3e-19   69.3   0.5     3   132   310   461   308   500 0.76 # 282408 # 284123 # 1 # ID=17_186;partial=00;start_type=ATG;rbs_motif=None;rbs_spacer=None;gc_cont=0.409
ptg000017l_386       -            559 1346419at2           -            308   7.1e-17   60.4   0.4   1   2   1.3e-05     0.028   12.4   0.0     3    51   265   317   263   333 0.82 # 583567 # 585243 # -1 # ID=17_386;partial=00;start_type=ATG;rbs_motif=None;rbs_spacer=None;gc_cont=0.434
ptg000017l_386       -            559 1346419at2           -            308   7.1e-17   60.4   0.4   2   2   8.7e-16   1.8e-12   45.9   0.1    63   132   376   448   368   469 0.91 # 583567 # 585243 # -1 # ID=17_386;partial=00;start_type=ATG;rbs_motif=None;rbs_spacer=None;gc_cont=0.434
ptg000011l_295       -            675 1346419at2           -            308   3.6e-16   58.1   0.1   1   2   8.8e-06     0.019   13.0   0.0     3    55   293   349   291   360 0.81 # 428513 # 430537 # -1 # ID=11_295;partial=00;start_type=ATG;rbs_motif=None;rbs_spacer=None;gc_cont=0.429
ptg000011l_295       -            675 1346419at2           -            308   3.6e-16   58.1   0.1   2   2   7.5e-15   1.6e-11   42.8   0.0    63   132   457   529   448   541 0.89 # 428513 # 430537 # -1 # ID=11_295;partial=00;start_type=ATG;rbs_motif=None;rbs_spacer=None;gc_cont=0.429
ptg000016l_183       -            366 1346419at2           -            308   1.3e-07   29.9   0.0   1   3   1.2e-09   2.6e-06   25.7   0.0   158   205    73   122    63   128 0.89 # 242260 # 243357 # 1 # ID=16_183;partial=00;start_type=ATG;rbs_motif=None;rbs_spacer=None;gc_cont=0.388
ptg000016l_183       -            366 1346419at2           -            308   1.3e-07   29.9   0.0   2   3      0.76   1.6e+03   -3.2   0.0   222   233   206   217   196   230 0.78 # 242260 # 243357 # 1 # ID=16_183;partial=00;start_type=ATG;rbs_motif=None;rbs_spacer=None;gc_cont=0.388
ptg000016l_183       -            366 1346419at2           -            308   1.3e-07   29.9   0.0   3   3     0.037        78    1.1   0.0   253   290   273   312   266   318 0.83 # 242260 # 243357 # 1 # ID=16_183;partial=00;start_type=ATG;rbs_motif=None;rbs_spacer=None;gc_cont=0.388
#
# Program:         hmmsearch
# Version:         3.1b2 (February 2015)
# Pipeline mode:   SEARCH
# Query file:      /home/inf-41-2022/Assembly/busco_downloads/lineages/bacteria_odb10/hmms/1346419at2.hmm
# Target file:     /home/inf-41-2022/Assembly/Busco/prodigal_output/predicted_genes/predicted.faa
# Option settings: hmmsearch --domtblout /home/inf-41-2022/Assembly/Busco/auto_lineage/run_bacteria_odb10/hmmer_output/1346419at2.out --cpu 1 /home/inf-41-2022/Assembly/busco_downloads/lineages/bacteria_odb10/hmms/1346419at2.hmm /home/inf-41-2022/Assembly/Busco/prodigal_output/predicted_genes/predicted.faa 
# Current dir:     /home/inf-41-2022/Assembly
# Date:            Thu Feb 23 23:00:35 2023
# [ok]
