#                                                                            --- full sequence --- -------------- this domain -------------   hmm coord   ali coord   env coord
# target name        accession   tlen query name           accession   qlen   E-value  score  bias   #  of  c-Evalue  i-Evalue  score  bias  from    to  from    to  from    to  acc description of target
#------------------- ---------- ----- -------------------- ---------- ----- --------- ------ ----- --- --- --------- --------- ------ ----- ----- ----- ----- ----- ----- ----- ---- ---------------------
ptg000013l_181       -            646 143460at2            -            439   9.6e-33  112.4   0.1   1   2   6.4e-35   3.2e-32  110.7   0.1     2   202    47   281    46   307 0.77 # 248959 # 250896 # 1 # ID=13_181;partial=00;start_type=ATG;rbs_motif=None;rbs_spacer=None;gc_cont=0.386
ptg000013l_181       -            646 143460at2            -            439   9.6e-33  112.4   0.1   2   2      0.82   4.1e+02   -1.7   0.0   263   303   384   425   364   431 0.74 # 248959 # 250896 # 1 # ID=13_181;partial=00;start_type=ATG;rbs_motif=None;rbs_spacer=None;gc_cont=0.386
ptg000005l_835       -            843 143460at2            -            439   2.9e-31  107.6   3.3   1   4   1.7e-28   8.4e-26   89.6   4.7     1   134    19   187    19   204 0.75 # 1223749 # 1226277 # 1 # ID=5_835;partial=00;start_type=ATG;rbs_motif=None;rbs_spacer=None;gc_cont=0.444
ptg000005l_835       -            843 143460at2            -            439   2.9e-31  107.6   3.3   2   4     0.055        27    2.2   0.0   153   191   375   414   334   419 0.85 # 1223749 # 1226277 # 1 # ID=5_835;partial=00;start_type=ATG;rbs_motif=None;rbs_spacer=None;gc_cont=0.444
ptg000005l_835       -            843 143460at2            -            439   2.9e-31  107.6   3.3   3   4      0.17        84    0.6   0.0   263   304   529   572   525   589 0.79 # 1223749 # 1226277 # 1 # ID=5_835;partial=00;start_type=ATG;rbs_motif=None;rbs_spacer=None;gc_cont=0.444
ptg000005l_835       -            843 143460at2            -            439   2.9e-31  107.6   3.3   4   4      0.23   1.2e+02    0.1   0.0   275   319   705   756   688   794 0.75 # 1223749 # 1226277 # 1 # ID=5_835;partial=00;start_type=ATG;rbs_motif=None;rbs_spacer=None;gc_cont=0.444
ptg000011l_391       -            843 143460at2            -            439   2.9e-31  107.6   3.3   1   4   1.7e-28   8.4e-26   89.6   4.7     1   134    19   187    19   204 0.75 # 575802 # 578330 # 1 # ID=11_391;partial=00;start_type=ATG;rbs_motif=AATAA;rbs_spacer=9bp;gc_cont=0.445
ptg000011l_391       -            843 143460at2            -            439   2.9e-31  107.6   3.3   2   4     0.055        27    2.2   0.0   153   191   375   414   334   419 0.85 # 575802 # 578330 # 1 # ID=11_391;partial=00;start_type=ATG;rbs_motif=AATAA;rbs_spacer=9bp;gc_cont=0.445
ptg000011l_391       -            843 143460at2            -            439   2.9e-31  107.6   3.3   3   4      0.17        84    0.6   0.0   263   304   529   572   525   589 0.79 # 575802 # 578330 # 1 # ID=11_391;partial=00;start_type=ATG;rbs_motif=AATAA;rbs_spacer=9bp;gc_cont=0.445
ptg000011l_391       -            843 143460at2            -            439   2.9e-31  107.6   3.3   4   4      0.23   1.2e+02    0.1   0.0   275   319   705   756   688   794 0.75 # 575802 # 578330 # 1 # ID=11_391;partial=00;start_type=ATG;rbs_motif=AATAA;rbs_spacer=9bp;gc_cont=0.445
ptg000004l_166       -            757 143460at2            -            439   3.9e-29  100.6   0.5   1   3   6.3e-26   3.1e-23   81.1   0.1     1   120    65   209    65   226 0.78 # 251396 # 253666 # -1 # ID=4_166;partial=00;start_type=ATG;rbs_motif=None;rbs_spacer=None;gc_cont=0.402
ptg000004l_166       -            757 143460at2            -            439   3.9e-29  100.6   0.5   2   3      0.67   3.3e+02   -1.4   0.0   136   172   325   360   314   369 0.77 # 251396 # 253666 # -1 # ID=4_166;partial=00;start_type=ATG;rbs_motif=None;rbs_spacer=None;gc_cont=0.402
ptg000004l_166       -            757 143460at2            -            439   3.9e-29  100.6   0.5   3   3   4.5e-06    0.0023   15.6   0.0   165   293   397   538   361   552 0.69 # 251396 # 253666 # -1 # ID=4_166;partial=00;start_type=ATG;rbs_motif=None;rbs_spacer=None;gc_cont=0.402
ptg000006l_323       -            820 143460at2            -            439   8.2e-28   96.2   1.9   1   3   2.8e-30   1.4e-27   95.4   0.3     1   127    41   184    41   191 0.84 # 524844 # 527303 # -1 # ID=6_323;partial=00;start_type=ATG;rbs_motif=None;rbs_spacer=None;gc_cont=0.380
ptg000006l_323       -            820 143460at2            -            439   8.2e-28   96.2   1.9   2   3         1     5e+02   -2.0   0.0   212   280   490   562   483   573 0.69 # 524844 # 527303 # -1 # ID=6_323;partial=00;start_type=ATG;rbs_motif=None;rbs_spacer=None;gc_cont=0.380
ptg000006l_323       -            820 143460at2            -            439   8.2e-28   96.2   1.9   3   3       2.5   1.2e+03   -3.3   0.0   314   345   764   795   755   799 0.83 # 524844 # 527303 # -1 # ID=6_323;partial=00;start_type=ATG;rbs_motif=None;rbs_spacer=None;gc_cont=0.380
ptg000014l_312       -           1111 143460at2            -            439   1.7e-23   82.0   0.1   1   2   3.6e-10   1.8e-07   29.2   0.0     1    51    19    76    19    86 0.85 # 447830 # 451162 # 1 # ID=14_312;partial=00;start_type=ATG;rbs_motif=None;rbs_spacer=None;gc_cont=0.396
ptg000014l_312       -           1111 143460at2            -            439   1.7e-23   82.0   0.1   2   2   1.5e-16   7.7e-14   50.2   0.0    52   113    97   161    91   179 0.91 # 447830 # 451162 # 1 # ID=14_312;partial=00;start_type=ATG;rbs_motif=None;rbs_spacer=None;gc_cont=0.396
ptg000011l_457       -            438 143460at2            -            439   4.2e-19   67.5   0.6   1   1   1.3e-20   6.4e-18   63.6   0.6     3   190    50   283    48   299 0.64 # 679219 # 680532 # 1 # ID=11_457;partial=00;start_type=ATG;rbs_motif=None;rbs_spacer=None;gc_cont=0.420
ptg000011l_190       -            677 143460at2            -            439   1.6e-13   49.1   3.5   1   2   3.3e-16   1.6e-13   49.1   3.5     4   129   148   281   146   369 0.75 # 272771 # 274801 # 1 # ID=11_190;partial=00;start_type=ATG;rbs_motif=None;rbs_spacer=None;gc_cont=0.369
ptg000011l_190       -            677 143460at2            -            439   1.6e-13   49.1   3.5   2   2      0.36   1.8e+02   -0.5   0.2   165   191   589   615   537   630 0.68 # 272771 # 274801 # 1 # ID=11_190;partial=00;start_type=ATG;rbs_motif=None;rbs_spacer=None;gc_cont=0.369
ptg000017l_400       -            612 143460at2            -            439   3.4e-09   34.8   0.1   1   2     0.013       6.4    4.3   0.0     6    29   172   195   169   207 0.84 # 604176 # 606011 # -1 # ID=17_400;partial=00;start_type=ATG;rbs_motif=None;rbs_spacer=None;gc_cont=0.400
ptg000017l_400       -            612 143460at2            -            439   3.4e-09   34.8   0.1   2   2   6.3e-10   3.2e-07   28.4   0.0    21    89   209   283   205   333 0.71 # 604176 # 606011 # -1 # ID=17_400;partial=00;start_type=ATG;rbs_motif=None;rbs_spacer=None;gc_cont=0.400
ptg000002l_325       -            459 143460at2            -            439   9.2e-09   33.4   0.3   1   2   1.9e-08   9.3e-06   23.5   0.1     3   112     9   157     7   176 0.60 # 466596 # 467972 # 1 # ID=2_325;partial=00;start_type=ATG;rbs_motif=None;rbs_spacer=None;gc_cont=0.446
ptg000002l_325       -            459 143460at2            -            439   9.2e-09   33.4   0.3   2   2       0.4     2e+02   -0.6   0.0   169   189   257   277   229   290 0.82 # 466596 # 467972 # 1 # ID=2_325;partial=00;start_type=ATG;rbs_motif=None;rbs_spacer=None;gc_cont=0.446
ptg000003l_160       -            459 143460at2            -            439   9.2e-09   33.4   0.3   1   2   1.9e-08   9.3e-06   23.5   0.1     3   112     9   157     7   176 0.60 # 240793 # 242169 # -1 # ID=3_160;partial=00;start_type=ATG;rbs_motif=None;rbs_spacer=None;gc_cont=0.444
ptg000003l_160       -            459 143460at2            -            439   9.2e-09   33.4   0.3   2   2       0.4     2e+02   -0.6   0.0   169   189   257   277   229   290 0.82 # 240793 # 242169 # -1 # ID=3_160;partial=00;start_type=ATG;rbs_motif=None;rbs_spacer=None;gc_cont=0.444
ptg000017l_75        -           1009 143460at2            -            439   8.7e-07   26.9   2.5   1   3   1.9e-08   9.7e-06   23.4   3.1    46   112   203   272   133   293 0.73 # 129658 # 132684 # 1 # ID=17_75;partial=00;start_type=ATG;rbs_motif=None;rbs_spacer=None;gc_cont=0.382
ptg000017l_75        -           1009 143460at2            -            439   8.7e-07   26.9   2.5   2   3       1.3   6.7e+02   -2.4   0.0   163   193   473   504   462   508 0.75 # 129658 # 132684 # 1 # ID=17_75;partial=00;start_type=ATG;rbs_motif=None;rbs_spacer=None;gc_cont=0.382
ptg000017l_75        -           1009 143460at2            -            439   8.7e-07   26.9   2.5   3   3         3   1.5e+03   -3.5   0.0   194   223   556   585   553   592 0.80 # 129658 # 132684 # 1 # ID=17_75;partial=00;start_type=ATG;rbs_motif=None;rbs_spacer=None;gc_cont=0.382
ptg000005l_539       -            686 143460at2            -            439   6.2e-06   24.1   0.0   1   2   9.4e-07   0.00047   17.9   0.0    26   127   307   425   261   434 0.80 # 788816 # 790873 # 1 # ID=5_539;partial=00;start_type=ATG;rbs_motif=None;rbs_spacer=None;gc_cont=0.413
ptg000005l_539       -            686 143460at2            -            439   6.2e-06   24.1   0.0   2   2      0.26   1.3e+02   -0.0   0.0   167   189   499   521   467   547 0.76 # 788816 # 790873 # 1 # ID=5_539;partial=00;start_type=ATG;rbs_motif=None;rbs_spacer=None;gc_cont=0.413
ptg000012l_99        -           1003 143460at2            -            439   9.2e-06   23.5   0.0   1   2     0.017       8.6    3.9   0.0     5    23   409   427   407   438 0.86 # 141033 # 144041 # -1 # ID=12_99;partial=00;start_type=ATG;rbs_motif=None;rbs_spacer=None;gc_cont=0.413
ptg000012l_99        -           1003 143460at2            -            439   9.2e-06   23.5   0.0   2   2   1.5e-06   0.00077   17.2   0.0    55   112   474   534   457   556 0.85 # 141033 # 144041 # -1 # ID=12_99;partial=00;start_type=ATG;rbs_motif=None;rbs_spacer=None;gc_cont=0.413
ptg000009l_152       -            528 143460at2            -            439   0.00056   17.6   1.1   1   2    0.0054       2.7    5.5   0.1     3    21   102   120   100   144 0.78 # 206608 # 208191 # 1 # ID=9_152;partial=00;start_type=ATG;rbs_motif=None;rbs_spacer=None;gc_cont=0.404
ptg000009l_152       -            528 143460at2            -            439   0.00056   17.6   1.1   2   2   0.00013     0.064   10.9   0.1    53   160   189   311   183   355 0.73 # 206608 # 208191 # 1 # ID=9_152;partial=00;start_type=ATG;rbs_motif=None;rbs_spacer=None;gc_cont=0.404
ptg000011l_355       -            310 143460at2            -            439    0.0047   14.6   0.0   1   1   1.2e-05    0.0059   14.3   0.0    44   140    51   156    13   173 0.79 # 515946 # 516875 # 1 # ID=11_355;partial=00;start_type=ATG;rbs_motif=None;rbs_spacer=None;gc_cont=0.394
ptg000002l_353       -            438 143460at2            -            439     0.022   12.4   0.0   1   1   6.7e-05     0.033   11.8   0.0   304   404    15   120     5   144 0.78 # 519794 # 521107 # -1 # ID=2_353;partial=00;start_type=ATG;rbs_motif=None;rbs_spacer=None;gc_cont=0.369
#
# Program:         hmmsearch
# Version:         3.1b2 (February 2015)
# Pipeline mode:   SEARCH
# Query file:      /home/inf-41-2022/Assembly/busco_downloads/lineages/bacteria_odb10/hmms/143460at2.hmm
# Target file:     /home/inf-41-2022/Assembly/Busco/prodigal_output/predicted_genes/predicted.faa
# Option settings: hmmsearch --domtblout /home/inf-41-2022/Assembly/Busco/auto_lineage/run_bacteria_odb10/hmmer_output/143460at2.out --cpu 1 /home/inf-41-2022/Assembly/busco_downloads/lineages/bacteria_odb10/hmms/143460at2.hmm /home/inf-41-2022/Assembly/Busco/prodigal_output/predicted_genes/predicted.faa 
# Current dir:     /home/inf-41-2022/Assembly
# Date:            Thu Feb 23 23:00:36 2023
# [ok]
