#                                                                            --- full sequence --- -------------- this domain -------------   hmm coord   ali coord   env coord
# target name        accession   tlen query name           accession   qlen   E-value  score  bias   #  of  c-Evalue  i-Evalue  score  bias  from    to  from    to  from    to  acc description of target
#------------------- ---------- ----- -------------------- ---------- ----- --------- ------ ----- --- --- --------- --------- ------ ----- ----- ----- ----- ----- ----- ----- ---- ---------------------
ptg000005l_920       -            188 1502854at2           -            192   1.3e-64  216.2   0.0   1   1   5.5e-67   1.5e-64  216.1   0.0     7   187     3   186     1   187 0.95 # 1346616 # 1347179 # -1 # ID=5_920;partial=00;start_type=ATG;rbs_motif=None;rbs_spacer=None;gc_cont=0.408
ptg000005l_633       -            194 1502854at2           -            192   8.3e-06   24.4   0.1   1   2   4.8e-05     0.013   14.0   0.0     4    33     9    38     6    44 0.85 # 938276 # 938857 # -1 # ID=5_633;partial=00;start_type=ATG;rbs_motif=None;rbs_spacer=None;gc_cont=0.380
ptg000005l_633       -            194 1502854at2           -            192   8.3e-06   24.4   0.1   2   2    0.0023      0.62    8.5   0.0   111   176   108   174   102   190 0.67 # 938276 # 938857 # -1 # ID=5_633;partial=00;start_type=ATG;rbs_motif=None;rbs_spacer=None;gc_cont=0.380
ptg000005l_568       -            242 1502854at2           -            192   0.00021   19.9   0.7   1   2     0.012       3.1    6.2   0.0     9    30     4    25     1    31 0.82 # 830789 # 831514 # -1 # ID=5_568;partial=00;start_type=ATG;rbs_motif=None;rbs_spacer=None;gc_cont=0.382
ptg000005l_568       -            242 1502854at2           -            192   0.00021   19.9   0.7   2   2   0.00019      0.05   12.1   0.2   129   187   140   200   126   206 0.81 # 830789 # 831514 # -1 # ID=5_568;partial=00;start_type=ATG;rbs_motif=None;rbs_spacer=None;gc_cont=0.382
ptg000017l_31        -           1291 1502854at2           -            192   0.00021   19.8   0.2   1   2   8.8e-05     0.023   13.2   0.0     6    38   385   417   382   420 0.90 # 49558 # 53430 # -1 # ID=17_31;partial=00;start_type=ATG;rbs_motif=AACAA;rbs_spacer=15bp;gc_cont=0.378
ptg000017l_31        -           1291 1502854at2           -            192   0.00021   19.8   0.2   2   2     0.063        17    3.8   0.0    10    28  1084  1102  1077  1111 0.81 # 49558 # 53430 # -1 # ID=17_31;partial=00;start_type=ATG;rbs_motif=AACAA;rbs_spacer=15bp;gc_cont=0.378
ptg000004l_21        -           1662 1502854at2           -            192   0.00045   18.8   0.2   1   2   0.00036     0.095   11.2   0.0     5    29   721   745   718   762 0.85 # 26843 # 31828 # -1 # ID=4_21;partial=00;start_type=ATG;rbs_motif=AAAA;rbs_spacer=12bp;gc_cont=0.371
ptg000004l_21        -           1662 1502854at2           -            192   0.00045   18.8   0.2   2   2     0.028       7.4    5.0   0.0    11    28  1413  1430  1407  1439 0.86 # 26843 # 31828 # -1 # ID=4_21;partial=00;start_type=ATG;rbs_motif=AAAA;rbs_spacer=12bp;gc_cont=0.371
ptg000011l_130       -           1295 1502854at2           -            192   0.00052   18.6   1.2   1   3    0.0046       1.2    7.6   0.1     6    29    55    78    51   104 0.87 # 184373 # 188257 # -1 # ID=11_130;partial=00;start_type=ATG;rbs_motif=None;rbs_spacer=None;gc_cont=0.382
ptg000011l_130       -           1295 1502854at2           -            192   0.00052   18.6   1.2   2   3       8.7   2.3e+03   -3.1   0.0   121   141   121   141   117   177 0.75 # 184373 # 188257 # -1 # ID=11_130;partial=00;start_type=ATG;rbs_motif=None;rbs_spacer=None;gc_cont=0.382
ptg000011l_130       -           1295 1502854at2           -            192   0.00052   18.6   1.2   3   3     0.002      0.53    8.7   0.1     5    27   719   741   717   750 0.82 # 184373 # 188257 # -1 # ID=11_130;partial=00;start_type=ATG;rbs_motif=None;rbs_spacer=None;gc_cont=0.382
ptg000001l_72        -            753 1502854at2           -            192    0.0011   17.5   0.8   1   2    0.0073       1.9    6.9   0.0    10    38   229   257   224   271 0.80 # 106073 # 108331 # -1 # ID=1_72;partial=00;start_type=ATG;rbs_motif=AATAA;rbs_spacer=10bp;gc_cont=0.394
ptg000001l_72        -            753 1502854at2           -            192    0.0011   17.5   0.8   2   2    0.0031      0.83    8.1   0.0     9    38   561   590   555   596 0.77 # 106073 # 108331 # -1 # ID=1_72;partial=00;start_type=ATG;rbs_motif=AATAA;rbs_spacer=10bp;gc_cont=0.394
ptg000014l_116       -           1045 1502854at2           -            192    0.0012   17.3   0.2   1   2    0.0033      0.87    8.0   0.0     5    27   455   477   452   484 0.85 # 168490 # 171624 # -1 # ID=14_116;partial=00;start_type=ATG;rbs_motif=AAAAAA;rbs_spacer=13bp;gc_cont=0.402
ptg000014l_116       -           1045 1502854at2           -            192    0.0012   17.3   0.2   2   2     0.011       2.8    6.4   0.1     9    27   697   715   694   724 0.87 # 168490 # 171624 # -1 # ID=14_116;partial=00;start_type=ATG;rbs_motif=AAAAAA;rbs_spacer=13bp;gc_cont=0.402
ptg000011l_634       -           1565 1502854at2           -            192    0.0017   16.9   0.2   1   2      0.13        35    2.8   0.0     5    36   205   236   203   239 0.86 # 926992 # 931686 # 1 # ID=11_634;partial=00;start_type=ATG;rbs_motif=None;rbs_spacer=None;gc_cont=0.411
ptg000011l_634       -           1565 1502854at2           -            192    0.0017   16.9   0.2   2   2   0.00034     0.091   11.2   0.1     5    30   951   976   949   982 0.87 # 926992 # 931686 # 1 # ID=11_634;partial=00;start_type=ATG;rbs_motif=None;rbs_spacer=None;gc_cont=0.411
ptg000017l_272       -            205 1502854at2           -            192    0.0017   16.9   0.3   1   2    0.0044       1.2    7.6   0.0     8    36    18    46    13    52 0.80 # 399654 # 400268 # -1 # ID=17_272;partial=00;start_type=ATG;rbs_motif=AATAA;rbs_spacer=5bp;gc_cont=0.457
ptg000017l_272       -            205 1502854at2           -            192    0.0017   16.9   0.3   2   2    0.0056       1.5    7.3   0.1   121   184   125   196   108   203 0.67 # 399654 # 400268 # -1 # ID=17_272;partial=00;start_type=ATG;rbs_motif=AATAA;rbs_spacer=5bp;gc_cont=0.457
ptg000005l_862       -           1530 1502854at2           -            192    0.0018   16.8   0.5   1   2      0.14        38    2.7   0.0     5    34   195   224   193   229 0.87 # 1259729 # 1264318 # 1 # ID=5_862;partial=00;start_type=ATG;rbs_motif=None;rbs_spacer=None;gc_cont=0.412
ptg000005l_862       -           1530 1502854at2           -            192    0.0018   16.8   0.5   2   2   0.00023     0.061   11.8   0.1     5    29   912   936   910   943 0.87 # 1259729 # 1264318 # 1 # ID=5_862;partial=00;start_type=ATG;rbs_motif=None;rbs_spacer=None;gc_cont=0.412
ptg000011l_414       -           1512 1502854at2           -            192    0.0018   16.8   3.2   1   3       0.2        54    2.2   0.0     5    31   185   211   183   218 0.86 # 615027 # 619562 # 1 # ID=11_414;partial=00;start_type=ATG;rbs_motif=None;rbs_spacer=None;gc_cont=0.396
ptg000011l_414       -           1512 1502854at2           -            192    0.0018   16.8   3.2   2   3      0.46   1.2e+02    1.0   0.2   124   183   421   482   410   492 0.76 # 615027 # 619562 # 1 # ID=11_414;partial=00;start_type=ATG;rbs_motif=None;rbs_spacer=None;gc_cont=0.396
ptg000011l_414       -           1512 1502854at2           -            192    0.0018   16.8   3.2   3   3   0.00023     0.061   11.8   0.1     5    29   897   921   895   928 0.87 # 615027 # 619562 # 1 # ID=11_414;partial=00;start_type=ATG;rbs_motif=None;rbs_spacer=None;gc_cont=0.396
ptg000013l_130       -           1045 1502854at2           -            192    0.0028   16.2   0.1   1   2    0.0089       2.4    6.6   0.0     9    28   459   478   453   485 0.84 # 170882 # 174016 # 1 # ID=13_130;partial=00;start_type=ATG;rbs_motif=None;rbs_spacer=None;gc_cont=0.418
ptg000013l_130       -           1045 1502854at2           -            192    0.0028   16.2   0.1   2   2     0.011       2.8    6.4   0.1     9    27   697   715   694   724 0.87 # 170882 # 174016 # 1 # ID=13_130;partial=00;start_type=ATG;rbs_motif=None;rbs_spacer=None;gc_cont=0.418
ptg000009l_166       -            611 1502854at2           -            192    0.0042   15.6   0.3   1   3     0.048        13    4.2   0.0     9    30   110   131   105   175 0.90 # 224726 # 226558 # -1 # ID=9_166;partial=00;start_type=ATG;rbs_motif=None;rbs_spacer=None;gc_cont=0.408
ptg000009l_166       -            611 1502854at2           -            192    0.0042   15.6   0.3   2   3       9.9   2.6e+03   -3.3   0.1   145   164   320   339   310   359 0.59 # 224726 # 226558 # -1 # ID=9_166;partial=00;start_type=ATG;rbs_motif=None;rbs_spacer=None;gc_cont=0.408
ptg000009l_166       -            611 1502854at2           -            192    0.0042   15.6   0.3   3   3    0.0027      0.72    8.3   0.0     9    29   424   444   418   459 0.78 # 224726 # 226558 # -1 # ID=9_166;partial=00;start_type=ATG;rbs_motif=None;rbs_spacer=None;gc_cont=0.408
ptg000003l_336       -           1512 1502854at2           -            192    0.0084   14.6   0.3   1   2       3.6   9.5e+02   -1.9   0.0     5    29   173   197   171   202 0.84 # 492420 # 496955 # 1 # ID=3_336;partial=00;start_type=ATG;rbs_motif=AATAA;rbs_spacer=4bp;gc_cont=0.391
ptg000003l_336       -           1512 1502854at2           -            192    0.0084   14.6   0.3   2   2   0.00014     0.037   12.5   0.1     5    29   870   894   867   901 0.86 # 492420 # 496955 # 1 # ID=3_336;partial=00;start_type=ATG;rbs_motif=AATAA;rbs_spacer=4bp;gc_cont=0.391
ptg000002l_410       -            537 1502854at2           -            192    0.0095   14.4   0.0   1   2   0.00011     0.029   12.9   0.0     5    29   306   330   304   338 0.87 # 589479 # 591089 # 1 # ID=2_410;partial=00;start_type=ATG;rbs_motif=AATAA;rbs_spacer=4bp;gc_cont=0.363
ptg000002l_410       -            537 1502854at2           -            192    0.0095   14.4   0.0   2   2         5   1.3e+03   -2.4   0.0   102   148   352   404   350   436 0.65 # 589479 # 591089 # 1 # ID=2_410;partial=00;start_type=ATG;rbs_motif=AATAA;rbs_spacer=4bp;gc_cont=0.363
ptg000013l_55        -            696 1502854at2           -            192    0.0096   14.4   0.1   1   2       1.5   4.1e+02   -0.7   0.0   119   144   171   196   160   239 0.70 # 62405 # 64492 # 1 # ID=13_55;partial=00;start_type=ATG;rbs_motif=None;rbs_spacer=None;gc_cont=0.414
ptg000013l_55        -            696 1502854at2           -            192    0.0096   14.4   0.1   2   2   0.00026     0.068   11.6   0.0     6    30   460   484   457   493 0.82 # 62405 # 64492 # 1 # ID=13_55;partial=00;start_type=ATG;rbs_motif=None;rbs_spacer=None;gc_cont=0.414
ptg000004l_61        -           1560 1502854at2           -            192     0.015   13.8   0.4   1   2    0.0011      0.29    9.6   0.0     3    31   662   690   661   696 0.87 # 101991 # 106670 # 1 # ID=4_61;partial=00;start_type=ATG;rbs_motif=None;rbs_spacer=None;gc_cont=0.368
ptg000004l_61        -           1560 1502854at2           -            192     0.015   13.8   0.4   2   2      0.27        71    1.8   0.1    11    27  1334  1350  1331  1358 0.87 # 101991 # 106670 # 1 # ID=4_61;partial=00;start_type=ATG;rbs_motif=None;rbs_spacer=None;gc_cont=0.368
ptg000005l_439       -            609 1502854at2           -            192     0.015   13.8   0.2   1   2      0.15        40    2.6   0.1     4    29   101   126    98   133 0.82 # 613766 # 615592 # -1 # ID=5_439;partial=00;start_type=ATG;rbs_motif=None;rbs_spacer=None;gc_cont=0.374
ptg000005l_439       -            609 1502854at2           -            192     0.015   13.8   0.2   2   2    0.0023      0.61    8.5   0.0     6    27   378   399   375   406 0.88 # 613766 # 615592 # -1 # ID=5_439;partial=00;start_type=ATG;rbs_motif=None;rbs_spacer=None;gc_cont=0.374
ptg000005l_331       -           1502 1502854at2           -            192     0.018   13.6   0.1   1   1   0.00019     0.052   12.0   0.1     6    30   882   906   880   911 0.87 # 466383 # 470888 # 1 # ID=5_331;partial=00;start_type=ATG;rbs_motif=None;rbs_spacer=None;gc_cont=0.395
ptg000008l_26        -           1478 1502854at2           -            192      0.02   13.4   0.8   1   2     0.011       2.9    6.3   0.1     4    27   612   635   610   645 0.88 # 37015 # 41448 # -1 # ID=8_26;partial=00;start_type=ATG;rbs_motif=None;rbs_spacer=None;gc_cont=0.379
ptg000008l_26        -           1478 1502854at2           -            192      0.02   13.4   0.8   2   2     0.029       7.8    4.9   0.1    10    28  1244  1262  1238  1268 0.82 # 37015 # 41448 # -1 # ID=8_26;partial=00;start_type=ATG;rbs_motif=None;rbs_spacer=None;gc_cont=0.379
ptg000009l_375       -            660 1502854at2           -            192     0.027   13.0   0.0   1   1   0.00024     0.064   11.7   0.0     4    28   100   124    98   134 0.90 # 531236 # 533215 # 1 # ID=9_375;partial=00;start_type=ATG;rbs_motif=None;rbs_spacer=None;gc_cont=0.383
ptg000011l_574       -            429 1502854at2           -            192     0.032   12.7   0.3   1   2   0.00035     0.092   11.2   0.1     4    31    12    39    10    48 0.84 # 832862 # 834148 # 1 # ID=11_574;partial=00;start_type=ATG;rbs_motif=AAAAA;rbs_spacer=5bp;gc_cont=0.391
ptg000011l_574       -            429 1502854at2           -            192     0.032   12.7   0.3   2   2       8.9   2.4e+03   -3.2   0.0    60    81   219   240   217   248 0.76 # 832862 # 834148 # 1 # ID=11_574;partial=00;start_type=ATG;rbs_motif=AAAAA;rbs_spacer=5bp;gc_cont=0.391
ptg000008l_532       -            329 1502854at2           -            192     0.048   12.1   0.0   1   1    0.0003     0.079   11.4   0.0     6    27    73    94    70   105 0.88 # 759779 # 760765 # 1 # ID=8_532;partial=00;start_type=ATG;rbs_motif=None;rbs_spacer=None;gc_cont=0.428
ptg000005l_115       -            198 1502854at2           -            192     0.053   12.0   0.0   1   2     0.013       3.5    6.1   0.0     7    35     8    36     2    40 0.83 # 163912 # 164505 # -1 # ID=5_115;partial=00;start_type=ATG;rbs_motif=None;rbs_spacer=None;gc_cont=0.429
ptg000005l_115       -            198 1502854at2           -            192     0.053   12.0   0.0   2   2     0.058        15    4.0   0.0   113   172    87   150    80   170 0.55 # 163912 # 164505 # -1 # ID=5_115;partial=00;start_type=ATG;rbs_motif=None;rbs_spacer=None;gc_cont=0.429
ptg000003l_551       -           1197 1502854at2           -            192     0.062   11.8   0.2   1   2     0.043        11    4.4   0.0     9    27   600   618   595   624 0.84 # 817432 # 821022 # -1 # ID=3_551;partial=00;start_type=ATG;rbs_motif=None;rbs_spacer=None;gc_cont=0.392
ptg000003l_551       -           1197 1502854at2           -            192     0.062   11.8   0.2   2   2     0.035       9.2    4.7   0.0    12    27   845   860   839   867 0.86 # 817432 # 821022 # -1 # ID=3_551;partial=00;start_type=ATG;rbs_motif=None;rbs_spacer=None;gc_cont=0.392
ptg000005l_606       -            223 1502854at2           -            192     0.066   11.7   0.0   1   2    0.0028      0.76    8.2   0.0     9    31     9    31     2    38 0.82 # 897004 # 897672 # 1 # ID=5_606;partial=00;start_type=ATG;rbs_motif=None;rbs_spacer=None;gc_cont=0.438
ptg000005l_606       -            223 1502854at2           -            192     0.066   11.7   0.0   2   2       0.7   1.9e+02    0.4   0.0   135   158   163   186   147   196 0.82 # 897004 # 897672 # 1 # ID=5_606;partial=00;start_type=ATG;rbs_motif=None;rbs_spacer=None;gc_cont=0.438
ptg000007l_298       -           1220 1502854at2           -            192     0.067   11.7   0.8   1   2   0.00053      0.14   10.6   0.0     5    29   121   145   117   155 0.80 # 458915 # 462574 # 1 # ID=7_298;partial=00;start_type=ATG;rbs_motif=None;rbs_spacer=None;gc_cont=0.401
ptg000007l_298       -           1220 1502854at2           -            192     0.067   11.7   0.8   2   2         7   1.9e+03   -2.8   0.2   132   156   728   752   694   762 0.68 # 458915 # 462574 # 1 # ID=7_298;partial=00;start_type=ATG;rbs_motif=None;rbs_spacer=None;gc_cont=0.401
ptg000009l_372       -            226 1502854at2           -            192     0.078   11.5   0.1   1   2      0.01       2.7    6.4   0.0    10    36    18    44    13    47 0.85 # 520910 # 521587 # 1 # ID=9_372;partial=00;start_type=ATG;rbs_motif=None;rbs_spacer=None;gc_cont=0.419
ptg000009l_372       -            226 1502854at2           -            192     0.078   11.5   0.1   2   2      0.14        36    2.8   0.0   136   159   175   198   164   209 0.83 # 520910 # 521587 # 1 # ID=9_372;partial=00;start_type=ATG;rbs_motif=None;rbs_spacer=None;gc_cont=0.419
ptg000011l_238       -           1395 1502854at2           -            192       0.1   11.0   0.7   1   2   0.00092      0.24    9.8   0.2     8    30   777   799   774   805 0.84 # 350231 # 354415 # 1 # ID=11_238;partial=00;start_type=ATG;rbs_motif=None;rbs_spacer=None;gc_cont=0.385
ptg000011l_238       -           1395 1502854at2           -            192       0.1   11.0   0.7   2   2       5.2   1.4e+03   -2.4   0.0    12    35   996  1019   994  1021 0.80 # 350231 # 354415 # 1 # ID=11_238;partial=00;start_type=ATG;rbs_motif=None;rbs_spacer=None;gc_cont=0.385
ptg000016l_95        -           1412 1502854at2           -            192      0.11   11.0   0.2   1   1   0.00071      0.19   10.2   0.2     8    30   777   799   773   805 0.85 # 113974 # 118209 # 1 # ID=16_95;partial=00;start_type=ATG;rbs_motif=None;rbs_spacer=None;gc_cont=0.390
ptg000017l_367       -           4093 1502854at2           -            192       1.6    7.2   8.2   1   4      0.21        56    2.1   0.0    62   102   239   279   234   286 0.89 # 542773 # 555051 # -1 # ID=17_367;partial=00;start_type=ATG;rbs_motif=None;rbs_spacer=None;gc_cont=0.369
ptg000017l_367       -           4093 1502854at2           -            192       1.6    7.2   8.2   2   4       4.1   1.1e+03   -2.1   0.0    11    28  1794  1811  1793  1819 0.81 # 542773 # 555051 # -1 # ID=17_367;partial=00;start_type=ATG;rbs_motif=None;rbs_spacer=None;gc_cont=0.369
ptg000017l_367       -           4093 1502854at2           -            192       1.6    7.2   8.2   3   4       1.2   3.1e+02   -0.3   0.0     3    27  2064  2088  2063  2095 0.81 # 542773 # 555051 # -1 # ID=17_367;partial=00;start_type=ATG;rbs_motif=None;rbs_spacer=None;gc_cont=0.369
ptg000017l_367       -           4093 1502854at2           -            192       1.6    7.2   8.2   4   4     0.015         4    5.9   0.0     7    41  2412  2451  2409  2454 0.73 # 542773 # 555051 # -1 # ID=17_367;partial=00;start_type=ATG;rbs_motif=None;rbs_spacer=None;gc_cont=0.369
#
# Program:         hmmsearch
# Version:         3.1b2 (February 2015)
# Pipeline mode:   SEARCH
# Query file:      /home/inf-41-2022/Assembly/busco_downloads/lineages/bacteria_odb10/hmms/1502854at2.hmm
# Target file:     /home/inf-41-2022/Assembly/Busco/prodigal_output/predicted_genes/predicted.faa
# Option settings: hmmsearch --domtblout /home/inf-41-2022/Assembly/Busco/auto_lineage/run_bacteria_odb10/hmmer_output/1502854at2.out --cpu 1 /home/inf-41-2022/Assembly/busco_downloads/lineages/bacteria_odb10/hmms/1502854at2.hmm /home/inf-41-2022/Assembly/Busco/prodigal_output/predicted_genes/predicted.faa 
# Current dir:     /home/inf-41-2022/Assembly
# Date:            Thu Feb 23 23:00:36 2023
# [ok]
