#                                                                            --- full sequence --- -------------- this domain -------------   hmm coord   ali coord   env coord
# target name        accession   tlen query name           accession   qlen   E-value  score  bias   #  of  c-Evalue  i-Evalue  score  bias  from    to  from    to  from    to  acc description of target
#------------------- ---------- ----- -------------------- ---------- ----- --------- ------ ----- --- --- --------- --------- ------ ----- ----- ----- ----- ----- ----- ----- ---- ---------------------
ptg000007l_195       -            527 1592033at2           -            393   1.3e-09   36.5   1.0   1   1   6.6e-12   2.1e-09   35.8   1.0   192   355   272   449   209   485 0.83 # 302962 # 304542 # -1 # ID=7_195;partial=00;start_type=ATG;rbs_motif=AATAA;rbs_spacer=11bp;gc_cont=0.380
ptg000015l_301       -            519 1592033at2           -            393   2.1e-09   35.8   0.0   1   1   1.3e-11   4.1e-09   34.9   0.0   193   354   338   515   335   518 0.83 # 441274 # 442830 # 1 # ID=15_301;partial=00;start_type=ATG;rbs_motif=None;rbs_spacer=None;gc_cont=0.425
ptg000012l_100       -            370 1592033at2           -            393   6.5e-09   34.2   0.0   1   2   3.9e-06    0.0012   16.8   0.0   194   247    65   118    59   125 0.82 # 144316 # 145425 # 1 # ID=12_100;partial=00;start_type=ATG;rbs_motif=None;rbs_spacer=None;gc_cont=0.437
ptg000012l_100       -            370 1592033at2           -            393   6.5e-09   34.2   0.0   2   2   1.5e-05    0.0047   14.9   0.0   291   354   228   295   221   318 0.80 # 144316 # 145425 # 1 # ID=12_100;partial=00;start_type=ATG;rbs_motif=None;rbs_spacer=None;gc_cont=0.437
ptg000008l_163       -            369 1592033at2           -            393   5.1e-08   31.3   5.9   1   3       7.3   2.3e+03   -3.8   0.4   166   186     4    24     3    26 0.79 # 249314 # 250420 # -1 # ID=8_163;partial=00;start_type=ATG;rbs_motif=AACAA;rbs_spacer=10bp;gc_cont=0.402
ptg000008l_163       -            369 1592033at2           -            393   5.1e-08   31.3   5.9   2   3   1.4e-06   0.00043   18.3   0.1   196   294    65   160    60   184 0.81 # 249314 # 250420 # -1 # ID=8_163;partial=00;start_type=ATG;rbs_motif=AACAA;rbs_spacer=10bp;gc_cont=0.402
ptg000008l_163       -            369 1592033at2           -            393   5.1e-08   31.3   5.9   3   3   1.1e-05    0.0033   15.4   0.1   278   352   215   293   207   306 0.79 # 249314 # 250420 # -1 # ID=8_163;partial=00;start_type=ATG;rbs_motif=AACAA;rbs_spacer=10bp;gc_cont=0.402
ptg000008l_549       -            641 1592033at2           -            393   3.3e-07   28.6   1.8   1   2   6.8e-05     0.021   12.8   0.5   270   352   195   284   188   316 0.69 # 786268 # 788190 # -1 # ID=8_549;partial=00;start_type=ATG;rbs_motif=None;rbs_spacer=None;gc_cont=0.389
ptg000008l_549       -            641 1592033at2           -            393   3.3e-07   28.6   1.8   2   2   1.7e-05    0.0053   14.7   0.0   195   218   337   360   333   375 0.88 # 786268 # 788190 # -1 # ID=8_549;partial=00;start_type=ATG;rbs_motif=None;rbs_spacer=None;gc_cont=0.389
ptg000002l_510       -            219 1592033at2           -            393   8.4e-07   27.3   0.1   1   2     0.076        24    2.7   0.0   176   222     6    51     1    73 0.78 # 732550 # 733206 # -1 # ID=2_510;partial=00;start_type=ATG;rbs_motif=None;rbs_spacer=None;gc_cont=0.422
ptg000002l_510       -            219 1592033at2           -            393   8.4e-07   27.3   0.1   2   2   6.4e-08     2e-05   22.7   0.0   271   362   100   199    98   213 0.85 # 732550 # 733206 # -1 # ID=2_510;partial=00;start_type=ATG;rbs_motif=None;rbs_spacer=None;gc_cont=0.422
ptg000008l_122       -            412 1592033at2           -            393     2e-06   26.0   0.1   1   3   0.00032       0.1   10.5   0.0   195   232     5    42     3    52 0.90 # 179534 # 180769 # 1 # ID=8_122;partial=00;start_type=ATG;rbs_motif=None;rbs_spacer=None;gc_cont=0.464
ptg000008l_122       -            412 1592033at2           -            393     2e-06   26.0   0.1   2   3    0.0081       2.6    5.9   0.0   267   286   102   121    99   147 0.84 # 179534 # 180769 # 1 # ID=8_122;partial=00;start_type=ATG;rbs_motif=None;rbs_spacer=None;gc_cont=0.464
ptg000008l_122       -            412 1592033at2           -            393     2e-06   26.0   0.1   3   3    0.0081       2.6    5.9   0.0   295   344   210   267   203   285 0.81 # 179534 # 180769 # 1 # ID=8_122;partial=00;start_type=ATG;rbs_motif=None;rbs_spacer=None;gc_cont=0.464
ptg000009l_123       -            521 1592033at2           -            393   2.5e-06   25.7   6.0   1   3       4.7   1.5e+03   -3.2   0.6   355   387    50    83     9    89 0.50 # 164113 # 165675 # 1 # ID=9_123;partial=00;start_type=ATG;rbs_motif=None;rbs_spacer=None;gc_cont=0.397
ptg000009l_123       -            521 1592033at2           -            393   2.5e-06   25.7   6.0   2   3   2.3e-05    0.0074   14.3   0.0   272   321   175   222   167   237 0.86 # 164113 # 165675 # 1 # ID=9_123;partial=00;start_type=ATG;rbs_motif=None;rbs_spacer=None;gc_cont=0.397
ptg000009l_123       -            521 1592033at2           -            393   2.5e-06   25.7   6.0   3   3   2.5e-05    0.0078   14.2   0.2   188   216   274   302   250   334 0.81 # 164113 # 165675 # 1 # ID=9_123;partial=00;start_type=ATG;rbs_motif=None;rbs_spacer=None;gc_cont=0.397
ptg000003l_381       -            648 1592033at2           -            393   4.4e-06   24.9   0.8   1   2   3.5e-08   1.1e-05   23.6   0.0   193   366   166   340   130   370 0.70 # 569877 # 571820 # -1 # ID=3_381;partial=00;start_type=ATG;rbs_motif=None;rbs_spacer=None;gc_cont=0.406
ptg000003l_381       -            648 1592033at2           -            393   4.4e-06   24.9   0.8   2   2       5.8   1.8e+03   -3.5   0.1   311   380   450   518   430   528 0.64 # 569877 # 571820 # -1 # ID=3_381;partial=00;start_type=ATG;rbs_motif=None;rbs_spacer=None;gc_cont=0.406
ptg000007l_340       -            192 1592033at2           -            393   5.6e-06   24.6   0.0   1   2   3.4e-05     0.011   13.7   0.0   190   247    13    69     6    73 0.82 # 523405 # 523980 # 1 # ID=7_340;partial=00;start_type=ATG;rbs_motif=AAGAA;rbs_spacer=3bp;gc_cont=0.415
ptg000007l_340       -            192 1592033at2           -            393   5.6e-06   24.6   0.0   2   2    0.0016      0.51    8.2   0.0   300   322   119   154    85   190 0.59 # 523405 # 523980 # 1 # ID=7_340;partial=00;start_type=ATG;rbs_motif=AAGAA;rbs_spacer=3bp;gc_cont=0.415
ptg000015l_51        -            406 1592033at2           -            393   2.2e-05   22.6   0.0   1   1   1.3e-07   4.1e-05   21.7   0.0   192   240    14    63    11    70 0.88 # 73367 # 74584 # -1 # ID=15_51;partial=00;start_type=ATG;rbs_motif=AATAA;rbs_spacer=6bp;gc_cont=0.377
ptg000003l_327       -            199 1592033at2           -            393   8.3e-05   20.7   1.7   1   2    0.0042       1.3    6.9   0.0   191   221    14    44     7    64 0.85 # 482238 # 482834 # -1 # ID=3_327;partial=00;start_type=ATG;rbs_motif=None;rbs_spacer=None;gc_cont=0.372
ptg000003l_327       -            199 1592033at2           -            393   8.3e-05   20.7   1.7   2   2   0.00012     0.037   12.0   0.4   276   347    95   183    92   195 0.71 # 482238 # 482834 # -1 # ID=3_327;partial=00;start_type=ATG;rbs_motif=None;rbs_spacer=None;gc_cont=0.372
ptg000014l_38        -            211 1592033at2           -            393   0.00017   19.7   0.0   1   1   7.7e-07   0.00024   19.2   0.0   181   220    28    65    19    68 0.79 # 56204 # 56836 # 1 # ID=14_38;partial=00;start_type=TTG;rbs_motif=None;rbs_spacer=None;gc_cont=0.401
ptg000002l_193       -            395 1592033at2           -            393   0.00029   18.9   0.1   1   2   2.8e-06   0.00089   17.3   0.0   195   240    21    67     6    72 0.86 # 281476 # 282660 # -1 # ID=2_193;partial=00;start_type=ATG;rbs_motif=AATAA;rbs_spacer=15bp;gc_cont=0.397
ptg000002l_193       -            395 1592033at2           -            393   0.00029   18.9   0.1   2   2       2.3   7.3e+02   -2.2   0.3   290   381   113   209   108   218 0.70 # 281476 # 282660 # -1 # ID=2_193;partial=00;start_type=ATG;rbs_motif=AATAA;rbs_spacer=15bp;gc_cont=0.397
ptg000001l_93        -            216 1592033at2           -            393    0.0008   17.5   0.4   1   1   1.6e-05    0.0049   14.9   0.4   270   353    90   183     8   197 0.71 # 140879 # 141526 # -1 # ID=1_93;partial=00;start_type=ATG;rbs_motif=AACAA;rbs_spacer=7bp;gc_cont=0.407
ptg000014l_37        -            273 1592033at2           -            393    0.0016   16.5   0.0   1   1   9.4e-06     0.003   15.6   0.0   272   318   221   266   216   270 0.91 # 54845 # 55663 # 1 # ID=14_37;partial=00;start_type=ATG;rbs_motif=AATAA;rbs_spacer=4bp;gc_cont=0.422
ptg000014l_221       -            221 1592033at2           -            393    0.0018   16.3   0.4   1   2       1.4   4.3e+02   -1.4   0.0   195   216    13    34     9    42 0.81 # 327412 # 328074 # -1 # ID=14_221;partial=00;start_type=ATG;rbs_motif=None;rbs_spacer=None;gc_cont=0.397
ptg000014l_221       -            221 1592033at2           -            393    0.0018   16.3   0.4   2   2     2e-05    0.0064   14.5   0.4   271   361    83   190    81   216 0.67 # 327412 # 328074 # -1 # ID=14_221;partial=00;start_type=ATG;rbs_motif=None;rbs_spacer=None;gc_cont=0.397
ptg000005l_755       -            315 1592033at2           -            393    0.0032   15.5   0.7   1   2   3.8e-05     0.012   13.6   0.1   193   219   132   158   126   165 0.90 # 1125610 # 1126554 # 1 # ID=5_755;partial=00;start_type=ATG;rbs_motif=None;rbs_spacer=None;gc_cont=0.367
ptg000005l_755       -            315 1592033at2           -            393    0.0032   15.5   0.7   2   2      0.89   2.8e+02   -0.8   0.1   297   330   237   269   226   276 0.65 # 1125610 # 1126554 # 1 # ID=5_755;partial=00;start_type=ATG;rbs_motif=None;rbs_spacer=None;gc_cont=0.367
ptg000007l_162       -            209 1592033at2           -            393    0.0035   15.3   0.4   1   1   3.3e-05     0.011   13.8   0.4   189   352     3   178     1   198 0.74 # 250698 # 251324 # 1 # ID=7_162;partial=00;start_type=ATG;rbs_motif=None;rbs_spacer=None;gc_cont=0.384
ptg000002l_399       -            856 1592033at2           -            393    0.0039   15.2   0.3   1   2   3.4e-05     0.011   13.8   0.0   173   226   166   219   155   222 0.87 # 575473 # 578040 # -1 # ID=2_399;partial=00;start_type=ATG;rbs_motif=None;rbs_spacer=None;gc_cont=0.369
ptg000002l_399       -            856 1592033at2           -            393    0.0039   15.2   0.3   2   2       3.9   1.2e+03   -2.9   0.1   273   321   334   379   328   412 0.62 # 575473 # 578040 # -1 # ID=2_399;partial=00;start_type=ATG;rbs_motif=None;rbs_spacer=None;gc_cont=0.369
ptg000009l_161       -            224 1592033at2           -            393    0.0039   15.2   0.1   1   2     0.012       3.8    5.4   0.0   194   250    13    71    10    74 0.79 # 215433 # 216104 # -1 # ID=9_161;partial=00;start_type=ATG;rbs_motif=None;rbs_spacer=None;gc_cont=0.418
ptg000009l_161       -            224 1592033at2           -            393    0.0039   15.2   0.1   2   2    0.0019       0.6    8.0   0.0   277   357    90   181    82   199 0.69 # 215433 # 216104 # -1 # ID=9_161;partial=00;start_type=ATG;rbs_motif=None;rbs_spacer=None;gc_cont=0.418
ptg000011l_338       -            211 1592033at2           -            393    0.0042   15.1   0.5   1   2      0.97     3e+02   -0.9   0.0   197   223    10    35     3    65 0.71 # 490898 # 491530 # -1 # ID=11_338;partial=00;start_type=ATG;rbs_motif=None;rbs_spacer=None;gc_cont=0.415
ptg000011l_338       -            211 1592033at2           -            393    0.0042   15.1   0.5   2   2   3.7e-05     0.012   13.6   0.1   271   361    78   182    76   207 0.68 # 490898 # 491530 # -1 # ID=11_338;partial=00;start_type=ATG;rbs_motif=None;rbs_spacer=None;gc_cont=0.415
ptg000003l_540       -            193 1592033at2           -            393    0.0074   14.3   0.1   1   1   0.00032       0.1   10.6   0.1   201   321    32   143    26   164 0.75 # 803380 # 803958 # -1 # ID=3_540;partial=00;start_type=TTG;rbs_motif=None;rbs_spacer=None;gc_cont=0.390
ptg000008l_682       -            223 1592033at2           -            393    0.0098   13.9   0.0   1   2     0.007       2.2    6.1   0.0   194   250    13    71    10    75 0.87 # 1014641 # 1015309 # -1 # ID=8_682;partial=00;start_type=ATG;rbs_motif=None;rbs_spacer=None;gc_cont=0.419
ptg000008l_682       -            223 1592033at2           -            393    0.0098   13.9   0.0   2   2    0.0084       2.6    5.9   0.0   277   359    90   183    81   203 0.68 # 1014641 # 1015309 # -1 # ID=8_682;partial=00;start_type=ATG;rbs_motif=None;rbs_spacer=None;gc_cont=0.419
ptg000007l_19        -            311 1592033at2           -            393      0.03   12.3   1.8   1   3      0.42   1.3e+02    0.3   0.0   195   240     7    53     2    64 0.77 # 22151 # 23083 # 1 # ID=7_19;partial=00;start_type=ATG;rbs_motif=None;rbs_spacer=None;gc_cont=0.382
ptg000007l_19        -            311 1592033at2           -            393      0.03   12.3   1.8   2   3    0.0003     0.094   10.6   0.2   274   322    85   137    81   155 0.80 # 22151 # 23083 # 1 # ID=7_19;partial=00;start_type=ATG;rbs_motif=None;rbs_spacer=None;gc_cont=0.382
ptg000007l_19        -            311 1592033at2           -            393      0.03   12.3   1.8   3   3       4.4   1.4e+03   -3.1   0.1   294   349   199   256   186   279 0.49 # 22151 # 23083 # 1 # ID=7_19;partial=00;start_type=ATG;rbs_motif=None;rbs_spacer=None;gc_cont=0.382
ptg000012l_118       -            663 1592033at2           -            393     0.082   10.8   0.3   1   5      0.15        47    1.8   0.0   192   219     3    30     2    38 0.84 # 165664 # 167652 # 1 # ID=12_118;partial=00;start_type=ATG;rbs_motif=None;rbs_spacer=None;gc_cont=0.401
ptg000012l_118       -            663 1592033at2           -            393     0.082   10.8   0.3   2   5     0.068        21    2.9   0.0   299   341   103   141    73   181 0.77 # 165664 # 167652 # 1 # ID=12_118;partial=00;start_type=ATG;rbs_motif=None;rbs_spacer=None;gc_cont=0.401
ptg000012l_118       -            663 1592033at2           -            393     0.082   10.8   0.3   3   5       3.9   1.2e+03   -2.9   0.0   191   217   445   471   430   476 0.77 # 165664 # 167652 # 1 # ID=12_118;partial=00;start_type=ATG;rbs_motif=None;rbs_spacer=None;gc_cont=0.401
ptg000012l_118       -            663 1592033at2           -            393     0.082   10.8   0.3   4   5       0.6   1.9e+02   -0.2   0.0   270   322   519   580   516   616 0.70 # 165664 # 167652 # 1 # ID=12_118;partial=00;start_type=ATG;rbs_motif=None;rbs_spacer=None;gc_cont=0.401
ptg000012l_118       -            663 1592033at2           -            393     0.082   10.8   0.3   5   5      0.84   2.6e+02   -0.7   0.0   231   265   623   657   621   658 0.85 # 165664 # 167652 # 1 # ID=12_118;partial=00;start_type=ATG;rbs_motif=None;rbs_spacer=None;gc_cont=0.401
ptg000011l_190       -            677 1592033at2           -            393       1.4    6.8   7.4   1   2     0.002      0.64    7.9   0.5   192   251   143   204   136   347 0.69 # 272771 # 274801 # 1 # ID=11_190;partial=00;start_type=ATG;rbs_motif=None;rbs_spacer=None;gc_cont=0.369
ptg000011l_190       -            677 1592033at2           -            393       1.4    6.8   7.4   2   2       2.7   8.5e+02   -2.4   1.5   344   390   411   458   403   461 0.75 # 272771 # 274801 # 1 # ID=11_190;partial=00;start_type=ATG;rbs_motif=None;rbs_spacer=None;gc_cont=0.369
#
# Program:         hmmsearch
# Version:         3.1b2 (February 2015)
# Pipeline mode:   SEARCH
# Query file:      /home/inf-41-2022/Assembly/busco_downloads/lineages/bacteria_odb10/hmms/1592033at2.hmm
# Target file:     /home/inf-41-2022/Assembly/Busco/prodigal_output/predicted_genes/predicted.faa
# Option settings: hmmsearch --domtblout /home/inf-41-2022/Assembly/Busco/auto_lineage/run_bacteria_odb10/hmmer_output/1592033at2.out --cpu 1 /home/inf-41-2022/Assembly/busco_downloads/lineages/bacteria_odb10/hmms/1592033at2.hmm /home/inf-41-2022/Assembly/Busco/prodigal_output/predicted_genes/predicted.faa 
# Current dir:     /home/inf-41-2022/Assembly
# Date:            Thu Feb 23 23:00:36 2023
# [ok]
