#                                                                            --- full sequence --- -------------- this domain -------------   hmm coord   ali coord   env coord
# target name        accession   tlen query name           accession   qlen   E-value  score  bias   #  of  c-Evalue  i-Evalue  score  bias  from    to  from    to  from    to  acc description of target
#------------------- ---------- ----- -------------------- ---------- ----- --------- ------ ----- --- --- --------- --------- ------ ----- ----- ----- ----- ----- ----- ----- ---- ---------------------
ptg000013l_181       -            646 182107at2            -            492    4e-153  509.3   6.6   1   1  1.2e-153  6.2e-151  502.0   6.6     2   490    47   644    46   645 0.86 # 248959 # 250896 # 1 # ID=13_181;partial=00;start_type=ATG;rbs_motif=None;rbs_spacer=None;gc_cont=0.386
ptg000004l_166       -            757 182107at2            -            492   6.3e-40  135.9   4.4   1   3   4.1e-29   2.1e-26   91.3   0.1     1   133    65   222    65   249 0.78 # 251396 # 253666 # -1 # ID=4_166;partial=00;start_type=ATG;rbs_motif=None;rbs_spacer=None;gc_cont=0.402
ptg000004l_166       -            757 182107at2            -            492   6.3e-40  135.9   4.4   2   3   8.4e-11   4.2e-08   30.9   0.4   152   320   360   548   268   556 0.66 # 251396 # 253666 # -1 # ID=4_166;partial=00;start_type=ATG;rbs_motif=None;rbs_spacer=None;gc_cont=0.402
ptg000004l_166       -            757 182107at2            -            492   6.3e-40  135.9   4.4   3   3     0.031        15    2.7   0.0   321   347   658   684   641   691 0.86 # 251396 # 253666 # -1 # ID=4_166;partial=00;start_type=ATG;rbs_motif=None;rbs_spacer=None;gc_cont=0.402
ptg000005l_835       -            843 182107at2            -            492   2.6e-30  104.2   4.7   1   3   1.4e-27   7.2e-25   86.2   2.4     1   127    19   177    19   200 0.80 # 1223749 # 1226277 # 1 # ID=5_835;partial=00;start_type=ATG;rbs_motif=None;rbs_spacer=None;gc_cont=0.444
ptg000005l_835       -            843 182107at2            -            492   2.6e-30  104.2   4.7   2   3    0.0098       4.9    4.3   0.0   233   318   486   569   454   607 0.77 # 1223749 # 1226277 # 1 # ID=5_835;partial=00;start_type=ATG;rbs_motif=None;rbs_spacer=None;gc_cont=0.444
ptg000005l_835       -            843 182107at2            -            492   2.6e-30  104.2   4.7   3   3    0.0031       1.6    5.9   0.0   303   351   704   753   654   758 0.74 # 1223749 # 1226277 # 1 # ID=5_835;partial=00;start_type=ATG;rbs_motif=None;rbs_spacer=None;gc_cont=0.444
ptg000011l_391       -            843 182107at2            -            492   2.6e-30  104.2   4.7   1   3   1.4e-27   7.2e-25   86.2   2.4     1   127    19   177    19   200 0.80 # 575802 # 578330 # 1 # ID=11_391;partial=00;start_type=ATG;rbs_motif=AATAA;rbs_spacer=9bp;gc_cont=0.445
ptg000011l_391       -            843 182107at2            -            492   2.6e-30  104.2   4.7   2   3    0.0098       4.9    4.3   0.0   233   318   486   569   454   607 0.77 # 575802 # 578330 # 1 # ID=11_391;partial=00;start_type=ATG;rbs_motif=AATAA;rbs_spacer=9bp;gc_cont=0.445
ptg000011l_391       -            843 182107at2            -            492   2.6e-30  104.2   4.7   3   3    0.0031       1.6    5.9   0.0   303   351   704   753   654   758 0.74 # 575802 # 578330 # 1 # ID=11_391;partial=00;start_type=ATG;rbs_motif=AATAA;rbs_spacer=9bp;gc_cont=0.445
ptg000006l_323       -            820 182107at2            -            492   9.9e-28   95.7   4.5   1   5   2.2e-26   1.1e-23   82.3   0.1     1   125    41   182    41   191 0.78 # 524844 # 527303 # -1 # ID=6_323;partial=00;start_type=ATG;rbs_motif=None;rbs_spacer=None;gc_cont=0.380
ptg000006l_323       -            820 182107at2            -            492   9.9e-28   95.7   4.5   2   5     0.077        39    1.4   0.1   161   195   357   391   279   448 0.73 # 524844 # 527303 # -1 # ID=6_323;partial=00;start_type=ATG;rbs_motif=None;rbs_spacer=None;gc_cont=0.380
ptg000006l_323       -            820 182107at2            -            492   9.9e-28   95.7   4.5   3   5   0.00055      0.28    8.4   0.0   242   319   480   555   466   562 0.77 # 524844 # 527303 # -1 # ID=6_323;partial=00;start_type=ATG;rbs_motif=None;rbs_spacer=None;gc_cont=0.380
ptg000006l_323       -            820 182107at2            -            492   9.9e-28   95.7   4.5   4   5      0.31   1.5e+02   -0.6   0.0   320   347   682   709   660   773 0.79 # 524844 # 527303 # -1 # ID=6_323;partial=00;start_type=ATG;rbs_motif=None;rbs_spacer=None;gc_cont=0.380
ptg000006l_323       -            820 182107at2            -            492   9.9e-28   95.7   4.5   5   5      0.73   3.6e+02   -1.8   0.0   352   384   774   807   735   810 0.74 # 524844 # 527303 # -1 # ID=6_323;partial=00;start_type=ATG;rbs_motif=None;rbs_spacer=None;gc_cont=0.380
ptg000014l_312       -           1111 182107at2            -            492   6.7e-24   83.0   0.3   1   2   3.4e-25   1.7e-22   78.4   0.2     1   120    19   168    19   189 0.79 # 447830 # 451162 # 1 # ID=14_312;partial=00;start_type=ATG;rbs_motif=None;rbs_spacer=None;gc_cont=0.396
ptg000014l_312       -           1111 182107at2            -            492   6.7e-24   83.0   0.3   2   2       1.7   8.3e+02   -3.0   0.0   168   197   572   602   569   606 0.80 # 447830 # 451162 # 1 # ID=14_312;partial=00;start_type=ATG;rbs_motif=None;rbs_spacer=None;gc_cont=0.396
ptg000011l_457       -            438 182107at2            -            492   2.5e-16   58.1   0.3   1   1   1.8e-18   8.8e-16   56.3   0.3     3   202    50   289    49   301 0.70 # 679219 # 680532 # 1 # ID=11_457;partial=00;start_type=ATG;rbs_motif=None;rbs_spacer=None;gc_cont=0.420
ptg000011l_190       -            677 182107at2            -            492     5e-14   50.5   3.7   1   2   9.9e-17     5e-14   50.5   3.7     5   194   149   361   147   381 0.76 # 272771 # 274801 # 1 # ID=11_190;partial=00;start_type=ATG;rbs_motif=None;rbs_spacer=None;gc_cont=0.369
ptg000011l_190       -            677 182107at2            -            492     5e-14   50.5   3.7   2   2      0.19        94    0.1   0.1   178   224   596   642   545   660 0.82 # 272771 # 274801 # 1 # ID=11_190;partial=00;start_type=ATG;rbs_motif=None;rbs_spacer=None;gc_cont=0.369
ptg000002l_325       -            459 182107at2            -            492   2.2e-10   38.4   0.1   1   3    0.0088       4.4    4.5   0.0     3    34     9    41     8    45 0.80 # 466596 # 467972 # 1 # ID=2_325;partial=00;start_type=ATG;rbs_motif=None;rbs_spacer=None;gc_cont=0.446
ptg000002l_325       -            459 182107at2            -            492   2.2e-10   38.4   0.1   2   3   1.1e-10   5.3e-08   30.6   0.0    26   128    59   173    54   187 0.77 # 466596 # 467972 # 1 # ID=2_325;partial=00;start_type=ATG;rbs_motif=None;rbs_spacer=None;gc_cont=0.446
ptg000002l_325       -            459 182107at2            -            492   2.2e-10   38.4   0.1   3   3      0.63   3.2e+02   -1.6   0.0   141   202   223   284   211   297 0.71 # 466596 # 467972 # 1 # ID=2_325;partial=00;start_type=ATG;rbs_motif=None;rbs_spacer=None;gc_cont=0.446
ptg000003l_160       -            459 182107at2            -            492   2.2e-10   38.4   0.1   1   3    0.0088       4.4    4.5   0.0     3    34     9    41     8    45 0.80 # 240793 # 242169 # -1 # ID=3_160;partial=00;start_type=ATG;rbs_motif=None;rbs_spacer=None;gc_cont=0.444
ptg000003l_160       -            459 182107at2            -            492   2.2e-10   38.4   0.1   2   3   1.1e-10   5.3e-08   30.6   0.0    26   128    59   173    54   187 0.77 # 240793 # 242169 # -1 # ID=3_160;partial=00;start_type=ATG;rbs_motif=None;rbs_spacer=None;gc_cont=0.444
ptg000003l_160       -            459 182107at2            -            492   2.2e-10   38.4   0.1   3   3      0.63   3.2e+02   -1.6   0.0   141   202   223   284   211   297 0.71 # 240793 # 242169 # -1 # ID=3_160;partial=00;start_type=ATG;rbs_motif=None;rbs_spacer=None;gc_cont=0.444
ptg000017l_75        -           1009 182107at2            -            492   3.6e-10   37.7   0.3   1   3   3.1e-12   1.6e-09   35.6   0.1    25   112   176   272   173   282 0.87 # 129658 # 132684 # 1 # ID=17_75;partial=00;start_type=ATG;rbs_motif=None;rbs_spacer=None;gc_cont=0.382
ptg000017l_75        -           1009 182107at2            -            492   3.6e-10   37.7   0.3   2   3         1     5e+02   -2.3   0.0   179   201   484   506   463   509 0.81 # 129658 # 132684 # 1 # ID=17_75;partial=00;start_type=ATG;rbs_motif=None;rbs_spacer=None;gc_cont=0.382
ptg000017l_75        -           1009 182107at2            -            492   3.6e-10   37.7   0.3   3   3       2.7   1.4e+03   -3.7   0.0   323   352   858   887   853   889 0.90 # 129658 # 132684 # 1 # ID=17_75;partial=00;start_type=ATG;rbs_motif=None;rbs_spacer=None;gc_cont=0.382
ptg000012l_99        -           1003 182107at2            -            492   7.3e-10   36.7   0.1   1   2   1.5e-12   7.3e-10   36.7   0.1     5   112   409   534   407   543 0.81 # 141033 # 144041 # -1 # ID=12_99;partial=00;start_type=ATG;rbs_motif=None;rbs_spacer=None;gc_cont=0.413
ptg000012l_99        -           1003 182107at2            -            492   7.3e-10   36.7   0.1   2   2      0.87   4.4e+02   -2.1   0.0   126   196   587   664   566   675 0.65 # 141033 # 144041 # -1 # ID=12_99;partial=00;start_type=ATG;rbs_motif=None;rbs_spacer=None;gc_cont=0.413
ptg000017l_400       -            612 182107at2            -            492   1.4e-08   32.5   0.1   1   2    0.0029       1.4    6.1   0.0     4    29   170   196   168   209 0.79 # 604176 # 606011 # -1 # ID=17_400;partial=00;start_type=ATG;rbs_motif=None;rbs_spacer=None;gc_cont=0.400
ptg000017l_400       -            612 182107at2            -            492   1.4e-08   32.5   0.1   2   2   1.1e-08   5.3e-06   24.0   0.0    26   120   219   325   210   362 0.77 # 604176 # 606011 # -1 # ID=17_400;partial=00;start_type=ATG;rbs_motif=None;rbs_spacer=None;gc_cont=0.400
ptg000009l_152       -            528 182107at2            -            492   1.2e-07   29.4   0.5   1   2   0.00027      0.13    9.5   0.1     3    43   102   141   100   152 0.80 # 206608 # 208191 # 1 # ID=9_152;partial=00;start_type=ATG;rbs_motif=None;rbs_spacer=None;gc_cont=0.404
ptg000009l_152       -            528 182107at2            -            492   1.2e-07   29.4   0.5   2   2   6.2e-07   0.00031   18.2   0.1    50   161   189   308   183   357 0.73 # 206608 # 208191 # 1 # ID=9_152;partial=00;start_type=ATG;rbs_motif=None;rbs_spacer=None;gc_cont=0.404
ptg000014l_221       -            221 182107at2            -            492   1.3e-05   22.7   0.0   1   1   2.9e-08   1.5e-05   22.5   0.0    47   163    60   187    24   199 0.81 # 327412 # 328074 # -1 # ID=14_221;partial=00;start_type=ATG;rbs_motif=None;rbs_spacer=None;gc_cont=0.397
ptg000011l_338       -            211 182107at2            -            492   0.00032   18.1   0.0   1   1   7.8e-07   0.00039   17.8   0.0    38   161    49   177    14   182 0.77 # 490898 # 491530 # -1 # ID=11_338;partial=00;start_type=ATG;rbs_motif=None;rbs_spacer=None;gc_cont=0.415
ptg000017l_106       -            245 182107at2            -            492      0.02   12.2   0.0   1   1   5.3e-05     0.026   11.8   0.0    51   129    84   180    78   230 0.70 # 168726 # 169460 # 1 # ID=17_106;partial=00;start_type=ATG;rbs_motif=None;rbs_spacer=None;gc_cont=0.374
#
# Program:         hmmsearch
# Version:         3.1b2 (February 2015)
# Pipeline mode:   SEARCH
# Query file:      /home/inf-41-2022/Assembly/busco_downloads/lineages/bacteria_odb10/hmms/182107at2.hmm
# Target file:     /home/inf-41-2022/Assembly/Busco/prodigal_output/predicted_genes/predicted.faa
# Option settings: hmmsearch --domtblout /home/inf-41-2022/Assembly/Busco/auto_lineage/run_bacteria_odb10/hmmer_output/182107at2.out --cpu 1 /home/inf-41-2022/Assembly/busco_downloads/lineages/bacteria_odb10/hmms/182107at2.hmm /home/inf-41-2022/Assembly/Busco/prodigal_output/predicted_genes/predicted.faa 
# Current dir:     /home/inf-41-2022/Assembly
# Date:            Thu Feb 23 23:00:38 2023
# [ok]
