#                                                                            --- full sequence --- -------------- this domain -------------   hmm coord   ali coord   env coord
# target name        accession   tlen query name           accession   qlen   E-value  score  bias   #  of  c-Evalue  i-Evalue  score  bias  from    to  from    to  from    to  acc description of target
#------------------- ---------- ----- -------------------- ---------- ----- --------- ------ ----- --- --- --------- --------- ------ ----- ----- ----- ----- ----- ----- ----- ---- ---------------------
ptg000004l_207       -           4911 1827295at2           -             74   9.2e-11   40.4   2.6   1   6     0.027       8.7    5.3   0.0     8    33   304   333   296   342 0.81 # 328765 # 343497 # -1 # ID=4_207;partial=00;start_type=ATG;rbs_motif=None;rbs_spacer=None;gc_cont=0.377
ptg000004l_207       -           4911 1827295at2           -             74   9.2e-11   40.4   2.6   2   6   0.00035      0.11   11.3   0.1     9    34   647   672   634   675 0.84 # 328765 # 343497 # -1 # ID=4_207;partial=00;start_type=ATG;rbs_motif=None;rbs_spacer=None;gc_cont=0.377
ptg000004l_207       -           4911 1827295at2           -             74   9.2e-11   40.4   2.6   3   6      0.18        59    2.6   0.0    11    52  1079  1115  1065  1122 0.84 # 328765 # 343497 # -1 # ID=4_207;partial=00;start_type=ATG;rbs_motif=None;rbs_spacer=None;gc_cont=0.377
ptg000004l_207       -           4911 1827295at2           -             74   9.2e-11   40.4   2.6   4   6    0.0029      0.95    8.4   0.0     9    33  1362  1386  1349  1390 0.86 # 328765 # 343497 # -1 # ID=4_207;partial=00;start_type=ATG;rbs_motif=None;rbs_spacer=None;gc_cont=0.377
ptg000004l_207       -           4911 1827295at2           -             74   9.2e-11   40.4   2.6   5   6     0.015       4.8    6.1   0.0     9    33  1741  1765  1728  1770 0.81 # 328765 # 343497 # -1 # ID=4_207;partial=00;start_type=ATG;rbs_motif=None;rbs_spacer=None;gc_cont=0.377
ptg000004l_207       -           4911 1827295at2           -             74   9.2e-11   40.4   2.6   6   6       6.8   2.2e+03   -2.4   0.0    12    36  2051  2075  2047  2076 0.86 # 328765 # 343497 # -1 # ID=4_207;partial=00;start_type=ATG;rbs_motif=None;rbs_spacer=None;gc_cont=0.377
ptg000005l_645       -            812 1827295at2           -             74   0.00031   19.5   0.0   1   2    0.0033       1.1    8.2   0.0    12    33   140   162   125   167 0.82 # 952326 # 954761 # -1 # ID=5_645;partial=00;start_type=ATG;rbs_motif=None;rbs_spacer=None;gc_cont=0.388
ptg000005l_645       -            812 1827295at2           -             74   0.00031   19.5   0.0   2   2    0.0032       1.1    8.2   0.0    10    32   536   558   518   563 0.82 # 952326 # 954761 # -1 # ID=5_645;partial=00;start_type=ATG;rbs_motif=None;rbs_spacer=None;gc_cont=0.388
ptg000005l_164       -            836 1827295at2           -             74   0.00054   18.8   0.1   1   2    0.0043       1.4    7.8   0.0    10    33   250   273   238   276 0.84 # 236598 # 239105 # -1 # ID=5_164;partial=00;start_type=ATG;rbs_motif=None;rbs_spacer=None;gc_cont=0.418
ptg000005l_164       -            836 1827295at2           -             74   0.00054   18.8   0.1   2   2    0.0029      0.96    8.3   0.0     9    33   522   546   511   553 0.80 # 236598 # 239105 # -1 # ID=5_164;partial=00;start_type=ATG;rbs_motif=None;rbs_spacer=None;gc_cont=0.418
ptg000002l_278       -            759 1827295at2           -             74   0.00067   18.4   0.1   1   3         1   3.3e+02    0.2   0.0    24    47   139   162   136   170 0.83 # 389389 # 391665 # -1 # ID=2_278;partial=00;start_type=ATG;rbs_motif=None;rbs_spacer=None;gc_cont=0.384
ptg000002l_278       -            759 1827295at2           -             74   0.00067   18.4   0.1   2   3    0.0051       1.7    7.6   0.0     9    33   275   299   264   304 0.81 # 389389 # 391665 # -1 # ID=2_278;partial=00;start_type=ATG;rbs_motif=None;rbs_spacer=None;gc_cont=0.384
ptg000002l_278       -            759 1827295at2           -             74   0.00067   18.4   0.1   3   3     0.017       5.4    5.9   0.0    10    30   559   579   545   584 0.82 # 389389 # 391665 # -1 # ID=2_278;partial=00;start_type=ATG;rbs_motif=None;rbs_spacer=None;gc_cont=0.384
ptg000004l_61        -           1560 1827295at2           -             74    0.0012   17.7   0.0   1   2   0.00031       0.1   11.5   0.0     8    32   663   689   652   695 0.83 # 101991 # 106670 # 1 # ID=4_61;partial=00;start_type=ATG;rbs_motif=None;rbs_spacer=None;gc_cont=0.368
ptg000004l_61        -           1560 1827295at2           -             74    0.0012   17.7   0.0   2   2      0.16        52    2.8   0.0    13    32  1334  1353  1321  1357 0.83 # 101991 # 106670 # 1 # ID=4_61;partial=00;start_type=ATG;rbs_motif=None;rbs_spacer=None;gc_cont=0.368
ptg000002l_410       -            537 1827295at2           -             74     0.002   16.9   0.0   1   1   1.4e-05    0.0045   15.8   0.0     8    33   306   332   291   336 0.83 # 589479 # 591089 # 1 # ID=2_410;partial=00;start_type=ATG;rbs_motif=AATAA;rbs_spacer=4bp;gc_cont=0.363
ptg000017l_45        -           1044 1827295at2           -             74     0.002   16.9   0.0   1   2    0.0052       1.7    7.5   0.0    10    33   456   479   442   484 0.87 # 77862 # 80993 # -1 # ID=17_45;partial=00;start_type=ATG;rbs_motif=None;rbs_spacer=None;gc_cont=0.396
ptg000017l_45        -           1044 1827295at2           -             74     0.002   16.9   0.0   2   2     0.011       3.7    6.5   0.0    11    34   734   757   724   762 0.88 # 77862 # 80993 # -1 # ID=17_45;partial=00;start_type=ATG;rbs_motif=None;rbs_spacer=None;gc_cont=0.396
ptg000011l_555       -            438 1827295at2           -             74    0.0029   16.4   0.0   1   1   1.7e-05    0.0056   15.5   0.0     9    48   216   256   205   260 0.84 # 807583 # 808896 # -1 # ID=11_555;partial=00;start_type=ATG;rbs_motif=AATAA;rbs_spacer=6bp;gc_cont=0.412
ptg000004l_33        -            838 1827295at2           -             74    0.0036   16.1   0.0   1   2    0.0046       1.5    7.7   0.0    11    33   242   264   232   270 0.87 # 56196 # 58709 # -1 # ID=4_33;partial=00;start_type=ATG;rbs_motif=None;rbs_spacer=None;gc_cont=0.390
ptg000004l_33        -            838 1827295at2           -             74    0.0036   16.1   0.0   2   2     0.022       7.3    5.5   0.0    11    32   570   591   559   598 0.86 # 56196 # 58709 # -1 # ID=4_33;partial=00;start_type=ATG;rbs_motif=None;rbs_spacer=None;gc_cont=0.390
ptg000014l_116       -           1045 1827295at2           -             74    0.0052   15.6   0.1   1   3       0.7   2.3e+02    0.7   0.0    28    49   344   366   335   383 0.74 # 168490 # 171624 # -1 # ID=14_116;partial=00;start_type=ATG;rbs_motif=AAAAAA;rbs_spacer=13bp;gc_cont=0.402
ptg000014l_116       -           1045 1827295at2           -             74    0.0052   15.6   0.1   2   3     0.013       4.1    6.3   0.1    12    31   460   479   448   483 0.85 # 168490 # 171624 # -1 # ID=14_116;partial=00;start_type=ATG;rbs_motif=AAAAAA;rbs_spacer=13bp;gc_cont=0.402
ptg000014l_116       -           1045 1827295at2           -             74    0.0052   15.6   0.1   3   3     0.083        27    3.7   0.0    10    31   696   717   684   727 0.81 # 168490 # 171624 # -1 # ID=14_116;partial=00;start_type=ATG;rbs_motif=AAAAAA;rbs_spacer=13bp;gc_cont=0.402
ptg000017l_367       -           4093 1827295at2           -             74      0.01   14.7   2.3   1   4    0.0055       1.8    7.5   0.1    12    36  1793  1816  1782  1818 0.87 # 542773 # 555051 # -1 # ID=17_367;partial=00;start_type=ATG;rbs_motif=None;rbs_spacer=None;gc_cont=0.369
ptg000017l_367       -           4093 1827295at2           -             74      0.01   14.7   2.3   2   4      0.16        51    2.8   0.1     9    32  2068  2091  2055  2094 0.84 # 542773 # 555051 # -1 # ID=17_367;partial=00;start_type=ATG;rbs_motif=None;rbs_spacer=None;gc_cont=0.369
ptg000017l_367       -           4093 1827295at2           -             74      0.01   14.7   2.3   3   4       1.1   3.7e+02    0.0   0.0    11    31  2414  2434  2402  2439 0.86 # 542773 # 555051 # -1 # ID=17_367;partial=00;start_type=ATG;rbs_motif=None;rbs_spacer=None;gc_cont=0.369
ptg000017l_367       -           4093 1827295at2           -             74      0.01   14.7   2.3   4   4       6.2     2e+03   -2.3   0.1    11    29  2756  2774  2747  2783 0.80 # 542773 # 555051 # -1 # ID=17_367;partial=00;start_type=ATG;rbs_motif=None;rbs_spacer=None;gc_cont=0.369
ptg000005l_439       -            609 1827295at2           -             74      0.01   14.7   0.1   1   2      0.41   1.3e+02    1.5   0.0     9    29   104   124    88   129 0.80 # 613766 # 615592 # -1 # ID=5_439;partial=00;start_type=ATG;rbs_motif=None;rbs_spacer=None;gc_cont=0.374
ptg000005l_439       -            609 1827295at2           -             74      0.01   14.7   0.1   2   2   0.00079      0.26   10.2   0.0     8    33   377   403   366   405 0.83 # 613766 # 615592 # -1 # ID=5_439;partial=00;start_type=ATG;rbs_motif=None;rbs_spacer=None;gc_cont=0.374
ptg000013l_314       -            781 1827295at2           -             74     0.012   14.5   0.1   1   2    0.0077       2.5    7.0   0.0    11    32   282   303   270   310 0.83 # 446376 # 448718 # -1 # ID=13_314;partial=00;start_type=ATG;rbs_motif=None;rbs_spacer=None;gc_cont=0.420
ptg000013l_314       -            781 1827295at2           -             74     0.012   14.5   0.1   2   2     0.063        21    4.1   0.0     8    33   548   575   537   580 0.79 # 446376 # 448718 # -1 # ID=13_314;partial=00;start_type=ATG;rbs_motif=None;rbs_spacer=None;gc_cont=0.420
ptg000005l_633       -            194 1827295at2           -             74     0.016   14.1   0.1   1   1   9.2e-05      0.03   13.2   0.1     4    33     6    36     2    40 0.82 # 938276 # 938857 # -1 # ID=5_633;partial=00;start_type=ATG;rbs_motif=None;rbs_spacer=None;gc_cont=0.380
ptg000015l_112       -           1929 1827295at2           -             74     0.021   13.6   0.0   1   1   0.00018     0.058   12.2   0.0     8    38   170   202   160   206 0.83 # 148586 # 154372 # 1 # ID=15_112;partial=00;start_type=ATG;rbs_motif=AACAA;rbs_spacer=8bp;gc_cont=0.351
ptg000001l_72        -            753 1827295at2           -             74     0.026   13.4   0.1   1   2      0.11        36    3.3   0.0    13    31   230   248   217   254 0.84 # 106073 # 108331 # -1 # ID=1_72;partial=00;start_type=ATG;rbs_motif=AATAA;rbs_spacer=10bp;gc_cont=0.394
ptg000001l_72        -            753 1827295at2           -             74     0.026   13.4   0.1   2   2    0.0081       2.7    6.9   0.0     9    33   559   583   548   587 0.84 # 106073 # 108331 # -1 # ID=1_72;partial=00;start_type=ATG;rbs_motif=AATAA;rbs_spacer=10bp;gc_cont=0.394
ptg000006l_119       -            386 1827295at2           -             74     0.028   13.2   0.0   1   1   0.00026     0.085   11.7   0.0    11    43     6    37     3    39 0.88 # 174554 # 175711 # 1 # ID=6_119;partial=00;start_type=ATG;rbs_motif=AATAA;rbs_spacer=13bp;gc_cont=0.446
ptg000007l_298       -           1220 1827295at2           -             74     0.032   13.1   0.0   1   1   0.00026     0.085   11.7   0.0     7    40   120   152   108   155 0.80 # 458915 # 462574 # 1 # ID=7_298;partial=00;start_type=ATG;rbs_motif=None;rbs_spacer=None;gc_cont=0.401
ptg000008l_376       -            363 1827295at2           -             74     0.038   12.8   0.0   1   1   0.00023     0.075   11.9   0.0    11    35   129   153   118   162 0.87 # 559459 # 560547 # -1 # ID=8_376;partial=00;start_type=ATG;rbs_motif=None;rbs_spacer=None;gc_cont=0.380
ptg000009l_166       -            611 1827295at2           -             74      0.07   12.0   0.1   1   2     0.067        22    4.0   0.0    13    30   112   129   101   135 0.88 # 224726 # 226558 # -1 # ID=9_166;partial=00;start_type=ATG;rbs_motif=None;rbs_spacer=None;gc_cont=0.408
ptg000009l_166       -            611 1827295at2           -             74      0.07   12.0   0.1   2   2     0.044        15    4.6   0.0     9    32   422   445   411   473 0.79 # 224726 # 226558 # -1 # ID=9_166;partial=00;start_type=ATG;rbs_motif=None;rbs_spacer=None;gc_cont=0.408
ptg000003l_336       -           1512 1827295at2           -             74     0.078   11.8   0.7   1   1   0.00058      0.19   10.6   0.1     8    33   869   896   856   901 0.79 # 492420 # 496955 # 1 # ID=3_336;partial=00;start_type=ATG;rbs_motif=AATAA;rbs_spacer=4bp;gc_cont=0.391
ptg000008l_478       -            406 1827295at2           -             74     0.081   11.8   0.0   1   1   0.00049      0.16   10.8   0.0     8    32   180   206   172   223 0.83 # 691532 # 692749 # 1 # ID=8_478;partial=00;start_type=ATG;rbs_motif=None;rbs_spacer=None;gc_cont=0.405
ptg000015l_225       -            408 1827295at2           -             74     0.082   11.8   0.1   1   1   0.00068      0.22   10.4   0.1     9    31    35    57    23    62 0.83 # 327714 # 328937 # -1 # ID=15_225;partial=00;start_type=ATG;rbs_motif=None;rbs_spacer=None;gc_cont=0.415
ptg000005l_331       -           1502 1827295at2           -             74     0.083   11.8   0.4   1   1   0.00081      0.26   10.1   0.1     9    31   883   905   871   913 0.83 # 466383 # 470888 # 1 # ID=5_331;partial=00;start_type=ATG;rbs_motif=None;rbs_spacer=None;gc_cont=0.395
ptg000013l_121       -            273 1827295at2           -             74     0.098   11.5   0.0   1   1   0.00065      0.21   10.4   0.0    12    33     7    28     4    32 0.86 # 158305 # 159123 # 1 # ID=13_121;partial=00;start_type=ATG;rbs_motif=None;rbs_spacer=None;gc_cont=0.387
ptg000011l_634       -           1565 1827295at2           -             74      0.15   11.0   1.1   1   3       1.5     5e+02   -0.4   0.0    10    31   208   229   197   242 0.77 # 926992 # 931686 # 1 # ID=11_634;partial=00;start_type=ATG;rbs_motif=None;rbs_spacer=None;gc_cont=0.411
ptg000011l_634       -           1565 1827295at2           -             74      0.15   11.0   1.1   2   3       8.8   2.9e+03   -2.8   0.0    42    69   376   402   375   403 0.80 # 926992 # 931686 # 1 # ID=11_634;partial=00;start_type=ATG;rbs_motif=None;rbs_spacer=None;gc_cont=0.411
ptg000011l_634       -           1565 1827295at2           -             74      0.15   11.0   1.1   3   3    0.0057       1.9    7.4   0.1     9    31   953   975   940   986 0.84 # 926992 # 931686 # 1 # ID=11_634;partial=00;start_type=ATG;rbs_motif=None;rbs_spacer=None;gc_cont=0.411
#
# Program:         hmmsearch
# Version:         3.1b2 (February 2015)
# Pipeline mode:   SEARCH
# Query file:      /home/inf-41-2022/Assembly/busco_downloads/lineages/bacteria_odb10/hmms/1827295at2.hmm
# Target file:     /home/inf-41-2022/Assembly/Busco/prodigal_output/predicted_genes/predicted.faa
# Option settings: hmmsearch --domtblout /home/inf-41-2022/Assembly/Busco/auto_lineage/run_bacteria_odb10/hmmer_output/1827295at2.out --cpu 1 /home/inf-41-2022/Assembly/busco_downloads/lineages/bacteria_odb10/hmms/1827295at2.hmm /home/inf-41-2022/Assembly/Busco/prodigal_output/predicted_genes/predicted.faa 
# Current dir:     /home/inf-41-2022/Assembly
# Date:            Thu Feb 23 23:00:38 2023
# [ok]
