#                                                                            --- full sequence --- -------------- this domain -------------   hmm coord   ali coord   env coord
# target name        accession   tlen query name           accession   qlen   E-value  score  bias   #  of  c-Evalue  i-Evalue  score  bias  from    to  from    to  from    to  acc description of target
#------------------- ---------- ----- -------------------- ---------- ----- --------- ------ ----- --- --- --------- --------- ------ ----- ----- ----- ----- ----- ----- ----- ---- ---------------------
ptg000004l_207       -           4911 219876at2            -            282   1.6e-06   26.6   4.3   1   6     0.037        20    3.4   0.0    39    68   302   329   273   335 0.85 # 328765 # 343497 # -1 # ID=4_207;partial=00;start_type=ATG;rbs_motif=None;rbs_spacer=None;gc_cont=0.377
ptg000004l_207       -           4911 219876at2            -            282   1.6e-06   26.6   4.3   2   6    0.0035       1.9    6.7   0.0    36    69   637   668   610   683 0.76 # 328765 # 343497 # -1 # ID=4_207;partial=00;start_type=ATG;rbs_motif=None;rbs_spacer=None;gc_cont=0.377
ptg000004l_207       -           4911 219876at2            -            282   1.6e-06   26.6   4.3   3   6         1   5.5e+02   -1.4   0.0    42    68  1072  1097  1048  1110 0.72 # 328765 # 343497 # -1 # ID=4_207;partial=00;start_type=ATG;rbs_motif=None;rbs_spacer=None;gc_cont=0.377
ptg000004l_207       -           4911 219876at2            -            282   1.6e-06   26.6   4.3   4   6     0.024        13    4.0   0.0    46    68  1360  1382  1349  1397 0.85 # 328765 # 343497 # -1 # ID=4_207;partial=00;start_type=ATG;rbs_motif=None;rbs_spacer=None;gc_cont=0.377
ptg000004l_207       -           4911 219876at2            -            282   1.6e-06   26.6   4.3   5   6    0.0029       1.5    7.0   0.0    37    69  1734  1762  1722  1770 0.79 # 328765 # 343497 # -1 # ID=4_207;partial=00;start_type=ATG;rbs_motif=None;rbs_spacer=None;gc_cont=0.377
ptg000004l_207       -           4911 219876at2            -            282   1.6e-06   26.6   4.3   6   6         1   5.5e+02   -1.4   0.0   147   219  3285  3354  3281  3358 0.87 # 328765 # 343497 # -1 # ID=4_207;partial=00;start_type=ATG;rbs_motif=None;rbs_spacer=None;gc_cont=0.377
ptg000004l_33        -            838 219876at2            -            282   2.2e-05   22.9   0.0   1   3         3   1.6e+03   -2.9   0.0   193   224    79   111    73   113 0.70 # 56196 # 58709 # -1 # ID=4_33;partial=00;start_type=ATG;rbs_motif=None;rbs_spacer=None;gc_cont=0.390
ptg000004l_33        -            838 219876at2            -            282   2.2e-05   22.9   0.0   2   3    0.0041       2.2    6.5   0.0    50    77   242   269   236   290 0.91 # 56196 # 58709 # -1 # ID=4_33;partial=00;start_type=ATG;rbs_motif=None;rbs_spacer=None;gc_cont=0.390
ptg000004l_33        -            838 219876at2            -            282   2.2e-05   22.9   0.0   3   3   4.4e-05     0.023   13.0   0.0    49    90   569   612   540   619 0.79 # 56196 # 58709 # -1 # ID=4_33;partial=00;start_type=ATG;rbs_motif=None;rbs_spacer=None;gc_cont=0.390
ptg000005l_164       -            836 219876at2            -            282   0.00011   20.6   0.1   1   3     0.001      0.53    8.5   0.0    49    73   250   274   238   298 0.85 # 236598 # 239105 # -1 # ID=5_164;partial=00;start_type=ATG;rbs_motif=None;rbs_spacer=None;gc_cont=0.418
ptg000005l_164       -            836 219876at2            -            282   0.00011   20.6   0.1   2   3       5.4   2.9e+03   -3.7   0.0   120   167   352   398   347   439 0.70 # 236598 # 239105 # -1 # ID=5_164;partial=00;start_type=ATG;rbs_motif=None;rbs_spacer=None;gc_cont=0.418
ptg000005l_164       -            836 219876at2            -            282   0.00011   20.6   0.1   3   3   0.00084      0.45    8.8   0.0    50    77   524   551   519   554 0.86 # 236598 # 239105 # -1 # ID=5_164;partial=00;start_type=ATG;rbs_motif=None;rbs_spacer=None;gc_cont=0.418
ptg000002l_278       -            759 219876at2            -            282   0.00018   19.9   0.5   1   3    0.0022       1.2    7.4   0.0    46    70   273   297   264   324 0.87 # 389389 # 391665 # -1 # ID=2_278;partial=00;start_type=ATG;rbs_motif=None;rbs_spacer=None;gc_cont=0.384
ptg000002l_278       -            759 219876at2            -            282   0.00018   19.9   0.5   2   3      0.21   1.1e+02    0.9   0.1   121   214   389   482   379   500 0.63 # 389389 # 391665 # -1 # ID=2_278;partial=00;start_type=ATG;rbs_motif=None;rbs_spacer=None;gc_cont=0.384
ptg000002l_278       -            759 219876at2            -            282   0.00018   19.9   0.5   3   3    0.0019         1    7.6   0.0    46    70   556   580   541   588 0.82 # 389389 # 391665 # -1 # ID=2_278;partial=00;start_type=ATG;rbs_motif=None;rbs_spacer=None;gc_cont=0.384
ptg000013l_314       -            781 219876at2            -            282   0.00027   19.3   0.0   1   4     0.001      0.53    8.5   0.0    50    76   282   308   276   350 0.84 # 446376 # 448718 # -1 # ID=13_314;partial=00;start_type=ATG;rbs_motif=None;rbs_spacer=None;gc_cont=0.420
ptg000013l_314       -            781 219876at2            -            282   0.00027   19.3   0.0   2   4      0.26   1.4e+02    0.6   0.0   118   167   382   430   377   470 0.87 # 446376 # 448718 # -1 # ID=13_314;partial=00;start_type=ATG;rbs_motif=None;rbs_spacer=None;gc_cont=0.420
ptg000013l_314       -            781 219876at2            -            282   0.00027   19.3   0.0   3   4       0.1        54    1.9   0.0    46    76   549   579   537   601 0.75 # 446376 # 448718 # -1 # ID=13_314;partial=00;start_type=ATG;rbs_motif=None;rbs_spacer=None;gc_cont=0.420
ptg000013l_314       -            781 219876at2            -            282   0.00027   19.3   0.0   4   4     0.092        49    2.1   0.0   115   166   648   699   643   720 0.83 # 446376 # 448718 # -1 # ID=13_314;partial=00;start_type=ATG;rbs_motif=None;rbs_spacer=None;gc_cont=0.420
ptg000005l_848       -            429 219876at2            -            282   0.00043   18.7   0.0   1   1   1.6e-06   0.00085   17.7   0.0    50    86   209   247   198   320 0.84 # 1242200 # 1243486 # 1 # ID=5_848;partial=00;start_type=ATG;rbs_motif=AAAAA;rbs_spacer=11bp;gc_cont=0.421
ptg000008l_478       -            406 219876at2            -            282   0.00083   17.7   0.2   1   3       1.5   7.7e+02   -1.9   0.0   171   191    98   118    88   141 0.71 # 691532 # 692749 # 1 # ID=8_478;partial=00;start_type=ATG;rbs_motif=None;rbs_spacer=None;gc_cont=0.405
ptg000008l_478       -            406 219876at2            -            282   0.00083   17.7   0.2   2   3   9.1e-06    0.0048   15.2   0.0    46    86   181   223   175   236 0.74 # 691532 # 692749 # 1 # ID=8_478;partial=00;start_type=ATG;rbs_motif=None;rbs_spacer=None;gc_cont=0.405
ptg000008l_478       -            406 219876at2            -            282   0.00083   17.7   0.2   3   3       2.1   1.1e+03   -2.4   0.0   149   193   317   359   312   401 0.66 # 691532 # 692749 # 1 # ID=8_478;partial=00;start_type=ATG;rbs_motif=None;rbs_spacer=None;gc_cont=0.405
ptg000017l_45        -           1044 219876at2            -            282     0.002   16.5   0.0   1   2     0.025        13    3.9   0.0    50    71   457   478   441   491 0.86 # 77862 # 80993 # -1 # ID=17_45;partial=00;start_type=ATG;rbs_motif=None;rbs_spacer=None;gc_cont=0.396
ptg000017l_45        -           1044 219876at2            -            282     0.002   16.5   0.0   2   2   0.00038       0.2    9.9   0.0    50    94   734   780   731   783 0.78 # 77862 # 80993 # -1 # ID=17_45;partial=00;start_type=ATG;rbs_motif=None;rbs_spacer=None;gc_cont=0.396
ptg000005l_645       -            812 219876at2            -            282    0.0089   14.3   0.0   1   2    0.0038         2    6.6   0.0    27    69   117   158   103   162 0.78 # 952326 # 954761 # -1 # ID=5_645;partial=00;start_type=ATG;rbs_motif=None;rbs_spacer=None;gc_cont=0.388
ptg000005l_645       -            812 219876at2            -            282    0.0089   14.3   0.0   2   2     0.015       7.8    4.7   0.0    48    68   535   555   522   577 0.85 # 952326 # 954761 # -1 # ID=5_645;partial=00;start_type=ATG;rbs_motif=None;rbs_spacer=None;gc_cont=0.388
ptg000007l_162       -            209 219876at2            -            282    0.0089   14.3   0.0   1   1   3.7e-05      0.02   13.2   0.0    49    71    10    32     3    44 0.85 # 250698 # 251324 # 1 # ID=7_162;partial=00;start_type=ATG;rbs_motif=None;rbs_spacer=None;gc_cont=0.384
ptg000009l_37        -            510 219876at2            -            282     0.014   13.7   0.0   1   1   4.5e-05     0.024   12.9   0.0    35    91   107   163    97   174 0.67 # 57983 # 59512 # 1 # ID=9_37;partial=00;start_type=ATG;rbs_motif=None;rbs_spacer=None;gc_cont=0.417
ptg000005l_818       -            457 219876at2            -            282     0.018   13.4   0.0   1   1   5.5e-05     0.029   12.6   0.0    51   105   264   323   260   332 0.85 # 1205685 # 1207055 # -1 # ID=5_818;partial=00;start_type=ATG;rbs_motif=None;rbs_spacer=None;gc_cont=0.414
ptg000005l_311       -            438 219876at2            -            282     0.022   13.1   0.0   1   1   8.3e-05     0.044   12.1   0.0    50    76   219   245   211   256 0.87 # 438511 # 439824 # 1 # ID=5_311;partial=00;start_type=ATG;rbs_motif=None;rbs_spacer=None;gc_cont=0.391
ptg000003l_40        -            438 219876at2            -            282     0.031   12.5   0.0   1   2   0.00033      0.18   10.1   0.0    50    77   169   196   162   216 0.80 # 60856 # 62169 # 1 # ID=3_40;partial=00;start_type=ATG;rbs_motif=None;rbs_spacer=None;gc_cont=0.427
ptg000003l_40        -            438 219876at2            -            282     0.031   12.5   0.0   2   2      0.57     3e+02   -0.5   0.0   121   217   272   359   267   372 0.75 # 60856 # 62169 # 1 # ID=3_40;partial=00;start_type=ATG;rbs_motif=None;rbs_spacer=None;gc_cont=0.427
ptg000008l_376       -            363 219876at2            -            282     0.047   12.0   0.0   1   1   0.00016     0.088   11.1   0.0    49    76   128   155   123   201 0.87 # 559459 # 560547 # -1 # ID=8_376;partial=00;start_type=ATG;rbs_motif=None;rbs_spacer=None;gc_cont=0.380
ptg000002l_410       -            537 219876at2            -            282     0.048   12.0   0.0   1   1   0.00018     0.098   10.9   0.0    29    73   293   333   278   336 0.78 # 589479 # 591089 # 1 # ID=2_410;partial=00;start_type=ATG;rbs_motif=AATAA;rbs_spacer=4bp;gc_cont=0.363
#
# Program:         hmmsearch
# Version:         3.1b2 (February 2015)
# Pipeline mode:   SEARCH
# Query file:      /home/inf-41-2022/Assembly/busco_downloads/lineages/bacteria_odb10/hmms/219876at2.hmm
# Target file:     /home/inf-41-2022/Assembly/Busco/prodigal_output/predicted_genes/predicted.faa
# Option settings: hmmsearch --domtblout /home/inf-41-2022/Assembly/Busco/auto_lineage/run_bacteria_odb10/hmmer_output/219876at2.out --cpu 1 /home/inf-41-2022/Assembly/busco_downloads/lineages/bacteria_odb10/hmms/219876at2.hmm /home/inf-41-2022/Assembly/Busco/prodigal_output/predicted_genes/predicted.faa 
# Current dir:     /home/inf-41-2022/Assembly
# Date:            Thu Feb 23 23:00:39 2023
# [ok]
