#                                                                            --- full sequence --- -------------- this domain -------------   hmm coord   ali coord   env coord
# target name        accession   tlen query name           accession   qlen   E-value  score  bias   #  of  c-Evalue  i-Evalue  score  bias  from    to  from    to  from    to  acc description of target
#------------------- ---------- ----- -------------------- ---------- ----- --------- ------ ----- --- --- --------- --------- ------ ----- ----- ----- ----- ----- ----- ----- ---- ---------------------
ptg000005l_144       -           1734 4421at2              -           1179   2.9e-83  279.2  12.1   1   3   1.3e-66   3.7e-63  212.7   3.3   207   739   224   858    79   880 0.75 # 205801 # 211002 # -1 # ID=5_144;partial=00;start_type=ATG;rbs_motif=AAAA;rbs_spacer=12bp;gc_cont=0.409
ptg000005l_144       -           1734 4421at2              -           1179   2.9e-83  279.2  12.1   2   3   1.8e-15     5e-12   43.3   0.9   810  1077  1056  1375  1051  1394 0.45 # 205801 # 211002 # -1 # ID=5_144;partial=00;start_type=ATG;rbs_motif=AAAA;rbs_spacer=12bp;gc_cont=0.409
ptg000005l_144       -           1734 4421at2              -           1179   2.9e-83  279.2  12.1   3   3   1.6e-07   0.00044   17.0   0.0  1135  1177  1397  1440  1376  1442 0.85 # 205801 # 211002 # -1 # ID=5_144;partial=00;start_type=ATG;rbs_motif=AAAA;rbs_spacer=12bp;gc_cont=0.409
ptg000011l_374       -           1461 4421at2              -           1179   6.4e-77  258.3  10.7   1   6    0.0049        14    2.1   0.0    86   105    80    99    63   108 0.88 # 540467 # 544849 # -1 # ID=11_374;partial=00;start_type=ATG;rbs_motif=AAGAA;rbs_spacer=4bp;gc_cont=0.393
ptg000011l_374       -           1461 4421at2              -           1179   6.4e-77  258.3  10.7   2   6   2.4e-17   6.7e-14   49.5   0.1   299   358   346   405   338   418 0.89 # 540467 # 544849 # -1 # ID=11_374;partial=00;start_type=ATG;rbs_motif=AAGAA;rbs_spacer=4bp;gc_cont=0.393
ptg000011l_374       -           1461 4421at2              -           1179   6.4e-77  258.3  10.7   3   6   3.1e-32   8.8e-29   98.8   0.0   360   494   433   569   430   589 0.89 # 540467 # 544849 # -1 # ID=11_374;partial=00;start_type=ATG;rbs_motif=AAGAA;rbs_spacer=4bp;gc_cont=0.393
ptg000011l_374       -           1461 4421at2              -           1179   6.4e-77  258.3  10.7   4   6   1.3e-12   3.8e-09   33.8   0.0   551   731   688   898   673   916 0.73 # 540467 # 544849 # -1 # ID=11_374;partial=00;start_type=ATG;rbs_motif=AAGAA;rbs_spacer=4bp;gc_cont=0.393
ptg000011l_374       -           1461 4421at2              -           1179   6.4e-77  258.3  10.7   5   6   7.9e-18   2.2e-14   51.1   1.8   810  1080  1081  1365  1077  1369 0.57 # 540467 # 544849 # -1 # ID=11_374;partial=00;start_type=ATG;rbs_motif=AAGAA;rbs_spacer=4bp;gc_cont=0.393
ptg000011l_374       -           1461 4421at2              -           1179   6.4e-77  258.3  10.7   6   6   3.4e-09   9.6e-06   22.5   0.0  1115  1177  1362  1427  1356  1429 0.88 # 540467 # 544849 # -1 # ID=11_374;partial=00;start_type=ATG;rbs_motif=AAGAA;rbs_spacer=4bp;gc_cont=0.393
ptg000011l_647       -           1665 4421at2              -           1179   9.9e-54  181.4   6.8   1   6   1.5e-13   4.2e-10   36.9   0.0   278   358   430   508   419   525 0.89 # 956176 # 961170 # 1 # ID=11_647;partial=00;start_type=ATG;rbs_motif=None;rbs_spacer=None;gc_cont=0.381
ptg000011l_647       -           1665 4421at2              -           1179   9.9e-54  181.4   6.8   2   6   4.4e-20   1.3e-16   58.5   0.0   391   494   581   685   558   719 0.88 # 956176 # 961170 # 1 # ID=11_647;partial=00;start_type=ATG;rbs_motif=None;rbs_spacer=None;gc_cont=0.381
ptg000011l_647       -           1665 4421at2              -           1179   9.9e-54  181.4   6.8   3   6   6.3e-11   1.8e-07   28.2   0.1   626   737   910  1038   873  1101 0.63 # 956176 # 961170 # 1 # ID=11_647;partial=00;start_type=ATG;rbs_motif=None;rbs_spacer=None;gc_cont=0.381
ptg000011l_647       -           1665 4421at2              -           1179   9.9e-54  181.4   6.8   4   6     5e-16   1.4e-12   45.1   0.5   809   982  1176  1353  1151  1394 0.68 # 956176 # 961170 # 1 # ID=11_647;partial=00;start_type=ATG;rbs_motif=None;rbs_spacer=None;gc_cont=0.381
ptg000011l_647       -           1665 4421at2              -           1179   9.9e-54  181.4   6.8   5   6   7.8e-05      0.22    8.0   0.0  1033  1080  1545  1592  1536  1601 0.90 # 956176 # 961170 # 1 # ID=11_647;partial=00;start_type=ATG;rbs_motif=None;rbs_spacer=None;gc_cont=0.381
ptg000011l_647       -           1665 4421at2              -           1179   9.9e-54  181.4   6.8   6   6     0.017        48    0.3   0.0  1130  1177  1606  1653  1599  1655 0.85 # 956176 # 961170 # 1 # ID=11_647;partial=00;start_type=ATG;rbs_motif=None;rbs_spacer=None;gc_cont=0.381
#
# Program:         hmmsearch
# Version:         3.1b2 (February 2015)
# Pipeline mode:   SEARCH
# Query file:      /home/inf-41-2022/Assembly/busco_downloads/lineages/bacteria_odb10/hmms/4421at2.hmm
# Target file:     /home/inf-41-2022/Assembly/Busco/prodigal_output/predicted_genes/predicted.faa
# Option settings: hmmsearch --domtblout /home/inf-41-2022/Assembly/Busco/auto_lineage/run_bacteria_odb10/hmmer_output/4421at2.out --cpu 1 /home/inf-41-2022/Assembly/busco_downloads/lineages/bacteria_odb10/hmms/4421at2.hmm /home/inf-41-2022/Assembly/Busco/prodigal_output/predicted_genes/predicted.faa 
# Current dir:     /home/inf-41-2022/Assembly
# Date:            Thu Feb 23 23:00:40 2023
# [ok]
