#                                                                            --- full sequence --- -------------- this domain -------------   hmm coord   ali coord   env coord
# target name        accession   tlen query name           accession   qlen   E-value  score  bias   #  of  c-Evalue  i-Evalue  score  bias  from    to  from    to  from    to  acc description of target
#------------------- ---------- ----- -------------------- ---------- ----- --------- ------ ----- --- --- --------- --------- ------ ----- ----- ----- ----- ----- ----- ----- ---- ---------------------
ptg000001l_114       -            504 469058at2            -            299   3.9e-53  179.5   1.4   1   3      0.31   6.6e+02   -1.8   0.0    32   118    99   187    70   197 0.46 # 176792 # 178303 # 1 # ID=1_114;partial=00;start_type=ATG;rbs_motif=None;rbs_spacer=None;gc_cont=0.441
ptg000001l_114       -            504 469058at2            -            299   3.9e-53  179.5   1.4   2   3   2.7e-19   5.7e-16   57.4   0.1    84   142   223   282   214   284 0.90 # 176792 # 178303 # 1 # ID=1_114;partial=00;start_type=ATG;rbs_motif=None;rbs_spacer=None;gc_cont=0.441
ptg000001l_114       -            504 469058at2            -            299   3.9e-53  179.5   1.4   3   3   3.6e-38   7.7e-35  119.4   0.0   142   291   326   482   321   488 0.91 # 176792 # 178303 # 1 # ID=1_114;partial=00;start_type=ATG;rbs_motif=None;rbs_spacer=None;gc_cont=0.441
ptg000003l_198       -            475 469058at2            -            299   1.2e-42  145.0   0.1   1   2   1.4e-21   2.9e-18   65.0   0.1    87   193    62   183    38   191 0.79 # 283825 # 285249 # -1 # ID=3_198;partial=00;start_type=ATG;rbs_motif=AAAAAA;rbs_spacer=10bp;gc_cont=0.380
ptg000003l_198       -            475 469058at2            -            299   1.2e-42  145.0   0.1   2   2   1.8e-25   3.8e-22   77.7   0.0   213   299   277   365   239   365 0.89 # 283825 # 285249 # -1 # ID=3_198;partial=00;start_type=ATG;rbs_motif=AAAAAA;rbs_spacer=10bp;gc_cont=0.380
ptg000014l_200       -            577 469058at2            -            299     0.013   13.6   0.2   1   2   4.7e-05       0.1   10.7   0.1   161   212   296   352   288   360 0.70 # 287827 # 289557 # -1 # ID=14_200;partial=00;start_type=ATG;rbs_motif=None;rbs_spacer=None;gc_cont=0.418
ptg000014l_200       -            577 469058at2            -            299     0.013   13.6   0.2   2   2      0.07   1.5e+02    0.3   0.0   268   279   544   555   541   566 0.82 # 287827 # 289557 # -1 # ID=14_200;partial=00;start_type=ATG;rbs_motif=None;rbs_spacer=None;gc_cont=0.418
ptg000005l_372       -            592 469058at2            -            299     0.025   12.7   2.7   1   3      0.52   1.1e+03   -2.6   0.5    48    71    31    50     7    68 0.53 # 520386 # 522161 # 1 # ID=5_372;partial=00;start_type=ATG;rbs_motif=AATAA;rbs_spacer=15bp;gc_cont=0.402
ptg000005l_372       -            592 469058at2            -            299     0.025   12.7   2.7   2   3   0.00012      0.26    9.3   0.0   162   208   318   362   315   390 0.70 # 520386 # 522161 # 1 # ID=5_372;partial=00;start_type=ATG;rbs_motif=AATAA;rbs_spacer=15bp;gc_cont=0.402
ptg000005l_372       -            592 469058at2            -            299     0.025   12.7   2.7   3   3     0.015        31    2.5   0.0   268   288   550   570   547   572 0.89 # 520386 # 522161 # 1 # ID=5_372;partial=00;start_type=ATG;rbs_motif=AATAA;rbs_spacer=15bp;gc_cont=0.402
#
# Program:         hmmsearch
# Version:         3.1b2 (February 2015)
# Pipeline mode:   SEARCH
# Query file:      /home/inf-41-2022/Assembly/busco_downloads/lineages/bacteria_odb10/hmms/469058at2.hmm
# Target file:     /home/inf-41-2022/Assembly/Busco/prodigal_output/predicted_genes/predicted.faa
# Option settings: hmmsearch --domtblout /home/inf-41-2022/Assembly/Busco/auto_lineage/run_bacteria_odb10/hmmer_output/469058at2.out --cpu 1 /home/inf-41-2022/Assembly/busco_downloads/lineages/bacteria_odb10/hmms/469058at2.hmm /home/inf-41-2022/Assembly/Busco/prodigal_output/predicted_genes/predicted.faa 
# Current dir:     /home/inf-41-2022/Assembly
# Date:            Thu Feb 23 23:00:40 2023
# [ok]
