#                                                                            --- full sequence --- -------------- this domain -------------   hmm coord   ali coord   env coord
# target name        accession   tlen query name           accession   qlen   E-value  score  bias   #  of  c-Evalue  i-Evalue  score  bias  from    to  from    to  from    to  acc description of target
#------------------- ---------- ----- -------------------- ---------- ----- --------- ------ ----- --- --- --------- --------- ------ ----- ----- ----- ----- ----- ----- ----- ---- ---------------------
ptg000008l_60        -            438 533698at2            -            290   1.8e-90  302.0   5.0   1   2     6e-49     1e-45  155.1   3.2     8   173    31   254    19   256 0.81 # 92032 # 93345 # -1 # ID=8_60;partial=00;start_type=ATG;rbs_motif=None;rbs_spacer=None;gc_cont=0.462
ptg000008l_60        -            438 533698at2            -            290   1.8e-90  302.0   5.0   2   2   1.8e-45     3e-42  143.8   0.0   171   290   288   418   281   418 0.93 # 92032 # 93345 # -1 # ID=8_60;partial=00;start_type=ATG;rbs_motif=None;rbs_spacer=None;gc_cont=0.462
ptg000007l_587       -            438 533698at2            -            290   2.4e-89  298.3   3.5   1   2   7.9e-48   1.3e-44  151.5   2.3     1   167    19   221    19   254 0.78 # 898152 # 899465 # 1 # ID=7_587;partial=00;start_type=ATG;rbs_motif=None;rbs_spacer=None;gc_cont=0.467
ptg000007l_587       -            438 533698at2            -            290   2.4e-89  298.3   3.5   2   2   9.1e-46   1.5e-42  144.7   0.0   172   290   289   418   285   418 0.92 # 898152 # 899465 # 1 # ID=7_587;partial=00;start_type=ATG;rbs_motif=None;rbs_spacer=None;gc_cont=0.467
ptg000015l_307       -            438 533698at2            -            290   2.5e-89  298.3   8.2   1   2     3e-48     5e-45  152.9   5.6     8   173    31   254    19   256 0.81 # 452224 # 453537 # 1 # ID=15_307;partial=00;start_type=ATG;rbs_motif=None;rbs_spacer=None;gc_cont=0.476
ptg000015l_307       -            438 533698at2            -            290   2.5e-89  298.3   8.2   2   2   2.9e-45     5e-42  143.0   0.0   171   290   288   418   276   418 0.93 # 452224 # 453537 # 1 # ID=15_307;partial=00;start_type=ATG;rbs_motif=None;rbs_spacer=None;gc_cont=0.476
ptg000011l_718       -            438 533698at2            -            290   2.7e-89  298.1   3.5   1   2   8.8e-48   1.5e-44  151.3   2.4     1   166    19   220    19   255 0.78 # 1075465 # 1076778 # 1 # ID=11_718;partial=00;start_type=ATG;rbs_motif=None;rbs_spacer=None;gc_cont=0.466
ptg000011l_718       -            438 533698at2            -            290   2.7e-89  298.1   3.5   2   2   9.1e-46   1.5e-42  144.7   0.0   172   290   289   418   285   418 0.92 # 1075465 # 1076778 # 1 # ID=11_718;partial=00;start_type=ATG;rbs_motif=None;rbs_spacer=None;gc_cont=0.466
ptg000003l_630       -            438 533698at2            -            290   3.2e-89  297.9   3.0   1   2   1.1e-47   1.8e-44  151.0   1.9     1   166    19   220    19   255 0.78 # 931996 # 933309 # 1 # ID=3_630;partial=00;start_type=ATG;rbs_motif=None;rbs_spacer=None;gc_cont=0.463
ptg000003l_630       -            438 533698at2            -            290   3.2e-89  297.9   3.0   2   2   9.1e-46   1.5e-42  144.7   0.0   172   290   289   418   285   418 0.92 # 931996 # 933309 # 1 # ID=3_630;partial=00;start_type=ATG;rbs_motif=None;rbs_spacer=None;gc_cont=0.463
#
# Program:         hmmsearch
# Version:         3.1b2 (February 2015)
# Pipeline mode:   SEARCH
# Query file:      /home/inf-41-2022/Assembly/busco_downloads/lineages/bacteria_odb10/hmms/533698at2.hmm
# Target file:     /home/inf-41-2022/Assembly/Busco/prodigal_output/predicted_genes/predicted.faa
# Option settings: hmmsearch --domtblout /home/inf-41-2022/Assembly/Busco/auto_lineage/run_bacteria_odb10/hmmer_output/533698at2.out --cpu 1 /home/inf-41-2022/Assembly/busco_downloads/lineages/bacteria_odb10/hmms/533698at2.hmm /home/inf-41-2022/Assembly/Busco/prodigal_output/predicted_genes/predicted.faa 
# Current dir:     /home/inf-41-2022/Assembly
# Date:            Thu Feb 23 23:00:41 2023
# [ok]
