#                                                                            --- full sequence --- -------------- this domain -------------   hmm coord   ali coord   env coord
# target name        accession   tlen query name           accession   qlen   E-value  score  bias   #  of  c-Evalue  i-Evalue  score  bias  from    to  from    to  from    to  acc description of target
#------------------- ---------- ----- -------------------- ---------- ----- --------- ------ ----- --- --- --------- --------- ------ ----- ----- ----- ----- ----- ----- ----- ---- ---------------------
ptg000008l_46        -            752 761140at2            -            323   6.5e-32  110.1  10.1   1   3   2.1e-19     3e-16   58.7   0.2     1   112   196   342   196   349 0.75 # 72419 # 74674 # 1 # ID=8_46;partial=00;start_type=ATG;rbs_motif=None;rbs_spacer=None;gc_cont=0.370
ptg000008l_46        -            752 761140at2            -            323   6.5e-32  110.1  10.1   2   3   5.3e-15   7.5e-12   44.2   4.4   128   255   410   599   397   605 0.69 # 72419 # 74674 # 1 # ID=8_46;partial=00;start_type=ATG;rbs_motif=None;rbs_spacer=None;gc_cont=0.370
ptg000008l_46        -            752 761140at2            -            323   6.5e-32  110.1  10.1   3   3     0.033        47    2.2   0.0   281   311   671   701   648   710 0.84 # 72419 # 74674 # 1 # ID=8_46;partial=00;start_type=ATG;rbs_motif=None;rbs_spacer=None;gc_cont=0.370
ptg000008l_165       -            576 761140at2            -            323   6.6e-32  110.1   0.3   1   4   1.4e-14   1.9e-11   42.9   0.0     5    66    17    85    13    94 0.86 # 251723 # 253450 # 1 # ID=8_165;partial=00;start_type=ATG;rbs_motif=AAGAA;rbs_spacer=3bp;gc_cont=0.378
ptg000008l_165       -            576 761140at2            -            323   6.6e-32  110.1   0.3   2   4   8.7e-09   1.2e-05   23.8   0.0   131   170   213   258   171   262 0.74 # 251723 # 253450 # 1 # ID=8_165;partial=00;start_type=ATG;rbs_motif=AAGAA;rbs_spacer=3bp;gc_cont=0.378
ptg000008l_165       -            576 761140at2            -            323   6.6e-32  110.1   0.3   3   4   3.4e-09   4.9e-06   25.1   0.2   172   216   293   350   287   421 0.83 # 251723 # 253450 # 1 # ID=8_165;partial=00;start_type=ATG;rbs_motif=AAGAA;rbs_spacer=3bp;gc_cont=0.378
ptg000008l_165       -            576 761140at2            -            323   6.6e-32  110.1   0.3   4   4   3.6e-05     0.051   11.9   0.0   232   318   443   529   429   533 0.74 # 251723 # 253450 # 1 # ID=8_165;partial=00;start_type=ATG;rbs_motif=AAGAA;rbs_spacer=3bp;gc_cont=0.378
ptg000003l_314       -           1003 761140at2            -            323   4.1e-10   38.5   0.1   1   3     2e-11   2.8e-08   32.5   0.0     7    62    91   151    85   182 0.85 # 463796 # 466804 # 1 # ID=3_314;partial=00;start_type=ATG;rbs_motif=None;rbs_spacer=None;gc_cont=0.388
ptg000003l_314       -           1003 761140at2            -            323   4.1e-10   38.5   0.1   2   3      0.47   6.7e+02   -1.6   0.0   135   150   509   525   501   529 0.77 # 463796 # 466804 # 1 # ID=3_314;partial=00;start_type=ATG;rbs_motif=None;rbs_spacer=None;gc_cont=0.388
ptg000003l_314       -           1003 761140at2            -            323   4.1e-10   38.5   0.1   3   3     0.034        48    2.1   0.0   277   309   817   847   786   852 0.87 # 463796 # 466804 # 1 # ID=3_314;partial=00;start_type=ATG;rbs_motif=None;rbs_spacer=None;gc_cont=0.388
ptg000008l_280       -           1126 761140at2            -            323     2e-07   29.7   0.4   1   4   1.6e-07   0.00022   19.6   0.0     3    89   204   295   203   334 0.80 # 421630 # 425007 # -1 # ID=8_280;partial=00;start_type=GTG;rbs_motif=None;rbs_spacer=None;gc_cont=0.395
ptg000008l_280       -           1126 761140at2            -            323     2e-07   29.7   0.4   2   4      0.44   6.2e+02   -1.5   0.0   136   151   583   599   570   603 0.84 # 421630 # 425007 # -1 # ID=8_280;partial=00;start_type=GTG;rbs_motif=None;rbs_spacer=None;gc_cont=0.395
ptg000008l_280       -           1126 761140at2            -            323     2e-07   29.7   0.4   3   4       1.7   2.4e+03   -3.5   0.0   205   215   722   732   721   733 0.86 # 421630 # 425007 # -1 # ID=8_280;partial=00;start_type=GTG;rbs_motif=None;rbs_spacer=None;gc_cont=0.395
ptg000008l_280       -           1126 761140at2            -            323     2e-07   29.7   0.4   4   4    0.0026       3.7    5.8   0.0   257   315   876   936   851   943 0.75 # 421630 # 425007 # -1 # ID=8_280;partial=00;start_type=GTG;rbs_motif=None;rbs_spacer=None;gc_cont=0.395
ptg000013l_296       -            895 761140at2            -            323   7.5e-06   24.5   0.3   1   3   6.8e-07   0.00097   17.6   0.0     4    55    50   106    48   149 0.87 # 415896 # 418580 # -1 # ID=13_296;partial=00;start_type=ATG;rbs_motif=None;rbs_spacer=None;gc_cont=0.397
ptg000013l_296       -            895 761140at2            -            323   7.5e-06   24.5   0.3   2   3      0.41   5.8e+02   -1.4   0.0   130   151   436   458   424   462 0.82 # 415896 # 418580 # -1 # ID=13_296;partial=00;start_type=ATG;rbs_motif=None;rbs_spacer=None;gc_cont=0.397
ptg000013l_296       -            895 761140at2            -            323   7.5e-06   24.5   0.3   3   3      0.02        29    2.9   0.1   238   310   733   805   721   814 0.64 # 415896 # 418580 # -1 # ID=13_296;partial=00;start_type=ATG;rbs_motif=None;rbs_spacer=None;gc_cont=0.397
ptg000005l_99        -             51 761140at2            -            323     0.034   12.5   0.1   1   1   2.4e-05     0.034   12.5   0.1   163   205     3    45     1    50 0.92 # 138256 # 138408 # 1 # ID=5_99;partial=00;start_type=ATG;rbs_motif=None;rbs_spacer=None;gc_cont=0.366
#
# Program:         hmmsearch
# Version:         3.1b2 (February 2015)
# Pipeline mode:   SEARCH
# Query file:      /home/inf-41-2022/Assembly/busco_downloads/lineages/bacteria_odb10/hmms/761140at2.hmm
# Target file:     /home/inf-41-2022/Assembly/Busco/prodigal_output/predicted_genes/predicted.faa
# Option settings: hmmsearch --domtblout /home/inf-41-2022/Assembly/Busco/auto_lineage/run_bacteria_odb10/hmmer_output/761140at2.out --cpu 1 /home/inf-41-2022/Assembly/busco_downloads/lineages/bacteria_odb10/hmms/761140at2.hmm /home/inf-41-2022/Assembly/Busco/prodigal_output/predicted_genes/predicted.faa 
# Current dir:     /home/inf-41-2022/Assembly
# Date:            Thu Feb 23 23:00:41 2023
# [ok]
