#                                                                            --- full sequence --- -------------- this domain -------------   hmm coord   ali coord   env coord
# target name        accession   tlen query name           accession   qlen   E-value  score  bias   #  of  c-Evalue  i-Evalue  score  bias  from    to  from    to  from    to  acc description of target
#------------------- ---------- ----- -------------------- ---------- ----- --------- ------ ----- --- --- --------- --------- ------ ----- ----- ----- ----- ----- ----- ----- ---- ---------------------
ptg000005l_484       -           1589 776861at2            -            618   2.6e-86  289.0   0.0   1   1   3.7e-89     4e-86  288.4   0.0    14   438   417   918   406   923 0.80 # 684771 # 689537 # 1 # ID=5_484;partial=00;start_type=ATG;rbs_motif=None;rbs_spacer=None;gc_cont=0.403
ptg000014l_265       -            241 776861at2            -            618    0.0062   13.6   0.0   1   1   8.3e-06    0.0088   13.1   0.0   405   550     3   160     1   170 0.66 # 395697 # 396419 # -1 # ID=14_265;partial=00;start_type=ATG;rbs_motif=None;rbs_spacer=None;gc_cont=0.354
ptg000005l_606       -            223 776861at2            -            618    0.0067   13.5   0.0   1   1   7.2e-06    0.0077   13.3   0.0   414   450    12    48     1    81 0.80 # 897004 # 897672 # 1 # ID=5_606;partial=00;start_type=ATG;rbs_motif=None;rbs_spacer=None;gc_cont=0.438
ptg000004l_207       -           4911 776861at2            -            618    0.0088   13.1   0.1   1   3     0.031        33    1.3   0.0   399   433   638   671   602   675 0.75 # 328765 # 343497 # -1 # ID=4_207;partial=00;start_type=ATG;rbs_motif=None;rbs_spacer=None;gc_cont=0.377
ptg000004l_207       -           4911 776861at2            -            618    0.0088   13.1   0.1   2   3    0.0034       3.7    4.5   0.0   396   436  1064  1104  1052  1106 0.87 # 328765 # 343497 # -1 # ID=4_207;partial=00;start_type=ATG;rbs_motif=None;rbs_spacer=None;gc_cont=0.377
ptg000004l_207       -           4911 776861at2            -            618    0.0088   13.1   0.1   3   3     0.012        13    2.6   0.0   405   436  1359  1389  1336  1394 0.73 # 328765 # 343497 # -1 # ID=4_207;partial=00;start_type=ATG;rbs_motif=None;rbs_spacer=None;gc_cont=0.377
ptg000017l_272       -            205 776861at2            -            618     0.012   12.6   0.0   1   1   1.5e-05     0.015   12.3   0.0   406   453    14    61     4    99 0.77 # 399654 # 400268 # -1 # ID=17_272;partial=00;start_type=ATG;rbs_motif=AATAA;rbs_spacer=5bp;gc_cont=0.457
ptg000002l_278       -            759 776861at2            -            618     0.015   12.3   0.0   1   1   2.5e-05     0.027   11.5   0.0   398   436   547   585   512   587 0.86 # 389389 # 391665 # -1 # ID=2_278;partial=00;start_type=ATG;rbs_motif=None;rbs_spacer=None;gc_cont=0.384
ptg000011l_574       -            429 776861at2            -            618     0.019   12.0   0.0   1   1   2.6e-05     0.028   11.5   0.0   405   442    11    48     6    91 0.84 # 832862 # 834148 # 1 # ID=11_574;partial=00;start_type=ATG;rbs_motif=AAAAA;rbs_spacer=5bp;gc_cont=0.391
ptg000011l_130       -           1295 776861at2            -            618     0.035   11.1   0.0   1   2     0.006       6.4    3.7   0.0   396   433    43    80    15    92 0.74 # 184373 # 188257 # -1 # ID=11_130;partial=00;start_type=ATG;rbs_motif=None;rbs_spacer=None;gc_cont=0.382
ptg000011l_130       -           1295 776861at2            -            618     0.035   11.1   0.0   2   2    0.0022       2.4    5.1   0.0   399   434   711   746   698   754 0.78 # 184373 # 188257 # -1 # ID=11_130;partial=00;start_type=ATG;rbs_motif=None;rbs_spacer=None;gc_cont=0.382
#
# Program:         hmmsearch
# Version:         3.1b2 (February 2015)
# Pipeline mode:   SEARCH
# Query file:      /home/inf-41-2022/Assembly/busco_downloads/lineages/bacteria_odb10/hmms/776861at2.hmm
# Target file:     /home/inf-41-2022/Assembly/Busco/prodigal_output/predicted_genes/predicted.faa
# Option settings: hmmsearch --domtblout /home/inf-41-2022/Assembly/Busco/auto_lineage/run_bacteria_odb10/hmmer_output/776861at2.out --cpu 1 /home/inf-41-2022/Assembly/busco_downloads/lineages/bacteria_odb10/hmms/776861at2.hmm /home/inf-41-2022/Assembly/Busco/prodigal_output/predicted_genes/predicted.faa 
# Current dir:     /home/inf-41-2022/Assembly
# Date:            Thu Feb 23 23:00:41 2023
# [ok]
