#                                                                            --- full sequence --- -------------- this domain -------------   hmm coord   ali coord   env coord
# target name        accession   tlen query name           accession   qlen   E-value  score  bias   #  of  c-Evalue  i-Evalue  score  bias  from    to  from    to  from    to  acc description of target
#------------------- ---------- ----- -------------------- ---------- ----- --------- ------ ----- --- --- --------- --------- ------ ----- ----- ----- ----- ----- ----- ----- ---- ---------------------
ptg000004l_33        -            838 874197at2            -            274   2.1e-15   55.5   0.0   1   2     2e-10   4.8e-08   31.4   0.0    35   190   239   412   233   431 0.71 # 56196 # 58709 # -1 # ID=4_33;partial=00;start_type=ATG;rbs_motif=None;rbs_spacer=None;gc_cont=0.390
ptg000004l_33        -            838 874197at2            -            274   2.1e-15   55.5   0.0   2   2     2e-07   4.9e-05   21.5   0.0    37    71   569   603   546   642 0.80 # 56196 # 58709 # -1 # ID=4_33;partial=00;start_type=ATG;rbs_motif=None;rbs_spacer=None;gc_cont=0.390
ptg000005l_164       -            836 874197at2            -            274     3e-15   55.0   0.1   1   2   4.7e-09   1.1e-06   26.9   0.0    36    98   249   319   241   373 0.81 # 236598 # 239105 # -1 # ID=5_164;partial=00;start_type=ATG;rbs_motif=None;rbs_spacer=None;gc_cont=0.418
ptg000005l_164       -            836 874197at2            -            274     3e-15   55.0   0.1   2   2   1.5e-08   3.6e-06   25.3   0.0    36    96   522   590   494   597 0.80 # 236598 # 239105 # -1 # ID=5_164;partial=00;start_type=ATG;rbs_motif=None;rbs_spacer=None;gc_cont=0.418
ptg000013l_314       -            781 874197at2            -            274   1.1e-13   49.9   0.0   1   2   5.8e-09   1.4e-06   26.6   0.0    37    98   281   350   276   356 0.75 # 446376 # 448718 # -1 # ID=13_314;partial=00;start_type=ATG;rbs_motif=None;rbs_spacer=None;gc_cont=0.420
ptg000013l_314       -            781 874197at2            -            274   1.1e-13   49.9   0.0   2   2   4.1e-07    0.0001   20.5   0.0    16    96   527   619   513   625 0.65 # 446376 # 448718 # -1 # ID=13_314;partial=00;start_type=ATG;rbs_motif=None;rbs_spacer=None;gc_cont=0.420
ptg000014l_377       -            588 874197at2            -            274   1.6e-09   36.3   0.1   1   2   7.2e-11   1.8e-08   32.8   0.1     2   110   137   265   136   285 0.64 # 537899 # 539662 # -1 # ID=14_377;partial=00;start_type=ATG;rbs_motif=None;rbs_spacer=None;gc_cont=0.398
ptg000014l_377       -            588 874197at2            -            274   1.6e-09   36.3   0.1   2   2      0.38        91    1.0   0.0   131   181   267   321   261   357 0.73 # 537899 # 539662 # -1 # ID=14_377;partial=00;start_type=ATG;rbs_motif=None;rbs_spacer=None;gc_cont=0.398
ptg000004l_207       -           4911 874197at2            -            274   1.1e-07   30.3   3.3   1   5       2.7   6.6e+02   -1.8   0.0    36    61   309   334   300   341 0.84 # 328765 # 343497 # -1 # ID=4_207;partial=00;start_type=ATG;rbs_motif=None;rbs_spacer=None;gc_cont=0.377
ptg000004l_207       -           4911 874197at2            -            274   1.1e-07   30.3   3.3   2   5    0.0025      0.61    8.1   0.1    34    79   645   690   630   705 0.86 # 328765 # 343497 # -1 # ID=4_207;partial=00;start_type=ATG;rbs_motif=None;rbs_spacer=None;gc_cont=0.377
ptg000004l_207       -           4911 874197at2            -            274   1.1e-07   30.3   3.3   3   5       3.1   7.6e+02   -2.0   0.0    37    61  1078  1102  1053  1109 0.75 # 328765 # 343497 # -1 # ID=4_207;partial=00;start_type=ATG;rbs_motif=None;rbs_spacer=None;gc_cont=0.377
ptg000004l_207       -           4911 874197at2            -            274   1.1e-07   30.3   3.3   4   5   0.00047      0.11   10.5   0.0    30    77  1359  1403  1341  1415 0.79 # 328765 # 343497 # -1 # ID=4_207;partial=00;start_type=ATG;rbs_motif=None;rbs_spacer=None;gc_cont=0.377
ptg000004l_207       -           4911 874197at2            -            274   1.1e-07   30.3   3.3   5   5    0.0029       0.7    7.9   0.0    35    64  1740  1769  1727  1784 0.81 # 328765 # 343497 # -1 # ID=4_207;partial=00;start_type=ATG;rbs_motif=None;rbs_spacer=None;gc_cont=0.377
ptg000008l_376       -            363 874197at2            -            274   1.6e-07   29.7   0.0   1   1   1.1e-09   2.6e-07   29.0   0.0    35   101   126   200   117   250 0.74 # 559459 # 560547 # -1 # ID=8_376;partial=00;start_type=ATG;rbs_motif=None;rbs_spacer=None;gc_cont=0.380
ptg000003l_563       -            472 874197at2            -            274     3e-07   28.8   0.4   1   2   1.6e-07   3.9e-05   21.9   0.0     5    67    38   100    34   108 0.93 # 838142 # 839557 # -1 # ID=3_563;partial=00;start_type=ATG;rbs_motif=AAAAAA;rbs_spacer=10bp;gc_cont=0.395
ptg000003l_563       -            472 874197at2            -            274     3e-07   28.8   0.4   2   2      0.04       9.8    4.2   0.1    89   115   292   321   287   333 0.72 # 838142 # 839557 # -1 # ID=3_563;partial=00;start_type=ATG;rbs_motif=AAAAAA;rbs_spacer=10bp;gc_cont=0.395
ptg000003l_40        -            438 874197at2            -            274   5.4e-07   28.0   0.0   1   1   3.4e-09   8.3e-07   27.4   0.0    32    99   163   238   141   293 0.79 # 60856 # 62169 # 1 # ID=3_40;partial=00;start_type=ATG;rbs_motif=None;rbs_spacer=None;gc_cont=0.427
ptg000003l_356       -            755 874197at2            -            274   1.1e-06   26.9   0.0   1   1   9.4e-09   2.3e-06   25.9   0.0    32    98   501   575   495   581 0.74 # 524771 # 527035 # -1 # ID=3_356;partial=00;start_type=ATG;rbs_motif=AAAAAA;rbs_spacer=10bp;gc_cont=0.396
ptg000009l_184       -            899 874197at2            -            274   1.6e-06   26.4   0.0   1   1   1.3e-08   3.1e-06   25.5   0.0    32    98   636   710   631   714 0.71 # 245162 # 247858 # -1 # ID=9_184;partial=00;start_type=ATG;rbs_motif=None;rbs_spacer=None;gc_cont=0.400
ptg000003l_225       -            748 874197at2            -            274   1.7e-06   26.3   0.0   1   1   4.8e-08   1.2e-05   23.6   0.0    35   228   314   520   278   533 0.68 # 330040 # 332283 # -1 # ID=3_225;partial=00;start_type=ATG;rbs_motif=None;rbs_spacer=None;gc_cont=0.429
ptg000011l_555       -            438 874197at2            -            274   2.1e-06   26.0   0.0   1   1   1.5e-08   3.7e-06   25.2   0.0    36    96   216   284   206   291 0.75 # 807583 # 808896 # -1 # ID=11_555;partial=00;start_type=ATG;rbs_motif=AATAA;rbs_spacer=6bp;gc_cont=0.412
ptg000002l_278       -            759 874197at2            -            274   2.3e-06   25.9   0.1   1   2   8.4e-05      0.02   13.0   0.1    36    69   275   309   268   316 0.79 # 389389 # 391665 # -1 # ID=2_278;partial=00;start_type=ATG;rbs_motif=None;rbs_spacer=None;gc_cont=0.384
ptg000002l_278       -            759 874197at2            -            274   2.3e-06   25.9   0.1   2   2   0.00072      0.18    9.9   0.0    31    62   553   584   536   631 0.81 # 389389 # 391665 # -1 # ID=2_278;partial=00;start_type=ATG;rbs_motif=None;rbs_spacer=None;gc_cont=0.384
ptg000005l_562       -            464 874197at2            -            274   2.6e-06   25.7   0.3   1   3   1.3e-07   3.2e-05   22.2   0.0    11    63    48   100    42   106 0.95 # 821119 # 822510 # -1 # ID=5_562;partial=00;start_type=ATG;rbs_motif=AATAA;rbs_spacer=10bp;gc_cont=0.406
ptg000005l_562       -            464 874197at2            -            274   2.6e-06   25.7   0.3   2   3      0.44   1.1e+02    0.8   0.0    89   112   307   333   279   349 0.76 # 821119 # 822510 # -1 # ID=5_562;partial=00;start_type=ATG;rbs_motif=AATAA;rbs_spacer=10bp;gc_cont=0.406
ptg000005l_562       -            464 874197at2            -            274   2.6e-06   25.7   0.3   3   3       8.1     2e+03   -3.4   0.0   149   173   365   391   359   420 0.56 # 821119 # 822510 # -1 # ID=5_562;partial=00;start_type=ATG;rbs_motif=AATAA;rbs_spacer=10bp;gc_cont=0.406
ptg000011l_500       -            862 874197at2            -            274   4.6e-06   24.9   0.0   1   1   3.2e-08   7.8e-06   24.2   0.0    24    74   335   385   319   403 0.77 # 744488 # 747073 # 1 # ID=11_500;partial=00;start_type=ATG;rbs_motif=AATAA;rbs_spacer=15bp;gc_cont=0.395
ptg000008l_478       -            406 874197at2            -            274     5e-06   24.8   0.0   1   1   3.7e-08   9.1e-06   23.9   0.0    36    96   183   251   157   258 0.77 # 691532 # 692749 # 1 # ID=8_478;partial=00;start_type=ATG;rbs_motif=None;rbs_spacer=None;gc_cont=0.405
ptg000014l_508       -           1051 874197at2            -            274   1.8e-05   23.0   0.0   1   1   1.4e-07   3.4e-05   22.1   0.0    36   102   786   860   776   926 0.70 # 755187 # 758339 # 1 # ID=14_508;partial=00;start_type=GTG;rbs_motif=AACAA;rbs_spacer=9bp;gc_cont=0.389
ptg000005l_848       -            429 874197at2            -            274   2.2e-05   22.7   0.0   1   1   1.4e-07   3.5e-05   22.0   0.0    34   100   205   279   179   349 0.67 # 1242200 # 1243486 # 1 # ID=5_848;partial=00;start_type=ATG;rbs_motif=AAAAA;rbs_spacer=11bp;gc_cont=0.421
ptg000007l_251       -            742 874197at2            -            274   4.5e-05   21.7   0.0   1   1   3.5e-07   8.4e-05   20.8   0.0    37    66   178   207   170   258 0.84 # 394484 # 396709 # -1 # ID=7_251;partial=00;start_type=ATG;rbs_motif=None;rbs_spacer=None;gc_cont=0.381
ptg000017l_45        -           1044 874197at2            -            274   5.5e-05   21.4   0.0   1   2      0.45   1.1e+02    0.7   0.0    36    61   455   480   430   499 0.79 # 77862 # 80993 # -1 # ID=17_45;partial=00;start_type=ATG;rbs_motif=None;rbs_spacer=None;gc_cont=0.396
ptg000017l_45        -           1044 874197at2            -            274   5.5e-05   21.4   0.0   2   2     3e-06   0.00073   17.7   0.0    38    71   734   767   729   803 0.83 # 77862 # 80993 # -1 # ID=17_45;partial=00;start_type=ATG;rbs_motif=None;rbs_spacer=None;gc_cont=0.396
ptg000007l_268       -            826 874197at2            -            274   6.2e-05   21.2   0.0   1   1     5e-07   0.00012   20.2   0.0    32    96   378   450   340   455 0.61 # 417590 # 420067 # -1 # ID=7_268;partial=00;start_type=ATG;rbs_motif=None;rbs_spacer=None;gc_cont=0.404
ptg000005l_818       -            457 874197at2            -            274   6.5e-05   21.1   0.0   1   1   4.4e-07   0.00011   20.4   0.0    38    96   263   322   257   328 0.87 # 1205685 # 1207055 # -1 # ID=5_818;partial=00;start_type=ATG;rbs_motif=None;rbs_spacer=None;gc_cont=0.414
ptg000005l_311       -            438 874197at2            -            274   8.6e-05   20.8   0.0   1   1   6.6e-07   0.00016   19.8   0.0    36    96   217   285   192   291 0.72 # 438511 # 439824 # 1 # ID=5_311;partial=00;start_type=ATG;rbs_motif=None;rbs_spacer=None;gc_cont=0.391
ptg000017l_116       -            468 874197at2            -            274   9.9e-05   20.5   0.0   1   1   6.3e-07   0.00015   19.9   0.0    36    95   244   311   236   316 0.71 # 181338 # 182741 # 1 # ID=17_116;partial=00;start_type=ATG;rbs_motif=None;rbs_spacer=None;gc_cont=0.415
ptg000009l_142       -            761 874197at2            -            274   0.00011   20.4   0.0   1   1     1e-06   0.00025   19.2   0.0    36    98   321   391   281   395 0.73 # 190882 # 193164 # -1 # ID=9_142;partial=00;start_type=ATG;rbs_motif=None;rbs_spacer=None;gc_cont=0.432
ptg000011l_375       -            435 874197at2            -            274   0.00013   20.2   0.0   1   1     1e-06   0.00025   19.2   0.0    35    95   215   283   191   290 0.73 # 545733 # 547037 # 1 # ID=11_375;partial=00;start_type=ATG;rbs_motif=None;rbs_spacer=None;gc_cont=0.411
ptg000014l_465       -            341 874197at2            -            274   0.00018   19.7   0.0   1   1   1.5e-06   0.00037   18.7   0.0     5    59    20    70    17    86 0.79 # 690640 # 691662 # -1 # ID=14_465;partial=00;start_type=ATG;rbs_motif=None;rbs_spacer=None;gc_cont=0.452
ptg000002l_463       -            521 874197at2            -            274   0.00029   19.0   0.0   1   1   2.4e-06   0.00058   18.0   0.0    34    77   132   175   109   212 0.87 # 668345 # 669907 # -1 # ID=2_463;partial=00;start_type=ATG;rbs_motif=None;rbs_spacer=None;gc_cont=0.378
ptg000006l_122       -            354 874197at2            -            274   0.00053   18.1   0.0   1   1   3.6e-06   0.00086   17.5   0.0     5    59    32    82    28    91 0.74 # 177973 # 179034 # -1 # ID=6_122;partial=00;start_type=ATG;rbs_motif=None;rbs_spacer=None;gc_cont=0.388
ptg000011l_104       -            324 874197at2            -            274    0.0018   16.4   0.0   1   1   1.5e-05    0.0038   15.4   0.0     5    59    16    66    13    78 0.81 # 136298 # 137269 # -1 # ID=11_104;partial=00;start_type=ATG;rbs_motif=AAAAA;rbs_spacer=10bp;gc_cont=0.393
ptg000002l_410       -            537 874197at2            -            274    0.0019   16.3   0.1   1   2   2.2e-05    0.0053   14.9   0.0    37    65   309   337   300   356 0.85 # 589479 # 591089 # 1 # ID=2_410;partial=00;start_type=ATG;rbs_motif=AATAA;rbs_spacer=4bp;gc_cont=0.363
ptg000002l_410       -            537 874197at2            -            274    0.0019   16.3   0.1   2   2       3.5   8.6e+02   -2.2   0.0   180   232   410   468   399   484 0.63 # 589479 # 591089 # 1 # ID=2_410;partial=00;start_type=ATG;rbs_motif=AATAA;rbs_spacer=4bp;gc_cont=0.363
ptg000002l_121       -           1134 874197at2            -            274    0.0039   15.3   0.0   1   1   6.3e-05     0.015   13.4   0.0    11    69   600   659   596   792 0.78 # 179185 # 182586 # -1 # ID=2_121;partial=00;start_type=ATG;rbs_motif=None;rbs_spacer=None;gc_cont=0.407
ptg000008l_39        -           1380 874197at2            -            274    0.0049   15.0   0.0   1   1   4.5e-05     0.011   13.8   0.0    36    65   448   477   418   580 0.82 # 62763 # 66902 # -1 # ID=8_39;partial=00;start_type=ATG;rbs_motif=None;rbs_spacer=None;gc_cont=0.384
ptg000006l_436       -            514 874197at2            -            274     0.056   11.5   0.0   1   1   0.00053      0.13   10.3   0.0    27    60    93   127    80   142 0.76 # 682230 # 683771 # -1 # ID=6_436;partial=00;start_type=ATG;rbs_motif=None;rbs_spacer=None;gc_cont=0.408
ptg000005l_645       -            812 874197at2            -            274     0.058   11.5   1.9   1   3       2.4     6e+02   -1.7   0.0   186   202    42    58    12    79 0.74 # 952326 # 954761 # -1 # ID=5_645;partial=00;start_type=ATG;rbs_motif=None;rbs_spacer=None;gc_cont=0.388
ptg000005l_645       -            812 874197at2            -            274     0.058   11.5   1.9   2   3      0.25        60    1.6   0.4    76    98   195   220   122   224 0.50 # 952326 # 954761 # -1 # ID=5_645;partial=00;start_type=ATG;rbs_motif=None;rbs_spacer=None;gc_cont=0.388
ptg000005l_645       -            812 874197at2            -            274     0.058   11.5   1.9   3   3    0.0064       1.6    6.8   0.0    19    57   518   556   501   564 0.78 # 952326 # 954761 # -1 # ID=5_645;partial=00;start_type=ATG;rbs_motif=None;rbs_spacer=None;gc_cont=0.388
#
# Program:         hmmsearch
# Version:         3.1b2 (February 2015)
# Pipeline mode:   SEARCH
# Query file:      /home/inf-41-2022/Assembly/busco_downloads/lineages/bacteria_odb10/hmms/874197at2.hmm
# Target file:     /home/inf-41-2022/Assembly/Busco/prodigal_output/predicted_genes/predicted.faa
# Option settings: hmmsearch --domtblout /home/inf-41-2022/Assembly/Busco/auto_lineage/run_bacteria_odb10/hmmer_output/874197at2.out --cpu 1 /home/inf-41-2022/Assembly/busco_downloads/lineages/bacteria_odb10/hmms/874197at2.hmm /home/inf-41-2022/Assembly/Busco/prodigal_output/predicted_genes/predicted.faa 
# Current dir:     /home/inf-41-2022/Assembly
# Date:            Thu Feb 23 23:00:41 2023
# [ok]
