#                                                                            --- full sequence --- -------------- this domain -------------   hmm coord   ali coord   env coord
# target name        accession   tlen query name           accession   qlen   E-value  score  bias   #  of  c-Evalue  i-Evalue  score  bias  from    to  from    to  from    to  acc description of target
#------------------- ---------- ----- -------------------- ---------- ----- --------- ------ ----- --- --- --------- --------- ------ ----- ----- ----- ----- ----- ----- ----- ---- ---------------------
ptg000011l_640       -            959 91428at2             -            555  1.8e-129  431.4  11.1   1   4   1.4e-82   6.1e-79  264.7   1.2     3   249    11   341     9   350 0.80 # 941422 # 944298 # -1 # ID=11_640;partial=00;start_type=ATG;rbs_motif=None;rbs_spacer=None;gc_cont=0.399
ptg000011l_640       -            959 91428at2             -            555  1.8e-129  431.4  11.1   2   4   1.1e-14   4.7e-11   40.6   0.1   247   320   363   454   358   471 0.77 # 941422 # 944298 # -1 # ID=11_640;partial=00;start_type=ATG;rbs_motif=None;rbs_spacer=None;gc_cont=0.399
ptg000011l_640       -            959 91428at2             -            555  1.8e-129  431.4  11.1   3   4   5.3e-07    0.0023   15.2   0.1   333   356   523   546   518   560 0.87 # 941422 # 944298 # -1 # ID=11_640;partial=00;start_type=ATG;rbs_motif=None;rbs_spacer=None;gc_cont=0.399
ptg000011l_640       -            959 91428at2             -            555  1.8e-129  431.4  11.1   4   4   1.9e-34   8.3e-31  105.8   0.1   360   526   598   802   596   820 0.76 # 941422 # 944298 # -1 # ID=11_640;partial=00;start_type=ATG;rbs_motif=None;rbs_spacer=None;gc_cont=0.399
ptg000014l_158       -            457 91428at2             -            555   3.1e-06   24.7   0.2   1   3   1.7e-05     0.072   10.3   0.0   314   359    25    70    17    98 0.80 # 223193 # 224563 # -1 # ID=14_158;partial=00;start_type=ATG;rbs_motif=AAAA;rbs_spacer=11bp;gc_cont=0.392
ptg000014l_158       -            457 91428at2             -            555   3.1e-06   24.7   0.2   2   3       0.3   1.3e+03   -3.8   0.0   359   374   122   137   117   145 0.81 # 223193 # 224563 # -1 # ID=14_158;partial=00;start_type=ATG;rbs_motif=AAAA;rbs_spacer=11bp;gc_cont=0.392
ptg000014l_158       -            457 91428at2             -            555   3.1e-06   24.7   0.2   3   3   5.6e-06     0.024   11.9   0.0   433   497   227   294   202   350 0.62 # 223193 # 224563 # -1 # ID=14_158;partial=00;start_type=ATG;rbs_motif=AAAA;rbs_spacer=11bp;gc_cont=0.392
#
# Program:         hmmsearch
# Version:         3.1b2 (February 2015)
# Pipeline mode:   SEARCH
# Query file:      /home/inf-41-2022/Assembly/busco_downloads/lineages/bacteria_odb10/hmms/91428at2.hmm
# Target file:     /home/inf-41-2022/Assembly/Busco/prodigal_output/predicted_genes/predicted.faa
# Option settings: hmmsearch --domtblout /home/inf-41-2022/Assembly/Busco/auto_lineage/run_bacteria_odb10/hmmer_output/91428at2.out --cpu 1 /home/inf-41-2022/Assembly/busco_downloads/lineages/bacteria_odb10/hmms/91428at2.hmm /home/inf-41-2022/Assembly/Busco/prodigal_output/predicted_genes/predicted.faa 
# Current dir:     /home/inf-41-2022/Assembly
# Date:            Thu Feb 23 23:00:41 2023
# [ok]
