#                                                                            --- full sequence --- -------------- this domain -------------   hmm coord   ali coord   env coord
# target name        accession   tlen query name           accession   qlen   E-value  score  bias   #  of  c-Evalue  i-Evalue  score  bias  from    to  from    to  from    to  acc description of target
#------------------- ---------- ----- -------------------- ---------- ----- --------- ------ ----- --- --- --------- --------- ------ ----- ----- ----- ----- ----- ----- ----- ---- ---------------------
ptg000008l_714       -            803 932854at2            -           1620  4.4e-163  543.7   0.3   1   1  3.2e-166  5.5e-163  543.4   0.3     2   430     2   454     1   483 0.92 # 1056129 # 1058537 # -1 # ID=8_714;partial=00;start_type=ATG;rbs_motif=None;rbs_spacer=None;gc_cont=0.448
ptg000008l_317       -           1359 932854at2            -           1620   7.7e-45  151.8   0.0   1   4   2.6e-05     0.045   10.0   0.1   588   665   204   282   176   292 0.86 # 481157 # 485233 # 1 # ID=8_317;partial=00;start_type=ATG;rbs_motif=AACAA;rbs_spacer=15bp;gc_cont=0.407
ptg000008l_317       -           1359 932854at2            -           1620   7.7e-45  151.8   0.0   2   4   4.2e-32   7.1e-29   98.8   0.0   731  1196   325   826   312   850 0.80 # 481157 # 485233 # 1 # ID=8_317;partial=00;start_type=ATG;rbs_motif=AACAA;rbs_spacer=15bp;gc_cont=0.407
ptg000008l_317       -           1359 932854at2            -           1620   7.7e-45  151.8   0.0   3   4      0.11   1.9e+02   -2.0   0.1   534   617   975  1060   930  1079 0.72 # 481157 # 485233 # 1 # ID=8_317;partial=00;start_type=ATG;rbs_motif=AACAA;rbs_spacer=15bp;gc_cont=0.407
ptg000008l_317       -           1359 932854at2            -           1620   7.7e-45  151.8   0.0   4   4   7.8e-14   1.3e-10   38.3   0.0  1364  1595  1088  1324   977  1332 0.73 # 481157 # 485233 # 1 # ID=8_317;partial=00;start_type=ATG;rbs_motif=AACAA;rbs_spacer=15bp;gc_cont=0.407
ptg000012l_48        -            307 932854at2            -           1620   1.6e-10   38.0   0.0   1   2   1.1e-06    0.0018   14.6   0.0   544   689    84   223    35   228 0.73 # 56099 # 57019 # -1 # ID=12_48;partial=00;start_type=ATG;rbs_motif=None;rbs_spacer=None;gc_cont=0.432
ptg000012l_48        -            307 932854at2            -           1620   1.6e-10   38.0   0.0   2   2   7.2e-09   1.2e-05   21.8   0.0   753   816   228   302   224   305 0.84 # 56099 # 57019 # -1 # ID=12_48;partial=00;start_type=ATG;rbs_motif=None;rbs_spacer=None;gc_cont=0.432
ptg000002l_455       -           1181 932854at2            -           1620   8.4e-07   25.7   0.1   1   1   7.5e-10   1.3e-06   25.1   0.1    51   186    84   225    70   236 0.85 # 653480 # 657022 # -1 # ID=2_455;partial=00;start_type=ATG;rbs_motif=AACAA;rbs_spacer=8bp;gc_cont=0.432
ptg000008l_500       -           1179 932854at2            -           1620   1.8e-06   24.6   0.0   1   1   1.5e-09   2.6e-06   24.1   0.0    52   186    84   224    71   235 0.83 # 714087 # 717623 # -1 # ID=8_500;partial=00;start_type=ATG;rbs_motif=None;rbs_spacer=None;gc_cont=0.434
#
# Program:         hmmsearch
# Version:         3.1b2 (February 2015)
# Pipeline mode:   SEARCH
# Query file:      /home/inf-41-2022/Assembly/busco_downloads/lineages/bacteria_odb10/hmms/932854at2.hmm
# Target file:     /home/inf-41-2022/Assembly/Busco/prodigal_output/predicted_genes/predicted.faa
# Option settings: hmmsearch --domtblout /home/inf-41-2022/Assembly/Busco/auto_lineage/run_bacteria_odb10/hmmer_output/932854at2.out --cpu 1 /home/inf-41-2022/Assembly/busco_downloads/lineages/bacteria_odb10/hmms/932854at2.hmm /home/inf-41-2022/Assembly/Busco/prodigal_output/predicted_genes/predicted.faa 
# Current dir:     /home/inf-41-2022/Assembly
# Date:            Thu Feb 23 23:00:42 2023
# [ok]
