#                                                                            --- full sequence --- -------------- this domain -------------   hmm coord   ali coord   env coord
# target name        accession   tlen query name           accession   qlen   E-value  score  bias   #  of  c-Evalue  i-Evalue  score  bias  from    to  from    to  from    to  acc description of target
#------------------- ---------- ----- -------------------- ---------- ----- --------- ------ ----- --- --- --------- --------- ------ ----- ----- ----- ----- ----- ----- ----- ---- ---------------------
ptg000005l_750       -            690 95696at2             -            490   4.4e-14   50.9   0.1   1   2   0.00011      0.02   12.4   0.0     6    75    60   141    56   172 0.77 # 1111519 # 1113588 # 1 # ID=5_750;partial=00;start_type=ATG;rbs_motif=AATAA;rbs_spacer=3bp;gc_cont=0.364
ptg000005l_750       -            690 95696at2             -            490   4.4e-14   50.9   0.1   2   2   7.8e-12   1.4e-09   36.0   0.0   336   434   278   371   262   381 0.89 # 1111519 # 1113588 # 1 # ID=5_750;partial=00;start_type=ATG;rbs_motif=AATAA;rbs_spacer=3bp;gc_cont=0.364
ptg000011l_285       -            483 95696at2             -            490   2.1e-12   45.4   0.2   1   1   2.2e-14     4e-12   44.4   0.1   336   434   330   429   319   451 0.83 # 415139 # 416587 # -1 # ID=11_285;partial=00;start_type=ATG;rbs_motif=None;rbs_spacer=None;gc_cont=0.378
ptg000006l_367       -            396 95696at2             -            490   1.1e-10   39.7   1.3   1   3       7.5   1.4e+03   -3.5   0.0   274   289    37    52     7    54 0.68 # 598438 # 599625 # 1 # ID=6_367;partial=00;start_type=ATG;rbs_motif=AATAA;rbs_spacer=14bp;gc_cont=0.406
ptg000006l_367       -            396 95696at2             -            490   1.1e-10   39.7   1.3   2   3       0.7   1.3e+02   -0.1   0.1     7    41    68   108    62   121 0.67 # 598438 # 599625 # 1 # ID=6_367;partial=00;start_type=ATG;rbs_motif=AATAA;rbs_spacer=14bp;gc_cont=0.406
ptg000006l_367       -            396 95696at2             -            490   1.1e-10   39.7   1.3   3   3     2e-12   3.8e-10   37.9   0.1   336   419   260   345   248   377 0.86 # 598438 # 599625 # 1 # ID=6_367;partial=00;start_type=ATG;rbs_motif=AATAA;rbs_spacer=14bp;gc_cont=0.406
ptg000017l_371       -            396 95696at2             -            490   1.1e-10   39.7   1.3   1   3       7.5   1.4e+03   -3.5   0.0   274   289    37    52     7    54 0.68 # 562113 # 563300 # 1 # ID=17_371;partial=00;start_type=ATG;rbs_motif=None;rbs_spacer=None;gc_cont=0.404
ptg000017l_371       -            396 95696at2             -            490   1.1e-10   39.7   1.3   2   3       0.7   1.3e+02   -0.1   0.1     7    41    68   108    62   121 0.67 # 562113 # 563300 # 1 # ID=17_371;partial=00;start_type=ATG;rbs_motif=None;rbs_spacer=None;gc_cont=0.404
ptg000017l_371       -            396 95696at2             -            490   1.1e-10   39.7   1.3   3   3     2e-12   3.8e-10   37.9   0.1   336   419   260   345   248   377 0.86 # 562113 # 563300 # 1 # ID=17_371;partial=00;start_type=ATG;rbs_motif=None;rbs_spacer=None;gc_cont=0.404
ptg000003l_411       -            618 95696at2             -            490   1.4e-10   39.3   0.0   1   2     0.088        16    2.9   0.0    25    53   239   267   233   273 0.83 # 616534 # 618387 # 1 # ID=3_411;partial=00;start_type=ATG;rbs_motif=AAGAA;rbs_spacer=3bp;gc_cont=0.426
ptg000003l_411       -            618 95696at2             -            490   1.4e-10   39.3   0.0   2   2   2.8e-11   5.1e-09   34.2   0.1   339   412   414   487   376   532 0.87 # 616534 # 618387 # 1 # ID=3_411;partial=00;start_type=ATG;rbs_motif=AAGAA;rbs_spacer=3bp;gc_cont=0.426
ptg000011l_483       -            605 95696at2             -            490   3.1e-10   38.2   0.1   1   2     0.046       8.5    3.8   0.0    25    58   227   260   218   262 0.83 # 718100 # 719914 # 1 # ID=11_483;partial=00;start_type=ATG;rbs_motif=AAAA;rbs_spacer=12bp;gc_cont=0.461
ptg000011l_483       -            605 95696at2             -            490   3.1e-10   38.2   0.1   2   2     1e-10   1.9e-08   32.3   0.0   339   412   402   475   386   522 0.88 # 718100 # 719914 # 1 # ID=11_483;partial=00;start_type=ATG;rbs_motif=AAAA;rbs_spacer=12bp;gc_cont=0.461
ptg000008l_517       -            524 95696at2             -            490   7.9e-10   36.9   0.2   1   2     0.018       3.4    5.1   0.0     6    43   157   202   152   213 0.75 # 740960 # 742531 # 1 # ID=8_517;partial=00;start_type=ATG;rbs_motif=None;rbs_spacer=None;gc_cont=0.388
ptg000008l_517       -            524 95696at2             -            490   7.9e-10   36.9   0.2   2   2   6.6e-10   1.2e-07   29.7   0.0   281   410   304   433   247   465 0.86 # 740960 # 742531 # 1 # ID=8_517;partial=00;start_type=ATG;rbs_motif=None;rbs_spacer=None;gc_cont=0.388
ptg000005l_345       -            400 95696at2             -            490   3.5e-09   34.8   0.8   1   2     0.053       9.9    3.6   0.1     7    47    69   115    63   125 0.65 # 487268 # 488467 # 1 # ID=5_345;partial=00;start_type=ATG;rbs_motif=AAAAAA;rbs_spacer=14bp;gc_cont=0.352
ptg000005l_345       -            400 95696at2             -            490   3.5e-09   34.8   0.8   2   2   7.7e-10   1.4e-07   29.4   0.1   336   412   265   341   254   381 0.87 # 487268 # 488467 # 1 # ID=5_345;partial=00;start_type=ATG;rbs_motif=AAAAAA;rbs_spacer=14bp;gc_cont=0.352
ptg000015l_302       -            432 95696at2             -            490   2.4e-08   32.0   1.5   1   2       0.7   1.3e+02   -0.1   0.0     6    46    47    93    43   103 0.73 # 443078 # 444373 # 1 # ID=15_302;partial=00;start_type=ATG;rbs_motif=None;rbs_spacer=None;gc_cont=0.430
ptg000015l_302       -            432 95696at2             -            490   2.4e-08   32.0   1.5   2   2   3.8e-10     7e-08   30.5   0.6   343   435   261   357   204   416 0.69 # 443078 # 444373 # 1 # ID=15_302;partial=00;start_type=ATG;rbs_motif=None;rbs_spacer=None;gc_cont=0.430
ptg000015l_170       -            544 95696at2             -            490     3e-07   28.4   0.4   1   3       4.4   8.1e+02   -2.7   0.1    64    80    37    53    10    84 0.47 # 228449 # 230080 # -1 # ID=15_170;partial=00;start_type=ATG;rbs_motif=None;rbs_spacer=None;gc_cont=0.376
ptg000015l_170       -            544 95696at2             -            490     3e-07   28.4   0.4   2   3      0.26        48    1.3   0.0     5    44   167   212   163   216 0.72 # 228449 # 230080 # -1 # ID=15_170;partial=00;start_type=ATG;rbs_motif=None;rbs_spacer=None;gc_cont=0.376
ptg000015l_170       -            544 95696at2             -            490     3e-07   28.4   0.4   3   3   2.7e-08   4.9e-06   24.4   0.0   338   435   365   457   329   471 0.88 # 228449 # 230080 # -1 # ID=15_170;partial=00;start_type=ATG;rbs_motif=None;rbs_spacer=None;gc_cont=0.376
ptg000005l_624       -            589 95696at2             -            490     4e-07   27.9   0.3   1   1     6e-09   1.1e-06   26.5   0.3   343   439   443   537   256   575 0.80 # 929036 # 930802 # -1 # ID=5_624;partial=00;start_type=ATG;rbs_motif=None;rbs_spacer=None;gc_cont=0.381
ptg000008l_627       -            565 95696at2             -            490   1.7e-06   25.9   0.1   1   2     0.039       7.3    4.0   0.0     4    43   165   212   162   221 0.75 # 918734 # 920428 # -1 # ID=8_627;partial=00;start_type=ATG;rbs_motif=None;rbs_spacer=None;gc_cont=0.369
ptg000008l_627       -            565 95696at2             -            490   1.7e-06   25.9   0.1   2   2   7.7e-07   0.00014   19.5   0.0   348   445   384   478   362   518 0.82 # 918734 # 920428 # -1 # ID=8_627;partial=00;start_type=ATG;rbs_motif=None;rbs_spacer=None;gc_cont=0.369
ptg000005l_121       -            507 95696at2             -            490   2.1e-06   25.6   0.5   1   2       9.4   1.7e+03   -3.8   0.1     8    44    93   135    91   140 0.62 # 170851 # 172371 # -1 # ID=5_121;partial=00;start_type=ATG;rbs_motif=None;rbs_spacer=None;gc_cont=0.393
ptg000005l_121       -            507 95696at2             -            490   2.1e-06   25.6   0.5   2   2   2.5e-08   4.6e-06   24.5   0.0   336   415   283   362   274   384 0.86 # 170851 # 172371 # -1 # ID=5_121;partial=00;start_type=ATG;rbs_motif=None;rbs_spacer=None;gc_cont=0.393
ptg000014l_246       -            435 95696at2             -            490     3e-06   25.1   0.0   1   2      0.39        71    0.7   0.0     5    46   157   209   153   221 0.66 # 362958 # 364262 # -1 # ID=14_246;partial=00;start_type=ATG;rbs_motif=None;rbs_spacer=None;gc_cont=0.411
ptg000014l_246       -            435 95696at2             -            490     3e-06   25.1   0.0   2   2   1.3e-07   2.5e-05   22.1   0.0   337   401   361   425   328   430 0.91 # 362958 # 364262 # -1 # ID=14_246;partial=00;start_type=ATG;rbs_motif=None;rbs_spacer=None;gc_cont=0.411
ptg000016l_75        -            994 95696at2             -            490   5.5e-06   24.2   0.1   1   1   6.9e-08   1.3e-05   23.0   0.1   335   457   515   636   503   667 0.72 # 86018 # 88999 # 1 # ID=16_75;partial=00;start_type=ATG;rbs_motif=None;rbs_spacer=None;gc_cont=0.369
ptg000002l_476       -            850 95696at2             -            490   3.2e-05   21.7   0.1   1   2       1.9   3.5e+02   -1.5   0.0    25    47   332   354   299   359 0.72 # 686741 # 689290 # 1 # ID=2_476;partial=00;start_type=ATG;rbs_motif=None;rbs_spacer=None;gc_cont=0.380
ptg000002l_476       -            850 95696at2             -            490   3.2e-05   21.7   0.1   2   2   7.4e-07   0.00014   19.6   0.0   338   435   527   619   509   654 0.84 # 686741 # 689290 # 1 # ID=2_476;partial=00;start_type=ATG;rbs_motif=None;rbs_spacer=None;gc_cont=0.380
ptg000001l_175       -            513 95696at2             -            490   0.00014   19.6   0.1   1   1   1.1e-06    0.0002   19.1   0.1   338   413   365   440   357   462 0.81 # 269003 # 270541 # 1 # ID=1_175;partial=00;start_type=GTG;rbs_motif=AATAA;rbs_spacer=14bp;gc_cont=0.465
ptg000007l_595       -            513 95696at2             -            490   0.00014   19.6   0.1   1   1   1.1e-06    0.0002   19.1   0.1   338   413   365   440   357   462 0.81 # 904363 # 905901 # 1 # ID=7_595;partial=00;start_type=GTG;rbs_motif=AATAA;rbs_spacer=14bp;gc_cont=0.465
ptg000007l_601       -            513 95696at2             -            490   0.00014   19.6   0.1   1   1   1.1e-06    0.0002   19.1   0.1   338   413   365   440   357   462 0.81 # 910035 # 911573 # 1 # ID=7_601;partial=00;start_type=GTG;rbs_motif=AATAA;rbs_spacer=14bp;gc_cont=0.465
ptg000008l_1         -            449 95696at2             -            490    0.0004   18.1   0.1   1   1   3.2e-06   0.00058   17.5   0.1   338   413   365   440   357   443 0.83 # 2 # 1348 # -1 # ID=8_1;partial=10;start_type=GTG;rbs_motif=AATAA;rbs_spacer=14bp;gc_cont=0.468
ptg000008l_755       -           1091 95696at2             -            490    0.0004   18.1   0.1   1   1   3.5e-06   0.00065   17.4   0.1   339   413   304   378   298   400 0.81 # 1117878 # 1121150 # 1 # ID=8_755;partial=00;start_type=GTG;rbs_motif=None;rbs_spacer=None;gc_cont=0.464
ptg000017l_3         -           1091 95696at2             -            490    0.0004   18.1   0.1   1   1   3.5e-06   0.00065   17.4   0.1   339   413   304   378   298   400 0.81 # 1075 # 4347 # -1 # ID=17_3;partial=00;start_type=GTG;rbs_motif=None;rbs_spacer=None;gc_cont=0.464
ptg000009l_404       -           1216 95696at2             -            490   0.00045   17.9   0.1   1   1     4e-06   0.00075   17.2   0.1   339   413   473   547   467   569 0.81 # 567663 # 571310 # 1 # ID=9_404;partial=00;start_type=ATG;rbs_motif=None;rbs_spacer=None;gc_cont=0.461
ptg000004l_69        -            749 95696at2             -            490   0.00055   17.6   0.7   1   2       2.2   4.1e+02   -1.7   0.0     5    26   271   294   267   320 0.65 # 117302 # 119548 # 1 # ID=4_69;partial=00;start_type=ATG;rbs_motif=None;rbs_spacer=None;gc_cont=0.409
ptg000004l_69        -            749 95696at2             -            490   0.00055   17.6   0.7   2   2   6.9e-06    0.0013   16.4   0.1   337   434   476   568   467   605 0.83 # 117302 # 119548 # 1 # ID=4_69;partial=00;start_type=ATG;rbs_motif=None;rbs_spacer=None;gc_cont=0.409
ptg000006l_470       -           1505 95696at2             -            490   0.00057   17.6   0.1   1   1   5.2e-06   0.00097   16.8   0.1   339   413   662   736   656   758 0.81 # 748129 # 752643 # 1 # ID=6_470;partial=00;start_type=ATG;rbs_motif=None;rbs_spacer=None;gc_cont=0.457
ptg000016l_312       -           1506 95696at2             -            490   0.00057   17.6   0.1   1   1   5.2e-06   0.00097   16.8   0.1   339   413   662   736   656   758 0.81 # 441714 # 446231 # 1 # ID=16_312;partial=00;start_type=ATG;rbs_motif=None;rbs_spacer=None;gc_cont=0.457
ptg000014l_3         -           1615 95696at2             -            490   0.00064   17.4   0.1   1   1   5.7e-06     0.001   16.7   0.1   339   413   892   966   886   988 0.81 # 1333 # 6177 # -1 # ID=14_3;partial=00;start_type=ATG;rbs_motif=None;rbs_spacer=None;gc_cont=0.452
ptg000010l_3         -           1663 95696at2             -            490   0.00068   17.3   0.1   1   1   5.9e-06    0.0011   16.6   0.1   339   413   876   950   870   972 0.81 # 1255 # 6243 # -1 # ID=10_3;partial=00;start_type=ATG;rbs_motif=None;rbs_spacer=None;gc_cont=0.457
ptg000015l_387       -           1041 95696at2             -            490   0.00069   17.3   0.1   1   1     6e-06    0.0011   16.6   0.1   338   413   365   440   357   462 0.81 # 559477 # 562599 # 1 # ID=15_387;partial=00;start_type=GTG;rbs_motif=AATAA;rbs_spacer=14bp;gc_cont=0.467
ptg000009l_3         -           1118 95696at2             -            490   0.00076   17.2   0.1   1   1   6.6e-06    0.0012   16.5   0.1   338   413   365   440   357   462 0.81 # 1065 # 4418 # -1 # ID=9_3;partial=00;start_type=GTG;rbs_motif=AATAA;rbs_spacer=14bp;gc_cont=0.467
ptg000003l_3         -           1153 95696at2             -            490   0.00078   17.1   0.1   1   1   6.8e-06    0.0013   16.4   0.1   338   413   365   440   357   462 0.81 # 1006 # 4464 # -1 # ID=3_3;partial=00;start_type=GTG;rbs_motif=AATAA;rbs_spacer=14bp;gc_cont=0.467
ptg000027l_1         -           1169 95696at2             -            490   0.00084   17.0   0.1   1   1   6.9e-06    0.0013   16.4   0.1   338   413  1044  1119  1036  1141 0.81 # 2 # 3508 # -1 # ID=27_1;partial=10;start_type=ATG;rbs_motif=None;rbs_spacer=None;gc_cont=0.444
ptg000013l_399       -           1339 95696at2             -            490   0.00094   16.9   0.1   1   1   8.2e-06    0.0015   16.2   0.1   338   413   586   661   578   683 0.81 # 595438 # 599454 # 1 # ID=13_399;partial=00;start_type=ATG;rbs_motif=None;rbs_spacer=None;gc_cont=0.463
ptg000017l_445       -           1414 95696at2             -            490     0.001   16.7   0.1   1   1   8.7e-06    0.0016   16.1   0.1   338   413   661   736   653   758 0.81 # 675819 # 680060 # 1 # ID=17_445;partial=00;start_type=ATG;rbs_motif=None;rbs_spacer=None;gc_cont=0.460
ptg000007l_412       -           1448 95696at2             -            490    0.0012   16.5   0.0   1   1   1.1e-05    0.0021   15.7   0.0   341   454   905  1017   888  1046 0.77 # 619126 # 623469 # -1 # ID=7_412;partial=00;start_type=ATG;rbs_motif=None;rbs_spacer=None;gc_cont=0.390
ptg000027l_7         -           1797 95696at2             -            490    0.0013   16.3   0.1   1   1   1.2e-05    0.0021   15.7   0.1   338   413  1044  1119  1036  1141 0.81 # 11744 # 17134 # -1 # ID=27_7;partial=00;start_type=ATG;rbs_motif=None;rbs_spacer=None;gc_cont=0.451
ptg000006l_473       -           1797 95696at2             -            490    0.0013   16.3   0.1   1   1   1.2e-05    0.0021   15.7   0.1   338   413  1044  1119  1036  1141 0.81 # 754083 # 759473 # 1 # ID=6_473;partial=00;start_type=ATG;rbs_motif=None;rbs_spacer=None;gc_cont=0.452
ptg000011l_723       -           1797 95696at2             -            490    0.0013   16.3   0.1   1   1   1.2e-05    0.0021   15.7   0.1   338   413  1044  1119  1036  1141 0.81 # 1080663 # 1086053 # 1 # ID=11_723;partial=00;start_type=ATG;rbs_motif=None;rbs_spacer=None;gc_cont=0.452
ptg000013l_402       -           1797 95696at2             -            490    0.0013   16.3   0.1   1   1   1.2e-05    0.0021   15.7   0.1   338   413  1044  1119  1036  1141 0.81 # 600873 # 606263 # 1 # ID=13_402;partial=00;start_type=ATG;rbs_motif=None;rbs_spacer=None;gc_cont=0.452
ptg000016l_314       -           1797 95696at2             -            490    0.0013   16.3   0.1   1   1   1.2e-05    0.0021   15.7   0.1   338   413  1044  1119  1036  1141 0.81 # 447504 # 452894 # 1 # ID=16_314;partial=00;start_type=ATG;rbs_motif=None;rbs_spacer=None;gc_cont=0.452
ptg000027l_4         -           1797 95696at2             -            490    0.0013   16.3   0.1   1   1   1.2e-05    0.0021   15.7   0.1   338   413  1044  1119  1036  1141 0.81 # 4935 # 10325 # -1 # ID=27_4;partial=00;start_type=ATG;rbs_motif=None;rbs_spacer=None;gc_cont=0.452
ptg000027l_9         -           1797 95696at2             -            490    0.0013   16.3   0.1   1   1   1.2e-05    0.0021   15.7   0.1   338   413  1044  1119  1036  1141 0.81 # 18407 # 23797 # -1 # ID=27_9;partial=00;start_type=ATG;rbs_motif=None;rbs_spacer=None;gc_cont=0.452
ptg000008l_6         -           1858 95696at2             -            490    0.0014   16.3   0.1   1   1   1.2e-05    0.0022   15.6   0.1   338   413  1106  1181  1098  1203 0.81 # 3681 # 9254 # -1 # ID=8_6;partial=00;start_type=TTG;rbs_motif=None;rbs_spacer=None;gc_cont=0.449
ptg000009l_407       -           1858 95696at2             -            490    0.0014   16.3   0.1   1   1   1.2e-05    0.0022   15.6   0.1   338   413  1106  1181  1098  1203 0.81 # 572608 # 578181 # 1 # ID=9_407;partial=00;start_type=TTG;rbs_motif=None;rbs_spacer=None;gc_cont=0.449
ptg000014l_520       -           1858 95696at2             -            490    0.0014   16.3   0.1   1   1   1.2e-05    0.0022   15.6   0.1   338   413  1106  1181  1098  1203 0.81 # 772110 # 777683 # 1 # ID=14_520;partial=00;start_type=TTG;rbs_motif=None;rbs_spacer=None;gc_cont=0.449
ptg000005l_281       -            996 95696at2             -            490    0.0025   15.4   0.0   1   2      0.51        95    0.3   0.0     6    46   182   230   177   236 0.70 # 394680 # 397667 # 1 # ID=5_281;partial=00;start_type=ATG;rbs_motif=None;rbs_spacer=None;gc_cont=0.389
ptg000005l_281       -            996 95696at2             -            490    0.0025   15.4   0.0   2   2   0.00011     0.021   12.4   0.0   341   443   437   534   422   540 0.82 # 394680 # 397667 # 1 # ID=5_281;partial=00;start_type=ATG;rbs_motif=None;rbs_spacer=None;gc_cont=0.389
#
# Program:         hmmsearch
# Version:         3.1b2 (February 2015)
# Pipeline mode:   SEARCH
# Query file:      /home/inf-41-2022/Assembly/busco_downloads/lineages/bacteria_odb10/hmms/95696at2.hmm
# Target file:     /home/inf-41-2022/Assembly/Busco/prodigal_output/predicted_genes/predicted.faa
# Option settings: hmmsearch --domtblout /home/inf-41-2022/Assembly/Busco/auto_lineage/run_bacteria_odb10/hmmer_output/95696at2.out --cpu 1 /home/inf-41-2022/Assembly/busco_downloads/lineages/bacteria_odb10/hmms/95696at2.hmm /home/inf-41-2022/Assembly/Busco/prodigal_output/predicted_genes/predicted.faa 
# Current dir:     /home/inf-41-2022/Assembly
# Date:            Thu Feb 23 23:00:42 2023
# [ok]
