A	C	G	T	N	IUPAC	Other	GC	GC_stdev
0.3077	0.1920	0.1918	0.3085	0.0000	0.0000	0.0000	0.3838	0.0609

Main genome scaffold total:         	36
Main genome contig total:           	36
Main genome scaffold sequence total:	12502635
Main genome contig sequence total:  	12502635  	0.000% gap
Main genome scaffold N/L50:         	6/805283
Main genome contig N/L50:           	6/805283
Main genome scaffold N/L90:         	14/441634
Main genome contig N/L90:           	14/441634
Max scaffold length:                	1505909
Max contig length:                  	1505909
Number of scaffolds > 50 KB:        	18
% main genome in scaffolds > 50 KB: 	97.32%


Minimum 	Number        	Number        	Total         	Total         	Scaffold
Scaffold	of            	of            	Scaffold      	Contig        	Contig  
Length  	Scaffolds     	Contigs       	Length        	Length        	Coverage
--------	--------------	--------------	--------------	--------------	--------
    All 	            36	            36	      12502635	      12502635	 100.00%
  10000 	            36	            36	      12502635	      12502635	 100.00%
  25000 	            20	            20	      12218904	      12218904	 100.00%
  50000 	            18	            18	      12167714	      12167714	 100.00%
 100000 	            17	            17	      12110056	      12110056	 100.00%
 250000 	            16	            16	      11882997	      11882997	 100.00%
 500000 	            12	            12	      10362721	      10362721	 100.00%
1000000 	             3	             3	       3715839	       3715839	 100.00%

