#                                                                                  --- full sequence --- -------------- this domain -------------   hmm coord   ali coord   env coord
# target name              accession   tlen query name           accession   qlen   E-value  score  bias   #  of  c-Evalue  i-Evalue  score  bias  from    to  from    to  from    to  acc description of target
#      ------------------- ---------- ----- -------------------- ---------- ----- --------- ------ ----- --- --- --------- --------- ------ ----- ----- ----- ----- ----- ----- ----- ---- ---------------------
ptg000004l:52310-53818     -            503 1049599at2759        -            340   8.1e-61  201.6   3.9   1   2   9.7e-49   1.3e-47  158.1   1.3     1   130     5   145     5   171 0.88 -
ptg000004l:52310-53818     -            503 1049599at2759        -            340   8.1e-61  201.6   3.9   2   2   6.5e-14     9e-13   43.6   0.1   210   300   312   411   255   455 0.81 -
ptg000002l:605241-605888   -            216 1049599at2759        -            340   5.2e-22   74.0   0.8   1   3   1.2e-05   0.00017   16.4   0.1   199   261     8    76     4    84 0.76 -
ptg000002l:605241-605888   -            216 1049599at2759        -            340   5.2e-22   74.0   0.8   2   3   1.3e-08   1.8e-07   26.2   0.0   199   265    50   122    47   127 0.82 -
ptg000002l:605241-605888   -            216 1049599at2759        -            340   5.2e-22   74.0   0.8   3   3   2.2e-13   3.1e-12   41.9   0.0   198   296    91   208    89   211 0.78 -
ptg000010l:112400-115168   -            923 1049599at2759        -            340   1.3e-19   66.1   2.8   1   7    0.0021      0.03    9.0   0.0   197   261    56   124    43   132 0.84 -
ptg000010l:112400-115168   -            923 1049599at2759        -            340   1.3e-19   66.1   2.8   2   7    0.0057     0.079    7.6   0.1   230   275   144   189   127   200 0.85 -
ptg000010l:112400-115168   -            923 1049599at2759        -            340   1.3e-19   66.1   2.8   3   7    0.0027     0.037    8.7   0.0   234   280   262   307   244   318 0.81 -
ptg000010l:112400-115168   -            923 1049599at2759        -            340   1.3e-19   66.1   2.8   4   7   4.7e-07   6.4e-06   21.1   0.2   198   292   304   417   302   428 0.76 -
ptg000010l:112400-115168   -            923 1049599at2759        -            340   1.3e-19   66.1   2.8   5   7    0.0034     0.047    8.4   0.0   200   271   434   512   425   517 0.83 -
ptg000010l:112400-115168   -            923 1049599at2759        -            340   1.3e-19   66.1   2.8   6   7   0.00071    0.0098   10.6   0.0   198   265   475   548   473   554 0.78 -
ptg000010l:112400-115168   -            923 1049599at2759        -            340   1.3e-19   66.1   2.8   7   7       1.1        15    0.1   0.0   232   263   577   608   569   626 0.83 -
ptg000010l:74035-75246     -            404 1049599at2759        -            340   4.8e-16   54.4   0.4   1   5     0.028      0.39    5.4   0.0   230   263    39    71    30    78 0.78 -
ptg000010l:74035-75246     -            404 1049599at2759        -            340   4.8e-16   54.4   0.4   2   5   5.9e-06   8.1e-05   17.5   0.0   227   265   135   173    72   178 0.62 -
ptg000010l:74035-75246     -            404 1049599at2759        -            340   4.8e-16   54.4   0.4   3   5   6.4e-06   8.8e-05   17.3   0.0   199   263   185   255   181   259 0.84 -
ptg000010l:74035-75246     -            404 1049599at2759        -            340   4.8e-16   54.4   0.4   4   5     0.034      0.47    5.1   0.0   234   266   275   307   263   311 0.83 -
ptg000010l:74035-75246     -            404 1049599at2759        -            340   4.8e-16   54.4   0.4   5   5      0.23       3.1    2.4   0.0   199   232   330   363   322   403 0.76 -
ptg000005l:195023-198610   -           1196 1049599at2759        -            340   4.9e-15   51.1   3.8   1   6    0.0066     0.092    7.4   0.0   200   263    13    82    10    84 0.68 -
ptg000005l:195023-198610   -           1196 1049599at2759        -            340   4.9e-15   51.1   3.8   2   6   6.7e-06   9.2e-05   17.3   0.0   198   265    53   126    50   132 0.85 -
ptg000005l:195023-198610   -           1196 1049599at2759        -            340   4.9e-15   51.1   3.8   3   6     8e-05    0.0011   13.7   0.1   199   262    96   165    91   172 0.82 -
ptg000005l:195023-198610   -           1196 1049599at2759        -            340   4.9e-15   51.1   3.8   4   6      0.22         3    2.5   0.0   235   265   210   240   203   247 0.81 -
ptg000005l:195023-198610   -           1196 1049599at2759        -            340   4.9e-15   51.1   3.8   5   6   8.8e-05    0.0012   13.6   0.0   197   300   252   358   244   392 0.81 -
ptg000005l:195023-198610   -           1196 1049599at2759        -            340   4.9e-15   51.1   3.8   6   6     0.031      0.43    5.2   0.3   162   252   420   510   407   547 0.77 -
ptg000004l:379415-382225   -            937 1049599at2759        -            340   7.3e-15   50.5  11.0   1   6   0.00013    0.0018   13.0   0.1   236   291    83   150    74   155 0.63 -
ptg000004l:379415-382225   -            937 1049599at2759        -            340   7.3e-15   50.5  11.0   2   6   0.00035    0.0048   11.6   0.3   208   265   174   235   170   246 0.77 -
ptg000004l:379415-382225   -            937 1049599at2759        -            340   7.3e-15   50.5  11.0   3   6    0.0006    0.0083   10.9   0.0   198   264   393   462   381   469 0.84 -
ptg000004l:379415-382225   -            937 1049599at2759        -            340   7.3e-15   50.5  11.0   4   6      0.04      0.55    4.9   0.0   236   265   477   506   467   513 0.85 -
ptg000004l:379415-382225   -            937 1049599at2759        -            340   7.3e-15   50.5  11.0   5   6     0.081       1.1    3.9   0.0   189   261   524   602   521   608 0.82 -
ptg000004l:379415-382225   -            937 1049599at2759        -            340   7.3e-15   50.5  11.0   6   6      0.02      0.27    5.9   0.2   198   263   617   688   607   695 0.83 -
ptg000010l:93638-94624     -            329 1049599at2759        -            340   7.3e-15   50.5   0.8   1   3     4e-06   5.5e-05   18.0   0.0   212   264    16    74     4    79 0.70 -
ptg000010l:93638-94624     -            329 1049599at2759        -            340   7.3e-15   50.5   0.8   2   3   0.00094     0.013   10.2   0.1   210   271   106   172    91   180 0.77 -
ptg000010l:93638-94624     -            329 1049599at2759        -            340   7.3e-15   50.5   0.8   3   3   3.3e-06   4.5e-05   18.3   0.0   157   261   226   329   196   329 0.74 -
ptg000003l:54969-55808     -            280 1049599at2759        -            340   8.4e-15   50.3   0.1   1   3       1.9        26   -0.7   0.0   235   268    37    71    18    74 0.77 -
ptg000003l:54969-55808     -            280 1049599at2759        -            340   8.4e-15   50.3   0.1   2   3   3.7e-13   5.2e-12   41.1   0.0   199   336    84   233    81   237 0.73 -
ptg000003l:54969-55808     -            280 1049599at2759        -            340   8.4e-15   50.3   0.1   3   3   4.8e-05   0.00066   14.5   0.0   234   270   167   204   158   279 0.87 -
ptg000014l:156967-157875   -            303 1049599at2759        -            340   8.5e-13   43.7   1.7   1   3   4.5e-05   0.00062   14.6   0.0   198   264    34   107     8   112 0.77 -
ptg000014l:156967-157875   -            303 1049599at2759        -            340   8.5e-13   43.7   1.7   2   3   9.9e-06   0.00014   16.7   0.0   197   265   117   192   108   197 0.86 -
ptg000014l:156967-157875   -            303 1049599at2759        -            340   8.5e-13   43.7   1.7   3   3    0.0024     0.034    8.9   0.5   199   265   210   283   198   287 0.72 -
ptg000003l:675685-676569   -            295 1049599at2759        -            340     3e-12   41.9   3.7   1   5      0.28       3.8    2.1   0.0   243   265    10    32     1    38 0.73 -
ptg000003l:675685-676569   -            295 1049599at2759        -            340     3e-12   41.9   3.7   2   5   1.2e-07   1.6e-06   23.0   0.0   198   265    43   116    35   124 0.86 -
ptg000003l:675685-676569   -            295 1049599at2759        -            340     3e-12   41.9   3.7   3   5    0.0077      0.11    7.2   0.1   198   262   127   196   118   203 0.75 -
ptg000003l:675685-676569   -            295 1049599at2759        -            340     3e-12   41.9   3.7   4   5      0.19       2.6    2.7   0.0   198   265   169   241   167   247 0.72 -
ptg000003l:675685-676569   -            295 1049599at2759        -            340     3e-12   41.9   3.7   5   5     0.014      0.19    6.4   0.0   233   264   259   290   238   293 0.83 -
ptg000014l:735866-737260   -            465 1049599at2759        -            340   1.3e-10   36.6   1.9   1   4     0.001     0.014   10.1   0.7   200   285    97   197    87   208 0.67 -
ptg000014l:735866-737260   -            465 1049599at2759        -            340   1.3e-10   36.6   1.9   2   4   0.00016    0.0022   12.7   0.0   205   268   186   255   178   263 0.71 -
ptg000014l:735866-737260   -            465 1049599at2759        -            340   1.3e-10   36.6   1.9   3   4      0.11       1.5    3.4   0.0   207   271   273   345   262   350 0.72 -
ptg000014l:735866-737260   -            465 1049599at2759        -            340   1.3e-10   36.6   1.9   4   4    0.0057     0.078    7.6   0.0   233   260   351   378   347   384 0.91 -
ptg000011l:738205-739353   -            383 1049599at2759        -            340   2.3e-10   35.7   0.3   1   3     0.053      0.73    4.5   0.0   204   284   106   164     5   195 0.62 -
ptg000011l:738205-739353   -            383 1049599at2759        -            340   2.3e-10   35.7   0.3   2   3   0.00019    0.0026   12.5   0.0   207   263   203   265   199   274 0.83 -
ptg000011l:738205-739353   -            383 1049599at2759        -            340   2.3e-10   35.7   0.3   3   3   8.4e-05    0.0012   13.7   0.0   187   260   304   383   287   383 0.83 -
ptg000008l:850556-852727   -            724 1049599at2759        -            340   6.3e-10   34.3   0.1   1   4      0.98        14    0.3   0.0   200   272     9    44     5    85 0.60 -
ptg000008l:850556-852727   -            724 1049599at2759        -            340   6.3e-10   34.3   0.1   2   4   1.5e-05   0.00021   16.1   0.0   199   266    92   167    89   185 0.84 -
ptg000008l:850556-852727   -            724 1049599at2759        -            340   6.3e-10   34.3   0.1   3   4   0.00022     0.003   12.3   0.0   206   263   188   251   177   257 0.83 -
ptg000008l:850556-852727   -            724 1049599at2759        -            340   6.3e-10   34.3   0.1   4   4       2.3        32   -0.9   0.0   201   260   353   412   329   419 0.80 -
ptg000002l:211685-212530   -            282 1049599at2759        -            340   2.2e-09   32.5   0.1   1   3    0.0077      0.11    7.2   0.0   237   263     4    30     1    35 0.87 -
ptg000002l:211685-212530   -            282 1049599at2759        -            340   2.2e-09   32.5   0.1   2   3   4.7e-05   0.00065   14.5   0.0   229   265    58    94    50   100 0.88 -
ptg000002l:211685-212530   -            282 1049599at2759        -            340   2.2e-09   32.5   0.1   3   3    0.0095      0.13    6.9   0.1   199   263   122   192   104   201 0.74 -
ptg000013l:113422-115872   -            817 1049599at2759        -            340   6.9e-09   30.8   4.3   1   6    0.0056     0.078    7.7   0.0   233   282    62   110    49   117 0.81 -
ptg000013l:113422-115872   -            817 1049599at2759        -            340   6.9e-09   30.8   4.3   2   6     0.033      0.45    5.1   0.0   206   264   112   180   107   187 0.64 -
ptg000013l:113422-115872   -            817 1049599at2759        -            340   6.9e-09   30.8   4.3   3   6       2.5        34   -1.0   0.0   237   265   393   421   380   440 0.68 -
ptg000013l:113422-115872   -            817 1049599at2759        -            340   6.9e-09   30.8   4.3   4   6   0.00011    0.0015   13.3   0.1   197   263   492   564   450   570 0.78 -
ptg000013l:113422-115872   -            817 1049599at2759        -            340   6.9e-09   30.8   4.3   5   6     0.076         1    4.0   0.1   208   264   545   607   536   627 0.68 -
ptg000013l:113422-115872   -            817 1049599at2759        -            340   6.9e-09   30.8   4.3   6   6         1        14    0.3   0.0   206   232   585   611   570   654 0.55 -
ptg000007l:442851-443867   -            339 1049599at2759        -            340   1.7e-08   29.6   0.3   1   3   2.6e-06   3.5e-05   18.6   0.0   220   262     4    46     1    95 0.87 -
ptg000007l:442851-443867   -            339 1049599at2759        -            340   1.7e-08   29.6   0.3   2   3      0.01      0.14    6.8   0.0   207   262   131   192   115   200 0.79 -
ptg000007l:442851-443867   -            339 1049599at2759        -            340   1.7e-08   29.6   0.3   3   3      0.84        12    0.5   0.0   211   264   287   304   241   328 0.61 -
ptg000007l:471801-472148   -            116 1049599at2759        -            340   1.8e-08   29.5   0.1   1   2   8.4e-08   1.2e-06   23.5   0.0   240   291     6    67     1    72 0.74 -
ptg000007l:471801-472148   -            116 1049599at2759        -            340   1.8e-08   29.5   0.1   2   2     0.068      0.95    4.1   0.0   235   260    91   116    81   116 0.88 -
ptg000005l:983036-983941   -            302 1049599at2759        -            340   2.4e-08   29.1   4.0   1   6   8.6e-05    0.0012   13.6   0.1   213   266    14    66     5   101 0.69 -
ptg000005l:983036-983941   -            302 1049599at2759        -            340   2.4e-08   29.1   4.0   2   6    0.0056     0.077    7.7   0.0   235   267    84   116    64   125 0.79 -
ptg000005l:983036-983941   -            302 1049599at2759        -            340   2.4e-08   29.1   4.0   3   6   0.00043     0.006   11.3   0.1   198   260    83   155    82   181 0.74 -
ptg000005l:983036-983941   -            302 1049599at2759        -            340   2.4e-08   29.1   4.0   4   6     0.027      0.37    5.4   0.1   234   260   129   155   123   206 0.74 -
ptg000005l:983036-983941   -            302 1049599at2759        -            340   2.4e-08   29.1   4.0   5   6       2.3        32   -1.0   0.0   229   260   221   251   158   266 0.64 -
ptg000005l:983036-983941   -            302 1049599at2759        -            340   2.4e-08   29.1   4.0   6   6      0.61       8.4    1.0   0.0   245   262   284   301   254   302 0.83 -
ptg000006l:551152-553032   -            627 1049599at2759        -            340   2.4e-08   29.0   0.2   1   4     0.069      0.95    4.1   0.0   234   265   313   345   304   351 0.82 -
ptg000006l:551152-553032   -            627 1049599at2759        -            340   2.4e-08   29.0   0.2   2   4       0.3       4.2    2.0   0.0   232   262   354   384   333   392 0.75 -
ptg000006l:551152-553032   -            627 1049599at2759        -            340   2.4e-08   29.0   0.2   3   4      0.09       1.2    3.7   0.0   197   234   416   451   386   458 0.81 -
ptg000006l:551152-553032   -            627 1049599at2759        -            340   2.4e-08   29.0   0.2   4   4    0.0001    0.0014   13.4   0.0   246   294   491   549   463   567 0.70 -
ptg000012l:64181-65458     -            426 1049599at2759        -            340     3e-08   28.8   0.0   1   2   1.9e-08   2.6e-07   25.7   0.0   200   274    30   114    18   143 0.86 -
ptg000012l:64181-65458     -            426 1049599at2759        -            340     3e-08   28.8   0.0   2   2       1.4        20   -0.3   0.0   258   284   207   233   162   270 0.81 -
ptg000013l:468242-471058   -            939 1049599at2759        -            340   3.6e-08   28.5   0.1   1   3      0.33       4.6    1.8   0.0   225   264   241   281   169   290 0.72 -
ptg000013l:468242-471058   -            939 1049599at2759        -            340   3.6e-08   28.5   0.1   2   3   4.8e-05   0.00066   14.5   0.0   198   291   504   614   374   614 0.78 -
ptg000013l:468242-471058   -            939 1049599at2759        -            340   3.6e-08   28.5   0.1   3   3    0.0001    0.0014   13.4   0.0   198   269   587   664   578   673 0.81 -
ptg000017l:515830-517308   -            493 1049599at2759        -            340     9e-08   27.2   0.5   1   4      0.74        10    0.7   0.0   230   263   167   201   120   205 0.69 -
ptg000017l:515830-517308   -            493 1049599at2759        -            340     9e-08   27.2   0.5   2   4      0.38       5.2    1.7   0.1   234   262   214   243   171   285 0.64 -
ptg000017l:515830-517308   -            493 1049599at2759        -            340     9e-08   27.2   0.5   3   4      0.15       2.1    2.9   0.0   207   234   283   310   255   335 0.77 -
ptg000017l:515830-517308   -            493 1049599at2759        -            340     9e-08   27.2   0.5   4   4   1.5e-05   0.00021   16.1   0.0   246   316   351   433   337   436 0.76 -
ptg000008l:811323-812285   -            321 1049599at2759        -            340   9.2e-08   27.1   1.4   1   4     0.014      0.19    6.4   0.1   212   264    33    91    25    97 0.70 -
ptg000008l:811323-812285   -            321 1049599at2759        -            340   9.2e-08   27.1   1.4   2   4    0.0013     0.018    9.7   0.0   235   264   146   175   111   181 0.78 -
ptg000008l:811323-812285   -            321 1049599at2759        -            340   9.2e-08   27.1   1.4   3   4    0.0023     0.032    8.9   0.0   238   264   149   175   144   228 0.86 -
ptg000008l:811323-812285   -            321 1049599at2759        -            340   9.2e-08   27.1   1.4   4   4     0.022       0.3    5.7   0.0   232   261   283   312   252   317 0.83 -
ptg000009l:374756-375754   -            333 1049599at2759        -            340   1.1e-07   26.9   0.0   1   3    0.0003    0.0041   11.8   0.0   199   266    13    88    10   103 0.77 -
ptg000009l:374756-375754   -            333 1049599at2759        -            340   1.1e-07   26.9   0.0   2   3      0.52       7.2    1.2   0.0   244   277   111   143    89   158 0.67 -
ptg000009l:374756-375754   -            333 1049599at2759        -            340   1.1e-07   26.9   0.0   3   3    0.0047     0.065    7.9   0.0   194   249   242   302   224   307 0.75 -
ptg000004l:113078-114544   -            489 1049599at2759        -            340   1.2e-07   26.8   2.5   1   5      0.24       3.3    2.3   0.0   247   268    83   104    71   108 0.89 -
ptg000004l:113078-114544   -            489 1049599at2759        -            340   1.2e-07   26.8   2.5   2   5      0.37       5.1    1.7   0.0   252   294   169   209   131   228 0.58 -
ptg000004l:113078-114544   -            489 1049599at2759        -            340   1.2e-07   26.8   2.5   3   5     0.055      0.75    4.4   0.0   206   226   230   250   177   252 0.47 -
ptg000004l:113078-114544   -            489 1049599at2759        -            340   1.2e-07   26.8   2.5   4   5     0.003     0.042    8.5   0.0   206   239   230   263   216   301 0.75 -
ptg000004l:113078-114544   -            489 1049599at2759        -            340   1.2e-07   26.8   2.5   5   5   0.00064    0.0089   10.8   0.1   197   263   306   379   290   387 0.81 -
ptg000017l:411484-412194   -            237 1049599at2759        -            340   1.3e-07   26.6   0.0   1   2   3.6e-07     5e-06   21.4   0.0   199   286    31   137    26   145 0.73 -
ptg000017l:411484-412194   -            237 1049599at2759        -            340   1.3e-07   26.6   0.0   2   2      0.43       5.9    1.5   0.0   237   262   170   195   164   202 0.85 -
ptg000014l:606609-607874   -            422 1049599at2759        -            340   2.3e-07   25.8   0.5   1   4     0.042      0.57    4.8   0.1   222   264    56    95     8   100 0.76 -
ptg000014l:606609-607874   -            422 1049599at2759        -            340   2.3e-07   25.8   0.5   2   4    0.0047     0.065    7.9   0.0   210   275   137   203   123   206 0.77 -
ptg000014l:606609-607874   -            422 1049599at2759        -            340   2.3e-07   25.8   0.5   3   4    0.0032     0.045    8.4   0.0   171   264   228   327   207   329 0.73 -
ptg000014l:606609-607874   -            422 1049599at2759        -            340   2.3e-07   25.8   0.5   4   4     0.016      0.22    6.2   0.0   197   241   296   339   288   360 0.84 -
ptg000007l:345700-348120   -            807 1049599at2759        -            340   3.2e-07   25.4   1.7   1   3     0.009      0.12    7.0   0.0   237   264   442   469   436   476 0.85 -
ptg000007l:345700-348120   -            807 1049599at2759        -            340   3.2e-07   25.4   1.7   2   3      0.11       1.6    3.4   0.1   192   263   590   669   563   676 0.60 -
ptg000007l:345700-348120   -            807 1049599at2759        -            340   3.2e-07   25.4   1.7   3   3   0.00021    0.0028   12.4   0.1   200   262   684   753   680   761 0.81 -
ptg000002l:571474-572268   -            265 1049599at2759        -            340     4e-07   25.1   0.2   1   2    0.0012     0.016    9.9   0.0   205   263    17    80     9    88 0.67 -
ptg000002l:571474-572268   -            265 1049599at2759        -            340     4e-07   25.1   0.2   2   2    0.0019     0.027    9.2   0.0   259   290   136   170    82   174 0.78 -
ptg000006l:446634-447668   -            345 1049599at2759        -            340   5.3e-07   24.6   0.0   1   3     0.015       0.2    6.3   0.0   199   265     5    35     2    49 0.57 -
ptg000006l:446634-447668   -            345 1049599at2759        -            340   5.3e-07   24.6   0.0   2   3      0.29         4    2.0   0.0   229   251   266   288   252   299 0.78 -
ptg000006l:446634-447668   -            345 1049599at2759        -            340   5.3e-07   24.6   0.0   3   3   0.00012    0.0016   13.2   0.0   204   261   288   345   280   345 0.85 -
ptg000007l:426000-427538   -            513 1049599at2759        -            340   5.8e-07   24.5   0.2   1   3   0.00031    0.0042   11.8   0.2   194   276    37   125    28   134 0.71 -
ptg000007l:426000-427538   -            513 1049599at2759        -            340   5.8e-07   24.5   0.2   2   3     0.029       0.4    5.3   0.0   232   265   124   158   114   168 0.82 -
ptg000007l:426000-427538   -            513 1049599at2759        -            340   5.8e-07   24.5   0.2   3   3    0.0023     0.032    8.9   0.0   207   271   136   209   127   239 0.76 -
ptg000013l:519306-519962   -            219 1049599at2759        -            340   1.1e-06   23.6   0.0   1   1   1.3e-07   1.8e-06   22.9   0.0   198   265    37   110    31   113 0.84 -
ptg000005l:1183427-1184272 -            282 1049599at2759        -            340   1.5e-06   23.2   0.3   1   3    0.0065     0.089    7.5   0.1   243   290    22    82    11    86 0.55 -
ptg000005l:1183427-1184272 -            282 1049599at2759        -            340   1.5e-06   23.2   0.3   2   3      0.01      0.14    6.8   0.0   231   270   140   178   130   186 0.79 -
ptg000005l:1183427-1184272 -            282 1049599at2759        -            340   1.5e-06   23.2   0.3   3   3      0.12       1.7    3.3   0.0   202   226   190   214   177   265 0.66 -
ptg000002l:437065-438210   -            382 1049599at2759        -            340   1.7e-06   23.0   0.2   1   3    0.0023     0.032    8.9   0.0   227   261    72   105    55   134 0.80 -
ptg000002l:437065-438210   -            382 1049599at2759        -            340   1.7e-06   23.0   0.2   2   3     0.078       1.1    3.9   0.0   197   265   216   289   202   296 0.77 -
ptg000002l:437065-438210   -            382 1049599at2759        -            340   1.7e-06   23.0   0.2   3   3    0.0015      0.02    9.6   0.0   209   271   269   337   263   345 0.81 -
ptg000003l:740309-741151   -            281 1049599at2759        -            340   3.9e-06   21.8   0.0   1   3       7.2        99   -2.6   0.0   197   217    32    52    20    72 0.58 -
ptg000003l:740309-741151   -            281 1049599at2759        -            340   3.9e-06   21.8   0.0   2   3     0.002     0.028    9.1   0.0   240   291   129   192   114   193 0.70 -
ptg000003l:740309-741151   -            281 1049599at2759        -            340   3.9e-06   21.8   0.0   3   3   4.2e-06   5.8e-05   17.9   0.0   201   275   168   248   163   262 0.83 -
ptg000007l:511425-511988   -            188 1049599at2759        -            340     1e-05   20.4   0.6   1   2    0.0036      0.05    8.3   0.1   243   267    15    39     3    87 0.66 -
ptg000007l:511425-511988   -            188 1049599at2759        -            340     1e-05   20.4   0.6   2   2    0.0013     0.018    9.7   0.0   233   265   100   133    84   174 0.79 -
ptg000005l:107996-108523   -            176 1049599at2759        -            340   1.2e-05   20.2   0.2   1   4     0.092       1.3    3.7   0.0   244   266    11    33     1    39 0.81 -
ptg000005l:107996-108523   -            176 1049599at2759        -            340   1.2e-05   20.2   0.2   2   4      0.12       1.6    3.3   0.0   233   268    52    87    36    95 0.75 -
ptg000005l:107996-108523   -            176 1049599at2759        -            340   1.2e-05   20.2   0.2   3   4    0.0008     0.011   10.4   0.0   221   272    88   143    82   152 0.76 -
ptg000005l:107996-108523   -            176 1049599at2759        -            340   1.2e-05   20.2   0.2   4   4         4        55   -1.7   0.0   240   259   156   175   145   176 0.63 -
ptg000008l:192090-194072   -            661 1049599at2759        -            340   1.7e-05   19.7   0.9   1   6    0.0019     0.027    9.2   0.2   198   261    32   102    24   109 0.67 -
ptg000008l:192090-194072   -            661 1049599at2759        -            340   1.7e-05   19.7   0.9   2   6       5.4        75   -2.2   0.0   242   260   187   205   130   211 0.45 -
ptg000008l:192090-194072   -            661 1049599at2759        -            340   1.7e-05   19.7   0.9   3   6       1.8        25   -0.6   0.0   235   266   255   286   251   312 0.76 -
ptg000008l:192090-194072   -            661 1049599at2759        -            340   1.7e-05   19.7   0.9   4   6      0.64       8.9    0.9   0.0   197   220   357   380   348   401 0.75 -
ptg000008l:192090-194072   -            661 1049599at2759        -            340   1.7e-05   19.7   0.9   5   6       5.1        70   -2.1   0.0   195   235   518   558   511   565 0.75 -
ptg000008l:192090-194072   -            661 1049599at2759        -            340   1.7e-05   19.7   0.9   6   6      0.26       3.6    2.2   0.0   199   227   580   608   575   660 0.59 -
ptg000009l:290828-291799   -            324 1049599at2759        -            340   8.7e-05   17.4   1.4   1   3     0.041      0.57    4.8   0.0   266   298     4    38     2    76 0.64 -
ptg000009l:290828-291799   -            324 1049599at2759        -            340   8.7e-05   17.4   1.4   2   3    0.0084      0.12    7.1   0.1   204   264   117   183   110   210 0.77 -
ptg000009l:290828-291799   -            324 1049599at2759        -            340   8.7e-05   17.4   1.4   3   3      0.17       2.3    2.8   0.1   208   263   223   282   218   313 0.78 -
ptg000008l:609329-610312   -            328 1049599at2759        -            340   0.00012   16.9   0.2   1   2    0.0031     0.043    8.5   0.0   214   265    56   112    46   124 0.76 -
ptg000008l:609329-610312   -            328 1049599at2759        -            340   0.00012   16.9   0.2   2   2     0.016      0.22    6.1   0.0   198   264   164   239   155   282 0.68 -
ptg000014l:208335-209225   -            297 1049599at2759        -            340   0.00016   16.5   0.1   1   4      0.46       6.3    1.4   0.0   212   238    47    73    14   120 0.51 -
ptg000014l:208335-209225   -            297 1049599at2759        -            340   0.00016   16.5   0.1   2   4    0.0008     0.011   10.4   0.0   233   266   121   155    94   164 0.84 -
ptg000014l:208335-209225   -            297 1049599at2759        -            340   0.00016   16.5   0.1   3   4   0.00039    0.0053   11.5   0.0   198   245   122   173   118   202 0.66 -
ptg000014l:208335-209225   -            297 1049599at2759        -            340   0.00016   16.5   0.1   4   4       6.9        95   -2.5   0.0   247   263   280   296   267   297 0.77 -
ptg000009l:49293-49709     -            139 1049599at2759        -            340    0.0002   16.2   0.0   1   1   7.6e-05    0.0011   13.8   0.0   205   264    23    90     9    95 0.75 -
ptg000011l:64775-65362     -            196 1049599at2759        -            340   0.00028   15.7   0.0   1   2     0.007     0.097    7.3   0.0   232   266    48    83     9    88 0.76 -
ptg000011l:64775-65362     -            196 1049599at2759        -            340   0.00028   15.7   0.0   2   2     0.019      0.26    5.9   0.0   236   262   163   189   131   195 0.84 -
ptg000007l:472488-472982   -            165 1049599at2759        -            340   0.00032   15.5   0.3   1   1   3.8e-05   0.00052   14.8   0.3   199   264    57   128    28   132 0.82 -
ptg000002l:599587-599925   -            113 1049599at2759        -            340    0.0004   15.2   0.0   1   2    0.0046     0.063    8.0   0.0   238   272     8    44     4    52 0.76 -
ptg000002l:599587-599925   -            113 1049599at2759        -            340    0.0004   15.2   0.0   2   2     0.019      0.26    5.9   0.0   242   264    58    80    40    86 0.76 -
ptg000017l:404723-405484   -            254 1049599at2759        -            340   0.00041   15.1   0.3   1   2    0.0002    0.0028   12.4   0.0   197   246    73   121    60   172 0.83 -
ptg000017l:404723-405484   -            254 1049599at2759        -            340   0.00041   15.1   0.3   2   2         3        41   -1.3   0.0   208   290   237   253   216   254 0.47 -
ptg000005l:502786-503223   -            146 1049599at2759        -            340   0.00042   15.1   0.0   1   2    0.0017     0.024    9.3   0.1   236   264    29    57    10    70 0.75 -
ptg000005l:502786-503223   -            146 1049599at2759        -            340   0.00042   15.1   0.0   2   2     0.068      0.94    4.1   0.0   227   261   111   146    75   146 0.81 -
ptg000008l:611280-611969   -            230 1049599at2759        -            340   0.00048   14.9   0.1   1   2    0.0023     0.032    8.9   0.0   234   267     4    37     1    43 0.86 -
ptg000008l:611280-611969   -            230 1049599at2759        -            340   0.00048   14.9   0.1   2   2     0.094       1.3    3.6   0.0   187   268    62   146    39   158 0.66 -
ptg000001l:153480-154451   -            324 1049599at2759        -            340   0.00096   13.9   0.8   1   3      0.08       1.1    3.9   0.0   244   263    14    33     4    79 0.79 -
ptg000001l:153480-154451   -            324 1049599at2759        -            340   0.00096   13.9   0.8   2   3    0.0079      0.11    7.2   0.1   205   263   118   182   110   194 0.74 -
ptg000001l:153480-154451   -            324 1049599at2759        -            340   0.00096   13.9   0.8   3   3       2.8        38   -1.2   0.0   201   230   256   285   219   293 0.56 -
ptg000003l:859366-859917   -            184 1049599at2759        -            340    0.0012   13.6   0.2   1   2     0.027      0.38    5.4   0.2   212   265     2    63     1    69 0.72 -
ptg000003l:859366-859917   -            184 1049599at2759        -            340    0.0012   13.6   0.2   2   2     0.019      0.27    5.9   0.0   198   228   138   169   135   178 0.84 -
ptg000011l:150003-153350   -           1116 1049599at2759        -            340    0.0013   13.6   0.2   1   3         8   1.1e+02   -2.7   0.0   245   270   176   201   173   205 0.83 -
ptg000011l:150003-153350   -           1116 1049599at2759        -            340    0.0013   13.6   0.2   2   3       4.1        57   -1.8   0.0   236   265   272   301   249   306 0.75 -
ptg000011l:150003-153350   -           1116 1049599at2759        -            340    0.0013   13.6   0.2   3   3   0.00058     0.008   10.9   0.1   177   264   370   461   354   464 0.83 -
ptg000010l:99656-100225    -            190 1049599at2759        -            340    0.0014   13.4   0.1   1   2       1.2        17   -0.0   0.0   266   283    29    46    21    94 0.77 -
ptg000010l:99656-100225    -            190 1049599at2759        -            340    0.0014   13.4   0.1   2   2   0.00049    0.0068   11.1   0.1   196   257   121   189    92   190 0.74 -
ptg000009l:326062-326490   -            143 1049599at2759        -            340    0.0023   12.7   0.0   1   1   0.00019    0.0027   12.5   0.0   263   293    11    44     6    68 0.76 -
ptg000008l:955501-955905   -            135 1049599at2759        -            340    0.0025   12.6   0.0   1   2     0.003     0.041    8.6   0.0   294   317     2    25     1    37 0.87 -
ptg000008l:955501-955905   -            135 1049599at2759        -            340    0.0025   12.6   0.0   2   2      0.24       3.3    2.3   0.0   247   268    76    97    50   113 0.82 -
ptg000008l:1018474-1018920 -            149 1049599at2759        -            340    0.0027   12.5   0.0   1   2      0.46       6.4    1.4   0.0   264   284    25    45    13    58 0.67 -
ptg000008l:1018474-1018920 -            149 1049599at2759        -            340    0.0027   12.5   0.0   2   2    0.0019     0.027    9.2   0.0   199   232    87   120    53   143 0.68 -
ptg000011l:766689-766877   -             63 1049599at2759        -            340    0.0041   11.8   0.0   1   2    0.0027     0.038    8.7   0.0   245   279     1    35     1    45 0.86 -
ptg000011l:766689-766877   -             63 1049599at2759        -            340    0.0041   11.8   0.0   2   2      0.36         5    1.7   0.0   245   261    46    62    40    63 0.87 -
ptg000010l:294374-294697   -            108 1049599at2759        -            340    0.0048   11.6   0.0   1   2      0.41       5.6    1.5   0.0   240   260    32    52     4    61 0.78 -
ptg000010l:294374-294697   -            108 1049599at2759        -            340    0.0048   11.6   0.0   2   2    0.0029      0.04    8.6   0.0   229   261    74   107    54   108 0.67 -
ptg000008l:788558-789565   -            336 1049599at2759        -            340    0.0053   11.5   0.3   1   3       1.4        19   -0.2   0.0   244   265    14    35     5    39 0.82 -
ptg000008l:788558-789565   -            336 1049599at2759        -            340    0.0053   11.5   0.3   2   3     0.098       1.3    3.6   0.0   246   279   223   256   209   266 0.80 -
ptg000008l:788558-789565   -            336 1049599at2759        -            340    0.0053   11.5   0.3   3   3      0.21         3    2.5   0.0   236   262   301   327   282   332 0.85 -
#
# Program:         hmmsearch
# Version:         3.1b2 (February 2015)
# Pipeline mode:   SEARCH
# Query file:      /home/inf-41-2022/Assembly/busco_downloads/lineages/eukaryota_odb10/hmms/1049599at2759.hmm
# Target file:     /home/inf-41-2022/Assembly/Busco/auto_lineage/run_eukaryota_odb10/metaeuk_output/initial_results/output.bp.p_ctg.fa.modified.fas
# Option settings: hmmsearch --domtblout /home/inf-41-2022/Assembly/Busco/auto_lineage/run_eukaryota_odb10/hmmer_output/initial_run_results/1049599at2759.out --cpu 1 /home/inf-41-2022/Assembly/busco_downloads/lineages/eukaryota_odb10/hmms/1049599at2759.hmm /home/inf-41-2022/Assembly/Busco/auto_lineage/run_eukaryota_odb10/metaeuk_output/initial_results/output.bp.p_ctg.fa.modified.fas 
# Current dir:     /home/inf-41-2022/Assembly
# Date:            Thu Feb 23 23:08:04 2023
# [ok]
