#                                                                                  --- full sequence --- -------------- this domain -------------   hmm coord   ali coord   env coord
# target name              accession   tlen query name           accession   qlen   E-value  score  bias   #  of  c-Evalue  i-Evalue  score  bias  from    to  from    to  from    to  acc description of target
#      ------------------- ---------- ----- -------------------- ---------- ----- --------- ------ ----- --- --- --------- --------- ------ ----- ----- ----- ----- ----- ----- ----- ---- ---------------------
ptg000013l:113422-115872   -            817 1112002at2759        -            550    3e-120  397.8   6.4   1   3   6.6e-20   7.2e-19   63.2   0.0    29   195    69   281    63   320 0.77 -
ptg000013l:113422-115872   -            817 1112002at2759        -            550    3e-120  397.8   6.4   2   3   7.7e-91   8.4e-90  297.3   0.7   186   490   324   704   258   710 0.82 -
ptg000013l:113422-115872   -            817 1112002at2759        -            550    3e-120  397.8   6.4   3   3   2.1e-10   2.3e-09   31.8   0.2   490   549   739   808   716   809 0.75 -
ptg000004l:379415-382225   -            937 1112002at2759        -            550   4.2e-59  196.0  21.6   1   3   1.3e-19   1.4e-18   62.3   7.2   299   435    85   230    77   255 0.86 -
ptg000004l:379415-382225   -            937 1112002at2759        -            550   4.2e-59  196.0  21.6   2   3     1e-12   1.1e-11   39.5   0.4   325   437   385   502   380   505 0.86 -
ptg000004l:379415-382225   -            937 1112002at2759        -            550   4.2e-59  196.0  21.6   3   3   2.2e-32   2.4e-31  104.4   3.0   244   452   487   702   486   713 0.83 -
ptg000010l:93638-94624     -            329 1112002at2759        -            550     4e-44  146.6  19.2   1   3   8.6e-13   9.4e-12   39.7   0.3   305   380    12    93     1   104 0.67 -
ptg000010l:93638-94624     -            329 1112002at2759        -            550     4e-44  146.6  19.2   2   3   2.8e-20   3.1e-19   64.4   5.9   287   421    36   183    35   222 0.82 -
ptg000010l:93638-94624     -            329 1112002at2759        -            550     4e-44  146.6  19.2   3   3   1.1e-20   1.2e-19   65.8   0.7   304   401   226   329   219   329 0.90 -
ptg000008l:850556-852727   -            724 1112002at2759        -            550   1.4e-42  141.5   0.0   1   4     6e-07   6.5e-06   20.4   0.0   334   422     8    97     3   100 0.94 -
ptg000008l:850556-852727   -            724 1112002at2759        -            550   1.4e-42  141.5   0.0   2   4   3.3e-14   3.7e-13   44.4   0.0   285   363    81   165    80   172 0.89 -
ptg000008l:850556-852727   -            724 1112002at2759        -            550   1.4e-42  141.5   0.0   3   4   5.4e-28   5.9e-27   89.9   0.0   274   427   103   275   101   279 0.85 -
ptg000008l:850556-852727   -            724 1112002at2759        -            550   1.4e-42  141.5   0.0   4   4       5.3        59   -2.5   0.0   387   419   436   469   433   473 0.85 -
ptg000010l:112400-115168   -            923 1112002at2759        -            550   1.5e-39  131.5  11.6   1   6     0.079      0.87    3.5   0.0   291   362    53   126    45   131 0.81 -
ptg000010l:112400-115168   -            923 1112002at2759        -            550   1.5e-39  131.5  11.6   2   6   1.9e-10   2.1e-09   32.0   0.7   326   403   141   222   137   237 0.85 -
ptg000010l:112400-115168   -            923 1112002at2759        -            550   1.5e-39  131.5  11.6   3   6      0.15       1.6    2.6   0.0   333   413   262   344   250   351 0.80 -
ptg000010l:112400-115168   -            923 1112002at2759        -            550   1.5e-39  131.5  11.6   4   6   1.7e-17   1.9e-16   55.2   0.3   292   402   301   417   291   429 0.84 -
ptg000010l:112400-115168   -            923 1112002at2759        -            550   1.5e-39  131.5  11.6   5   6   6.9e-14   7.6e-13   43.3   0.1   296   415   433   558   427   562 0.84 -
ptg000010l:112400-115168   -            923 1112002at2759        -            550   1.5e-39  131.5  11.6   6   6       5.1        55   -2.4   0.0   334   363   681   709   680   711 0.76 -
ptg000014l:156967-157875   -            303 1112002at2759        -            550     4e-39  130.1   8.1   1   2   1.7e-23   1.8e-22   75.1   0.1   272   416     2   160     1   180 0.83 -
ptg000014l:156967-157875   -            303 1112002at2759        -            550     4e-39  130.1   8.1   2   2   1.8e-17     2e-16   55.1   3.4   287   373   201   293   192   300 0.90 -
ptg000010l:74035-75246     -            404 1112002at2759        -            550   9.2e-39  128.9   0.9   1   4     0.033      0.37    4.8   0.1   330   363    40    72    30   140 0.70 -
ptg000010l:74035-75246     -            404 1112002at2759        -            550   9.2e-39  128.9   0.9   2   4   4.3e-16   4.7e-15   50.6   0.0   296   410   143   220   134   225 0.59 -
ptg000010l:74035-75246     -            404 1112002at2759        -            550   9.2e-39  128.9   0.9   3   4   2.2e-12   2.4e-11   38.4   0.1   296   363   226   305   221   316 0.86 -
ptg000010l:74035-75246     -            404 1112002at2759        -            550   9.2e-39  128.9   0.9   4   4   3.9e-10   4.3e-09   31.0   0.0   291   359   325   403   319   404 0.84 -
ptg000002l:605241-605888   -            216 1112002at2759        -            550   7.9e-38  125.8   2.6   1   2   4.9e-19   5.4e-18   60.3   0.1   291   372     3    89     1    91 0.89 -
ptg000002l:605241-605888   -            216 1112002at2759        -            550   7.9e-38  125.8   2.6   2   2   3.1e-21   3.4e-20   67.6   0.2   290   407    86   209    77   214 0.89 -
ptg000005l:195023-198610   -           1196 1112002at2759        -            550   1.3e-37  125.1   2.7   1   3   5.6e-10   6.2e-09   30.4   0.0   337   420    15    99    10   102 0.91 -
ptg000005l:195023-198610   -           1196 1112002at2759        -            550   1.3e-37  125.1   2.7   2   3   2.4e-12   2.6e-11   38.2   0.6   306   362   106   166    96   201 0.85 -
ptg000005l:195023-198610   -           1196 1112002at2759        -            550   1.3e-37  125.1   2.7   3   3   2.3e-17   2.6e-16   54.8   0.2   326   422   202   301   197   353 0.88 -
ptg000003l:675685-676569   -            295 1112002at2759        -            550   5.6e-35  116.4   4.9   1   3   1.6e-18   1.8e-17   58.6   0.4   296   414     1   125     1   126 0.88 -
ptg000003l:675685-676569   -            295 1112002at2759        -            550   5.6e-35  116.4   4.9   2   3   2.5e-15   2.7e-14   48.1   0.1   286   410   118   246   114   251 0.89 -
ptg000003l:675685-676569   -            295 1112002at2759        -            550   5.6e-35  116.4   4.9   3   3   7.2e-05   0.00079   13.6   0.0   322   366   250   293   247   294 0.87 -
ptg000014l:735866-737260   -            465 1112002at2759        -            550   7.5e-35  116.0  19.4   1   4   5.5e-14     6e-13   43.7   1.8   296   413    96   218    75   219 0.86 -
ptg000014l:735866-737260   -            465 1112002at2759        -            550   7.5e-35  116.0  19.4   2   4   2.3e-19   2.5e-18   61.4   4.3   289   410   131   257   130   265 0.92 -
ptg000014l:735866-737260   -            465 1112002at2759        -            550   7.5e-35  116.0  19.4   3   4   6.7e-09   7.4e-08   26.9   0.3   290   363   216   294   213   339 0.79 -
ptg000014l:735866-737260   -            465 1112002at2759        -            550   7.5e-35  116.0  19.4   4   4   2.7e-05   0.00029   15.0   0.0   291   322   348   379   342   383 0.93 -
ptg000003l:54969-55808     -            280 1112002at2759        -            550   2.9e-31  104.1   5.7   1   4    0.0025     0.028    8.4   0.0   343   405     3    68     1    73 0.72 -
ptg000003l:54969-55808     -            280 1112002at2759        -            550   2.9e-31  104.1   5.7   2   4   3.8e-14   4.1e-13   44.2   0.4   323   410    73   161    70   162 0.92 -
ptg000003l:54969-55808     -            280 1112002at2759        -            550   2.9e-31  104.1   5.7   3   4   2.2e-11   2.4e-10   35.1   0.0   324   401   158   240   156   242 0.88 -
ptg000003l:54969-55808     -            280 1112002at2759        -            550   2.9e-31  104.1   5.7   4   4   3.8e-07   4.2e-06   21.1   0.2   279   320   239   280   237   280 0.98 -
ptg000006l:551152-553032   -            627 1112002at2759        -            550   1.1e-28   95.6   3.3   1   3   2.8e-07   3.1e-06   21.5   0.0   291   361   309   384   301   395 0.57 -
ptg000006l:551152-553032   -            627 1112002at2759        -            550   1.1e-28   95.6   3.3   2   3   4.4e-15   4.9e-14   47.3   0.2   255   380   407   527   404   530 0.90 -
ptg000006l:551152-553032   -            627 1112002at2759        -            550   1.1e-28   95.6   3.3   3   3   1.1e-13   1.3e-12   42.6   0.1   305   413   489   598   482   608 0.88 -
ptg000017l:40483-40968     -            162 1112002at2759        -            550   5.2e-27   90.1   6.9   1   1   8.9e-27   9.8e-26   85.9   7.0   287   431     3   152     1   157 0.85 -
ptg000009l:290828-291799   -            324 1112002at2759        -            550   6.1e-27   89.8  11.3   1   3   9.8e-10   1.1e-08   29.6   1.9   329   404     1    78     1    89 0.82 -
ptg000009l:290828-291799   -            324 1112002at2759        -            550   6.1e-27   89.8  11.3   2   3   4.9e-12   5.4e-11   37.2   0.4   324   403   104   182   101   206 0.89 -
ptg000009l:290828-291799   -            324 1112002at2759        -            550   6.1e-27   89.8  11.3   3   3   4.4e-09   4.8e-08   27.5   0.1   309   409   192   288   185   303 0.80 -
ptg000001l:153480-154451   -            324 1112002at2759        -            550   1.8e-25   85.0  11.6   1   3   9.5e-12     1e-10   36.3   1.4   329   407     1    81     1    90 0.82 -
ptg000001l:153480-154451   -            324 1112002at2759        -            550   1.8e-25   85.0  11.6   2   3     1e-11   1.1e-10   36.2   0.7   324   403   104   182   101   195 0.90 -
ptg000001l:153480-154451   -            324 1112002at2759        -            550   1.8e-25   85.0  11.6   3   3   3.5e-06   3.8e-05   17.9   0.1   309   421   192   301   184   310 0.78 -
ptg000002l:571474-572268   -            265 1112002at2759        -            550   6.3e-25   83.2   0.6   1   2   2.3e-21   2.6e-20   68.0   0.2   290   412     5   132     2   138 0.89 -
ptg000002l:571474-572268   -            265 1112002at2759        -            550   6.3e-25   83.2   0.6   2   2   9.1e-05   0.00099   13.2   0.0   334   411   145   233   140   250 0.68 -
ptg000005l:983036-983941   -            302 1112002at2759        -            550   6.5e-25   83.2  14.5   1   3   1.5e-12   1.6e-11   38.9   2.1   282   362    21   112     1   117 0.59 -
ptg000005l:983036-983941   -            302 1112002at2759        -            550   6.5e-25   83.2  14.5   2   3   6.5e-14   7.1e-13   43.4   3.2   289   402   123   253   119   262 0.81 -
ptg000005l:983036-983941   -            302 1112002at2759        -            550   6.5e-25   83.2  14.5   3   3     0.046      0.51    4.3   0.0    58    85   273   300   264   302 0.82 -
ptg000008l:192090-194072   -            661 1112002at2759        -            550   6.9e-25   83.1   7.4   1   6     8e-11   8.7e-10   33.2   0.1   323   402    22   103     5   113 0.85 -
ptg000008l:192090-194072   -            661 1112002at2759        -            550   6.9e-25   83.1   7.4   2   6   0.00095      0.01    9.9   0.0   270   322   149   206   144   215 0.70 -
ptg000008l:192090-194072   -            661 1112002at2759        -            550   6.9e-25   83.1   7.4   3   6     0.084      0.92    3.4   0.1   369   402   249   282   244   311 0.90 -
ptg000008l:192090-194072   -            661 1112002at2759        -            550   6.9e-25   83.1   7.4   4   6    0.0043     0.047    7.7   0.0   289   336   352   399   332   408 0.84 -
ptg000008l:192090-194072   -            661 1112002at2759        -            550   6.9e-25   83.1   7.4   5   6   0.00018     0.002   12.2   0.0   289   358   525   604   521   605 0.80 -
ptg000008l:192090-194072   -            661 1112002at2759        -            550   6.9e-25   83.1   7.4   6   6   9.9e-07   1.1e-05   19.7   0.2   291   360   575   655   569   659 0.81 -
ptg000005l:1096357-1184299 -            372 1112002at2759        -            550   6.4e-23   76.6   2.3   1   3   6.1e-14   6.7e-13   43.5   0.0   322   409    10   100     5   106 0.88 -
ptg000005l:1096357-1184299 -            372 1112002at2759        -            550   6.4e-23   76.6   2.3   2   3      0.02      0.22    5.5   0.0   365   410   143   190   137   219 0.79 -
ptg000005l:1096357-1184299 -            372 1112002at2759        -            550   6.4e-23   76.6   2.3   3   3   2.6e-08   2.9e-07   24.9   0.4   341   422   260   352   254   370 0.76 -
ptg000011l:738205-739353   -            383 1112002at2759        -            550   4.7e-22   73.7   1.3   1   3   0.00028    0.0031   11.6   0.1   368   404    52    88    45    99 0.86 -
ptg000011l:738205-739353   -            383 1112002at2759        -            550   4.7e-22   73.7   1.3   2   3   4.9e-12   5.4e-11   37.2   0.0   296   424   101   244    88   262 0.80 -
ptg000011l:738205-739353   -            383 1112002at2759        -            550   4.7e-22   73.7   1.3   3   3   3.8e-07   4.1e-06   21.1   0.0   292   359   312   383   291   383 0.86 -
ptg000017l:515830-517308   -            493 1112002at2759        -            550   1.2e-21   72.4   0.2   1   3   9.4e-09     1e-07   26.4   0.0   291   361   167   243   148   251 0.82 -
ptg000017l:515830-517308   -            493 1112002at2759        -            550   1.2e-21   72.4   0.2   2   3    0.0011     0.012    9.7   0.0   115   405   266   305   255   315 0.52 -
ptg000017l:515830-517308   -            493 1112002at2759        -            550   1.2e-21   72.4   0.2   3   3   1.6e-10   1.7e-09   32.2   0.0   305   409   349   453   343   458 0.86 -
ptg000016l:182383-183129   -            249 1112002at2759        -            550   3.4e-21   70.9   1.5   1   1   1.3e-21   1.4e-20   68.9   1.5   299   420   120   241   106   244 0.87 -
ptg000002l:437065-438210   -            382 1112002at2759        -            550   2.1e-20   68.3   4.6   1   3     8e-08   8.8e-07   23.3   0.4   334   411    79   156    70   167 0.94 -
ptg000002l:437065-438210   -            382 1112002at2759        -            550   2.1e-20   68.3   4.6   2   3     1e-14   1.1e-13   46.0   0.2   324   406   208   290   201   294 0.90 -
ptg000002l:437065-438210   -            382 1112002at2759        -            550   2.1e-20   68.3   4.6   3   3       7.5        82   -3.0   0.0   104   121   315   332   311   335 0.76 -
ptg000008l:609329-610312   -            328 1112002at2759        -            550   6.8e-20   66.6   7.0   1   2   1.3e-09   1.5e-08   29.2   0.1   373   437    80   148    72   154 0.88 -
ptg000008l:609329-610312   -            328 1112002at2759        -            550   6.8e-20   66.6   7.0   2   2   4.7e-12   5.2e-11   37.3   3.2   289   434   158   318   154   327 0.81 -
ptg000002l:211685-212530   -            282 1112002at2759        -            550   1.3e-19   65.7   0.7   1   3    0.0017     0.019    9.0   0.0   334   368     2    35     1    41 0.74 -
ptg000002l:211685-212530   -            282 1112002at2759        -            550   1.3e-19   65.7   0.7   2   3   4.7e-07   5.2e-06   20.8   0.0   280   321    48    89    44   113 0.76 -
ptg000002l:211685-212530   -            282 1112002at2759        -            550   1.3e-19   65.7   0.7   3   3   9.5e-11     1e-09   33.0   0.5   288   360   114   190   107   198 0.89 -
ptg000005l:1183427-1184272 -            282 1112002at2759        -            550   1.3e-19   65.6   0.0   1   2     7e-14   7.7e-13   43.3   0.0   326   409     5    91     1    97 0.88 -
ptg000005l:1183427-1184272 -            282 1112002at2759        -            550   1.3e-19   65.6   0.0   2   2   8.1e-07   8.9e-06   20.0   0.0   290   407   138   266   127   271 0.80 -
ptg000007l:472488-472982   -            165 1112002at2759        -            550   1.9e-19   65.1   3.8   1   1   3.8e-19   4.2e-18   60.7   3.8   259   384     2   149     1   164 0.78 -
ptg000007l:535735-536775   -            347 1112002at2759        -            550   8.5e-19   63.0   0.1   1   3   7.8e-16   8.5e-15   49.8   0.1   284   387     1   108     1   140 0.87 -
ptg000007l:535735-536775   -            347 1112002at2759        -            550   8.5e-19   63.0   0.1   2   3     0.012      0.14    6.2   0.1   381   439   162   227   136   238 0.56 -
ptg000007l:535735-536775   -            347 1112002at2759        -            550   8.5e-19   63.0   0.1   3   3     0.086      0.94    3.4   0.0   318   361   280   323   275   330 0.78 -
ptg000007l:423619-425463   -            615 1112002at2759        -            550   7.1e-18   59.9   5.0   1   4      0.46         5    1.0   0.0   327   399    59    93    54   113 0.53 -
ptg000007l:423619-425463   -            615 1112002at2759        -            550   7.1e-18   59.9   5.0   2   4   5.4e-08   5.9e-07   23.9   0.2   328   426   201   308   124   311 0.71 -
ptg000007l:423619-425463   -            615 1112002at2759        -            550   7.1e-18   59.9   5.0   3   4   3.2e-05   0.00035   14.7   0.0   385   469   310   396   302   403 0.80 -
ptg000007l:423619-425463   -            615 1112002at2759        -            550   7.1e-18   59.9   5.0   4   4   1.1e-06   1.2e-05   19.6   0.0   343   401   553   612   550   615 0.90 -
ptg000004l:113078-114544   -            489 1112002at2759        -            550   1.2e-17   59.2   5.7   1   4   0.00075    0.0082   10.2   0.0   385   422    81   118    64   126 0.69 -
ptg000004l:113078-114544   -            489 1112002at2759        -            550   1.2e-17   59.2   5.7   2   4    0.0028     0.031    8.3   0.1   272   291   133   152   127   160 0.71 -
ptg000004l:113078-114544   -            489 1112002at2759        -            550   1.2e-17   59.2   5.7   3   4      0.13       1.5    2.8   0.0   353   408   199   256   185   291 0.67 -
ptg000004l:113078-114544   -            489 1112002at2759        -            550   1.2e-17   59.2   5.7   4   4   3.4e-12   3.8e-11   37.7   0.2   297   406   265   382   259   394 0.79 -
ptg000011l:822235-822987   -            251 1112002at2759        -            550   2.2e-16   55.0   5.4   1   3   5.6e-10   6.2e-09   30.4   1.5   346   433     1    99     1   125 0.86 -
ptg000011l:822235-822987   -            251 1112002at2759        -            550   2.2e-16   55.0   5.4   2   3   0.00041    0.0045   11.1   0.0   306   331   150   175   146   180 0.83 -
ptg000011l:822235-822987   -            251 1112002at2759        -            550   2.2e-16   55.0   5.4   3   3   6.6e-05   0.00072   13.7   0.3   363   419   187   242   183   248 0.86 -
ptg000008l:611280-611969   -            230 1112002at2759        -            550   2.4e-16   54.9   0.1   1   1   5.6e-17   6.1e-16   53.5   0.0   333   424     4    99     1   115 0.86 -
ptg000007l:442851-443867   -            339 1112002at2759        -            550   1.8e-15   52.0   1.8   1   3   1.3e-06   1.5e-05   19.3   0.0   332   369    17    54     9    76 0.87 -
ptg000007l:442851-443867   -            339 1112002at2759        -            550   1.8e-15   52.0   1.8   2   3   1.1e-09   1.2e-08   29.5   0.2   290   363   118   194   114   202 0.83 -
ptg000007l:442851-443867   -            339 1112002at2759        -            550   1.8e-15   52.0   1.8   3   3      0.48       5.2    0.9   0.0    71   362   287   303   249   334 0.62 -
ptg000013l:93718-94497     -            260 1112002at2759        -            550   1.6e-14   48.9   7.3   1   3   8.7e-12   9.5e-11   36.4   0.3   308   414     3   124     1   142 0.78 -
ptg000013l:93718-94497     -            260 1112002at2759        -            550   1.6e-14   48.9   7.3   2   3   0.00047    0.0051   10.9   0.5   325   419    72   188    68   195 0.65 -
ptg000013l:93718-94497     -            260 1112002at2759        -            550   1.6e-14   48.9   7.3   3   3   0.00037     0.004   11.2   1.7   308   363   152   218   149   260 0.37 -
ptg000009l:374756-375754   -            333 1112002at2759        -            550   2.8e-14   48.1   0.3   1   3   4.5e-11   4.9e-10   34.1   0.0   333   426    12   107    10   112 0.84 -
ptg000009l:374756-375754   -            333 1112002at2759        -            550   2.8e-14   48.1   0.3   2   3    0.0045      0.05    7.6   0.1   244   278   113   146   110   196 0.62 -
ptg000009l:374756-375754   -            333 1112002at2759        -            550   2.8e-14   48.1   0.3   3   3      0.15       1.6    2.6   0.0   334   368   246   281   243   306 0.58 -
ptg000003l:740309-741151   -            281 1112002at2759        -            550   8.4e-14   46.5   0.7   1   1   1.1e-14   1.2e-13   46.0   0.7   285   381   155   255   152   281 0.78 -
ptg000007l:426000-427538   -            513 1112002at2759        -            550   2.3e-13   45.0   0.0   1   3   0.00032    0.0035   11.4   0.1   327   403    36   112    23   122 0.82 -
ptg000007l:426000-427538   -            513 1112002at2759        -            550   2.3e-13   45.0   0.0   2   3   5.8e-10   6.4e-09   30.4   0.0   303   421   135   259   114   266 0.76 -
ptg000007l:426000-427538   -            513 1112002at2759        -            550   2.3e-13   45.0   0.0   3   3       2.2        24   -1.2   0.0   340   359   266   285   253   336 0.79 -
ptg000005l:690039-690629   -            197 1112002at2759        -            550   5.5e-13   43.8   1.8   1   2   4.2e-06   4.6e-05   17.6   0.1   324   361    39    77    10    88 0.82 -
ptg000005l:690039-690629   -            197 1112002at2759        -            550   5.5e-13   43.8   1.8   2   2   1.4e-08   1.5e-07   25.9   0.3   335   407    94   169    83   177 0.86 -
ptg000013l:519306-519962   -            219 1112002at2759        -            550   8.1e-13   43.2   0.0   1   1   1.6e-13   1.7e-12   42.2   0.0   324   415    28   120    25   134 0.88 -
ptg000005l:720769-721662   -            298 1112002at2759        -            550   8.8e-13   43.1   0.2   1   4   5.1e-06   5.6e-05   17.4   0.0   346   410     3    70     1    77 0.83 -
ptg000005l:720769-721662   -            298 1112002at2759        -            550   8.8e-13   43.1   0.2   2   4     0.016      0.18    5.8   0.0   329   360    99   131    87   137 0.83 -
ptg000005l:720769-721662   -            298 1112002at2759        -            550   8.8e-13   43.1   0.2   3   4     0.006     0.066    7.2   0.0    70    91   162   183   137   192 0.80 -
ptg000005l:720769-721662   -            298 1112002at2759        -            550   8.8e-13   43.1   0.2   4   4   9.9e-05    0.0011   13.1   0.3   244   323   162   241   161   247 0.76 -
ptg000008l:811323-812285   -            321 1112002at2759        -            550   1.1e-12   42.9   3.3   1   2   4.5e-10   4.9e-09   30.7   5.1   293   422    59   193    30   224 0.85 -
ptg000008l:811323-812285   -            321 1112002at2759        -            550   1.1e-12   42.9   3.3   2   2    0.0047     0.051    7.6   0.0   322   362   274   314   247   318 0.71 -
ptg000003l:859366-859917   -            184 1112002at2759        -            550   4.8e-12   40.7   0.1   1   2   3.4e-08   3.7e-07   24.6   0.4   346   403     1    61     1    70 0.86 -
ptg000003l:859366-859917   -            184 1112002at2759        -            550   4.8e-12   40.7   0.1   2   2   5.2e-05   0.00057   14.0   0.0   344   404   105   169    94   176 0.79 -
ptg000008l:788558-789565   -            336 1112002at2759        -            550   5.6e-12   40.5   5.7   1   4    0.0097      0.11    6.5   0.1   334   363     5    34     1    40 0.82 -
ptg000008l:788558-789565   -            336 1112002at2759        -            550   5.6e-12   40.5   5.7   2   4   8.9e-06   9.8e-05   16.6   0.1   289   322    44    79    38    83 0.86 -
ptg000008l:788558-789565   -            336 1112002at2759        -            550   5.6e-12   40.5   5.7   3   4     0.031      0.34    4.9   0.0   324   363   198   241   190   254 0.77 -
ptg000008l:788558-789565   -            336 1112002at2759        -            550   5.6e-12   40.5   5.7   4   4   0.00059    0.0064   10.6   0.1   366   404   291   329   282   336 0.73 -
ptg000017l:404723-405484   -            254 1112002at2759        -            550   6.9e-12   40.2   3.2   1   3   6.5e-10   7.1e-09   30.2   3.0   300   361    37   102    10   118 0.88 -
ptg000017l:404723-405484   -            254 1112002at2759        -            550   6.9e-12   40.2   3.2   2   3      0.53       5.8    0.8   0.0    38    83   142   189   136   194 0.73 -
ptg000017l:404723-405484   -            254 1112002at2759        -            550   6.9e-12   40.2   3.2   3   3     0.025      0.28    5.2   0.0   370   400   221   253   216   254 0.64 -
ptg000017l:221791-222441   -            217 1112002at2759        -            550   4.1e-11   37.6   0.0   1   1   4.9e-12   5.4e-11   37.2   0.0   245   412    13   186     4   203 0.84 -
ptg000008l:193629-194144   -            172 1112002at2759        -            550   2.1e-10   35.3   1.0   1   2     8e-06   8.7e-05   16.7   0.0   289   359    12    92     8   101 0.80 -
ptg000008l:193629-194144   -            172 1112002at2759        -            550   2.1e-10   35.3   1.0   2   2   5.4e-08   5.9e-07   23.9   0.3   291   361    62   143    57   171 0.80 -
ptg000007l:63531-64706     -            392 1112002at2759        -            550   2.8e-10   34.9   0.1   1   2   9.8e-06   0.00011   16.4   0.0   334   405    11    99     2   104 0.71 -
ptg000007l:63531-64706     -            392 1112002at2759        -            550   2.8e-10   34.9   0.1   2   2   6.4e-05    0.0007   13.7   0.0   294   360   141   211   136   221 0.89 -
ptg000009l:49293-49709     -            139 1112002at2759        -            550   4.3e-09   30.9   0.0   1   1   4.9e-10   5.4e-09   30.6   0.0   337   429    19   115    14   123 0.85 -
ptg000011l:150003-153350   -           1116 1112002at2759        -            550   4.7e-09   30.8   0.5   1   3      0.37       4.1    1.3   0.0   299   321   168   191   159   199 0.65 -
ptg000011l:150003-153350   -           1116 1112002at2759        -            550   4.7e-09   30.8   0.5   2   3   3.7e-05   0.00041   14.5   0.1    55   111   266   323   253   335 0.75 -
ptg000011l:150003-153350   -           1116 1112002at2759        -            550   4.7e-09   30.8   0.5   3   3    0.0006    0.0066   10.5   0.0   333   415   391   472   387   484 0.93 -
ptg000013l:468242-471058   -            939 1112002at2759        -            550   6.6e-09   30.3   1.3   1   4       4.3        47   -2.2   0.0   333   356   297   320   283   326 0.71 -
ptg000013l:468242-471058   -            939 1112002at2759        -            550   6.6e-09   30.3   1.3   2   4       4.4        48   -2.2   0.0   272   290   363   381   348   387 0.77 -
ptg000013l:468242-471058   -            939 1112002at2759        -            550   6.6e-09   30.3   1.3   3   4    0.0083     0.091    6.8   0.0   335   405   464   535   461   544 0.83 -
ptg000013l:468242-471058   -            939 1112002at2759        -            550   6.6e-09   30.3   1.3   4   4   7.4e-07   8.1e-06   20.1   0.2   319   404   573   659   542   691 0.69 -
ptg000007l:345700-348120   -            807 1112002at2759        -            550   9.8e-09   29.8   0.2   1   2    0.0005    0.0055   10.8   0.0   292   322   436   466   427   475 0.49 -
ptg000007l:345700-348120   -            807 1112002at2759        -            550   9.8e-09   29.8   0.2   2   2     8e-06   8.7e-05   16.7   0.1   297   400   684   806   655   807 0.76 -
ptg000002l:599587-599925   -            113 1112002at2759        -            550   1.3e-08   29.4   0.1   1   1   1.3e-09   1.4e-08   29.2   0.1   330   413     1    89     1    99 0.76 -
ptg000002l:761377-762312   -            312 1112002at2759        -            550   2.8e-08   28.3   1.8   1   3   0.00044    0.0048   11.0   0.0   303   365     8    82     1    85 0.50 -
ptg000002l:761377-762312   -            312 1112002at2759        -            550   2.8e-08   28.3   1.8   2   3    0.0084     0.093    6.7   0.1   383   410   226   253   215   272 0.83 -
ptg000002l:761377-762312   -            312 1112002at2759        -            550   2.8e-08   28.3   1.8   3   3    0.0047     0.052    7.6   0.1   392   418   283   310   269   312 0.79 -
ptg000011l:64775-65362     -            196 1112002at2759        -            550     3e-08   28.2   0.1   1   2   1.2e-06   1.3e-05   19.4   0.5   297   366    14    84     6   102 0.74 -
ptg000011l:64775-65362     -            196 1112002at2759        -            550     3e-08   28.2   0.1   2   2     0.011      0.12    6.3   0.0   289   320   155   186   152   190 0.90 -
ptg000007l:511425-511988   -            188 1112002at2759        -            550   3.2e-08   28.0   1.0   1   2    0.0011     0.012    9.7   0.5    66    87    14    35     3    80 0.70 -
ptg000007l:511425-511988   -            188 1112002at2759        -            550   3.2e-08   28.0   1.0   2   2   7.9e-06   8.6e-05   16.7   0.1   289   361    44   130    39   139 0.71 -
ptg000008l:1018474-1018920 -            149 1112002at2759        -            550   1.1e-07   26.2   0.4   1   2       3.7        41   -2.0   0.0   294   310    27    43    18    58 0.64 -
ptg000008l:1018474-1018920 -            149 1112002at2759        -            550   1.1e-07   26.2   0.4   2   2     2e-08   2.2e-07   25.3   0.1   370   417    82   129    73   140 0.93 -
ptg000005l:107996-108523   -            176 1112002at2759        -            550   1.4e-07   25.9   0.7   1   2     0.013      0.14    6.1   0.0    67   121    10    33     1    84 0.66 -
ptg000005l:107996-108523   -            176 1112002at2759        -            550   1.4e-07   25.9   0.7   2   2   6.3e-06   6.9e-05   17.1   0.4   331   400    99   176    64   176 0.75 -
ptg000010l:99656-100225    -            190 1112002at2759        -            550   2.9e-07   24.9   0.1   1   1     3e-08   3.3e-07   24.7   0.1   271   356    99   189    74   190 0.84 -
ptg000014l:208335-209225   -            297 1112002at2759        -            550   6.6e-07   23.7   0.3   1   3      0.11       1.2    3.1   0.0   347   412     2    71     1    77 0.69 -
ptg000014l:208335-209225   -            297 1112002at2759        -            550   6.6e-07   23.7   0.3   2   3    0.0035     0.038    8.0   0.0   326   362   115   152   101   175 0.81 -
ptg000014l:208335-209225   -            297 1112002at2759        -            550   6.6e-07   23.7   0.3   3   3    0.0015     0.016    9.2   0.0   370   403   261   296   256   297 0.82 -
ptg000012l:64181-65458     -            426 1112002at2759        -            550   7.8e-07   23.5   2.0   1   2   2.7e-06     3e-05   18.2   0.0   326   363    67   104    31   142 0.84 -
ptg000012l:64181-65458     -            426 1112002at2759        -            550   7.8e-07   23.5   2.0   2   2     0.073      0.81    3.6   0.3   337   401   272   342   203   347 0.75 -
ptg000010l:294374-294697   -            108 1112002at2759        -            550   3.2e-06   21.5   0.1   1   2   0.00021    0.0023   12.0   0.0   353   414     2    66     1    74 0.60 -
ptg000010l:294374-294697   -            108 1112002at2759        -            550   3.2e-06   21.5   0.1   2   2    0.0029     0.032    8.2   0.0    56    85    78   107    67   108 0.60 -
ptg000007l:471801-472148   -            116 1112002at2759        -            550   6.7e-06   20.4   0.0   1   1   1.2e-06   1.3e-05   19.5   0.0   296   400     1   116     1   116 0.75 -
ptg000005l:502786-503223   -            146 1112002at2759        -            550   7.6e-06   20.2   0.1   1   1   3.6e-05   0.00039   14.6   0.1   327   360    20    54    14    62 0.69 -
ptg000016l:66635-67927     -            431 1112002at2759        -            550     1e-05   19.8   0.1   1   2   4.1e-06   4.5e-05   17.7   0.1   322   402    56   139    49   192 0.83 -
ptg000016l:66635-67927     -            431 1112002at2759        -            550     1e-05   19.8   0.1   2   2       1.7        18   -0.9   0.0   245   258   221   234   208   246 0.67 -
ptg000005l:176363-176875   -            171 1112002at2759        -            550   1.5e-05   19.3   0.0   1   2    0.0033     0.036    8.1   0.0   300   322     5    28     1    34 0.68 -
ptg000005l:176363-176875   -            171 1112002at2759        -            550   1.5e-05   19.3   0.0   2   2     0.002     0.022    8.8   0.0   332   362    56    86    46    97 0.90 -
ptg000009l:326062-326490   -            143 1112002at2759        -            550   2.7e-05   18.4   0.0   1   1   3.4e-06   3.7e-05   17.9   0.0    50    93     6    50     3    54 0.87 -
ptg000017l:411484-412194   -            237 1112002at2759        -            550   0.00033   14.8   0.0   1   2   0.00024    0.0027   11.8   0.0   322   361    19    58    15    63 0.90 -
ptg000017l:411484-412194   -            237 1112002at2759        -            550   0.00033   14.8   0.0   2   2      0.66       7.3    0.5   0.0   337   364   171   198   169   204 0.73 -
ptg000014l:606609-607874   -            422 1112002at2759        -            550   0.00041   14.5   0.2   1   2      0.64       7.1    0.5   0.0   373   410    64   101    57   104 0.86 -
ptg000014l:606609-607874   -            422 1112002at2759        -            550   0.00041   14.5   0.2   2   2   0.00049    0.0054   10.8   0.0   324   406   246   329   241   340 0.82 -
ptg000011l:829155-829352   -             66 1112002at2759        -            550   0.00044   14.4   0.1   1   1   4.8e-05   0.00052   14.2   0.1   345   377     5    38     1    66 0.49 -
ptg000005l:767210-768541   -            444 1112002at2759        -            550   0.00052   14.2   0.5   1   2      0.38       4.2    1.3   0.0    63    89   110   136   106   149 0.87 -
ptg000005l:767210-768541   -            444 1112002at2759        -            550   0.00052   14.2   0.5   2   2   0.00059    0.0064   10.6   0.4   336   411   203   279   188   282 0.85 -
ptg000011l:766689-766877   -             63 1112002at2759        -            550   0.00083   13.5   0.1   1   2    0.0021     0.023    8.7   0.0   274   307     2    35     1    42 0.82 -
ptg000011l:766689-766877   -             63 1112002at2759        -            550   0.00083   13.5   0.1   2   2     0.069      0.76    3.7   0.0    67    85    44    62    34    63 0.72 -
ptg000006l:446634-447668   -            345 1112002at2759        -            550    0.0013   12.9   0.0   1   3     0.011      0.12    6.4   0.0   334   363     5    34     2    95 0.74 -
ptg000006l:446634-447668   -            345 1112002at2759        -            550    0.0013   12.9   0.0   2   3       4.2        47   -2.2   0.0    64    86   229   251   219   278 0.61 -
ptg000006l:446634-447668   -            345 1112002at2759        -            550    0.0013   12.9   0.0   3   3      0.16       1.8    2.5   0.0   334   359   319   344   269   345 0.80 -
#
# Program:         hmmsearch
# Version:         3.1b2 (February 2015)
# Pipeline mode:   SEARCH
# Query file:      /home/inf-41-2022/Assembly/busco_downloads/lineages/eukaryota_odb10/hmms/1112002at2759.hmm
# Target file:     /home/inf-41-2022/Assembly/Busco/auto_lineage/run_eukaryota_odb10/metaeuk_output/initial_results/output.bp.p_ctg.fa.modified.fas
# Option settings: hmmsearch --domtblout /home/inf-41-2022/Assembly/Busco/auto_lineage/run_eukaryota_odb10/hmmer_output/initial_run_results/1112002at2759.out --cpu 1 /home/inf-41-2022/Assembly/busco_downloads/lineages/eukaryota_odb10/hmms/1112002at2759.hmm /home/inf-41-2022/Assembly/Busco/auto_lineage/run_eukaryota_odb10/metaeuk_output/initial_results/output.bp.p_ctg.fa.modified.fas 
# Current dir:     /home/inf-41-2022/Assembly
# Date:            Thu Feb 23 23:08:04 2023
# [ok]
