#                                                                                  --- full sequence --- -------------- this domain -------------   hmm coord   ali coord   env coord
# target name              accession   tlen query name           accession   qlen   E-value  score  bias   #  of  c-Evalue  i-Evalue  score  bias  from    to  from    to  from    to  acc description of target
#      ------------------- ---------- ----- -------------------- ---------- ----- --------- ------ ----- --- --- --------- --------- ------ ----- ----- ----- ----- ----- ----- ----- ---- ---------------------
ptg000007l:679996-681570   -            525 392369at2759         -            352  1.6e-128  424.2   2.1   1   3   3.2e-18   8.5e-16   53.4   0.0     7    51    53    99    40   129 0.80 -
ptg000007l:679996-681570   -            525 392369at2759         -            352  1.6e-128  424.2   2.1   2   3   8.5e-87   2.3e-84  279.0   0.4    51   278   131   414   122   425 0.83 -
ptg000007l:679996-681570   -            525 392369at2759         -            352  1.6e-128  424.2   2.1   3   3   1.8e-27   4.8e-25   83.9   0.0   280   352   442   525   437   525 0.94 -
ptg000006l:581443-582516   -            358 392369at2759         -            352   0.00047   14.8   0.0   1   3    0.0036      0.95    3.9   0.0    10    47    39    80    33    92 0.72 -
ptg000006l:581443-582516   -            358 392369at2759         -            352   0.00047   14.8   0.0   2   3    0.0002     0.054    8.0   0.0    75   108   143   176   134   202 0.80 -
ptg000006l:581443-582516   -            358 392369at2759         -            352   0.00047   14.8   0.0   3   3      0.43   1.1e+02   -2.9   0.0    61    99   222   260   210   282 0.59 -
ptg000008l:1015731-1016534 -            268 392369at2759         -            352    0.0026   12.4   0.0   1   1   1.4e-05    0.0038   11.9   0.0   106   173    41   116    21   128 0.72 -
#
# Program:         hmmsearch
# Version:         3.1b2 (February 2015)
# Pipeline mode:   SEARCH
# Query file:      /home/inf-41-2022/Assembly/busco_downloads/lineages/eukaryota_odb10/hmms/392369at2759.hmm
# Target file:     /home/inf-41-2022/Assembly/Busco/auto_lineage/run_eukaryota_odb10/metaeuk_output/initial_results/output.bp.p_ctg.fa.modified.fas
# Option settings: hmmsearch --domtblout /home/inf-41-2022/Assembly/Busco/auto_lineage/run_eukaryota_odb10/hmmer_output/initial_run_results/392369at2759.out --cpu 1 /home/inf-41-2022/Assembly/busco_downloads/lineages/eukaryota_odb10/hmms/392369at2759.hmm /home/inf-41-2022/Assembly/Busco/auto_lineage/run_eukaryota_odb10/metaeuk_output/initial_results/output.bp.p_ctg.fa.modified.fas 
# Current dir:     /home/inf-41-2022/Assembly
# Date:            Thu Feb 23 23:08:12 2023
# [ok]
