#                                                                                  --- full sequence --- -------------- this domain -------------   hmm coord   ali coord   env coord
# target name              accession   tlen query name           accession   qlen   E-value  score  bias   #  of  c-Evalue  i-Evalue  score  bias  from    to  from    to  from    to  acc description of target
#      ------------------- ---------- ----- -------------------- ---------- ----- --------- ------ ----- --- --- --------- --------- ------ ----- ----- ----- ----- ----- ----- ----- ---- ---------------------
ptg000007l:426000-427538   -            513 621827at2759         -            349   7.5e-77  254.2   0.8   1   3   2.9e-66   3.5e-65  215.9   0.2     1   260    21   337    21   352 0.83 -
ptg000007l:426000-427538   -            513 621827at2759         -            349   7.5e-77  254.2   0.8   2   3     1e-11   1.2e-10   36.5   0.0   253   330   381   471   374   487 0.86 -
ptg000007l:426000-427538   -            513 621827at2759         -            349   7.5e-77  254.2   0.8   3   3       6.8        81   -2.4   0.0   327   348   488   512   475   513 0.67 -
ptg000004l:379415-382225   -            937 621827at2759         -            349   5.9e-35  116.5  17.8   1   6       8.9   1.1e+02   -2.8   0.0   167   186    40    59    36    61 0.75 -
ptg000004l:379415-382225   -            937 621827at2759         -            349   5.9e-35  116.5  17.8   2   6   2.7e-08   3.3e-07   25.2   0.0    52   122    87   167    75   174 0.87 -
ptg000004l:379415-382225   -            937 621827at2759         -            349   5.9e-35  116.5  17.8   3   6   3.3e-11     4e-10   34.8   0.4    90   144   175   230   170   236 0.94 -
ptg000004l:379415-382225   -            937 621827at2759         -            349   5.9e-35  116.5  17.8   4   6   7.2e-08   8.6e-07   23.8   0.1    44   150   391   507   381   519 0.79 -
ptg000004l:379415-382225   -            937 621827at2759         -            349   5.9e-35  116.5  17.8   5   6   0.00018    0.0021   12.7   0.1    45   128   532   625   519   628 0.80 -
ptg000004l:379415-382225   -            937 621827at2759         -            349   5.9e-35  116.5  17.8   6   6   2.7e-11   3.2e-10   35.1   2.2    49   145   578   686   575   699 0.85 -
ptg000006l:551152-553032   -            627 621827at2759         -            349   7.9e-34  112.8   0.7   1   3   1.2e-06   1.5e-05   19.8   0.0    98   151   333   389   326   395 0.87 -
ptg000006l:551152-553032   -            627 621827at2759         -            349   7.9e-34  112.8   0.7   2   3   1.4e-08   1.7e-07   26.1   0.0   107   150   404   447   396   465 0.88 -
ptg000006l:551152-553032   -            627 621827at2759         -            349   7.9e-34  112.8   0.7   3   3   7.1e-20   8.5e-19   63.3   0.2    92   183   492   588   484   611 0.88 -
ptg000010l:93638-94624     -            329 621827at2759         -            349   5.7e-31  103.4  14.1   1   3   1.2e-11   1.4e-10   36.3   0.1    87   147    10    73     5    79 0.88 -
ptg000010l:93638-94624     -            329 621827at2759         -            349   5.7e-31  103.4  14.1   2   3   5.9e-11   7.1e-10   34.0   1.3    92   147   107   164   104   170 0.87 -
ptg000010l:93638-94624     -            329 621827at2759         -            349   5.7e-31  103.4  14.1   3   3   8.6e-12     1e-10   36.7   1.5    89   181   227   329   213   329 0.76 -
ptg000010l:74035-75246     -            404 621827at2759         -            349   2.8e-30  101.1   1.8   1   4      0.19       2.3    2.7   0.0    44    71    41    67    29    84 0.66 -
ptg000010l:74035-75246     -            404 621827at2759         -            349   2.8e-30  101.1   1.8   2   4   2.3e-19   2.7e-18   61.7   0.0    21   151   113   259    94   266 0.80 -
ptg000010l:74035-75246     -            404 621827at2759         -            349   2.8e-30  101.1   1.8   3   4     1e-05   0.00012   16.7   0.1   114   146   269   303   261   308 0.85 -
ptg000010l:74035-75246     -            404 621827at2759         -            349   2.8e-30  101.1   1.8   4   4   1.1e-05   0.00014   16.6   0.0    83   143   333   402   322   404 0.82 -
ptg000005l:195023-198610   -           1196 621827at2759         -            349   1.3e-29   98.9   6.2   1   3   8.2e-10   9.8e-09   30.2   0.0    65   128    30   103     4   106 0.82 -
ptg000005l:195023-198610   -           1196 621827at2759         -            349   1.3e-29   98.9   6.2   2   3   8.4e-13     1e-11   40.1   0.4    91   146   107   165   102   174 0.86 -
ptg000005l:195023-198610   -           1196 621827at2759         -            349   1.3e-29   98.9   6.2   3   3     1e-09   1.2e-08   29.9   0.1    79   147   203   282   196   293 0.79 -
ptg000016l:182383-183129   -            249 621827at2759         -            349   1.9e-29   98.4   7.7   1   3   1.2e-07   1.4e-06   23.1   0.0   109   145   107   143    98   146 0.91 -
ptg000016l:182383-183129   -            249 621827at2759         -            349   1.9e-29   98.4   7.7   2   3   8.4e-13     1e-11   40.1   0.1    77   144   110   182   108   185 0.89 -
ptg000016l:182383-183129   -            249 621827at2759         -            349   1.9e-29   98.4   7.7   3   3   4.3e-16   5.1e-15   50.9   2.0    70   151   143   231   143   246 0.86 -
ptg000009l:290828-291799   -            324 621827at2759         -            349   6.2e-29   96.7   7.3   1   3   9.1e-12   1.1e-10   36.7   0.3    91   145    16    75     1    86 0.79 -
ptg000009l:290828-291799   -            324 621827at2759         -            349   6.2e-29   96.7   7.3   2   3   3.5e-12   4.2e-11   38.0   0.4    78   148   106   183   102   187 0.84 -
ptg000009l:290828-291799   -            324 621827at2759         -            349   6.2e-29   96.7   7.3   3   3   3.6e-08   4.3e-07   24.8   0.1    88   147   222   282   200   308 0.64 -
ptg000017l:515830-517308   -            493 621827at2759         -            349   1.1e-27   92.6   0.6   1   4   2.6e-08   3.2e-07   25.3   0.0    96   151   189   248   183   259 0.80 -
ptg000017l:515830-517308   -            493 621827at2759         -            349   1.1e-27   92.6   0.6   2   4   4.4e-05   0.00053   14.7   0.0   108   147   264   303   258   312 0.88 -
ptg000017l:515830-517308   -            493 621827at2759         -            349   1.1e-27   92.6   0.6   3   4   3.2e-13   3.8e-12   41.5   0.1    92   152   352   413   347   418 0.89 -
ptg000017l:515830-517308   -            493 621827at2759         -            349   1.1e-27   92.6   0.6   4   4     0.018      0.21    6.1   0.0    54    74   426   446   419   457 0.87 -
ptg000010l:112400-115168   -            923 621827at2759         -            349   2.1e-27   91.6  11.1   1   8   0.00018    0.0022   12.7   0.0   159   242    20   112    18   130 0.78 -
ptg000010l:112400-115168   -            923 621827at2759         -            349   2.1e-27   91.6  11.1   2   8   1.6e-06     2e-05   19.4   0.9    89   144   158   219   145   223 0.84 -
ptg000010l:112400-115168   -            923 621827at2759         -            349   2.1e-27   91.6  11.1   3   8       0.1       1.2    3.6   0.0    41    89   257   308   244   356 0.84 -
ptg000010l:112400-115168   -            923 621827at2759         -            349   2.1e-27   91.6  11.1   4   8   9.7e-10   1.2e-08   30.0   0.2    92   145   360   416   357   425 0.88 -
ptg000010l:112400-115168   -            923 621827at2759         -            349   2.1e-27   91.6  11.1   5   8   7.9e-06   9.4e-05   17.1   0.1    97   144   451   501   441   513 0.83 -
ptg000010l:112400-115168   -            923 621827at2759         -            349   2.1e-27   91.6  11.1   6   8     0.038      0.46    5.0   0.0    49    77   520   548   514   555 0.86 -
ptg000010l:112400-115168   -            923 621827at2759         -            349   2.1e-27   91.6  11.1   7   8      0.53       6.3    1.3   0.0    48    73   581   606   567   618 0.80 -
ptg000010l:112400-115168   -            923 621827at2759         -            349   2.1e-27   91.6  11.1   8   8       4.5        54   -1.8   0.0    10    38   675   707   672   714 0.49 -
ptg000002l:605241-605888   -            216 621827at2759         -            349   2.2e-27   91.5   2.8   1   3   9.6e-12   1.1e-10   36.6   0.4    89   163    17    99     2   101 0.79 -
ptg000002l:605241-605888   -            216 621827at2759         -            349   2.2e-27   91.5   2.8   2   3     3e-07   3.5e-06   21.8   0.0    74   129    80   142    78   144 0.82 -
ptg000002l:605241-605888   -            216 621827at2759         -            349   2.2e-27   91.5   2.8   3   3   1.2e-11   1.5e-10   36.3   0.0    77   149   125   207   124   211 0.78 -
ptg000008l:850556-852727   -            724 621827at2759         -            349   2.8e-27   91.2   0.9   1   3   7.7e-12   9.3e-11   36.9   0.4    65   144    26   117     1   119 0.76 -
ptg000008l:850556-852727   -            724 621827at2759         -            349   2.8e-27   91.2   0.9   2   3   7.9e-12   9.5e-11   36.9   0.0    89   144   101   161    96   166 0.83 -
ptg000008l:850556-852727   -            724 621827at2759         -            349   2.8e-27   91.2   0.9   3   3   4.3e-10   5.1e-09   31.2   0.0    91   147   192   251   186   261 0.87 -
ptg000001l:153480-154451   -            324 621827at2759         -            349   4.4e-27   90.6   8.1   1   3   9.8e-12   1.2e-10   36.6   0.2    91   145    16    75     1    89 0.83 -
ptg000001l:153480-154451   -            324 621827at2759         -            349   4.4e-27   90.6   8.1   2   3   7.1e-12   8.5e-11   37.0   0.8    79   148   107   183   102   186 0.83 -
ptg000001l:153480-154451   -            324 621827at2759         -            349   4.4e-27   90.6   8.1   3   3     1e-06   1.2e-05   20.1   0.0   111   187   206   286   203   313 0.72 -
ptg000003l:675685-676569   -            295 621827at2759         -            349   8.6e-26   86.3   7.5   1   3   8.7e-06    0.0001   17.0   0.1    90   128    12    51     7    54 0.87 -
ptg000003l:675685-676569   -            295 621827at2759         -            349   8.6e-26   86.3   7.5   2   3   1.1e-20   1.3e-19   66.0   3.1    90   210    54   188    50   239 0.72 -
ptg000003l:675685-676569   -            295 621827at2759         -            349   8.6e-26   86.3   7.5   3   3      0.59       7.1    1.1   0.0   120   144   260   286   223   293 0.68 -
ptg000014l:156967-157875   -            303 621827at2759         -            349   4.4e-25   84.0   8.8   1   3   2.7e-08   3.2e-07   25.3   0.1   129   203     3    88     1    90 0.80 -
ptg000014l:156967-157875   -            303 621827at2759         -            349   4.4e-25   84.0   8.8   2   3   4.3e-12   5.2e-11   37.7   0.0   101   188    55   152    55   155 0.80 -
ptg000014l:156967-157875   -            303 621827at2759         -            349   4.4e-25   84.0   8.8   3   3   1.1e-09   1.3e-08   29.8   4.4    47   147   162   281   152   288 0.76 -
ptg000013l:113422-115872   -            817 621827at2759         -            349   5.8e-24   80.3   9.6   1   6      0.05       0.6    4.6   0.1   192   252    63   128    24   141 0.71 -
ptg000013l:113422-115872   -            817 621827at2759         -            349   5.8e-24   80.3   9.6   2   6   7.4e-08   8.8e-07   23.8   0.1    56   196   114   288    79   302 0.71 -
ptg000013l:113422-115872   -            817 621827at2759         -            349   5.8e-24   80.3   9.6   3   6      0.43       5.2    1.5   0.1    91   143   402   466   393   466 0.67 -
ptg000013l:113422-115872   -            817 621827at2759         -            349   5.8e-24   80.3   9.6   4   6   6.8e-09   8.1e-08   27.2   0.3    90   181   452   562   446   564 0.73 -
ptg000013l:113422-115872   -            817 621827at2759         -            349   5.8e-24   80.3   9.6   5   6   8.4e-11     1e-09   33.5   0.1    57   144   546   645   540   657 0.83 -
ptg000013l:113422-115872   -            817 621827at2759         -            349   5.8e-24   80.3   9.6   6   6       1.2        14    0.1   0.1   288   346   720   781   716   784 0.73 -
ptg000011l:822235-822987   -            251 621827at2759         -            349   9.9e-21   69.7   3.6   1   3   4.1e-12   4.9e-11   37.8   0.5    76   142    25   100     1   127 0.78 -
ptg000011l:822235-822987   -            251 621827at2759         -            349   9.9e-21   69.7   3.6   2   3     0.002     0.024    9.2   0.0    87   109   147   169   136   176 0.83 -
ptg000011l:822235-822987   -            251 621827at2759         -            349   9.9e-21   69.7   3.6   3   3     2e-07   2.4e-06   22.4   0.1    88   125   205   244   185   249 0.76 -
ptg000003l:54969-55808     -            280 621827at2759         -            349     8e-19   63.4   0.9   1   2   3.5e-15   4.1e-14   47.9   0.1    89   213    93   235    39   239 0.75 -
ptg000003l:54969-55808     -            280 621827at2759         -            349     8e-19   63.4   0.9   2   2     7e-06   8.4e-05   17.3   0.2    92   143   226   280   223   280 0.86 -
ptg000007l:442851-443867   -            339 621827at2759         -            349   1.8e-17   58.9   1.8   1   4   7.9e-05   0.00095   13.8   0.0    38    73    10    45     4    47 0.84 -
ptg000007l:442851-443867   -            339 621827at2759         -            349   1.8e-17   58.9   1.8   2   4   8.7e-13     1e-11   40.0   0.4    70   150   108   199   105   222 0.80 -
ptg000007l:442851-443867   -            339 621827at2759         -            349   1.8e-17   58.9   1.8   3   4       1.5        18   -0.2   0.0   219   252   196   230   193   259 0.80 -
ptg000007l:442851-443867   -            339 621827at2759         -            349   1.8e-17   58.9   1.8   4   4      0.53       6.3    1.3   0.0    92   112   287   307   272   315 0.65 -
ptg000014l:735866-737260   -            465 621827at2759         -            349   1.5e-16   56.0   4.3   1   3   7.1e-05   0.00085   14.0   0.2    42   129    91   188    83   190 0.82 -
ptg000014l:735866-737260   -            465 621827at2759         -            349   1.5e-16   56.0   4.3   2   3   2.8e-13   3.3e-12   41.6   1.7    41   147   131   250   123   263 0.83 -
ptg000014l:735866-737260   -            465 621827at2759         -            349   1.5e-16   56.0   4.3   3   3   0.00033    0.0039   11.8   0.1    90   172   275   369   257   381 0.67 -
ptg000017l:40483-40968     -            162 621827at2759         -            349   1.9e-16   55.6   3.4   1   3   1.1e-05   0.00014   16.6   0.1   112   144     3    35     1    41 0.92 -
ptg000017l:40483-40968     -            162 621827at2759         -            349   1.9e-16   55.6   3.4   2   3   8.6e-08     1e-06   23.6   0.5    79   146    43   118    36   119 0.75 -
ptg000017l:40483-40968     -            162 621827at2759         -            349   1.9e-16   55.6   3.4   3   3   1.2e-08   1.4e-07   26.4   0.2    89   144   100   157    81   160 0.83 -
ptg000009l:374756-375754   -            333 621827at2759         -            349   6.3e-16   53.9   0.1   1   3    0.0051      0.06    7.9   0.1   130   146    25    41     4    53 0.79 -
ptg000009l:374756-375754   -            333 621827at2759         -            349   6.3e-16   53.9   0.1   2   3   5.8e-12   6.9e-11   37.3   0.0    92   183    69   169    48   186 0.81 -
ptg000009l:374756-375754   -            333 621827at2759         -            349   6.3e-16   53.9   0.1   3   3     0.042      0.51    4.9   0.0   155   182   245   273   241   279 0.85 -
ptg000005l:1183427-1184272 -            282 621827at2759         -            349   6.9e-16   53.8   0.1   1   3   3.3e-11     4e-10   34.8   0.0    90   147    24    85     2    95 0.87 -
ptg000005l:1183427-1184272 -            282 621827at2759         -            349   6.9e-16   53.8   0.1   2   3   0.00013    0.0015   13.2   0.0    83   150   103   175    97   213 0.80 -
ptg000005l:1183427-1184272 -            282 621827at2759         -            349   6.9e-16   53.8   0.1   3   3      0.25       2.9    2.4   0.0    49    83   236   270   219   275 0.84 -
ptg000005l:1096357-1184299 -            372 621827at2759         -            349   1.5e-15   52.7   5.9   1   4   5.1e-11   6.2e-10   34.2   0.1    90   147    33    94    10   107 0.85 -
ptg000005l:1096357-1184299 -            372 621827at2759         -            349   1.5e-15   52.7   5.9   2   4      0.37       4.4    1.8   0.0    83   141   112   175   108   181 0.77 -
ptg000005l:1096357-1184299 -            372 621827at2759         -            349   1.5e-15   52.7   5.9   3   4       1.2        15    0.1   0.0   228   250   207   229   177   235 0.79 -
ptg000005l:1096357-1184299 -            372 621827at2759         -            349   1.5e-15   52.7   5.9   4   4   2.4e-05   0.00028   15.6   0.1   128   213   262   368   253   370 0.70 -
ptg000002l:437065-438210   -            382 621827at2759         -            349   3.6e-15   51.4   0.6   1   2   2.4e-05   0.00029   15.5   0.0    42   112    74   152    68   159 0.83 -
ptg000002l:437065-438210   -            382 621827at2759         -            349   3.6e-15   51.4   0.6   2   2   1.6e-10   1.9e-09   32.6   0.1    81   182   213   328   180   335 0.73 -
ptg000002l:571474-572268   -            265 621827at2759         -            349   1.4e-14   49.5   0.3   1   2   1.2e-14   1.5e-13   46.1   0.3    51   185    15   175     4   181 0.77 -
ptg000002l:571474-572268   -            265 621827at2759         -            349   1.4e-14   49.5   0.3   2   2      0.13       1.5    3.3   0.0   131   158   157   187   145   197 0.65 -
ptg000004l:113078-114544   -            489 621827at2759         -            349   1.5e-14   49.4  11.9   1   5     0.027      0.33    5.5   0.0    92   127    83   119    72   124 0.81 -
ptg000004l:113078-114544   -            489 621827at2759         -            349   1.5e-14   49.4  11.9   2   5   6.1e-06   7.3e-05   17.5   0.3    80   120   124   165   121   170 0.78 -
ptg000004l:113078-114544   -            489 621827at2759         -            349   1.5e-14   49.4  11.9   3   5     0.013      0.15    6.6   0.0    99   148   199   252   165   264 0.71 -
ptg000004l:113078-114544   -            489 621827at2759         -            349   1.5e-14   49.4  11.9   4   5   1.3e-05   0.00015   16.5   0.4    85   146   271   335   258   344 0.81 -
ptg000004l:113078-114544   -            489 621827at2759         -            349   1.5e-14   49.4  11.9   5   5     0.005     0.059    7.9   0.1    89   105   360   376   341   393 0.76 -
ptg000005l:983036-983941   -            302 621827at2759         -            349   2.9e-13   45.1  11.3   1   4   5.5e-05   0.00066   14.4   0.3    94   145     3    61     1    66 0.71 -
ptg000005l:983036-983941   -            302 621827at2759         -            349   2.9e-13   45.1  11.3   2   4   1.4e-08   1.6e-07   26.2   0.5    68   143    66   154    60   159 0.79 -
ptg000005l:983036-983941   -            302 621827at2759         -            349   2.9e-13   45.1  11.3   3   4    0.0023     0.027    9.1   0.2   112   143   165   200   155   205 0.53 -
ptg000005l:983036-983941   -            302 621827at2759         -            349   2.9e-13   45.1  11.3   4   4      0.53       6.4    1.3   0.0    89   107   283   301   236   302 0.60 -
ptg000007l:535735-536775   -            347 621827at2759         -            349   4.4e-13   44.5   0.9   1   4   1.4e-10   1.6e-09   32.8   0.1    79   174     6   114     2   131 0.78 -
ptg000007l:535735-536775   -            347 621827at2759         -            349   4.4e-13   44.5   0.9   2   4     0.012      0.15    6.6   0.2    45    75   154   184   115   237 0.68 -
ptg000007l:535735-536775   -            347 621827at2759         -            349   4.4e-13   44.5   0.9   3   4      0.01      0.12    6.9   0.1    47   129   156   207   144   266 0.56 -
ptg000007l:535735-536775   -            347 621827at2759         -            349   4.4e-13   44.5   0.9   4   4      0.46       5.4    1.5   0.0   228   263   295   330   287   343 0.82 -
ptg000007l:472488-472982   -            165 621827at2759         -            349     5e-13   44.4   2.5   1   2       0.4       4.8    1.7   0.0   187   213     3    31     1    41 0.51 -
ptg000007l:472488-472982   -            165 621827at2759         -            349     5e-13   44.4   2.5   2   2   4.1e-13   4.9e-12   41.1   1.7    75   148    46   128    41   164 0.73 -
ptg000011l:738205-739353   -            383 621827at2759         -            349   5.9e-13   44.1   3.5   1   3     0.038      0.45    5.0   0.0   128   248    68   121    17   142 0.51 -
ptg000011l:738205-739353   -            383 621827at2759         -            349   5.9e-13   44.1   3.5   2   3   2.1e-07   2.5e-06   22.3   0.2    90   181   157   263   135   266 0.78 -
ptg000011l:738205-739353   -            383 621827at2759         -            349   5.9e-13   44.1   3.5   3   3    0.0001    0.0012   13.5   0.1    93   143   329   382   323   383 0.85 -
ptg000008l:609329-610312   -            328 621827at2759         -            349     7e-13   43.9   6.1   1   3     0.039      0.47    5.0   0.0   217   253    70   106    49   112 0.83 -
ptg000008l:609329-610312   -            328 621827at2759         -            349     7e-13   43.9   6.1   2   3     3e-06   3.5e-05   18.5   0.3   100   147   102   150   100   159 0.88 -
ptg000008l:609329-610312   -            328 621827at2759         -            349     7e-13   43.9   6.1   3   3   1.8e-08   2.2e-07   25.8   0.6    92   214   177   317   153   324 0.74 -
ptg000017l:221791-222441   -            217 621827at2759         -            349   1.5e-12   42.8   0.3   1   2    0.0013     0.016    9.8   0.0    49    73     3    27     1    35 0.92 -
ptg000017l:221791-222441   -            217 621827at2759         -            349   1.5e-12   42.8   0.3   2   2   5.9e-10   7.1e-09   30.7   0.1    75   153    97   186    90   214 0.75 -
ptg000008l:192090-194072   -            661 621827at2759         -            349   2.3e-12   42.2   3.5   1   4   2.1e-06   2.5e-05   19.0   0.5    78   143    25   100    18   105 0.75 -
ptg000008l:192090-194072   -            661 621827at2759         -            349   2.3e-12   42.2   3.5   2   4    0.0008    0.0096   10.5   0.0   111   148   166   209   141   275 0.87 -
ptg000008l:192090-194072   -            661 621827at2759         -            349   2.3e-12   42.2   3.5   3   4       1.1        14    0.2   0.0    86   109   419   441   415   448 0.81 -
ptg000008l:192090-194072   -            661 621827at2759         -            349   2.3e-12   42.2   3.5   4   4    0.0056     0.067    7.8   0.1    90   143   590   653   574   657 0.75 -
ptg000008l:811323-812285   -            321 621827at2759         -            349   5.3e-12   41.0   2.0   1   2   8.5e-09     1e-07   26.9   0.4    40   184    54   220    33   242 0.74 -
ptg000008l:811323-812285   -            321 621827at2759         -            349   5.3e-12   41.0   2.0   2   2   4.8e-07   5.8e-06   21.1   0.1    58   145   114   217   112   311 0.77 -
ptg000005l:720769-721662   -            298 621827at2759         -            349   1.1e-11   39.9   0.1   1   4   0.00042    0.0051   11.4   0.0    97   157     8    76     2    91 0.74 -
ptg000005l:720769-721662   -            298 621827at2759         -            349   1.1e-11   39.9   0.1   2   4     1e-05   0.00012   16.8   0.0    88   156   113   188   104   199 0.76 -
ptg000005l:720769-721662   -            298 621827at2759         -            349   1.1e-11   39.9   0.1   3   4    0.0096      0.11    7.0   0.1   120   143   212   238   196   243 0.74 -
ptg000005l:720769-721662   -            298 621827at2759         -            349   1.1e-11   39.9   0.1   4   4       3.2        38   -1.3   0.0   103   142   254   297   242   298 0.74 -
ptg000007l:423619-425463   -            615 621827at2759         -            349   1.1e-10   36.7   2.7   1   3   0.00017     0.002   12.8   0.1    90   158   220   294   210   315 0.78 -
ptg000007l:423619-425463   -            615 621827at2759         -            349   1.1e-10   36.7   2.7   2   3   1.8e-05   0.00021   16.0   0.3    92   249   312   467   309   486 0.78 -
ptg000007l:423619-425463   -            615 621827at2759         -            349   1.1e-10   36.7   2.7   3   3     0.022      0.26    5.8   0.0   127   182   552   613   544   615 0.75 -
ptg000013l:93718-94497     -            260 621827at2759         -            349   2.2e-10   35.6   2.6   1   2   1.3e-07   1.6e-06   23.0   0.1    92   181     3   109     1   117 0.76 -
ptg000013l:93718-94497     -            260 621827at2759         -            349   2.2e-10   35.6   2.6   2   2   0.00027    0.0033   12.1   0.6    82   143   143   213   135   260 0.77 -
ptg000003l:740309-741151   -            281 621827at2759         -            349   4.7e-10   34.6   1.7   1   3       7.2        86   -2.5   0.0   190   206    31    47     4    58 0.48 -
ptg000003l:740309-741151   -            281 621827at2759         -            349   4.7e-10   34.6   1.7   2   3       1.2        14    0.1   0.0   101   127   145   172   134   175 0.78 -
ptg000003l:740309-741151   -            281 621827at2759         -            349   4.7e-10   34.6   1.7   3   3   2.3e-10   2.7e-09   32.1   1.5    90   159   176   252   147   275 0.80 -
ptg000013l:519306-519962   -            219 621827at2759         -            349     2e-09   32.5   0.1   1   1   2.7e-10   3.2e-09   31.8   0.1    73   156    25   117    23   157 0.73 -
ptg000003l:859366-859917   -            184 621827at2759         -            349     3e-09   31.9   0.4   1   2   1.7e-07     2e-06   22.6   0.3    92   149     1    63     1    85 0.87 -
ptg000003l:859366-859917   -            184 621827at2759         -            349     3e-09   31.9   0.4   2   2    0.0056     0.067    7.7   0.0    90   109   150   169   107   176 0.77 -
ptg000002l:211685-212530   -            282 621827at2759         -            349   1.4e-08   29.8   2.7   1   4    0.0039     0.047    8.3   0.0    49    79     4    35     1    41 0.78 -
ptg000002l:211685-212530   -            282 621827at2759         -            349   1.4e-08   29.8   2.7   2   4    0.0055     0.066    7.8   0.0    90   112    74    96    52   107 0.74 -
ptg000002l:211685-212530   -            282 621827at2759         -            349   1.4e-08   29.8   2.7   3   4     0.059      0.71    4.4   0.1   143   180   109   147    99   153 0.86 -
ptg000002l:211685-212530   -            282 621827at2759         -            349   1.4e-08   29.8   2.7   4   4    0.0004    0.0048   11.5   0.3    91   151   133   196   129   211 0.81 -
ptg000017l:404723-405484   -            254 621827at2759         -            349   3.3e-08   28.5   3.0   1   3   6.8e-09   8.1e-08   27.2   0.6    87   151    40   104    32   128 0.82 -
ptg000017l:404723-405484   -            254 621827at2759         -            349   3.3e-08   28.5   3.0   2   3       2.4        29   -0.9   0.0    23    47   131   155   126   160 0.86 -
ptg000017l:404723-405484   -            254 621827at2759         -            349   3.3e-08   28.5   3.0   3   3       2.2        26   -0.8   0.0    90   105   238   253   219   254 0.67 -
ptg000013l:468242-471058   -            939 621827at2759         -            349   1.3e-07   26.5   4.3   1   3       2.7        33   -1.1   0.0    39   248   243   271   193   295 0.70 -
ptg000013l:468242-471058   -            939 621827at2759         -            349   1.3e-07   26.5   4.3   2   3    0.0016      0.02    9.5   0.0   141   237   441   554   427   564 0.67 -
ptg000013l:468242-471058   -            939 621827at2759         -            349   1.3e-07   26.5   4.3   3   3   1.1e-05   0.00013   16.7   0.2    97   184   563   659   553   683 0.75 -
ptg000008l:788558-789565   -            336 621827at2759         -            349   2.7e-07   25.5   2.5   1   3   0.00012    0.0015   13.2   1.5    91   144    16    78    11    81 0.75 -
ptg000008l:788558-789565   -            336 621827at2759         -            349   2.7e-07   25.5   2.5   2   3      0.14       1.7    3.1   0.0   113   145   200   238   192   246 0.72 -
ptg000008l:788558-789565   -            336 621827at2759         -            349   2.7e-07   25.5   2.5   3   3     0.017       0.2    6.2   0.0    75   146   289   327   268   335 0.55 -
ptg000005l:690039-690629   -            197 621827at2759         -            349   3.5e-07   25.1   4.1   1   1   4.1e-07   4.9e-06   21.4   3.9    90   214    15   159     6   167 0.76 -
ptg000002l:761377-762312   -            312 621827at2759         -            349   7.5e-07   24.0   0.3   1   3    0.0036     0.044    8.4   0.0    89   112    60    83    10    86 0.62 -
ptg000002l:761377-762312   -            312 621827at2759         -            349   7.5e-07   24.0   0.3   2   3      0.72       8.6    0.8   0.0   219   263    94   138    89   143 0.84 -
ptg000002l:761377-762312   -            312 621827at2759         -            349   7.5e-07   24.0   0.3   3   3     0.002     0.024    9.2   0.0    82   149   220   296   213   309 0.75 -
ptg000007l:511425-511988   -            188 621827at2759         -            349   8.2e-07   23.9   0.8   1   2   0.00016    0.0019   12.8   0.2   127   173    15    68     4    86 0.63 -
ptg000007l:511425-511988   -            188 621827at2759         -            349   8.2e-07   23.9   0.8   2   2   0.00075    0.0089   10.6   0.1    92   146    64   130    57   138 0.71 -
ptg000011l:766689-766877   -             63 621827at2759         -            349   1.2e-06   23.3   0.1   1   1   1.4e-07   1.6e-06   22.9   0.1    92   146     3    63     1    63 0.77 -
ptg000005l:176363-176875   -            171 621827at2759         -            349   1.3e-06   23.3   0.0   1   2   0.00021    0.0025   12.5   0.0   128   149    11    32     6    35 0.87 -
ptg000005l:176363-176875   -            171 621827at2759         -            349   1.3e-06   23.3   0.0   2   2    0.0027     0.032    8.8   0.1   121   148    58    87    36   105 0.72 -
ptg000017l:411484-412194   -            237 621827at2759         -            349   1.8e-06   22.8   0.0   1   2   3.8e-06   4.6e-05   18.2   0.0   101   147    10    59     3    87 0.79 -
ptg000017l:411484-412194   -            237 621827at2759         -            349   1.8e-06   22.8   0.0   2   2      0.33       3.9    1.9   0.0    49    73   170   194   162   199 0.89 -
ptg000008l:611280-611969   -            230 621827at2759         -            349   2.1e-06   22.6   0.0   1   2   2.8e-06   3.3e-05   18.6   0.0    92   145    17    73     2    88 0.63 -
ptg000008l:611280-611969   -            230 621827at2759         -            349   2.1e-06   22.6   0.0   2   2      0.47       5.6    1.4   0.0    56    75   122   141   106   224 0.64 -
ptg000007l:471801-472148   -            116 621827at2759         -            349   3.4e-06   21.9   0.0   1   2   9.7e-05    0.0012   13.5   0.0    92   142    13    64     9    74 0.83 -
ptg000007l:471801-472148   -            116 621827at2759         -            349   3.4e-06   21.9   0.0   2   2     0.012      0.14    6.7   0.0    46    72    90   116    82   116 0.87 -
ptg000009l:49293-49709     -            139 621827at2759         -            349   4.9e-06   21.4   0.0   1   1   5.2e-07   6.2e-06   21.0   0.0    85   148    22    90     9    96 0.84 -
ptg000007l:345700-348120   -            807 621827at2759         -            349     7e-06   20.8   1.3   1   3   0.00099     0.012   10.2   0.0   114   146   433   467   427   479 0.75 -
ptg000007l:345700-348120   -            807 621827at2759         -            349     7e-06   20.8   1.3   2   3    0.0044     0.052    8.1   0.1    96   155   699   762   691   785 0.80 -
ptg000007l:345700-348120   -            807 621827at2759         -            349     7e-06   20.8   1.3   3   3       3.7        44   -1.5   0.0    90   104   791   805   783   806 0.89 -
ptg000011l:829155-829352   -             66 621827at2759         -            349   7.9e-06   20.7   0.3   1   1   4.4e-06   5.2e-05   18.0   0.1   129   149     4    24     2    30 0.85 -
ptg000014l:208335-209225   -            297 621827at2759         -            349   2.3e-05   19.2   0.7   1   3      0.48       5.7    1.4   0.0   129   148    45    63    10    90 0.75 -
ptg000014l:208335-209225   -            297 621827at2759         -            349   2.3e-05   19.2   0.7   2   3   0.00018    0.0022   12.6   0.3   101   146   105   151    94   163 0.77 -
ptg000014l:208335-209225   -            297 621827at2759         -            349   2.3e-05   19.2   0.7   3   3      0.38       4.6    1.7   0.0    86   105   274   293   261   297 0.75 -
ptg000010l:294374-294697   -            108 621827at2759         -            349   2.9e-05   18.8   0.0   1   2    0.0013     0.016    9.8   0.0   100   145     3    53     1    62 0.64 -
ptg000010l:294374-294697   -            108 621827at2759         -            349   2.9e-05   18.8   0.0   2   2    0.0018     0.021    9.4   0.0    92   144    39   106    39   108 0.53 -
ptg000011l:764391-766739   -            213 621827at2759         -            349   5.4e-05   17.9   0.3   1   2    0.0014     0.017    9.7   0.0   123   148    32    57     1    91 0.81 -
ptg000011l:764391-766739   -            213 621827at2759         -            349   5.4e-05   17.9   0.3   2   2     0.015      0.17    6.4   0.0    89   105   196   212   173   213 0.69 -
ptg000005l:502786-503223   -            146 621827at2759         -            349   6.7e-05   17.6   0.2   1   2   3.4e-05   0.00041   15.0   0.1   128   151    37    60    13   120 0.70 -
ptg000005l:502786-503223   -            146 621827at2759         -            349   6.7e-05   17.6   0.2   2   2      0.65       7.7    1.0   0.0    57    72   130   145    99   146 0.57 -
ptg000011l:64775-65362     -            196 621827at2759         -            349   7.6e-05   17.4   0.0   1   2   1.7e-05   0.00021   16.0   0.1   111   148    41    81    11    92 0.75 -
ptg000011l:64775-65362     -            196 621827at2759         -            349   7.6e-05   17.4   0.0   2   2       5.6        67   -2.1   0.0   230   249   163   182   142   187 0.60 -
ptg000006l:446634-447668   -            345 621827at2759         -            349    0.0001   17.0   0.0   1   3    0.0032     0.038    8.6   0.0   127   186    13    85     4    93 0.59 -
ptg000006l:446634-447668   -            345 621827at2759         -            349    0.0001   17.0   0.0   2   3      0.65       7.8    1.0   0.0   233   256   228   251   210   276 0.65 -
ptg000006l:446634-447668   -            345 621827at2759         -            349    0.0001   17.0   0.0   3   3      0.15       1.8    3.0   0.0    47    72   319   344   304   345 0.85 -
ptg000007l:63531-64706     -            392 621827at2759         -            349   0.00014   16.6   0.2   1   4      0.71       8.5    0.8   0.0   165   182    23    40     6    47 0.63 -
ptg000007l:63531-64706     -            392 621827at2759         -            349   0.00014   16.6   0.2   2   4     0.086         1    3.9   0.0    72   105    55    94    43   104 0.66 -
ptg000007l:63531-64706     -            392 621827at2759         -            349   0.00014   16.6   0.2   3   4     0.016      0.19    6.3   0.0    92   143   155   209   146   216 0.78 -
ptg000007l:63531-64706     -            392 621827at2759         -            349   0.00014   16.6   0.2   4   4         2        24   -0.6   0.0   158   181   331   354   329   391 0.49 -
ptg000016l:66635-67927     -            431 621827at2759         -            349    0.0015   13.2   0.0   1   2    0.0017      0.02    9.5   0.0    96   145    43    94    41    98 0.88 -
ptg000016l:66635-67927     -            431 621827at2759         -            349    0.0015   13.2   0.0   2   2       1.3        16   -0.0   0.0    44    70   109   135   102   140 0.85 -
ptg000008l:193629-194144   -            172 621827at2759         -            349    0.0023   12.6   0.5   1   1   0.00066    0.0078   10.8   0.2    90   144    77   141    68   146 0.74 -
ptg000008l:955501-955905   -            135 621827at2759         -            349    0.0029   12.2   0.0   1   2       1.1        13    0.2   0.0    50    77     6    33     1    48 0.82 -
ptg000008l:955501-955905   -            135 621827at2759         -            349    0.0029   12.2   0.0   2   2    0.0013     0.015    9.9   0.0    84   115    69    99    59   103 0.86 -
ptg000002l:599587-599925   -            113 621827at2759         -            349     0.005   11.5   0.0   1   1   0.00053    0.0064   11.1   0.0    92   147    18    79     5    90 0.70 -
#
# Program:         hmmsearch
# Version:         3.1b2 (February 2015)
# Pipeline mode:   SEARCH
# Query file:      /home/inf-41-2022/Assembly/busco_downloads/lineages/eukaryota_odb10/hmms/621827at2759.hmm
# Target file:     /home/inf-41-2022/Assembly/Busco/auto_lineage/run_eukaryota_odb10/metaeuk_output/initial_results/output.bp.p_ctg.fa.modified.fas
# Option settings: hmmsearch --domtblout /home/inf-41-2022/Assembly/Busco/auto_lineage/run_eukaryota_odb10/hmmer_output/initial_run_results/621827at2759.out --cpu 1 /home/inf-41-2022/Assembly/busco_downloads/lineages/eukaryota_odb10/hmms/621827at2759.hmm /home/inf-41-2022/Assembly/Busco/auto_lineage/run_eukaryota_odb10/metaeuk_output/initial_results/output.bp.p_ctg.fa.modified.fas 
# Current dir:     /home/inf-41-2022/Assembly
# Date:            Thu Feb 23 23:08:14 2023
# [ok]
