#                                                                                --- full sequence --- -------------- this domain -------------   hmm coord   ali coord   env coord
# target name            accession   tlen query name           accession   qlen   E-value  score  bias   #  of  c-Evalue  i-Evalue  score  bias  from    to  from    to  from    to  acc description of target
#    ------------------- ---------- ----- -------------------- ---------- ----- --------- ------ ----- --- --- --------- --------- ------ ----- ----- ----- ----- ----- ----- ----- ---- ---------------------
ptg000007l:673559-674689 -            377 687505at2759         -            225   6.9e-42  139.1  14.5   1   3   1.2e-28   8.1e-27   89.8   2.8     2    71    21    94    20    96 0.94 -
ptg000007l:673559-674689 -            377 687505at2759         -            225   6.9e-42  139.1  14.5   2   3   4.2e-05    0.0028   12.8   0.1    76   126   136   193   129   203 0.74 -
ptg000007l:673559-674689 -            377 687505at2759         -            225   6.9e-42  139.1  14.5   3   3     3e-13     2e-11   39.5   1.4   109   220   216   366   193   371 0.72 -
ptg000014l:270845-272071 -            409 687505at2759         -            225   5.3e-38  126.4  14.5   1   4   7.3e-27   4.9e-25   84.0   0.2     3    70     5    75     3    78 0.94 -
ptg000014l:270845-272071 -            409 687505at2759         -            225   5.3e-38  126.4  14.5   2   4   2.7e-05    0.0018   13.4   0.1    77   110   111   144    92   169 0.72 -
ptg000014l:270845-272071 -            409 687505at2759         -            225   5.3e-38  126.4  14.5   3   4     0.067       4.5    2.3   0.9   100   124   166   191   155   197 0.78 -
ptg000014l:270845-272071 -            409 687505at2759         -            225   5.3e-38  126.4  14.5   4   4   1.7e-11   1.1e-09   33.8   0.9   117   220   200   339   194   344 0.76 -
ptg000014l:158398-159426 -            343 687505at2759         -            225     1e-25   86.2   2.3   1   2   1.1e-19   7.6e-18   60.5   0.1     6    69     1    65     1    69 0.92 -
ptg000014l:158398-159426 -            343 687505at2759         -            225     1e-25   86.2   2.3   2   2   6.8e-08   4.6e-06   21.9   0.2    81   219   174   332   171   338 0.65 -
ptg000004l:300478-301671 -            398 687505at2759         -            225   8.6e-25   83.2  10.0   1   6     8e-20   5.4e-18   61.0   0.7     5    68     4    74     1    81 0.87 -
ptg000004l:300478-301671 -            398 687505at2759         -            225   8.6e-25   83.2  10.0   2   6   0.00011    0.0073   11.5   0.1    80   119   124   154   118   188 0.76 -
ptg000004l:300478-301671 -            398 687505at2759         -            225   8.6e-25   83.2  10.0   3   6       1.1        76   -1.7   0.0   107   124   189   208   179   214 0.77 -
ptg000004l:300478-301671 -            398 687505at2759         -            225   8.6e-25   83.2  10.0   4   6     0.013      0.87    4.7   0.1   118   174   222   287   217   290 0.65 -
ptg000004l:300478-301671 -            398 687505at2759         -            225   8.6e-25   83.2  10.0   5   6    0.0014     0.091    7.9   0.0   164   193   295   326   293   345 0.76 -
ptg000004l:300478-301671 -            398 687505at2759         -            225   8.6e-25   83.2  10.0   6   6       1.3        87   -1.9   0.0   202   219   356   373   351   378 0.84 -
ptg000014l:295274-296551 -            426 687505at2759         -            225   1.7e-24   82.2  12.2   1   4   1.3e-19   8.9e-18   60.2   1.5     3    66     5    72     3    81 0.88 -
ptg000014l:295274-296551 -            426 687505at2759         -            225   1.7e-24   82.2  12.2   2   4   1.2e-07   8.1e-06   21.1   0.2    78   129   175   231   157   235 0.88 -
ptg000014l:295274-296551 -            426 687505at2759         -            225   1.7e-24   82.2  12.2   3   4     0.014      0.94    4.6   0.1   117   153   261   302   249   335 0.68 -
ptg000014l:295274-296551 -            426 687505at2759         -            225   1.7e-24   82.2  12.2   4   4      0.19        13    0.8   0.0   206   219   400   413   382   419 0.85 -
ptg000007l:555991-556401 -            137 687505at2759         -            225   7.1e-23   76.9   0.1   1   1   1.2e-24   7.8e-23   76.8   0.1     3    70     7    77     5   106 0.91 -
ptg000001l:165750-166976 -            409 687505at2759         -            225   4.4e-22   74.3  13.3   1   4   1.6e-22     1e-20   69.8   1.7     3    66     3    69     1    73 0.94 -
ptg000001l:165750-166976 -            409 687505at2759         -            225   4.4e-22   74.3  13.3   2   4    0.0027      0.18    6.9   0.0    68   124   131   196   125   203 0.64 -
ptg000001l:165750-166976 -            409 687505at2759         -            225   4.4e-22   74.3  13.3   3   4      0.59        39   -0.8   2.0   108   129   202   223   196   239 0.71 -
ptg000001l:165750-166976 -            409 687505at2759         -            225   4.4e-22   74.3  13.3   4   4     0.039       2.6    3.1   0.2   115   144   225   258   217   376 0.82 -
ptg000009l:249222-249497 -             92 687505at2759         -            225   9.2e-21   70.0   0.2   1   1   1.6e-22   1.1e-20   69.8   0.2     4    75     1    77     1    81 0.87 -
ptg000016l:82902-83177   -             92 687505at2759         -            225   2.7e-20   68.5   0.5   1   1   4.5e-22     3e-20   68.3   0.5     4    72     1    74     1    84 0.86 -
ptg000014l:555468-557237 -            590 687505at2759         -            225   1.9e-18   62.4   0.9   1   3   2.9e-20   1.9e-18   62.4   0.9     4    71     4    76     1    94 0.90 -
ptg000014l:555468-557237 -            590 687505at2759         -            225   1.9e-18   62.4   0.9   2   3       1.5     1e+02   -2.1   1.1   113   113   335   335   259   424 0.61 -
ptg000014l:555468-557237 -            590 687505at2759         -            225   1.9e-18   62.4   0.9   3   3       1.3        85   -1.8   1.6   118   151   453   486   337   505 0.61 -
ptg000008l:31406-31978   -            191 687505at2759         -            225   1.5e-07   26.8   0.1   1   1   3.3e-09   2.2e-07   26.2   0.1     4    64     1    71     1    74 0.76 -
ptg000008l:643153-643704 -            184 687505at2759         -            225    0.0008   14.6   0.1   1   1   2.5e-05    0.0017   13.5   0.1    17    61    33    78    29    81 0.85 -
#
# Program:         hmmsearch
# Version:         3.1b2 (February 2015)
# Pipeline mode:   SEARCH
# Query file:      /home/inf-41-2022/Assembly/busco_downloads/lineages/eukaryota_odb10/hmms/687505at2759.hmm
# Target file:     /home/inf-41-2022/Assembly/Busco/auto_lineage/run_eukaryota_odb10/metaeuk_output/initial_results/output.bp.p_ctg.fa.modified.fas
# Option settings: hmmsearch --domtblout /home/inf-41-2022/Assembly/Busco/auto_lineage/run_eukaryota_odb10/hmmer_output/initial_run_results/687505at2759.out --cpu 1 /home/inf-41-2022/Assembly/busco_downloads/lineages/eukaryota_odb10/hmms/687505at2759.hmm /home/inf-41-2022/Assembly/Busco/auto_lineage/run_eukaryota_odb10/metaeuk_output/initial_results/output.bp.p_ctg.fa.modified.fas 
# Current dir:     /home/inf-41-2022/Assembly
# Date:            Thu Feb 23 23:08:15 2023
# [ok]
