#                                                                                --- full sequence --- -------------- this domain -------------   hmm coord   ali coord   env coord
# target name            accession   tlen query name           accession   qlen   E-value  score  bias   #  of  c-Evalue  i-Evalue  score  bias  from    to  from    to  from    to  acc description of target
#    ------------------- ---------- ----- -------------------- ---------- ----- --------- ------ ----- --- --- --------- --------- ------ ----- ----- ----- ----- ----- ----- ----- ---- ---------------------
ptg000003l:121338-122993 -            552 891751at2759         -            251   4.1e-73  241.7  14.8   1   3      0.37     1e+02   -2.0   0.0    20    37   184   201   173   221 0.85 -
ptg000003l:121338-122993 -            552 891751at2759         -            251   4.1e-73  241.7  14.8   2   3   1.5e-60   4.1e-58  192.6   7.2    46   202   251   423   245   438 0.88 -
ptg000003l:121338-122993 -            552 891751at2759         -            251   4.1e-73  241.7  14.8   3   3   4.7e-18   1.3e-15   53.4   0.2   198   249   444   500   434   502 0.88 -
ptg000005l:557690-560764 -           1025 891751at2759         -            251   2.1e-13   46.1   1.0   1   2     6e-07   0.00016   17.0   0.5    92   203   594   707   546   716 0.80 -
ptg000005l:557690-560764 -           1025 891751at2759         -            251   2.1e-13   46.1   1.0   2   2   5.4e-10   1.5e-07   27.0   0.0   195   237   721   763   719   773 0.91 -
ptg000004l:140114-142102 -            663 891751at2759         -            251   6.1e-11   38.0   0.2   1   2      0.18        48   -0.9   0.1    94   124   471   506   381   526 0.72 -
ptg000004l:140114-142102 -            663 891751at2759         -            251   6.1e-11   38.0   0.2   2   2   1.1e-12   2.9e-10   35.8   0.0   124   240   533   656   529   661 0.85 -
#
# Program:         hmmsearch
# Version:         3.1b2 (February 2015)
# Pipeline mode:   SEARCH
# Query file:      /home/inf-41-2022/Assembly/busco_downloads/lineages/eukaryota_odb10/hmms/891751at2759.hmm
# Target file:     /home/inf-41-2022/Assembly/Busco/auto_lineage/run_eukaryota_odb10/metaeuk_output/initial_results/output.bp.p_ctg.fa.modified.fas
# Option settings: hmmsearch --domtblout /home/inf-41-2022/Assembly/Busco/auto_lineage/run_eukaryota_odb10/hmmer_output/initial_run_results/891751at2759.out --cpu 1 /home/inf-41-2022/Assembly/busco_downloads/lineages/eukaryota_odb10/hmms/891751at2759.hmm /home/inf-41-2022/Assembly/Busco/auto_lineage/run_eukaryota_odb10/metaeuk_output/initial_results/output.bp.p_ctg.fa.modified.fas 
# Current dir:     /home/inf-41-2022/Assembly
# Date:            Thu Feb 23 23:08:17 2023
# [ok]
