#                                                                            --- full sequence --- -------------- this domain -------------   hmm coord   ali coord   env coord
# target name        accession   tlen query name           accession   qlen   E-value  score  bias   #  of  c-Evalue  i-Evalue  score  bias  from    to  from    to  from    to  acc description of target
#------------------- ---------- ----- -------------------- ---------- ----- --------- ------ ----- --- --- --------- --------- ------ ----- ----- ----- ----- ----- ----- ----- ---- ---------------------
ptg000002l_26        -            461 115808at2157         -            300   6.2e-13   47.4   0.0   1   3   0.00034      0.24    9.3   0.0     4    32     4    32     1    34 0.92 # 40457 # 41839 # 1 # ID=2_26;partial=00;start_type=ATG;rbs_motif=None;rbs_spacer=None;gc_cont=0.386
ptg000002l_26        -            461 115808at2157         -            300   6.2e-13   47.4   0.0   2   3   2.6e-08   1.8e-05   22.8   0.0    74   142   100   181    94   190 0.93 # 40457 # 41839 # 1 # ID=2_26;partial=00;start_type=ATG;rbs_motif=None;rbs_spacer=None;gc_cont=0.386
ptg000002l_26        -            461 115808at2157         -            300   6.2e-13   47.4   0.0   3   3   7.4e-05     0.053   11.5   0.0   209   256   305   351   289   386 0.76 # 40457 # 41839 # 1 # ID=2_26;partial=00;start_type=ATG;rbs_motif=None;rbs_spacer=None;gc_cont=0.386
ptg000008l_58        -            474 115808at2157         -            300     1e-12   46.7   0.0   1   3    0.0017       1.2    7.0   0.0     3    22    22    41    20    52 0.90 # 90328 # 91749 # 1 # ID=8_58;partial=00;start_type=ATG;rbs_motif=None;rbs_spacer=None;gc_cont=0.404
ptg000008l_58        -            474 115808at2157         -            300     1e-12   46.7   0.0   2   3   1.2e-05    0.0083   14.1   0.0    96   154   150   220   130   226 0.87 # 90328 # 91749 # 1 # ID=8_58;partial=00;start_type=ATG;rbs_motif=None;rbs_spacer=None;gc_cont=0.404
ptg000008l_58        -            474 115808at2157         -            300     1e-12   46.7   0.0   3   3   5.4e-08   3.8e-05   21.8   0.0   197   247   345   397   336   405 0.80 # 90328 # 91749 # 1 # ID=8_58;partial=00;start_type=ATG;rbs_motif=None;rbs_spacer=None;gc_cont=0.404
ptg000008l_161       -            497 115808at2157         -            300   4.3e-10   38.0   0.1   1   3   2.4e-06    0.0017   16.4   0.1     3    38    19    54    18    60 0.94 # 245851 # 247341 # 1 # ID=8_161;partial=00;start_type=ATG;rbs_motif=None;rbs_spacer=None;gc_cont=0.412
ptg000008l_161       -            497 115808at2157         -            300   4.3e-10   38.0   0.1   2   3   0.00087      0.62    8.0   0.0   110   143   190   223   169   244 0.82 # 245851 # 247341 # 1 # ID=8_161;partial=00;start_type=ATG;rbs_motif=None;rbs_spacer=None;gc_cont=0.412
ptg000008l_161       -            497 115808at2157         -            300   4.3e-10   38.0   0.1   3   3   0.00025      0.18    9.7   0.0   213   256   330   373   322   387 0.83 # 245851 # 247341 # 1 # ID=8_161;partial=00;start_type=ATG;rbs_motif=None;rbs_spacer=None;gc_cont=0.412
ptg000001l_108       -            500 115808at2157         -            300   7.8e-06   24.1   0.8   1   3   1.2e-06   0.00088   17.3   0.0     3    34    27    58    25    59 0.95 # 168690 # 170189 # 1 # ID=1_108;partial=00;start_type=ATG;rbs_motif=None;rbs_spacer=None;gc_cont=0.421
ptg000001l_108       -            500 115808at2157         -            300   7.8e-06   24.1   0.8   2   3      0.16   1.1e+02    0.5   0.0     5    32   207   234   205   237 0.92 # 168690 # 170189 # 1 # ID=1_108;partial=00;start_type=ATG;rbs_motif=None;rbs_spacer=None;gc_cont=0.421
ptg000001l_108       -            500 115808at2157         -            300   7.8e-06   24.1   0.8   3   3     0.057        41    2.0   0.1    95   134   256   309   242   318 0.78 # 168690 # 170189 # 1 # ID=1_108;partial=00;start_type=ATG;rbs_motif=None;rbs_spacer=None;gc_cont=0.421
ptg000016l_280       -            650 115808at2157         -            300   0.00095   17.2   0.1   1   2   0.00017      0.12   10.3   0.0     2    33    67    98    66    99 0.95 # 392837 # 394786 # 1 # ID=16_280;partial=00;start_type=ATG;rbs_motif=None;rbs_spacer=None;gc_cont=0.486
ptg000016l_280       -            650 115808at2157         -            300   0.00095   17.2   0.1   2   2    0.0092       6.5    4.6   0.0    84   134   224   289   219   300 0.88 # 392837 # 394786 # 1 # ID=16_280;partial=00;start_type=ATG;rbs_motif=None;rbs_spacer=None;gc_cont=0.486
ptg000011l_667       -            632 115808at2157         -            300    0.0074   14.3   0.4   1   3    0.0013      0.92    7.4   0.0     3    23    63    83    61   102 0.81 # 1002410 # 1004305 # 1 # ID=11_667;partial=00;start_type=ATG;rbs_motif=None;rbs_spacer=None;gc_cont=0.419
ptg000011l_667       -            632 115808at2157         -            300    0.0074   14.3   0.4   2   3     0.025        18    3.2   0.0    69   139   161   255   154   268 0.83 # 1002410 # 1004305 # 1 # ID=11_667;partial=00;start_type=ATG;rbs_motif=None;rbs_spacer=None;gc_cont=0.419
ptg000011l_667       -            632 115808at2157         -            300    0.0074   14.3   0.4   3   3      0.36   2.6e+02   -0.6   0.1   214   248   380   414   377   417 0.91 # 1002410 # 1004305 # 1 # ID=11_667;partial=00;start_type=ATG;rbs_motif=None;rbs_spacer=None;gc_cont=0.419
ptg000003l_379       -            484 115808at2157         -            300     0.013   13.5   0.0   1   1   6.6e-05     0.047   11.7   0.0     2    34    23    55    22    62 0.94 # 565845 # 567296 # -1 # ID=3_379;partial=00;start_type=ATG;rbs_motif=None;rbs_spacer=None;gc_cont=0.402
ptg000003l_282       -            500 115808at2157         -            300     0.014   13.3   0.0   1   2    0.0003      0.21    9.5   0.0     3    35    18    50    16   165 0.75 # 422578 # 424077 # 1 # ID=3_282;partial=00;start_type=ATG;rbs_motif=None;rbs_spacer=None;gc_cont=0.465
ptg000003l_282       -            500 115808at2157         -            300     0.014   13.3   0.0   2   2      0.12        82    1.0   0.0     4    34   192   222   190   223 0.93 # 422578 # 424077 # 1 # ID=3_282;partial=00;start_type=ATG;rbs_motif=None;rbs_spacer=None;gc_cont=0.465
ptg000008l_212       -            327 115808at2157         -            300     0.028   12.4   0.0   1   1   6.6e-05     0.047   11.6   0.0     3    35    66   100    65   102 0.90 # 315748 # 316728 # -1 # ID=8_212;partial=00;start_type=ATG;rbs_motif=None;rbs_spacer=None;gc_cont=0.444
ptg000017l_113       -            641 115808at2157         -            300     0.033   12.2   0.0   1   1   9.5e-05     0.067   11.1   0.0     2    32    52    82    51    88 0.93 # 176332 # 178254 # -1 # ID=17_113;partial=00;start_type=ATG;rbs_motif=AAGAA;rbs_spacer=11bp;gc_cont=0.458
ptg000006l_258       -            635 115808at2157         -            300     0.038   12.0   0.0   1   1   8.5e-05      0.06   11.3   0.0     2    32    46    76    45    82 0.93 # 400675 # 402579 # -1 # ID=6_258;partial=00;start_type=ATG;rbs_motif=AATAA;rbs_spacer=3bp;gc_cont=0.445
ptg000005l_107       -           2146 115808at2157         -            300     0.047   11.6   0.0   1   1   0.00014     0.097   10.6   0.0     5    34  1785  1814  1782  1828 0.92 # 149663 # 156100 # -1 # ID=5_107;partial=00;start_type=ATG;rbs_motif=AAGAA;rbs_spacer=3bp;gc_cont=0.401
#
# Program:         hmmsearch
# Version:         3.1b2 (February 2015)
# Pipeline mode:   SEARCH
# Query file:      /home/inf-41-2022/Assembly/busco_downloads/lineages/archaea_odb10/hmms/115808at2157.hmm
# Target file:     /home/inf-41-2022/Assembly/Busco/prodigal_output/predicted_genes/predicted.faa
# Option settings: hmmsearch --domtblout /home/inf-41-2022/Assembly/Busco/auto_lineage/run_archaea_odb10/hmmer_output/115808at2157.out --cpu 1 /home/inf-41-2022/Assembly/busco_downloads/lineages/archaea_odb10/hmms/115808at2157.hmm /home/inf-41-2022/Assembly/Busco/prodigal_output/predicted_genes/predicted.faa 
# Current dir:     /home/inf-41-2022/Assembly
# Date:            Thu Feb 23 22:59:35 2023
# [ok]
