#                                                                            --- full sequence --- -------------- this domain -------------   hmm coord   ali coord   env coord
# target name        accession   tlen query name           accession   qlen   E-value  score  bias   #  of  c-Evalue  i-Evalue  score  bias  from    to  from    to  from    to  acc description of target
#------------------- ---------- ----- -------------------- ---------- ----- --------- ------ ----- --- --- --------- --------- ------ ----- ----- ----- ----- ----- ----- ----- ---- ---------------------
ptg000008l_553       -            117 121171at2157         -             97     1e-05   24.9   3.5   1   2     0.042        71    2.9   0.6    19    46     4    31     1    49 0.69 # 790894 # 791244 # -1 # ID=8_553;partial=00;start_type=ATG;rbs_motif=None;rbs_spacer=None;gc_cont=0.425
ptg000008l_553       -            117 121171at2157         -             97     1e-05   24.9   3.5   2   2   2.1e-08   3.6e-05   23.1   0.1    55    96    71   113    59   114 0.85 # 790894 # 791244 # -1 # ID=8_553;partial=00;start_type=ATG;rbs_motif=None;rbs_spacer=None;gc_cont=0.425
ptg000011l_74        -            139 121171at2157         -             97    0.0058   16.0   0.3   1   2   8.4e-06     0.014   14.8   0.1    73    97    51    75    49    75 0.92 # 94039 # 94455 # -1 # ID=11_74;partial=00;start_type=TTG;rbs_motif=AACAA;rbs_spacer=7bp;gc_cont=0.446
ptg000011l_74        -            139 121171at2157         -             97    0.0058   16.0   0.3   2   2       2.2   3.7e+03   -2.6   0.0    10    21   102   113    96   127 0.69 # 94039 # 94455 # -1 # ID=11_74;partial=00;start_type=TTG;rbs_motif=AACAA;rbs_spacer=7bp;gc_cont=0.446
ptg000014l_477       -            139 121171at2157         -             97    0.0058   16.0   0.3   1   2   8.4e-06     0.014   14.8   0.1    73    97    51    75    49    75 0.92 # 713894 # 714310 # 1 # ID=14_477;partial=00;start_type=TTG;rbs_motif=AACAA;rbs_spacer=7bp;gc_cont=0.463
ptg000014l_477       -            139 121171at2157         -             97    0.0058   16.0   0.3   2   2       2.2   3.7e+03   -2.6   0.0    10    21   102   113    96   127 0.69 # 713894 # 714310 # 1 # ID=14_477;partial=00;start_type=TTG;rbs_motif=AACAA;rbs_spacer=7bp;gc_cont=0.463
ptg000006l_306       -            828 121171at2157         -             97     0.029   13.8   0.3   1   3         5   8.5e+03   -4.1   0.0    58    69    19    30    16    33 0.83 # 486118 # 488601 # 1 # ID=6_306;partial=00;start_type=ATG;rbs_motif=AAGAA;rbs_spacer=3bp;gc_cont=0.360
ptg000006l_306       -            828 121171at2157         -             97     0.029   13.8   0.3   2   3       1.3   2.2e+03   -1.9   0.0    21    50   214   243   206   260 0.64 # 486118 # 488601 # 1 # ID=6_306;partial=00;start_type=ATG;rbs_motif=AAGAA;rbs_spacer=3bp;gc_cont=0.360
ptg000006l_306       -            828 121171at2157         -             97     0.029   13.8   0.3   3   3   0.00013      0.22   11.0   0.1    55    89   654   688   645   694 0.86 # 486118 # 488601 # 1 # ID=6_306;partial=00;start_type=ATG;rbs_motif=AAGAA;rbs_spacer=3bp;gc_cont=0.360
ptg000014l_451       -            323 121171at2157         -             97     0.038   13.4   1.3   1   2      0.37   6.3e+02   -0.1   0.1    34    62   116   144    87   146 0.76 # 673778 # 674746 # 1 # ID=14_451;partial=00;start_type=ATG;rbs_motif=None;rbs_spacer=None;gc_cont=0.401
ptg000014l_451       -            323 121171at2157         -             97     0.038   13.4   1.3   2   2   8.2e-05      0.14   11.6   0.1    61    95   174   210   171   212 0.79 # 673778 # 674746 # 1 # ID=14_451;partial=00;start_type=ATG;rbs_motif=None;rbs_spacer=None;gc_cont=0.401
#
# Program:         hmmsearch
# Version:         3.1b2 (February 2015)
# Pipeline mode:   SEARCH
# Query file:      /home/inf-41-2022/Assembly/busco_downloads/lineages/archaea_odb10/hmms/121171at2157.hmm
# Target file:     /home/inf-41-2022/Assembly/Busco/prodigal_output/predicted_genes/predicted.faa
# Option settings: hmmsearch --domtblout /home/inf-41-2022/Assembly/Busco/auto_lineage/run_archaea_odb10/hmmer_output/121171at2157.out --cpu 1 /home/inf-41-2022/Assembly/busco_downloads/lineages/archaea_odb10/hmms/121171at2157.hmm /home/inf-41-2022/Assembly/Busco/prodigal_output/predicted_genes/predicted.faa 
# Current dir:     /home/inf-41-2022/Assembly
# Date:            Thu Feb 23 22:59:36 2023
# [ok]
