#                                                                            --- full sequence --- -------------- this domain -------------   hmm coord   ali coord   env coord
# target name        accession   tlen query name           accession   qlen   E-value  score  bias   #  of  c-Evalue  i-Evalue  score  bias  from    to  from    to  from    to  acc description of target
#------------------- ---------- ----- -------------------- ---------- ----- --------- ------ ----- --- --- --------- --------- ------ ----- ----- ----- ----- ----- ----- ----- ---- ---------------------
ptg000007l_38        -            274 121943at2157         -             45   4.8e-09   34.9   0.3   1   2   2.4e-11   6.9e-08   31.1   0.1     1    37   100   142   100   149 0.81 # 53095 # 53916 # -1 # ID=7_38;partial=00;start_type=ATG;rbs_motif=None;rbs_spacer=None;gc_cont=0.393
ptg000007l_38        -            274 121943at2157         -             45   4.8e-09   34.9   0.3   2   2       1.5   4.3e+03   -3.4   0.0    18    28   222   232   218   232 0.76 # 53095 # 53916 # -1 # ID=7_38;partial=00;start_type=ATG;rbs_motif=None;rbs_spacer=None;gc_cont=0.393
ptg000005l_874       -            166 121943at2157         -             45       0.1   11.4   1.5   1   3     0.036     1e+02    1.8   0.1    25    39    44    58    40    64 0.82 # 1282135 # 1282632 # 1 # ID=5_874;partial=00;start_type=ATG;rbs_motif=None;rbs_spacer=None;gc_cont=0.424
ptg000005l_874       -            166 121943at2157         -             45       0.1   11.4   1.5   2   3    0.0036        10    5.0   0.0    21    34   103   116    92   118 0.88 # 1282135 # 1282632 # 1 # ID=5_874;partial=00;start_type=ATG;rbs_motif=None;rbs_spacer=None;gc_cont=0.424
ptg000005l_874       -            166 121943at2157         -             45       0.1   11.4   1.5   3   3      0.03        84    2.1   0.0    14    38   120   143   117   143 0.81 # 1282135 # 1282632 # 1 # ID=5_874;partial=00;start_type=ATG;rbs_motif=None;rbs_spacer=None;gc_cont=0.424
ptg000009l_35        -            166 121943at2157         -             45       0.1   11.4   1.5   1   3     0.036     1e+02    1.8   0.1    25    39    44    58    40    64 0.82 # 54133 # 54630 # -1 # ID=9_35;partial=00;start_type=ATG;rbs_motif=AACAA;rbs_spacer=13bp;gc_cont=0.426
ptg000009l_35        -            166 121943at2157         -             45       0.1   11.4   1.5   2   3    0.0036        10    5.0   0.0    21    34   103   116    92   118 0.88 # 54133 # 54630 # -1 # ID=9_35;partial=00;start_type=ATG;rbs_motif=AACAA;rbs_spacer=13bp;gc_cont=0.426
ptg000009l_35        -            166 121943at2157         -             45       0.1   11.4   1.5   3   3      0.03        84    2.1   0.0    14    38   120   143   117   143 0.81 # 54133 # 54630 # -1 # ID=9_35;partial=00;start_type=ATG;rbs_motif=AACAA;rbs_spacer=13bp;gc_cont=0.426
#
# Program:         hmmsearch
# Version:         3.1b2 (February 2015)
# Pipeline mode:   SEARCH
# Query file:      /home/inf-41-2022/Assembly/busco_downloads/lineages/archaea_odb10/hmms/121943at2157.hmm
# Target file:     /home/inf-41-2022/Assembly/Busco/prodigal_output/predicted_genes/predicted.faa
# Option settings: hmmsearch --domtblout /home/inf-41-2022/Assembly/Busco/auto_lineage/run_archaea_odb10/hmmer_output/121943at2157.out --cpu 1 /home/inf-41-2022/Assembly/busco_downloads/lineages/archaea_odb10/hmms/121943at2157.hmm /home/inf-41-2022/Assembly/Busco/prodigal_output/predicted_genes/predicted.faa 
# Current dir:     /home/inf-41-2022/Assembly
# Date:            Thu Feb 23 22:59:36 2023
# [ok]
