#                                                                            --- full sequence --- -------------- this domain -------------   hmm coord   ali coord   env coord
# target name        accession   tlen query name           accession   qlen   E-value  score  bias   #  of  c-Evalue  i-Evalue  score  bias  from    to  from    to  from    to  acc description of target
#------------------- ---------- ----- -------------------- ---------- ----- --------- ------ ----- --- --- --------- --------- ------ ----- ----- ----- ----- ----- ----- ----- ---- ---------------------
ptg000005l_439       -            609 13010at2157          -            494  1.2e-175  584.0   6.3   1   3  3.3e-103  9.1e-101  337.0   3.3     1   280     7   331     7   339 0.90 # 613766 # 615592 # -1 # ID=5_439;partial=00;start_type=ATG;rbs_motif=None;rbs_spacer=None;gc_cont=0.374
ptg000005l_439       -            609 13010at2157          -            494  1.2e-175  584.0   6.3   2   3   6.4e-15   1.8e-12   45.8   0.0   279   343   352   425   345   438 0.86 # 613766 # 615592 # -1 # ID=5_439;partial=00;start_type=ATG;rbs_motif=None;rbs_spacer=None;gc_cont=0.374
ptg000005l_439       -            609 13010at2157          -            494  1.2e-175  584.0   6.3   3   3   5.9e-61   1.6e-58  197.6   0.0   343   493   448   601   438   602 0.96 # 613766 # 615592 # -1 # ID=5_439;partial=00;start_type=ATG;rbs_motif=None;rbs_spacer=None;gc_cont=0.374
ptg000003l_551       -           1197 13010at2157          -            494   2.9e-30  104.4   0.0   1   4    0.0029      0.78    7.4   0.0   293   325   587   619   566   630 0.71 # 817432 # 821022 # -1 # ID=3_551;partial=00;start_type=ATG;rbs_motif=None;rbs_spacer=None;gc_cont=0.392
ptg000003l_551       -           1197 13010at2157          -            494   2.9e-30  104.4   0.0   2   4   8.7e-13   2.4e-10   38.7   0.0   357   436   682   761   663   770 0.92 # 817432 # 821022 # -1 # ID=3_551;partial=00;start_type=ATG;rbs_motif=None;rbs_spacer=None;gc_cont=0.392
ptg000003l_551       -           1197 13010at2157          -            494   2.9e-30  104.4   0.0   3   4   2.8e-07   7.6e-05   20.6   0.0    82   174   842   934   834   960 0.69 # 817432 # 821022 # -1 # ID=3_551;partial=00;start_type=ATG;rbs_motif=None;rbs_spacer=None;gc_cont=0.392
ptg000003l_551       -           1197 13010at2157          -            494   2.9e-30  104.4   0.0   4   4   9.3e-11   2.6e-08   32.0   0.0   357   448  1027  1118  1012  1126 0.90 # 817432 # 821022 # -1 # ID=3_551;partial=00;start_type=ATG;rbs_motif=None;rbs_spacer=None;gc_cont=0.392
ptg000009l_166       -            611 13010at2157          -            494   1.1e-28   99.2   0.5   1   5   4.2e-05     0.012   13.4   0.0   299   329   103   133    80   136 0.84 # 224726 # 226558 # -1 # ID=9_166;partial=00;start_type=ATG;rbs_motif=None;rbs_spacer=None;gc_cont=0.408
ptg000009l_166       -            611 13010at2157          -            494   1.1e-28   99.2   0.5   2   5      0.81   2.2e+02   -0.7   0.0   379   390   136   147   131   153 0.88 # 224726 # 226558 # -1 # ID=9_166;partial=00;start_type=ATG;rbs_motif=None;rbs_spacer=None;gc_cont=0.408
ptg000009l_166       -            611 13010at2157          -            494   1.1e-28   99.2   0.5   3   5   9.1e-11   2.5e-08   32.1   0.0   354   437   218   308   207   330 0.78 # 224726 # 226558 # -1 # ID=9_166;partial=00;start_type=ATG;rbs_motif=None;rbs_spacer=None;gc_cont=0.408
ptg000009l_166       -            611 13010at2157          -            494   1.1e-28   99.2   0.5   4   5     1e-06   0.00028   18.7   0.0   304   330   422   448   411   457 0.79 # 224726 # 226558 # -1 # ID=9_166;partial=00;start_type=ATG;rbs_motif=None;rbs_spacer=None;gc_cont=0.408
ptg000009l_166       -            611 13010at2157          -            494   1.1e-28   99.2   0.5   5   5   1.2e-09   3.2e-07   28.4   0.0   359   439   512   591   506   600 0.92 # 224726 # 226558 # -1 # ID=9_166;partial=00;start_type=ATG;rbs_motif=None;rbs_spacer=None;gc_cont=0.408
ptg000014l_116       -           1045 13010at2157          -            494   8.6e-27   93.0   0.0   1   4   0.00088      0.24    9.0   0.0   296   325   449   478   437   498 0.83 # 168490 # 171624 # -1 # ID=14_116;partial=00;start_type=ATG;rbs_motif=AAAAAA;rbs_spacer=13bp;gc_cont=0.402
ptg000014l_116       -           1045 13010at2157          -            494   8.6e-27   93.0   0.0   2   4   3.8e-11   1.1e-08   33.3   0.0   353   436   534   616   519   628 0.86 # 168490 # 171624 # -1 # ID=14_116;partial=00;start_type=ATG;rbs_motif=AAAAAA;rbs_spacer=13bp;gc_cont=0.402
ptg000014l_116       -           1045 13010at2157          -            494   8.6e-27   93.0   0.0   3   4   1.1e-05     0.003   15.3   0.0   306   330   697   721   655   750 0.74 # 168490 # 171624 # -1 # ID=14_116;partial=00;start_type=ATG;rbs_motif=AAAAAA;rbs_spacer=13bp;gc_cont=0.402
ptg000014l_116       -           1045 13010at2157          -            494   8.6e-27   93.0   0.0   4   4   5.1e-10   1.4e-07   29.6   0.0   352   442   886   976   876   982 0.86 # 168490 # 171624 # -1 # ID=14_116;partial=00;start_type=ATG;rbs_motif=AAAAAA;rbs_spacer=13bp;gc_cont=0.402
ptg000001l_72        -            753 13010at2157          -            494   9.5e-27   92.8   0.0   1   4   0.00013     0.037   11.7   0.0   301   326   223   248   213   307 0.79 # 106073 # 108331 # -1 # ID=1_72;partial=00;start_type=ATG;rbs_motif=AATAA;rbs_spacer=10bp;gc_cont=0.394
ptg000001l_72        -            753 13010at2157          -            494   9.5e-27   92.8   0.0   2   4   1.9e-09   5.2e-07   27.7   0.0   355   431   360   435   346   448 0.89 # 106073 # 108331 # -1 # ID=1_72;partial=00;start_type=ATG;rbs_motif=AATAA;rbs_spacer=10bp;gc_cont=0.394
ptg000001l_72        -            753 13010at2157          -            494   9.5e-27   92.8   0.0   3   4    0.0001     0.028   12.1   0.0   299   329   554   584   535   600 0.80 # 106073 # 108331 # -1 # ID=1_72;partial=00;start_type=ATG;rbs_motif=AATAA;rbs_spacer=10bp;gc_cont=0.394
ptg000001l_72        -            753 13010at2157          -            494   9.5e-27   92.8   0.0   4   4   8.8e-12   2.4e-09   35.4   0.0   358   433   646   720   635   730 0.91 # 106073 # 108331 # -1 # ID=1_72;partial=00;start_type=ATG;rbs_motif=AATAA;rbs_spacer=10bp;gc_cont=0.394
ptg000013l_130       -           1045 13010at2157          -            494   2.2e-25   88.4   0.0   1   4   0.00029      0.08   10.6   0.0   296   325   449   478   437   486 0.83 # 170882 # 174016 # 1 # ID=13_130;partial=00;start_type=ATG;rbs_motif=None;rbs_spacer=None;gc_cont=0.418
ptg000013l_130       -           1045 13010at2157          -            494   2.2e-25   88.4   0.0   2   4   5.9e-11   1.6e-08   32.7   0.0   353   436   534   616   522   629 0.87 # 170882 # 174016 # 1 # ID=13_130;partial=00;start_type=ATG;rbs_motif=None;rbs_spacer=None;gc_cont=0.418
ptg000013l_130       -           1045 13010at2157          -            494   2.2e-25   88.4   0.0   3   4   1.1e-05    0.0029   15.4   0.0   305   330   696   721   655   749 0.73 # 170882 # 174016 # 1 # ID=13_130;partial=00;start_type=ATG;rbs_motif=None;rbs_spacer=None;gc_cont=0.418
ptg000013l_130       -           1045 13010at2157          -            494   2.2e-25   88.4   0.0   4   4   2.7e-08   7.5e-06   23.9   0.0   353   441   887   975   855   981 0.82 # 170882 # 174016 # 1 # ID=13_130;partial=00;start_type=ATG;rbs_motif=None;rbs_spacer=None;gc_cont=0.418
ptg000017l_31        -           1291 13010at2157          -            494   1.8e-18   65.5   0.9   1   4      0.44   1.2e+02    0.1   0.0   301   323   383   405   374   432 0.76 # 49558 # 53430 # -1 # ID=17_31;partial=00;start_type=ATG;rbs_motif=AACAA;rbs_spacer=15bp;gc_cont=0.378
ptg000017l_31        -           1291 13010at2157          -            494   1.8e-18   65.5   0.9   2   4   7.5e-10   2.1e-07   29.1   0.0   360   441   503   585   487   592 0.82 # 49558 # 53430 # -1 # ID=17_31;partial=00;start_type=ATG;rbs_motif=AACAA;rbs_spacer=15bp;gc_cont=0.378
ptg000017l_31        -           1291 13010at2157          -            494   1.8e-18   65.5   0.9   3   4    0.0033      0.91    7.1   0.0   298   327  1075  1104  1052  1113 0.78 # 49558 # 53430 # -1 # ID=17_31;partial=00;start_type=ATG;rbs_motif=AACAA;rbs_spacer=15bp;gc_cont=0.378
ptg000017l_31        -           1291 13010at2157          -            494   1.8e-18   65.5   0.9   4   4   2.9e-08   8.1e-06   23.8   0.0   361   443  1188  1271  1167  1287 0.84 # 49558 # 53430 # -1 # ID=17_31;partial=00;start_type=ATG;rbs_motif=AACAA;rbs_spacer=15bp;gc_cont=0.378
ptg000011l_130       -           1295 13010at2157          -            494   1.3e-15   56.1   0.7   1   4    0.0016      0.44    8.2   0.1    78   109    54    85    39    95 0.79 # 184373 # 188257 # -1 # ID=11_130;partial=00;start_type=ATG;rbs_motif=None;rbs_spacer=None;gc_cont=0.382
ptg000011l_130       -           1295 13010at2157          -            494   1.3e-15   56.1   0.7   2   4   1.1e-06    0.0003   18.6   0.0   168   409   178   232   144   246 0.57 # 184373 # 188257 # -1 # ID=11_130;partial=00;start_type=ATG;rbs_motif=None;rbs_spacer=None;gc_cont=0.382
ptg000011l_130       -           1295 13010at2157          -            494   1.3e-15   56.1   0.7   3   4    0.0041       1.1    6.8   0.0    76   105   717   746   712   773 0.91 # 184373 # 188257 # -1 # ID=11_130;partial=00;start_type=ATG;rbs_motif=None;rbs_spacer=None;gc_cont=0.382
ptg000011l_130       -           1295 13010at2157          -            494   1.3e-15   56.1   0.7   4   4   2.6e-06   0.00072   17.4   0.0   355   410   831   886   787   899 0.79 # 184373 # 188257 # -1 # ID=11_130;partial=00;start_type=ATG;rbs_motif=None;rbs_spacer=None;gc_cont=0.382
ptg000004l_61        -           1560 13010at2157          -            494     1e-13   49.9   0.9   1   4    0.0024      0.67    7.6   0.0   295   327   657   689   649   726 0.82 # 101991 # 106670 # 1 # ID=4_61;partial=00;start_type=ATG;rbs_motif=None;rbs_spacer=None;gc_cont=0.368
ptg000004l_61        -           1560 13010at2157          -            494     1e-13   49.9   0.9   2   4   0.00011     0.029   12.1   0.0   358   405   765   812   741   873 0.68 # 101991 # 106670 # 1 # ID=4_61;partial=00;start_type=ATG;rbs_motif=None;rbs_spacer=None;gc_cont=0.368
ptg000004l_61        -           1560 13010at2157          -            494     1e-13   49.9   0.9   3   4     0.066        18    2.8   0.0   298   329  1324  1355  1305  1359 0.81 # 101991 # 106670 # 1 # ID=4_61;partial=00;start_type=ATG;rbs_motif=None;rbs_spacer=None;gc_cont=0.368
ptg000004l_61        -           1560 13010at2157          -            494     1e-13   49.9   0.9   4   4   1.1e-07     3e-05   21.9   0.1   356   434  1449  1527  1436  1538 0.85 # 101991 # 106670 # 1 # ID=4_61;partial=00;start_type=ATG;rbs_motif=None;rbs_spacer=None;gc_cont=0.368
ptg000004l_21        -           1662 13010at2157          -            494   1.9e-12   45.7   1.1   1   4     0.078        21    2.6   0.0    67   103   709   746   700   753 0.57 # 26843 # 31828 # -1 # ID=4_21;partial=00;start_type=ATG;rbs_motif=AAAA;rbs_spacer=12bp;gc_cont=0.371
ptg000004l_21        -           1662 13010at2157          -            494   1.9e-12   45.7   1.1   2   4   5.2e-05     0.014   13.1   0.0   340   428   813   903   802   924 0.79 # 26843 # 31828 # -1 # ID=4_21;partial=00;start_type=ATG;rbs_motif=AAAA;rbs_spacer=12bp;gc_cont=0.371
ptg000004l_21        -           1662 13010at2157          -            494   1.9e-12   45.7   1.1   3   4    0.0085       2.3    5.8   0.0    79   108  1408  1437  1388  1454 0.74 # 26843 # 31828 # -1 # ID=4_21;partial=00;start_type=ATG;rbs_motif=AAAA;rbs_spacer=12bp;gc_cont=0.371
ptg000004l_21        -           1662 13010at2157          -            494   1.9e-12   45.7   1.1   4   4   7.7e-07   0.00021   19.1   0.0   343   432  1519  1608  1514  1622 0.83 # 26843 # 31828 # -1 # ID=4_21;partial=00;start_type=ATG;rbs_motif=AAAA;rbs_spacer=12bp;gc_cont=0.371
ptg000008l_26        -           1478 13010at2157          -            494   4.4e-12   44.5   6.3   1   5         7   1.9e+03   -3.8   0.1   150   185   391   426   387   432 0.71 # 37015 # 41448 # -1 # ID=8_26;partial=00;start_type=ATG;rbs_motif=None;rbs_spacer=None;gc_cont=0.379
ptg000008l_26        -           1478 13010at2157          -            494   4.4e-12   44.5   6.3   2   5     0.006       1.6    6.3   0.1   298   328   609   639   594   648 0.74 # 37015 # 41448 # -1 # ID=8_26;partial=00;start_type=ATG;rbs_motif=None;rbs_spacer=None;gc_cont=0.379
ptg000008l_26        -           1478 13010at2157          -            494   4.4e-12   44.5   6.3   3   5   8.1e-05     0.022   12.5   0.0   347   432   695   780   684   801 0.77 # 37015 # 41448 # -1 # ID=8_26;partial=00;start_type=ATG;rbs_motif=None;rbs_spacer=None;gc_cont=0.379
ptg000008l_26        -           1478 13010at2157          -            494   4.4e-12   44.5   6.3   4   5     0.015       4.2    4.9   0.1   299   323  1236  1260  1229  1268 0.66 # 37015 # 41448 # -1 # ID=8_26;partial=00;start_type=ATG;rbs_motif=None;rbs_spacer=None;gc_cont=0.379
ptg000008l_26        -           1478 13010at2157          -            494   4.4e-12   44.5   6.3   5   5   2.7e-07   7.4e-05   20.6   0.0   347   434  1351  1438  1341  1450 0.86 # 37015 # 41448 # -1 # ID=8_26;partial=00;start_type=ATG;rbs_motif=None;rbs_spacer=None;gc_cont=0.379
ptg000003l_336       -           1512 13010at2157          -            494   6.2e-12   44.0   1.5   1   4    0.0018      0.48    8.0   0.0   297   333   168   204   163   219 0.89 # 492420 # 496955 # 1 # ID=3_336;partial=00;start_type=ATG;rbs_motif=AATAA;rbs_spacer=4bp;gc_cont=0.391
ptg000003l_336       -           1512 13010at2157          -            494   6.2e-12   44.0   1.5   2   4   6.8e-07   0.00019   19.3   0.0   135   240   260   360   242   377 0.77 # 492420 # 496955 # 1 # ID=3_336;partial=00;start_type=ATG;rbs_motif=AATAA;rbs_spacer=4bp;gc_cont=0.391
ptg000003l_336       -           1512 13010at2157          -            494   6.2e-12   44.0   1.5   3   4    0.0015       0.4    8.3   0.1    76   103   868   895   863   907 0.82 # 492420 # 496955 # 1 # ID=3_336;partial=00;start_type=ATG;rbs_motif=AATAA;rbs_spacer=4bp;gc_cont=0.391
ptg000003l_336       -           1512 13010at2157          -            494   6.2e-12   44.0   1.5   4   4     0.033         9    3.9   0.0   355   412   975  1033   943  1044 0.75 # 492420 # 496955 # 1 # ID=3_336;partial=00;start_type=ATG;rbs_motif=AATAA;rbs_spacer=4bp;gc_cont=0.391
ptg000015l_22        -           1593 13010at2157          -            494   7.7e-11   40.4   1.2   1   4      0.13        37    1.8   0.1    65   103   680   719   677   727 0.87 # 25253 # 30031 # -1 # ID=15_22;partial=00;start_type=ATG;rbs_motif=None;rbs_spacer=None;gc_cont=0.358
ptg000015l_22        -           1593 13010at2157          -            494   7.7e-11   40.4   1.2   2   4   0.00034     0.093   10.4   0.0   341   442   787   891   784   900 0.77 # 25253 # 30031 # -1 # ID=15_22;partial=00;start_type=ATG;rbs_motif=None;rbs_spacer=None;gc_cont=0.358
ptg000015l_22        -           1593 13010at2157          -            494   7.7e-11   40.4   1.2   3   4     0.022       5.9    4.5   0.0    80   105  1351  1376  1340  1389 0.70 # 25253 # 30031 # -1 # ID=15_22;partial=00;start_type=ATG;rbs_motif=None;rbs_spacer=None;gc_cont=0.358
ptg000015l_22        -           1593 13010at2157          -            494   7.7e-11   40.4   1.2   4   4   1.1e-06    0.0003   18.6   0.0   350   434  1462  1546  1453  1565 0.81 # 25253 # 30031 # -1 # ID=15_22;partial=00;start_type=ATG;rbs_motif=None;rbs_spacer=None;gc_cont=0.358
ptg000005l_495       -           1516 13010at2157          -            494     1e-10   40.0   1.7   1   4      0.33        89    0.6   0.0    76   104   653   681   641   691 0.79 # 703285 # 707832 # -1 # ID=5_495;partial=00;start_type=ATG;rbs_motif=None;rbs_spacer=None;gc_cont=0.380
ptg000005l_495       -           1516 13010at2157          -            494     1e-10   40.0   1.7   2   4   2.7e-05    0.0075   14.0   0.0   359   395   749   785   731   835 0.89 # 703285 # 707832 # -1 # ID=5_495;partial=00;start_type=ATG;rbs_motif=None;rbs_spacer=None;gc_cont=0.380
ptg000005l_495       -           1516 13010at2157          -            494     1e-10   40.0   1.7   3   4      0.22        60    1.1   0.0   297   323  1293  1319  1272  1328 0.77 # 703285 # 707832 # -1 # ID=5_495;partial=00;start_type=ATG;rbs_motif=None;rbs_spacer=None;gc_cont=0.380
ptg000005l_495       -           1516 13010at2157          -            494     1e-10   40.0   1.7   4   4   5.8e-07   0.00016   19.5   0.0   361   434  1408  1481  1394  1492 0.87 # 703285 # 707832 # -1 # ID=5_495;partial=00;start_type=ATG;rbs_motif=None;rbs_spacer=None;gc_cont=0.380
ptg000005l_331       -           1502 13010at2157          -            494   8.3e-10   37.0   1.2   1   4      0.29        79    0.7   0.0   300   328   183   211   165   246 0.84 # 466383 # 470888 # 1 # ID=5_331;partial=00;start_type=ATG;rbs_motif=None;rbs_spacer=None;gc_cont=0.395
ptg000005l_331       -           1502 13010at2157          -            494   8.3e-10   37.0   1.2   2   4   3.5e-07   9.6e-05   20.3   0.0   168   234   301   367   251   400 0.62 # 466383 # 470888 # 1 # ID=5_331;partial=00;start_type=ATG;rbs_motif=None;rbs_spacer=None;gc_cont=0.395
ptg000005l_331       -           1502 13010at2157          -            494   8.3e-10   37.0   1.2   3   4     0.048        13    3.3   0.1    79   102   882   905   872   917 0.74 # 466383 # 470888 # 1 # ID=5_331;partial=00;start_type=ATG;rbs_motif=None;rbs_spacer=None;gc_cont=0.395
ptg000005l_331       -           1502 13010at2157          -            494   8.3e-10   37.0   1.2   4   4    0.0021      0.58    7.8   0.0   344   413   970  1044   957  1054 0.80 # 466383 # 470888 # 1 # ID=5_331;partial=00;start_type=ATG;rbs_motif=None;rbs_spacer=None;gc_cont=0.395
ptg000003l_611       -            806 13010at2157          -            494   9.9e-09   33.4   0.0   1   2    0.0085       2.3    5.8   0.0   299   340   502   544   485   559 0.83 # 909992 # 912409 # -1 # ID=3_611;partial=00;start_type=ATG;rbs_motif=AATAA;rbs_spacer=8bp;gc_cont=0.397
ptg000003l_611       -            806 13010at2157          -            494   9.9e-09   33.4   0.0   2   2   1.1e-08     3e-06   25.2   0.0   362   424   617   682   603   709 0.78 # 909992 # 912409 # -1 # ID=3_611;partial=00;start_type=ATG;rbs_motif=AATAA;rbs_spacer=8bp;gc_cont=0.397
ptg000013l_55        -            696 13010at2157          -            494     3e-08   31.8   0.0   1   2     0.011         3    5.4   0.0   298   324   455   481   429   489 0.85 # 62405 # 64492 # 1 # ID=13_55;partial=00;start_type=ATG;rbs_motif=None;rbs_spacer=None;gc_cont=0.414
ptg000013l_55        -            696 13010at2157          -            494     3e-08   31.8   0.0   2   2   2.4e-08   6.7e-06   24.1   0.0   352   433   563   645   557   672 0.84 # 62405 # 64492 # 1 # ID=13_55;partial=00;start_type=ATG;rbs_motif=None;rbs_spacer=None;gc_cont=0.414
ptg000016l_95        -           1412 13010at2157          -            494   4.5e-08   31.3   0.4   1   3     1e-05    0.0028   15.4   0.0   339   415   143   224   126   254 0.69 # 113974 # 118209 # 1 # ID=16_95;partial=00;start_type=ATG;rbs_motif=None;rbs_spacer=None;gc_cont=0.390
ptg000016l_95        -           1412 13010at2157          -            494   4.5e-08   31.3   0.4   2   3     0.036       9.9    3.7   0.1    81   103   777   799   755   809 0.80 # 113974 # 118209 # 1 # ID=16_95;partial=00;start_type=ATG;rbs_motif=None;rbs_spacer=None;gc_cont=0.390
ptg000016l_95        -           1412 13010at2157          -            494   4.5e-08   31.3   0.4   3   3    0.0017      0.46    8.1   0.0   357   412   871   927   862   941 0.84 # 113974 # 118209 # 1 # ID=16_95;partial=00;start_type=ATG;rbs_motif=None;rbs_spacer=None;gc_cont=0.390
ptg000007l_551       -            691 13010at2157          -            494   5.2e-08   31.0   0.1   1   1   9.8e-10   2.7e-07   28.7   0.1    81   222   464   619   456   648 0.72 # 845278 # 847350 # -1 # ID=7_551;partial=00;start_type=ATG;rbs_motif=None;rbs_spacer=None;gc_cont=0.414
ptg000010l_133       -           1050 13010at2157          -            494   9.6e-08   30.1   0.1   1   2   0.00062      0.17    9.5   0.0   296   328   409   441   367   464 0.69 # 206786 # 209935 # 1 # ID=10_133;partial=00;start_type=ATG;rbs_motif=AAAA;rbs_spacer=11bp;gc_cont=0.379
ptg000010l_133       -           1050 13010at2157          -            494   9.6e-08   30.1   0.1   2   2   1.3e-06   0.00035   18.4   0.0   362   448   529   620   503   662 0.69 # 206786 # 209935 # 1 # ID=10_133;partial=00;start_type=ATG;rbs_motif=AAAA;rbs_spacer=11bp;gc_cont=0.379
ptg000011l_414       -           1512 13010at2157          -            494   4.4e-07   28.0   0.4   1   3   0.00086      0.24    9.1   0.0    78   225   185   358   169   382 0.57 # 615027 # 619562 # 1 # ID=11_414;partial=00;start_type=ATG;rbs_motif=None;rbs_spacer=None;gc_cont=0.396
ptg000011l_414       -           1512 13010at2157          -            494   4.4e-07   28.0   0.4   2   3     0.026         7    4.2   0.1    76   104   895   923   888   933 0.75 # 615027 # 619562 # 1 # ID=11_414;partial=00;start_type=ATG;rbs_motif=None;rbs_spacer=None;gc_cont=0.396
ptg000011l_414       -           1512 13010at2157          -            494   4.4e-07   28.0   0.4   3   3    0.0023      0.64    7.6   0.0   332   414   978  1062   971  1087 0.73 # 615027 # 619562 # 1 # ID=11_414;partial=00;start_type=ATG;rbs_motif=None;rbs_spacer=None;gc_cont=0.396
ptg000001l_123       -            290 13010at2157          -            494   4.7e-07   27.9   0.0   1   2   0.00015     0.042   11.5   0.0   305   326    36    57     5    63 0.81 # 191766 # 192635 # 1 # ID=1_123;partial=00;start_type=ATG;rbs_motif=None;rbs_spacer=None;gc_cont=0.394
ptg000001l_123       -            290 13010at2157          -            494   4.7e-07   27.9   0.0   2   2   1.9e-05    0.0053   14.5   0.0   360   416   146   202   131   268 0.61 # 191766 # 192635 # 1 # ID=1_123;partial=00;start_type=ATG;rbs_motif=None;rbs_spacer=None;gc_cont=0.394
ptg000011l_634       -           1565 13010at2157          -            494     5e-07   27.8   0.6   1   4      0.28        78    0.8   0.0   293   326   196   229   187   255 0.71 # 926992 # 931686 # 1 # ID=11_634;partial=00;start_type=ATG;rbs_motif=None;rbs_spacer=None;gc_cont=0.411
ptg000011l_634       -           1565 13010at2157          -            494     5e-07   27.8   0.6   2   4     0.001      0.28    8.8   0.0   160   231   313   384   202   410 0.72 # 926992 # 931686 # 1 # ID=11_634;partial=00;start_type=ATG;rbs_motif=None;rbs_spacer=None;gc_cont=0.411
ptg000011l_634       -           1565 13010at2157          -            494     5e-07   27.8   0.6   3   4     0.025       6.8    4.3   0.0    76   107   949   980   945   988 0.79 # 926992 # 931686 # 1 # ID=11_634;partial=00;start_type=ATG;rbs_motif=None;rbs_spacer=None;gc_cont=0.411
ptg000011l_634       -           1565 13010at2157          -            494     5e-07   27.8   0.6   4   4    0.0011      0.29    8.8   0.0   329   413  1029  1115  1024  1141 0.86 # 926992 # 931686 # 1 # ID=11_634;partial=00;start_type=ATG;rbs_motif=None;rbs_spacer=None;gc_cont=0.411
ptg000005l_401       -            540 13010at2157          -            494   1.3e-06   26.5   0.0   1   3   4.5e-06    0.0012   16.6   0.0   340   407   139   206   110   212 0.78 # 561206 # 562825 # 1 # ID=5_401;partial=00;start_type=ATG;rbs_motif=None;rbs_spacer=None;gc_cont=0.408
ptg000005l_401       -            540 13010at2157          -            494   1.3e-06   26.5   0.0   2   3     0.016       4.3    4.9   0.0   299   326   328   355   306   362 0.81 # 561206 # 562825 # 1 # ID=5_401;partial=00;start_type=ATG;rbs_motif=None;rbs_spacer=None;gc_cont=0.408
ptg000005l_401       -            540 13010at2157          -            494   1.3e-06   26.5   0.0   3   3      0.23        64    1.0   0.0   360   418   455   512   375   528 0.73 # 561206 # 562825 # 1 # ID=5_401;partial=00;start_type=ATG;rbs_motif=None;rbs_spacer=None;gc_cont=0.408
ptg000011l_238       -           1395 13010at2157          -            494   1.6e-06   26.1   0.2   1   3   4.2e-05     0.011   13.4   0.0   360   415   169   224   139   243 0.70 # 350231 # 354415 # 1 # ID=11_238;partial=00;start_type=ATG;rbs_motif=None;rbs_spacer=None;gc_cont=0.385
ptg000011l_238       -           1395 13010at2157          -            494   1.6e-06   26.1   0.2   2   3     0.022         6    4.4   0.2    81   105   777   801   762   811 0.79 # 350231 # 354415 # 1 # ID=11_238;partial=00;start_type=ATG;rbs_motif=None;rbs_spacer=None;gc_cont=0.385
ptg000011l_238       -           1395 13010at2157          -            494   1.6e-06   26.1   0.2   3   3     0.027       7.5    4.1   0.0   362   409   876   924   864   942 0.76 # 350231 # 354415 # 1 # ID=11_238;partial=00;start_type=ATG;rbs_motif=None;rbs_spacer=None;gc_cont=0.385
ptg000017l_434       -            307 13010at2157          -            494   2.2e-06   25.7   0.3   1   2     0.035       9.7    3.7   0.0    76    97    57    78    36    90 0.77 # 663964 # 664884 # 1 # ID=17_434;partial=00;start_type=ATG;rbs_motif=None;rbs_spacer=None;gc_cont=0.364
ptg000017l_434       -            307 13010at2157          -            494   2.2e-06   25.7   0.3   2   2   3.9e-07   0.00011   20.1   0.1   350   425   176   253   166   275 0.84 # 663964 # 664884 # 1 # ID=17_434;partial=00;start_type=ATG;rbs_motif=None;rbs_spacer=None;gc_cont=0.364
ptg000005l_862       -           1530 13010at2157          -            494   2.6e-06   25.4   0.2   1   4      0.38     1e+02    0.4   0.0   283   326   176   219   170   235 0.74 # 1259729 # 1264318 # 1 # ID=5_862;partial=00;start_type=ATG;rbs_motif=None;rbs_spacer=None;gc_cont=0.412
ptg000005l_862       -           1530 13010at2157          -            494   2.6e-06   25.4   0.2   2   4    0.0015      0.42    8.2   0.0   148   222   291   365   194   387 0.80 # 1259729 # 1264318 # 1 # ID=5_862;partial=00;start_type=ATG;rbs_motif=None;rbs_spacer=None;gc_cont=0.412
ptg000005l_862       -           1530 13010at2157          -            494   2.6e-06   25.4   0.2   3   4     0.028       7.8    4.1   0.1    76   103   910   937   903   948 0.75 # 1259729 # 1264318 # 1 # ID=5_862;partial=00;start_type=ATG;rbs_motif=None;rbs_spacer=None;gc_cont=0.412
ptg000005l_862       -           1530 13010at2157          -            494   2.6e-06   25.4   0.2   4   4    0.0034      0.94    7.1   0.0   331   413   992  1076   985  1103 0.76 # 1259729 # 1264318 # 1 # ID=5_862;partial=00;start_type=ATG;rbs_motif=None;rbs_spacer=None;gc_cont=0.412
ptg000003l_449       -            871 13010at2157          -            494     0.006   14.3   0.0   1   2     0.013       3.5    5.2   0.0    79   101   638   660   629   671 0.68 # 666931 # 669543 # -1 # ID=3_449;partial=00;start_type=ATG;rbs_motif=None;rbs_spacer=None;gc_cont=0.361
ptg000003l_449       -            871 13010at2157          -            494     0.006   14.3   0.0   2   2    0.0042       1.2    6.8   0.0   363   396   749   782   732   814 0.70 # 666931 # 669543 # -1 # ID=3_449;partial=00;start_type=ATG;rbs_motif=None;rbs_spacer=None;gc_cont=0.361
ptg000017l_56        -            854 13010at2157          -            494    0.0066   14.2   0.0   1   2    0.0027      0.73    7.5   0.0   300   325   495   520   488   529 0.77 # 93366 # 95927 # -1 # ID=17_56;partial=00;start_type=ATG;rbs_motif=None;rbs_spacer=None;gc_cont=0.367
ptg000017l_56        -            854 13010at2157          -            494    0.0066   14.2   0.0   2   2     0.023       6.3    4.4   0.0   167   228   643   706   602   726 0.75 # 93366 # 95927 # -1 # ID=17_56;partial=00;start_type=ATG;rbs_motif=None;rbs_spacer=None;gc_cont=0.367
ptg000017l_433       -           1219 13010at2157          -            494     0.013   13.2   0.0   1   2      0.47   1.3e+02    0.1   0.0   288   326   664   702   644   714 0.69 # 660208 # 663864 # 1 # ID=17_433;partial=00;start_type=ATG;rbs_motif=None;rbs_spacer=None;gc_cont=0.369
ptg000017l_433       -           1219 13010at2157          -            494     0.013   13.2   0.0   2   2   0.00042      0.12   10.1   0.0   362   445   791   878   785   906 0.82 # 660208 # 663864 # 1 # ID=17_433;partial=00;start_type=ATG;rbs_motif=None;rbs_spacer=None;gc_cont=0.369
ptg000004l_207       -           4911 13010at2157          -            494     0.021   12.5   1.4   1   4    0.0063       1.7    6.2   0.1   298   337   641   680   611   694 0.78 # 328765 # 343497 # -1 # ID=4_207;partial=00;start_type=ATG;rbs_motif=None;rbs_spacer=None;gc_cont=0.377
ptg000004l_207       -           4911 13010at2157          -            494     0.021   12.5   1.4   2   4       3.4   9.3e+02   -2.8   0.0    84   126  1081  1120  1066  1144 0.68 # 328765 # 343497 # -1 # ID=4_207;partial=00;start_type=ATG;rbs_motif=None;rbs_spacer=None;gc_cont=0.377
ptg000004l_207       -           4911 13010at2157          -            494     0.021   12.5   1.4   3   4     0.057        16    3.1   0.0   299   326  1357  1384  1333  1393 0.82 # 328765 # 343497 # -1 # ID=4_207;partial=00;start_type=ATG;rbs_motif=None;rbs_spacer=None;gc_cont=0.377
ptg000004l_207       -           4911 13010at2157          -            494     0.021   12.5   1.4   4   4       4.2   1.2e+03   -3.1   0.0   300   333  2044  2077  2021  2079 0.78 # 328765 # 343497 # -1 # ID=4_207;partial=00;start_type=ATG;rbs_motif=None;rbs_spacer=None;gc_cont=0.377
#
# Program:         hmmsearch
# Version:         3.1b2 (February 2015)
# Pipeline mode:   SEARCH
# Query file:      /home/inf-41-2022/Assembly/busco_downloads/lineages/archaea_odb10/hmms/13010at2157.hmm
# Target file:     /home/inf-41-2022/Assembly/Busco/prodigal_output/predicted_genes/predicted.faa
# Option settings: hmmsearch --domtblout /home/inf-41-2022/Assembly/Busco/auto_lineage/run_archaea_odb10/hmmer_output/13010at2157.out --cpu 1 /home/inf-41-2022/Assembly/busco_downloads/lineages/archaea_odb10/hmms/13010at2157.hmm /home/inf-41-2022/Assembly/Busco/prodigal_output/predicted_genes/predicted.faa 
# Current dir:     /home/inf-41-2022/Assembly
# Date:            Thu Feb 23 22:59:37 2023
# [ok]
