#                                                                            --- full sequence --- -------------- this domain -------------   hmm coord   ali coord   env coord
# target name        accession   tlen query name           accession   qlen   E-value  score  bias   #  of  c-Evalue  i-Evalue  score  bias  from    to  from    to  from    to  acc description of target
#------------------- ---------- ----- -------------------- ---------- ----- --------- ------ ----- --- --- --------- --------- ------ ----- ----- ----- ----- ----- ----- ----- ---- ---------------------
ptg000007l_227       -            891 14889at2157          -            529   4.7e-39  133.1  35.4   1   6   1.1e-05    0.0087   13.4   0.0     2   117     8   112     7   117 0.90 # 355301 # 357973 # 1 # ID=7_227;partial=00;start_type=ATG;rbs_motif=None;rbs_spacer=None;gc_cont=0.401
ptg000007l_227       -            891 14889at2157          -            529   4.7e-39  133.1  35.4   2   6     0.013       9.7    3.3   0.4    69   113   113   154    97   162 0.69 # 355301 # 357973 # 1 # ID=7_227;partial=00;start_type=ATG;rbs_motif=None;rbs_spacer=None;gc_cont=0.401
ptg000007l_227       -            891 14889at2157          -            529   4.7e-39  133.1  35.4   3   6   1.5e-25   1.1e-22   79.0   0.1   145   344   280   482   259   485 0.85 # 355301 # 357973 # 1 # ID=7_227;partial=00;start_type=ATG;rbs_motif=None;rbs_spacer=None;gc_cont=0.401
ptg000007l_227       -            891 14889at2157          -            529   4.7e-39  133.1  35.4   4   6     0.018        14    2.8   0.5   352   378   509   535   501   540 0.89 # 355301 # 357973 # 1 # ID=7_227;partial=00;start_type=ATG;rbs_motif=None;rbs_spacer=None;gc_cont=0.401
ptg000007l_227       -            891 14889at2157          -            529   4.7e-39  133.1  35.4   5   6     0.016        12    3.0   1.2   377   424   583   630   576   645 0.75 # 355301 # 357973 # 1 # ID=7_227;partial=00;start_type=ATG;rbs_motif=None;rbs_spacer=None;gc_cont=0.401
ptg000007l_227       -            891 14889at2157          -            529   4.7e-39  133.1  35.4   6   6   1.5e-15   1.1e-12   46.0   8.6   426   523   776   885   763   889 0.73 # 355301 # 357973 # 1 # ID=7_227;partial=00;start_type=ATG;rbs_motif=None;rbs_spacer=None;gc_cont=0.401
ptg000011l_567       -            841 14889at2157          -            529   7.9e-33  112.5  35.8   1   6     0.014        11    3.2   0.0     2    71     9    77     8    92 0.81 # 823240 # 825762 # -1 # ID=11_567;partial=00;start_type=ATG;rbs_motif=None;rbs_spacer=None;gc_cont=0.386
ptg000011l_567       -            841 14889at2157          -            529   7.9e-33  112.5  35.8   2   6       2.4   1.9e+03   -4.2   0.1    78   101   117   140   108   144 0.57 # 823240 # 825762 # -1 # ID=11_567;partial=00;start_type=ATG;rbs_motif=None;rbs_spacer=None;gc_cont=0.386
ptg000011l_567       -            841 14889at2157          -            529   7.9e-33  112.5  35.8   3   6   2.2e-20   1.7e-17   61.9   0.0   192   343   281   435   245   440 0.78 # 823240 # 825762 # -1 # ID=11_567;partial=00;start_type=ATG;rbs_motif=None;rbs_spacer=None;gc_cont=0.386
ptg000011l_567       -            841 14889at2157          -            529   7.9e-33  112.5  35.8   4   6    0.0042       3.2    4.9   1.5   352   376   463   487   454   493 0.88 # 823240 # 825762 # -1 # ID=11_567;partial=00;start_type=ATG;rbs_motif=None;rbs_spacer=None;gc_cont=0.386
ptg000011l_567       -            841 14889at2157          -            529   7.9e-33  112.5  35.8   5   6    0.0073       5.7    4.1   4.2   377   434   537   592   531   600 0.75 # 823240 # 825762 # -1 # ID=11_567;partial=00;start_type=ATG;rbs_motif=None;rbs_spacer=None;gc_cont=0.386
ptg000011l_567       -            841 14889at2157          -            529   7.9e-33  112.5  35.8   6   6   7.7e-17     6e-14   50.2   9.9   426   524   716   823   708   826 0.73 # 823240 # 825762 # -1 # ID=11_567;partial=00;start_type=ATG;rbs_motif=None;rbs_spacer=None;gc_cont=0.386
ptg000014l_297       -            130 14889at2157          -            529      0.13    9.5   2.2   1   1   0.00012     0.091   10.0   0.7    67   109    73   116    65   120 0.74 # 431845 # 432234 # 1 # ID=14_297;partial=00;start_type=ATG;rbs_motif=None;rbs_spacer=None;gc_cont=0.436
ptg000016l_55        -            188 14889at2157          -            529      0.15    9.4   3.9   1   1   0.00026       0.2    8.9   3.9    55   121   116   176    83   185 0.72 # 62295 # 62858 # 1 # ID=16_55;partial=00;start_type=ATG;rbs_motif=None;rbs_spacer=None;gc_cont=0.443
ptg000017l_224       -            114 14889at2157          -            529      0.15    9.3   3.0   1   1   0.00024      0.18    9.0   3.0    33   118    10    95     6   101 0.82 # 332914 # 333255 # 1 # ID=17_224;partial=00;start_type=ATG;rbs_motif=None;rbs_spacer=None;gc_cont=0.348
ptg000016l_53        -            246 14889at2157          -            529      0.35    8.1   4.4   1   1    0.0006      0.46    7.7   4.4    34   109    54   131    43   157 0.65 # 61068 # 61805 # -1 # ID=16_53;partial=00;start_type=ATG;rbs_motif=None;rbs_spacer=None;gc_cont=0.447
ptg000011l_384       -           1008 14889at2157          -            529      0.36    8.1   6.8   1   1     0.001      0.78    7.0   6.8    44   113   589   657   575   661 0.87 # 561874 # 564897 # 1 # ID=11_384;partial=00;start_type=ATG;rbs_motif=None;rbs_spacer=None;gc_cont=0.382
ptg000011l_519       -            229 14889at2157          -            529      0.68    7.2   6.0   1   1    0.0018       1.4    6.1   6.0    54   110    32    88    25   180 0.90 # 769761 # 770447 # 1 # ID=11_519;partial=00;start_type=ATG;rbs_motif=None;rbs_spacer=None;gc_cont=0.381
ptg000010l_48        -            191 14889at2157          -            529       1.3    6.2   4.6   1   2   0.00094      0.73    7.1   0.8    78   120    32    74    14    86 0.78 # 71600 # 72172 # -1 # ID=10_48;partial=00;start_type=ATG;rbs_motif=None;rbs_spacer=None;gc_cont=0.438
ptg000010l_48        -            191 14889at2157          -            529       1.3    6.2   4.6   2   2     0.075        58    0.8   0.2   166   206   149   189   142   190 0.84 # 71600 # 72172 # -1 # ID=10_48;partial=00;start_type=ATG;rbs_motif=None;rbs_spacer=None;gc_cont=0.438
ptg000013l_50        -            804 14889at2157          -            529       2.9    5.1   6.6   1   2    0.0019       1.5    6.0   4.2    58   116   558   619   531   647 0.61 # 52045 # 54456 # 1 # ID=13_50;partial=00;start_type=ATG;rbs_motif=None;rbs_spacer=None;gc_cont=0.374
ptg000013l_50        -            804 14889at2157          -            529       2.9    5.1   6.6   2   2         2   1.5e+03   -3.9   0.0   172   206   724   758   713   773 0.55 # 52045 # 54456 # 1 # ID=13_50;partial=00;start_type=ATG;rbs_motif=None;rbs_spacer=None;gc_cont=0.374
ptg000014l_53        -            210 14889at2157          -            529       7.4    3.7  16.2   1   2     0.002       1.5    6.0   4.4    49   129    13    96     3   102 0.83 # 73206 # 73835 # 1 # ID=14_53;partial=00;start_type=GTG;rbs_motif=None;rbs_spacer=None;gc_cont=0.424
ptg000014l_53        -            210 14889at2157          -            529       7.4    3.7  16.2   2   2     0.015        12    3.0   5.3    71   139   101   169    89   187 0.74 # 73206 # 73835 # 1 # ID=14_53;partial=00;start_type=GTG;rbs_motif=None;rbs_spacer=None;gc_cont=0.424
#
# Program:         hmmsearch
# Version:         3.1b2 (February 2015)
# Pipeline mode:   SEARCH
# Query file:      /home/inf-41-2022/Assembly/busco_downloads/lineages/archaea_odb10/hmms/14889at2157.hmm
# Target file:     /home/inf-41-2022/Assembly/Busco/prodigal_output/predicted_genes/predicted.faa
# Option settings: hmmsearch --domtblout /home/inf-41-2022/Assembly/Busco/auto_lineage/run_archaea_odb10/hmmer_output/14889at2157.out --cpu 1 /home/inf-41-2022/Assembly/busco_downloads/lineages/archaea_odb10/hmms/14889at2157.hmm /home/inf-41-2022/Assembly/Busco/prodigal_output/predicted_genes/predicted.faa 
# Current dir:     /home/inf-41-2022/Assembly
# Date:            Thu Feb 23 22:59:38 2023
# [ok]
