#                                                                            --- full sequence --- -------------- this domain -------------   hmm coord   ali coord   env coord
# target name        accession   tlen query name           accession   qlen   E-value  score  bias   #  of  c-Evalue  i-Evalue  score  bias  from    to  from    to  from    to  acc description of target
#------------------- ---------- ----- -------------------- ---------- ----- --------- ------ ----- --- --- --------- --------- ------ ----- ----- ----- ----- ----- ----- ----- ---- ---------------------
ptg000005l_835       -            843 1642at2157           -            627  6.9e-149  495.5   0.8   1   2   1.2e-60   7.9e-58  194.7   2.9     5   193     8   224     5   237 0.87 # 1223749 # 1226277 # 1 # ID=5_835;partial=00;start_type=ATG;rbs_motif=None;rbs_spacer=None;gc_cont=0.444
ptg000005l_835       -            843 1642at2157           -            627  6.9e-149  495.5   0.8   2   2   6.7e-90   4.4e-87  291.3   0.0   207   627   325   831   317   831 0.81 # 1223749 # 1226277 # 1 # ID=5_835;partial=00;start_type=ATG;rbs_motif=None;rbs_spacer=None;gc_cont=0.444
ptg000011l_391       -            843 1642at2157           -            627  6.9e-149  495.5   0.8   1   2   1.2e-60   7.9e-58  194.7   2.9     5   193     8   224     5   237 0.87 # 575802 # 578330 # 1 # ID=11_391;partial=00;start_type=ATG;rbs_motif=AATAA;rbs_spacer=9bp;gc_cont=0.445
ptg000011l_391       -            843 1642at2157           -            627  6.9e-149  495.5   0.8   2   2   6.7e-90   4.4e-87  291.3   0.0   207   627   325   831   317   831 0.81 # 575802 # 578330 # 1 # ID=11_391;partial=00;start_type=ATG;rbs_motif=AATAA;rbs_spacer=9bp;gc_cont=0.445
ptg000014l_312       -           1111 1642at2157           -            627   3.4e-97  324.7   0.0   1   5   7.7e-57     5e-54  182.1   0.0     8   173    11   189     4   193 0.90 # 447830 # 451162 # 1 # ID=14_312;partial=00;start_type=ATG;rbs_motif=None;rbs_spacer=None;gc_cont=0.396
ptg000014l_312       -           1111 1642at2157           -            627   3.4e-97  324.7   0.0   2   5      0.27   1.7e+02   -1.3   0.0   174   195   227   248   213   252 0.86 # 447830 # 451162 # 1 # ID=14_312;partial=00;start_type=ATG;rbs_motif=None;rbs_spacer=None;gc_cont=0.396
ptg000014l_312       -           1111 1642at2157           -            627   3.4e-97  324.7   0.0   3   5   0.00039      0.26    8.0   0.0   208   245   349   386   331   400 0.85 # 447830 # 451162 # 1 # ID=14_312;partial=00;start_type=ATG;rbs_motif=None;rbs_spacer=None;gc_cont=0.396
ptg000014l_312       -           1111 1642at2157           -            627   3.4e-97  324.7   0.0   4   5   1.3e-24   8.3e-22   75.7   0.0   254   420   567   761   552   771 0.80 # 447830 # 451162 # 1 # ID=14_312;partial=00;start_type=ATG;rbs_motif=None;rbs_spacer=None;gc_cont=0.396
ptg000014l_312       -           1111 1642at2157           -            627   3.4e-97  324.7   0.0   5   5   2.5e-17   1.6e-14   51.6   0.0   470   606   892  1051   877  1055 0.78 # 447830 # 451162 # 1 # ID=14_312;partial=00;start_type=ATG;rbs_motif=None;rbs_spacer=None;gc_cont=0.396
ptg000004l_166       -            757 1642at2157           -            627   6.3e-76  254.5   0.2   1   2   3.2e-35   2.1e-32  110.7   0.1     9   148    59   205    51   224 0.86 # 251396 # 253666 # -1 # ID=4_166;partial=00;start_type=ATG;rbs_motif=None;rbs_spacer=None;gc_cont=0.402
ptg000004l_166       -            757 1642at2157           -            627   6.3e-76  254.5   0.2   2   2   2.9e-44   1.9e-41  140.6   0.0   215   622   331   753   322   756 0.81 # 251396 # 253666 # -1 # ID=4_166;partial=00;start_type=ATG;rbs_motif=None;rbs_spacer=None;gc_cont=0.402
ptg000006l_323       -            820 1642at2157           -            627   2.4e-65  219.5   2.3   1   4   1.4e-38   9.1e-36  121.8   0.2    14   162    40   187    36   197 0.91 # 524844 # 527303 # -1 # ID=6_323;partial=00;start_type=ATG;rbs_motif=None;rbs_spacer=None;gc_cont=0.380
ptg000006l_323       -            820 1642at2157           -            627   2.4e-65  219.5   2.3   2   4   8.9e-23   5.8e-20   69.6   0.0   215   419   314   555   288   559 0.78 # 524844 # 527303 # -1 # ID=6_323;partial=00;start_type=ATG;rbs_motif=None;rbs_spacer=None;gc_cont=0.380
ptg000006l_323       -            820 1642at2157           -            627   2.4e-65  219.5   2.3   3   4   0.00045      0.29    7.8   0.0   532   571   683   723   630   737 0.81 # 524844 # 527303 # -1 # ID=6_323;partial=00;start_type=ATG;rbs_motif=None;rbs_spacer=None;gc_cont=0.380
ptg000006l_323       -            820 1642at2157           -            627   2.4e-65  219.5   2.3   4   4   2.6e-06    0.0017   15.2   0.0   541   615   740   816   735   819 0.81 # 524844 # 527303 # -1 # ID=6_323;partial=00;start_type=ATG;rbs_motif=None;rbs_spacer=None;gc_cont=0.380
ptg000017l_75        -           1009 1642at2157           -            627   7.1e-57  191.6   0.0   1   4   2.9e-24   1.9e-21   74.5   0.1    13   173   131   301   120   329 0.82 # 129658 # 132684 # 1 # ID=17_75;partial=00;start_type=ATG;rbs_motif=None;rbs_spacer=None;gc_cont=0.382
ptg000017l_75        -           1009 1642at2157           -            627   7.1e-57  191.6   0.0   2   4     0.027        18    1.9   0.0   266   293   479   506   468   515 0.83 # 129658 # 132684 # 1 # ID=17_75;partial=00;start_type=ATG;rbs_motif=None;rbs_spacer=None;gc_cont=0.382
ptg000017l_75        -           1009 1642at2157           -            627   7.1e-57  191.6   0.0   3   4   9.3e-13   6.1e-10   36.5   0.0   304   420   548   685   536   688 0.71 # 129658 # 132684 # 1 # ID=17_75;partial=00;start_type=ATG;rbs_motif=None;rbs_spacer=None;gc_cont=0.382
ptg000017l_75        -           1009 1642at2157           -            627   7.1e-57  191.6   0.0   4   4   1.1e-23   7.5e-21   72.6   0.0   439   612   752   946   743   955 0.83 # 129658 # 132684 # 1 # ID=17_75;partial=00;start_type=ATG;rbs_motif=None;rbs_spacer=None;gc_cont=0.382
ptg000013l_181       -            646 1642at2157           -            627   1.4e-39  134.5   0.0   1   3   8.5e-36   5.6e-33  112.6   0.1    13   160    44   194    33   201 0.91 # 248959 # 250896 # 1 # ID=13_181;partial=00;start_type=ATG;rbs_motif=None;rbs_spacer=None;gc_cont=0.386
ptg000013l_181       -            646 1642at2157           -            627   1.4e-39  134.5   0.0   2   3   0.00086      0.56    6.9   0.0   262   334   243   320   233   341 0.81 # 248959 # 250896 # 1 # ID=13_181;partial=00;start_type=ATG;rbs_motif=None;rbs_spacer=None;gc_cont=0.386
ptg000013l_181       -            646 1642at2157           -            627   1.4e-39  134.5   0.0   3   3   4.7e-05     0.031   11.1   0.0   530   604   445   527   437   539 0.78 # 248959 # 250896 # 1 # ID=13_181;partial=00;start_type=ATG;rbs_motif=None;rbs_spacer=None;gc_cont=0.386
ptg000011l_457       -            438 1642at2157           -            627   9.5e-24   82.1   0.5   1   2   3.6e-22   2.4e-19   67.6   0.3    17   147    50   179    41   213 0.86 # 679219 # 680532 # 1 # ID=11_457;partial=00;start_type=ATG;rbs_motif=None;rbs_spacer=None;gc_cont=0.420
ptg000011l_457       -            438 1642at2157           -            627   9.5e-24   82.1   0.5   2   2   1.6e-05     0.011   12.6   0.0   254   320   249   316   241   327 0.82 # 679219 # 680532 # 1 # ID=11_457;partial=00;start_type=ATG;rbs_motif=None;rbs_spacer=None;gc_cont=0.420
ptg000002l_325       -            459 1642at2157           -            627   3.2e-09   34.2   0.9   1   2   1.1e-11   7.1e-09   33.0   0.0    15   111     7   116     1   182 0.69 # 466596 # 467972 # 1 # ID=2_325;partial=00;start_type=ATG;rbs_motif=None;rbs_spacer=None;gc_cont=0.446
ptg000002l_325       -            459 1642at2157           -            627   3.2e-09   34.2   0.9   2   2      0.26   1.7e+02   -1.3   0.1   267   300   257   292   248   323 0.76 # 466596 # 467972 # 1 # ID=2_325;partial=00;start_type=ATG;rbs_motif=None;rbs_spacer=None;gc_cont=0.446
ptg000003l_160       -            459 1642at2157           -            627   3.2e-09   34.2   0.9   1   2   1.1e-11   7.1e-09   33.0   0.0    15   111     7   116     1   182 0.69 # 240793 # 242169 # -1 # ID=3_160;partial=00;start_type=ATG;rbs_motif=None;rbs_spacer=None;gc_cont=0.444
ptg000003l_160       -            459 1642at2157           -            627   3.2e-09   34.2   0.9   2   2      0.26   1.7e+02   -1.3   0.1   267   300   257   292   248   323 0.76 # 240793 # 242169 # -1 # ID=3_160;partial=00;start_type=ATG;rbs_motif=None;rbs_spacer=None;gc_cont=0.444
ptg000011l_190       -            677 1642at2157           -            627   8.4e-09   32.7   6.6   1   2   3.3e-10   2.1e-07   28.1   4.4    18   209   148   322   138   338 0.80 # 272771 # 274801 # 1 # ID=11_190;partial=00;start_type=ATG;rbs_motif=None;rbs_spacer=None;gc_cont=0.369
ptg000011l_190       -            677 1642at2157           -            627   8.4e-09   32.7   6.6   2   2     0.088        57    0.3   0.0   260   296   335   371   327   375 0.83 # 272771 # 274801 # 1 # ID=11_190;partial=00;start_type=ATG;rbs_motif=None;rbs_spacer=None;gc_cont=0.369
ptg000017l_400       -            612 1642at2157           -            627   1.7e-05   21.8   0.0   1   2   7.5e-08   4.9e-05   20.3   0.0    20   115   172   280   167   293 0.75 # 604176 # 606011 # -1 # ID=17_400;partial=00;start_type=ATG;rbs_motif=None;rbs_spacer=None;gc_cont=0.400
ptg000017l_400       -            612 1642at2157           -            627   1.7e-05   21.8   0.0   2   2      0.82   5.4e+02   -2.9   0.0   270   304   420   454   396   460 0.74 # 604176 # 606011 # -1 # ID=17_400;partial=00;start_type=ATG;rbs_motif=None;rbs_spacer=None;gc_cont=0.400
ptg000012l_99        -           1003 1642at2157           -            627   4.2e-05   20.5   0.0   1   1   1.1e-07   6.9e-05   19.8   0.0    19   167   409   557   399   583 0.74 # 141033 # 144041 # -1 # ID=12_99;partial=00;start_type=ATG;rbs_motif=None;rbs_spacer=None;gc_cont=0.413
#
# Program:         hmmsearch
# Version:         3.1b2 (February 2015)
# Pipeline mode:   SEARCH
# Query file:      /home/inf-41-2022/Assembly/busco_downloads/lineages/archaea_odb10/hmms/1642at2157.hmm
# Target file:     /home/inf-41-2022/Assembly/Busco/prodigal_output/predicted_genes/predicted.faa
# Option settings: hmmsearch --domtblout /home/inf-41-2022/Assembly/Busco/auto_lineage/run_archaea_odb10/hmmer_output/1642at2157.out --cpu 1 /home/inf-41-2022/Assembly/busco_downloads/lineages/archaea_odb10/hmms/1642at2157.hmm /home/inf-41-2022/Assembly/Busco/prodigal_output/predicted_genes/predicted.faa 
# Current dir:     /home/inf-41-2022/Assembly
# Date:            Thu Feb 23 22:59:38 2023
# [ok]
