#                                                                            --- full sequence --- -------------- this domain -------------   hmm coord   ali coord   env coord
# target name        accession   tlen query name           accession   qlen   E-value  score  bias   #  of  c-Evalue  i-Evalue  score  bias  from    to  from    to  from    to  acc description of target
#------------------- ---------- ----- -------------------- ---------- ----- --------- ------ ----- --- --- --------- --------- ------ ----- ----- ----- ----- ----- ----- ----- ---- ---------------------
ptg000012l_99        -           1003 17053at2157          -            474  5.8e-109  363.7  14.4   1   2   9.9e-55     6e-52  175.7   0.0     1   122   403   538   403   542 0.90 # 141033 # 144041 # -1 # ID=12_99;partial=00;start_type=ATG;rbs_motif=None;rbs_spacer=None;gc_cont=0.413
ptg000012l_99        -           1003 17053at2157          -            474  5.8e-109  363.7  14.4   2   2   3.9e-58   2.4e-55  186.9   0.2   133   454   574   977   564   989 0.72 # 141033 # 144041 # -1 # ID=12_99;partial=00;start_type=ATG;rbs_motif=None;rbs_spacer=None;gc_cont=0.413
ptg000011l_190       -            677 17053at2157          -            474   4.5e-47  159.6  20.9   1   2   1.9e-46   1.2e-43  148.4   7.3     2   234   144   377   143   392 0.88 # 272771 # 274801 # 1 # ID=11_190;partial=00;start_type=ATG;rbs_motif=None;rbs_spacer=None;gc_cont=0.369
ptg000011l_190       -            677 17053at2157          -            474   4.5e-47  159.6  20.9   2   2   1.6e-06   0.00096   16.7   5.7   218   378   406   579   397   638 0.68 # 272771 # 274801 # 1 # ID=11_190;partial=00;start_type=ATG;rbs_motif=None;rbs_spacer=None;gc_cont=0.369
ptg000011l_457       -            438 17053at2157          -            474   1.2e-11   42.8   2.4   1   2     1e-13   6.4e-11   40.4   1.5     8   139    53   202    47   205 0.76 # 679219 # 680532 # 1 # ID=11_457;partial=00;start_type=ATG;rbs_motif=None;rbs_spacer=None;gc_cont=0.420
ptg000011l_457       -            438 17053at2157          -            474   1.2e-11   42.8   2.4   2   2       3.2   1.9e+03   -4.0   0.0   255   277   295   317   291   349 0.67 # 679219 # 680532 # 1 # ID=11_457;partial=00;start_type=ATG;rbs_motif=None;rbs_spacer=None;gc_cont=0.420
ptg000004l_166       -            757 17053at2157          -            474   6.5e-09   33.8   0.0   1   2   1.8e-10   1.1e-07   29.8   0.0    55   119   138   202   118   217 0.92 # 251396 # 253666 # -1 # ID=4_166;partial=00;start_type=ATG;rbs_motif=None;rbs_spacer=None;gc_cont=0.402
ptg000004l_166       -            757 17053at2157          -            474   6.5e-09   33.8   0.0   2   2     0.089        54    1.1   0.0   197   241   380   425   370   463 0.72 # 251396 # 253666 # -1 # ID=4_166;partial=00;start_type=ATG;rbs_motif=None;rbs_spacer=None;gc_cont=0.402
ptg000014l_312       -           1111 17053at2157          -            474   6.8e-09   33.7   0.0   1   2   0.00044      0.27    8.7   0.0     6    26    22    42    20    54 0.81 # 447830 # 451162 # 1 # ID=14_312;partial=00;start_type=ATG;rbs_motif=None;rbs_spacer=None;gc_cont=0.396
ptg000014l_312       -           1111 17053at2157          -            474   6.8e-09   33.7   0.0   2   2     3e-08   1.8e-05   22.4   0.0    56   120    98   162    90   174 0.91 # 447830 # 451162 # 1 # ID=14_312;partial=00;start_type=ATG;rbs_motif=None;rbs_spacer=None;gc_cont=0.396
ptg000013l_181       -            646 17053at2157          -            474   1.2e-07   29.6   0.8   1   2     0.017        10    3.4   0.1     7    23    50    66    49    72 0.87 # 248959 # 250896 # 1 # ID=13_181;partial=00;start_type=ATG;rbs_motif=None;rbs_spacer=None;gc_cont=0.386
ptg000013l_181       -            646 17053at2157          -            474   1.2e-07   29.6   0.8   2   2     4e-08   2.4e-05   22.0   0.0    55   137   115   197   106   281 0.78 # 248959 # 250896 # 1 # ID=13_181;partial=00;start_type=ATG;rbs_motif=None;rbs_spacer=None;gc_cont=0.386
ptg000017l_400       -            612 17053at2157          -            474     3e-07   28.3   0.1   1   2     0.011       6.4    4.1   0.1     7    20   171   184   169   187 0.88 # 604176 # 606011 # -1 # ID=17_400;partial=00;start_type=ATG;rbs_motif=None;rbs_spacer=None;gc_cont=0.400
ptg000017l_400       -            612 17053at2157          -            474     3e-07   28.3   0.1   2   2   4.6e-08   2.8e-05   21.8   0.0    54   167   245   362   231   373 0.81 # 604176 # 606011 # -1 # ID=17_400;partial=00;start_type=ATG;rbs_motif=None;rbs_spacer=None;gc_cont=0.400
ptg000005l_835       -            843 17053at2157          -            474   4.7e-07   27.7   0.2   1   2    0.0045       2.7    5.4   0.0     7    23    23    39    21    48 0.88 # 1223749 # 1226277 # 1 # ID=5_835;partial=00;start_type=ATG;rbs_motif=None;rbs_spacer=None;gc_cont=0.444
ptg000005l_835       -            843 17053at2157          -            474   4.7e-07   27.7   0.2   2   2   1.5e-07   9.4e-05   20.1   0.0    56   119   100   163    66   180 0.84 # 1223749 # 1226277 # 1 # ID=5_835;partial=00;start_type=ATG;rbs_motif=None;rbs_spacer=None;gc_cont=0.444
ptg000011l_391       -            843 17053at2157          -            474   4.7e-07   27.7   0.2   1   2    0.0045       2.7    5.4   0.0     7    23    23    39    21    48 0.88 # 575802 # 578330 # 1 # ID=11_391;partial=00;start_type=ATG;rbs_motif=AATAA;rbs_spacer=9bp;gc_cont=0.445
ptg000011l_391       -            843 17053at2157          -            474   4.7e-07   27.7   0.2   2   2   1.5e-07   9.4e-05   20.1   0.0    56   119   100   163    66   180 0.84 # 575802 # 578330 # 1 # ID=11_391;partial=00;start_type=ATG;rbs_motif=AATAA;rbs_spacer=9bp;gc_cont=0.445
ptg000002l_325       -            459 17053at2157          -            474   5.6e-06   24.1   0.1   1   3     0.079        48    1.3   0.7     6    18    10    22     7    26 0.90 # 466596 # 467972 # 1 # ID=2_325;partial=00;start_type=ATG;rbs_motif=None;rbs_spacer=None;gc_cont=0.446
ptg000002l_325       -            459 17053at2157          -            474   5.6e-06   24.1   0.1   2   3   9.2e-09   5.6e-06   24.1   0.1    55   168    86   203    71   208 0.83 # 466596 # 467972 # 1 # ID=2_325;partial=00;start_type=ATG;rbs_motif=None;rbs_spacer=None;gc_cont=0.446
ptg000002l_325       -            459 17053at2157          -            474   5.6e-06   24.1   0.1   3   3       2.1   1.3e+03   -3.4   0.1   392   412   424   444   420   456 0.62 # 466596 # 467972 # 1 # ID=2_325;partial=00;start_type=ATG;rbs_motif=None;rbs_spacer=None;gc_cont=0.446
ptg000003l_160       -            459 17053at2157          -            474   5.6e-06   24.1   0.1   1   3     0.079        48    1.3   0.7     6    18    10    22     7    26 0.90 # 240793 # 242169 # -1 # ID=3_160;partial=00;start_type=ATG;rbs_motif=None;rbs_spacer=None;gc_cont=0.444
ptg000003l_160       -            459 17053at2157          -            474   5.6e-06   24.1   0.1   2   3   9.2e-09   5.6e-06   24.1   0.1    55   168    86   203    71   208 0.83 # 240793 # 242169 # -1 # ID=3_160;partial=00;start_type=ATG;rbs_motif=None;rbs_spacer=None;gc_cont=0.444
ptg000003l_160       -            459 17053at2157          -            474   5.6e-06   24.1   0.1   3   3       2.1   1.3e+03   -3.4   0.1   392   412   424   444   420   456 0.62 # 240793 # 242169 # -1 # ID=3_160;partial=00;start_type=ATG;rbs_motif=None;rbs_spacer=None;gc_cont=0.444
ptg000009l_152       -            528 17053at2157          -            474   7.4e-06   23.7   0.1   1   2      0.33     2e+02   -0.8   0.0     8    25   105   122    86   126 0.86 # 206608 # 208191 # 1 # ID=9_152;partial=00;start_type=ATG;rbs_motif=None;rbs_spacer=None;gc_cont=0.404
ptg000009l_152       -            528 17053at2157          -            474   7.4e-06   23.7   0.1   2   2   6.2e-08   3.8e-05   21.4   0.0    54   119   187   254   182   299 0.85 # 206608 # 208191 # 1 # ID=9_152;partial=00;start_type=ATG;rbs_motif=None;rbs_spacer=None;gc_cont=0.404
ptg000006l_323       -            820 17053at2157          -            474   1.5e-05   22.7   0.5   1   2       3.2     2e+03   -4.1   0.0     8    18    46    56    44    60 0.85 # 524844 # 527303 # -1 # ID=6_323;partial=00;start_type=ATG;rbs_motif=None;rbs_spacer=None;gc_cont=0.380
ptg000006l_323       -            820 17053at2157          -            474   1.5e-05   22.7   0.5   2   2   6.7e-08   4.1e-05   21.3   0.1    56   134   109   185    93   189 0.89 # 524844 # 527303 # -1 # ID=6_323;partial=00;start_type=ATG;rbs_motif=None;rbs_spacer=None;gc_cont=0.380
ptg000007l_162       -            209 17053at2157          -            474     0.013   13.0   0.0   1   1   3.3e-05      0.02   12.4   0.0     6   118    11   130     8   150 0.78 # 250698 # 251324 # 1 # ID=7_162;partial=00;start_type=ATG;rbs_motif=None;rbs_spacer=None;gc_cont=0.384
#
# Program:         hmmsearch
# Version:         3.1b2 (February 2015)
# Pipeline mode:   SEARCH
# Query file:      /home/inf-41-2022/Assembly/busco_downloads/lineages/archaea_odb10/hmms/17053at2157.hmm
# Target file:     /home/inf-41-2022/Assembly/Busco/prodigal_output/predicted_genes/predicted.faa
# Option settings: hmmsearch --domtblout /home/inf-41-2022/Assembly/Busco/auto_lineage/run_archaea_odb10/hmmer_output/17053at2157.out --cpu 1 /home/inf-41-2022/Assembly/busco_downloads/lineages/archaea_odb10/hmms/17053at2157.hmm /home/inf-41-2022/Assembly/Busco/prodigal_output/predicted_genes/predicted.faa 
# Current dir:     /home/inf-41-2022/Assembly
# Date:            Thu Feb 23 22:59:38 2023
# [ok]
