#                                                                            --- full sequence --- -------------- this domain -------------   hmm coord   ali coord   env coord
# target name        accession   tlen query name           accession   qlen   E-value  score  bias   #  of  c-Evalue  i-Evalue  score  bias  from    to  from    to  from    to  acc description of target
#------------------- ---------- ----- -------------------- ---------- ----- --------- ------ ----- --- --- --------- --------- ------ ----- ----- ----- ----- ----- ----- ----- ---- ---------------------
ptg000006l_299       -           1223 19750at2157          -            617   1.5e-09   35.8  28.9   1   5   4.5e-06    0.0027   15.2   3.5   478   580   167   273   127   322 0.73 # 469377 # 473045 # 1 # ID=6_299;partial=00;start_type=ATG;rbs_motif=None;rbs_spacer=None;gc_cont=0.396
ptg000006l_299       -           1223 19750at2157          -            617   1.5e-09   35.8  28.9   2   5     1e-05    0.0062   14.0   1.7   459   559   605   704   554   721 0.68 # 469377 # 473045 # 1 # ID=6_299;partial=00;start_type=ATG;rbs_motif=None;rbs_spacer=None;gc_cont=0.396
ptg000006l_299       -           1223 19750at2157          -            617   1.5e-09   35.8  28.9   3   5   5.5e-08   3.3e-05   21.5   0.4   479   572   772   868   751   899 0.75 # 469377 # 473045 # 1 # ID=6_299;partial=00;start_type=ATG;rbs_motif=None;rbs_spacer=None;gc_cont=0.396
ptg000006l_299       -           1223 19750at2157          -            617   1.5e-09   35.8  28.9   4   5       0.2   1.2e+02   -0.2   0.3   467   571   922  1015   893  1025 0.63 # 469377 # 473045 # 1 # ID=6_299;partial=00;start_type=ATG;rbs_motif=None;rbs_spacer=None;gc_cont=0.396
ptg000006l_299       -           1223 19750at2157          -            617   1.5e-09   35.8  28.9   5   5      0.19   1.1e+02   -0.1   0.1   464   535  1127  1198  1107  1217 0.71 # 469377 # 473045 # 1 # ID=6_299;partial=00;start_type=ATG;rbs_motif=None;rbs_spacer=None;gc_cont=0.396
ptg000005l_164       -            836 19750at2157          -            617   0.00015   19.3   4.9   1   3   0.00019      0.11    9.8   0.0   266   287   249   270   239   272 0.93 # 236598 # 239105 # -1 # ID=5_164;partial=00;start_type=ATG;rbs_motif=None;rbs_spacer=None;gc_cont=0.418
ptg000005l_164       -            836 19750at2157          -            617   0.00015   19.3   4.9   2   3   6.6e-05      0.04   11.3   0.0   265   290   521   546   510   556 0.83 # 236598 # 239105 # -1 # ID=5_164;partial=00;start_type=ATG;rbs_motif=None;rbs_spacer=None;gc_cont=0.418
ptg000005l_164       -            836 19750at2157          -            617   0.00015   19.3   4.9   3   3         3   1.8e+03   -4.1   1.0    42   103   713   775   700   786 0.44 # 236598 # 239105 # -1 # ID=5_164;partial=00;start_type=ATG;rbs_motif=None;rbs_spacer=None;gc_cont=0.418
ptg000008l_478       -            406 19750at2157          -            617   0.00055   17.4   1.3   1   2     0.014       8.5    3.6   0.8   521   598    29   104     6   113 0.73 # 691532 # 692749 # 1 # ID=8_478;partial=00;start_type=ATG;rbs_motif=None;rbs_spacer=None;gc_cont=0.405
ptg000008l_478       -            406 19750at2157          -            617   0.00055   17.4   1.3   2   2   4.4e-05     0.027   11.9   0.0   264   288   181   205   169   210 0.87 # 691532 # 692749 # 1 # ID=8_478;partial=00;start_type=ATG;rbs_motif=None;rbs_spacer=None;gc_cont=0.405
ptg000014l_508       -           1051 19750at2157          -            617    0.0024   15.3   0.0   1   1   6.4e-06    0.0039   14.6   0.0   261   297   781   817   768   820 0.83 # 755187 # 758339 # 1 # ID=14_508;partial=00;start_type=GTG;rbs_motif=AACAA;rbs_spacer=9bp;gc_cont=0.389
ptg000004l_33        -            838 19750at2157          -            617    0.0038   14.7   5.7   1   3       3.2   1.9e+03   -4.2   1.9   459   536    93   173    64   197 0.38 # 56196 # 58709 # -1 # ID=4_33;partial=00;start_type=ATG;rbs_motif=None;rbs_spacer=None;gc_cont=0.390
ptg000004l_33        -            838 19750at2157          -            617    0.0038   14.7   5.7   2   3   0.00067      0.41    8.0   0.0   265   286   239   260   230   264 0.91 # 56196 # 58709 # -1 # ID=4_33;partial=00;start_type=ATG;rbs_motif=None;rbs_spacer=None;gc_cont=0.390
ptg000004l_33        -            838 19750at2157          -            617    0.0038   14.7   5.7   3   3   0.00028      0.17    9.2   0.0   266   287   568   589   554   598 0.86 # 56196 # 58709 # -1 # ID=4_33;partial=00;start_type=ATG;rbs_motif=None;rbs_spacer=None;gc_cont=0.390
ptg000002l_102       -            382 19750at2157          -            617    0.0044   14.5   5.3   1   3      0.27   1.6e+02   -0.6   0.0   499   529    52    82    39   133 0.83 # 161493 # 162638 # 1 # ID=2_102;partial=00;start_type=ATG;rbs_motif=None;rbs_spacer=None;gc_cont=0.462
ptg000002l_102       -            382 19750at2157          -            617    0.0044   14.5   5.3   2   3     0.011       6.8    3.9   0.1   493   525   159   191   142   208 0.87 # 161493 # 162638 # 1 # ID=2_102;partial=00;start_type=ATG;rbs_motif=None;rbs_spacer=None;gc_cont=0.462
ptg000002l_102       -            382 19750at2157          -            617    0.0044   14.5   5.3   3   3   6.6e-05      0.04   11.3   0.5   483   562   251   331   216   370 0.69 # 161493 # 162638 # 1 # ID=2_102;partial=00;start_type=ATG;rbs_motif=None;rbs_spacer=None;gc_cont=0.462
ptg000005l_311       -            438 19750at2157          -            617    0.0074   13.7   0.1   1   2      0.34     2e+02   -1.0   0.0   161   194    82   115    50   122 0.90 # 438511 # 439824 # 1 # ID=5_311;partial=00;start_type=ATG;rbs_motif=None;rbs_spacer=None;gc_cont=0.391
ptg000005l_311       -            438 19750at2157          -            617    0.0074   13.7   0.1   2   2   5.9e-05     0.036   11.5   0.0   265   287   216   238   203   243 0.87 # 438511 # 439824 # 1 # ID=5_311;partial=00;start_type=ATG;rbs_motif=None;rbs_spacer=None;gc_cont=0.391
ptg000003l_40        -            438 19750at2157          -            617     0.016   12.6   0.0   1   1   4.6e-05     0.028   11.8   0.0   263   287   164   188   156   197 0.87 # 60856 # 62169 # 1 # ID=3_40;partial=00;start_type=ATG;rbs_motif=None;rbs_spacer=None;gc_cont=0.427
ptg000017l_116       -            468 19750at2157          -            617     0.018   12.4   0.0   1   2   0.00018      0.11    9.8   0.0   266   287   244   265   233   270 0.92 # 181338 # 182741 # 1 # ID=17_116;partial=00;start_type=ATG;rbs_motif=None;rbs_spacer=None;gc_cont=0.415
ptg000017l_116       -            468 19750at2157          -            617     0.018   12.4   0.0   2   2       0.2   1.2e+02   -0.2   0.0    50   101   323   374   291   378 0.85 # 181338 # 182741 # 1 # ID=17_116;partial=00;start_type=ATG;rbs_motif=None;rbs_spacer=None;gc_cont=0.415
ptg000005l_818       -            457 19750at2157          -            617     0.023   12.1   0.0   1   1   5.8e-05     0.035   11.5   0.0   264   286   259   281   241   289 0.88 # 1205685 # 1207055 # -1 # ID=5_818;partial=00;start_type=ATG;rbs_motif=None;rbs_spacer=None;gc_cont=0.414
ptg000013l_314       -            781 19750at2157          -            617     0.024   12.1   0.1   1   2    0.0059       3.6    4.8   0.0   266   287   280   301   276   313 0.88 # 446376 # 448718 # -1 # ID=13_314;partial=00;start_type=ATG;rbs_motif=None;rbs_spacer=None;gc_cont=0.420
ptg000013l_314       -            781 19750at2157          -            617     0.024   12.1   0.1   2   2    0.0059       3.6    4.8   0.1   265   287   550   572   537   582 0.86 # 446376 # 448718 # -1 # ID=13_314;partial=00;start_type=ATG;rbs_motif=None;rbs_spacer=None;gc_cont=0.420
ptg000014l_366       -            271 19750at2157          -            617     0.026   11.9   0.3   1   1   5.2e-05     0.032   11.6   0.3   492   546   189   243   126   265 0.73 # 526157 # 526969 # -1 # ID=14_366;partial=00;start_type=ATG;rbs_motif=None;rbs_spacer=None;gc_cont=0.367
ptg000011l_555       -            438 19750at2157          -            617     0.026   11.9   0.1   1   2       1.3   8.1e+02   -2.9   0.4   546   585    85   124    22   151 0.53 # 807583 # 808896 # -1 # ID=11_555;partial=00;start_type=ATG;rbs_motif=AATAA;rbs_spacer=6bp;gc_cont=0.412
ptg000011l_555       -            438 19750at2157          -            617     0.026   11.9   0.1   2   2   4.3e-05     0.026   11.9   0.1   265   287   215   237   202   242 0.87 # 807583 # 808896 # -1 # ID=11_555;partial=00;start_type=ATG;rbs_motif=AATAA;rbs_spacer=6bp;gc_cont=0.412
ptg000008l_376       -            363 19750at2157          -            617     0.033   11.6   0.0   1   1   8.5e-05     0.052   10.9   0.0   263   287   124   148   118   152 0.90 # 559459 # 560547 # -1 # ID=8_376;partial=00;start_type=ATG;rbs_motif=None;rbs_spacer=None;gc_cont=0.380
#
# Program:         hmmsearch
# Version:         3.1b2 (February 2015)
# Pipeline mode:   SEARCH
# Query file:      /home/inf-41-2022/Assembly/busco_downloads/lineages/archaea_odb10/hmms/19750at2157.hmm
# Target file:     /home/inf-41-2022/Assembly/Busco/prodigal_output/predicted_genes/predicted.faa
# Option settings: hmmsearch --domtblout /home/inf-41-2022/Assembly/Busco/auto_lineage/run_archaea_odb10/hmmer_output/19750at2157.out --cpu 1 /home/inf-41-2022/Assembly/busco_downloads/lineages/archaea_odb10/hmms/19750at2157.hmm /home/inf-41-2022/Assembly/Busco/prodigal_output/predicted_genes/predicted.faa 
# Current dir:     /home/inf-41-2022/Assembly
# Date:            Thu Feb 23 22:59:39 2023
# [ok]
