#                                                                            --- full sequence --- -------------- this domain -------------   hmm coord   ali coord   env coord
# target name        accession   tlen query name           accession   qlen   E-value  score  bias   #  of  c-Evalue  i-Evalue  score  bias  from    to  from    to  from    to  acc description of target
#------------------- ---------- ----- -------------------- ---------- ----- --------- ------ ----- --- --- --------- --------- ------ ----- ----- ----- ----- ----- ----- ----- ---- ---------------------
ptg000001l_114       -            504 22747at2157          -            416  1.1e-104  349.9   2.8   1   2   6.6e-10   1.1e-06   27.1   0.5    17   166    27   180    11   185 0.80 # 176792 # 178303 # 1 # ID=1_114;partial=00;start_type=ATG;rbs_motif=None;rbs_spacer=None;gc_cont=0.441
ptg000001l_114       -            504 22747at2157          -            416  1.1e-104  349.9   2.8   2   2  1.9e-102   3.2e-99  332.0   0.7    72   413   124   491   102   494 0.87 # 176792 # 178303 # 1 # ID=1_114;partial=00;start_type=ATG;rbs_motif=None;rbs_spacer=None;gc_cont=0.441
ptg000003l_198       -            475 22747at2157          -            416   2.1e-29  102.0   1.5   1   3   2.1e-08   3.5e-05   22.2   0.1   194   246    83   135    36   146 0.74 # 283825 # 285249 # -1 # ID=3_198;partial=00;start_type=ATG;rbs_motif=AAAAAA;rbs_spacer=10bp;gc_cont=0.380
ptg000003l_198       -            475 22747at2157          -            416   2.1e-29  102.0   1.5   2   3   4.5e-10   7.6e-07   27.6   0.2   260   315   123   182   121   198 0.79 # 283825 # 285249 # -1 # ID=3_198;partial=00;start_type=ATG;rbs_motif=AAAAAA;rbs_spacer=10bp;gc_cont=0.380
ptg000003l_198       -            475 22747at2157          -            416   2.1e-29  102.0   1.5   3   3   2.3e-18     4e-15   54.9   0.0   337   413   280   364   254   367 0.87 # 283825 # 285249 # -1 # ID=3_198;partial=00;start_type=ATG;rbs_motif=AAAAAA;rbs_spacer=10bp;gc_cont=0.380
ptg000005l_372       -            592 22747at2157          -            416   2.5e-07   29.2   0.7   1   3      0.68   1.2e+03   -2.6   0.1   107   141    23    55     6    99 0.54 # 520386 # 522161 # 1 # ID=5_372;partial=00;start_type=ATG;rbs_motif=AATAA;rbs_spacer=15bp;gc_cont=0.402
ptg000005l_372       -            592 22747at2157          -            416   2.5e-07   29.2   0.7   2   3   5.8e-07   0.00098   17.4   0.0   284   325   317   356   309   372 0.77 # 520386 # 522161 # 1 # ID=5_372;partial=00;start_type=ATG;rbs_motif=AATAA;rbs_spacer=15bp;gc_cont=0.402
ptg000005l_372       -            592 22747at2157          -            416   2.5e-07   29.2   0.7   3   3   0.00017       0.3    9.2   0.0   382   403   549   570   546   584 0.86 # 520386 # 522161 # 1 # ID=5_372;partial=00;start_type=ATG;rbs_motif=AATAA;rbs_spacer=15bp;gc_cont=0.402
ptg000014l_200       -            577 22747at2157          -            416   1.1e-06   27.2   1.5   1   3   7.1e-08   0.00012   20.4   0.1   283   309   295   321   286   350 0.84 # 287827 # 289557 # -1 # ID=14_200;partial=00;start_type=ATG;rbs_motif=None;rbs_spacer=None;gc_cont=0.418
ptg000014l_200       -            577 22747at2157          -            416   1.1e-06   27.2   1.5   2   3      0.16   2.7e+02   -0.5   0.1    37    83   474   519   466   538 0.72 # 287827 # 289557 # -1 # ID=14_200;partial=00;start_type=ATG;rbs_motif=None;rbs_spacer=None;gc_cont=0.418
ptg000014l_200       -            577 22747at2157          -            416   1.1e-06   27.2   1.5   3   3    0.0059        10    4.2   0.0   380   402   541   563   532   567 0.88 # 287827 # 289557 # -1 # ID=14_200;partial=00;start_type=ATG;rbs_motif=None;rbs_spacer=None;gc_cont=0.418
ptg000003l_212       -            527 22747at2157          -            416    0.0082   14.4   0.1   1   2   1.9e-05     0.033   12.4   0.0   260   340   103   188    88   192 0.76 # 303805 # 305385 # 1 # ID=3_212;partial=00;start_type=ATG;rbs_motif=None;rbs_spacer=None;gc_cont=0.404
ptg000003l_212       -            527 22747at2157          -            416    0.0082   14.4   0.1   2   2     0.082   1.4e+02    0.4   0.0    57   136   162   242   156   280 0.71 # 303805 # 305385 # 1 # ID=3_212;partial=00;start_type=ATG;rbs_motif=None;rbs_spacer=None;gc_cont=0.404
#
# Program:         hmmsearch
# Version:         3.1b2 (February 2015)
# Pipeline mode:   SEARCH
# Query file:      /home/inf-41-2022/Assembly/busco_downloads/lineages/archaea_odb10/hmms/22747at2157.hmm
# Target file:     /home/inf-41-2022/Assembly/Busco/prodigal_output/predicted_genes/predicted.faa
# Option settings: hmmsearch --domtblout /home/inf-41-2022/Assembly/Busco/auto_lineage/run_archaea_odb10/hmmer_output/22747at2157.out --cpu 1 /home/inf-41-2022/Assembly/busco_downloads/lineages/archaea_odb10/hmms/22747at2157.hmm /home/inf-41-2022/Assembly/Busco/prodigal_output/predicted_genes/predicted.faa 
# Current dir:     /home/inf-41-2022/Assembly
# Date:            Thu Feb 23 22:59:39 2023
# [ok]
