#                                                                            --- full sequence --- -------------- this domain -------------   hmm coord   ali coord   env coord
# target name        accession   tlen query name           accession   qlen   E-value  score  bias   #  of  c-Evalue  i-Evalue  score  bias  from    to  from    to  from    to  acc description of target
#------------------- ---------- ----- -------------------- ---------- ----- --------- ------ ----- --- --- --------- --------- ------ ----- ----- ----- ----- ----- ----- ----- ---- ---------------------
ptg000008l_60        -            438 23221at2157          -            326   3.7e-98  327.6   0.6   1   2     1e-43   1.8e-40  138.1   0.8     1   190     9   256     9   260 0.83 # 92032 # 93345 # -1 # ID=8_60;partial=00;start_type=ATG;rbs_motif=None;rbs_spacer=None;gc_cont=0.462
ptg000008l_60        -            438 23221at2157          -            326   3.7e-98  327.6   0.6   2   2   1.5e-57   2.6e-54  183.5   0.0   191   326   279   418   273   418 0.95 # 92032 # 93345 # -1 # ID=8_60;partial=00;start_type=ATG;rbs_motif=None;rbs_spacer=None;gc_cont=0.462
ptg000015l_307       -            438 23221at2157          -            326   3.1e-97  324.6   3.7   1   2   2.7e-43   4.5e-40  136.7   2.3     1   190     9   256     9   260 0.83 # 452224 # 453537 # 1 # ID=15_307;partial=00;start_type=ATG;rbs_motif=None;rbs_spacer=None;gc_cont=0.476
ptg000015l_307       -            438 23221at2157          -            326   3.1e-97  324.6   3.7   2   2   2.6e-57   4.4e-54  182.8   0.0   190   326   278   418   271   418 0.95 # 452224 # 453537 # 1 # ID=15_307;partial=00;start_type=ATG;rbs_motif=None;rbs_spacer=None;gc_cont=0.476
ptg000007l_587       -            438 23221at2157          -            326   2.6e-91  305.1   0.2   1   2   9.7e-40   1.6e-36  125.0   0.4     1   190     9   256     9   259 0.83 # 898152 # 899465 # 1 # ID=7_587;partial=00;start_type=ATG;rbs_motif=None;rbs_spacer=None;gc_cont=0.467
ptg000007l_587       -            438 23221at2157          -            326   2.6e-91  305.1   0.2   2   2   3.9e-54   6.6e-51  172.4   0.0   190   326   278   418   273   418 0.95 # 898152 # 899465 # 1 # ID=7_587;partial=00;start_type=ATG;rbs_motif=None;rbs_spacer=None;gc_cont=0.467
ptg000011l_718       -            438 23221at2157          -            326   3.1e-91  304.9   0.2   1   2   1.2e-39   2.1e-36  124.7   0.5     1   190     9   256     9   259 0.83 # 1075465 # 1076778 # 1 # ID=11_718;partial=00;start_type=ATG;rbs_motif=None;rbs_spacer=None;gc_cont=0.466
ptg000011l_718       -            438 23221at2157          -            326   3.1e-91  304.9   0.2   2   2   3.9e-54   6.6e-51  172.4   0.0   190   326   278   418   273   418 0.95 # 1075465 # 1076778 # 1 # ID=11_718;partial=00;start_type=ATG;rbs_motif=None;rbs_spacer=None;gc_cont=0.466
ptg000003l_630       -            438 23221at2157          -            326   4.6e-91  304.3   0.2   1   2   1.8e-39     3e-36  124.2   0.5     1   190     9   256     9   258 0.83 # 931996 # 933309 # 1 # ID=3_630;partial=00;start_type=ATG;rbs_motif=None;rbs_spacer=None;gc_cont=0.463
ptg000003l_630       -            438 23221at2157          -            326   4.6e-91  304.3   0.2   2   2   3.9e-54   6.6e-51  172.4   0.0   190   326   278   418   273   418 0.95 # 931996 # 933309 # 1 # ID=3_630;partial=00;start_type=ATG;rbs_motif=None;rbs_spacer=None;gc_cont=0.463
#
# Program:         hmmsearch
# Version:         3.1b2 (February 2015)
# Pipeline mode:   SEARCH
# Query file:      /home/inf-41-2022/Assembly/busco_downloads/lineages/archaea_odb10/hmms/23221at2157.hmm
# Target file:     /home/inf-41-2022/Assembly/Busco/prodigal_output/predicted_genes/predicted.faa
# Option settings: hmmsearch --domtblout /home/inf-41-2022/Assembly/Busco/auto_lineage/run_archaea_odb10/hmmer_output/23221at2157.out --cpu 1 /home/inf-41-2022/Assembly/busco_downloads/lineages/archaea_odb10/hmms/23221at2157.hmm /home/inf-41-2022/Assembly/Busco/prodigal_output/predicted_genes/predicted.faa 
# Current dir:     /home/inf-41-2022/Assembly
# Date:            Thu Feb 23 22:59:39 2023
# [ok]
