#                                                                            --- full sequence --- -------------- this domain -------------   hmm coord   ali coord   env coord
# target name        accession   tlen query name           accession   qlen   E-value  score  bias   #  of  c-Evalue  i-Evalue  score  bias  from    to  from    to  from    to  acc description of target
#------------------- ---------- ----- -------------------- ---------- ----- --------- ------ ----- --- --- --------- --------- ------ ----- ----- ----- ----- ----- ----- ----- ---- ---------------------
ptg000011l_500       -            862 24257at2157          -            345   3.2e-38  130.3   3.4   1   3      0.97     2e+02   -0.5   0.1     3    27   298   325   296   328 0.85 # 744488 # 747073 # 1 # ID=11_500;partial=00;start_type=ATG;rbs_motif=AATAA;rbs_spacer=15bp;gc_cont=0.395
ptg000011l_500       -            862 24257at2157          -            345   3.2e-38  130.3   3.4   2   3   6.9e-16   1.4e-13   49.3   0.0    29    68   347   386   345   398 0.94 # 744488 # 747073 # 1 # ID=11_500;partial=00;start_type=ATG;rbs_motif=AATAA;rbs_spacer=15bp;gc_cont=0.395
ptg000011l_500       -            862 24257at2157          -            345   3.2e-38  130.3   3.4   3   3   3.2e-25   6.6e-23   80.0   0.2    76   189   414   530   407   557 0.87 # 744488 # 747073 # 1 # ID=11_500;partial=00;start_type=ATG;rbs_motif=AATAA;rbs_spacer=15bp;gc_cont=0.395
ptg000011l_104       -            324 24257at2157          -            345   2.7e-32  110.8   0.1   1   1   2.5e-34   5.1e-32  109.9   0.1     2   206    10   229     9   232 0.81 # 136298 # 137269 # -1 # ID=11_104;partial=00;start_type=ATG;rbs_motif=AAAAA;rbs_spacer=10bp;gc_cont=0.393
ptg000014l_465       -            341 24257at2157          -            345   2.2e-30  104.5   0.0   1   2     2e-32   4.2e-30  103.7   0.0     2   188    14   220    13   238 0.81 # 690640 # 691662 # -1 # ID=14_465;partial=00;start_type=ATG;rbs_motif=None;rbs_spacer=None;gc_cont=0.452
ptg000014l_465       -            341 24257at2157          -            345   2.2e-30  104.5   0.0   2   2       9.3   1.9e+03   -3.8   0.0   303   327   272   296   262   302 0.74 # 690640 # 691662 # -1 # ID=14_465;partial=00;start_type=ATG;rbs_motif=None;rbs_spacer=None;gc_cont=0.452
ptg000007l_251       -            742 24257at2157          -            345   3.1e-28   97.5   1.4   1   3     0.011       2.2    5.9   0.3     2    28   115   144   114   149 0.89 # 394484 # 396709 # -1 # ID=7_251;partial=00;start_type=ATG;rbs_motif=None;rbs_spacer=None;gc_cont=0.381
ptg000007l_251       -            742 24257at2157          -            345   3.1e-28   97.5   1.4   2   3   6.2e-15   1.3e-12   46.1   0.0    28    67   176   215   172   262 0.83 # 394484 # 396709 # -1 # ID=7_251;partial=00;start_type=ATG;rbs_motif=None;rbs_spacer=None;gc_cont=0.381
ptg000007l_251       -            742 24257at2157          -            345   3.1e-28   97.5   1.4   3   3   8.4e-14   1.8e-11   42.4   0.1   111   191   290   372   270   411 0.83 # 394484 # 396709 # -1 # ID=7_251;partial=00;start_type=ATG;rbs_motif=None;rbs_spacer=None;gc_cont=0.381
ptg000006l_122       -            354 24257at2157          -            345   2.7e-27   94.4   0.0   1   2   4.5e-15   9.3e-13   46.6   0.0     2    66    26   102    25   116 0.84 # 177973 # 179034 # -1 # ID=6_122;partial=00;start_type=ATG;rbs_motif=None;rbs_spacer=None;gc_cont=0.388
ptg000006l_122       -            354 24257at2157          -            345   2.7e-27   94.4   0.0   2   2   9.1e-15   1.9e-12   45.6   0.0    81   188   135   243   131   262 0.85 # 177973 # 179034 # -1 # ID=6_122;partial=00;start_type=ATG;rbs_motif=None;rbs_spacer=None;gc_cont=0.388
ptg000004l_207       -           4911 24257at2157          -            345   6.8e-25   86.5   0.0   1   6     0.039       8.1    4.0   0.0    26    53   306   333   293   336 0.86 # 328765 # 343497 # -1 # ID=4_207;partial=00;start_type=ATG;rbs_motif=None;rbs_spacer=None;gc_cont=0.377
ptg000004l_207       -           4911 24257at2157          -            345   6.8e-25   86.5   0.0   2   6   2.1e-05    0.0044   14.8   0.0    28    71   646   689   636   701 0.86 # 328765 # 343497 # -1 # ID=4_207;partial=00;start_type=ATG;rbs_motif=None;rbs_spacer=None;gc_cont=0.377
ptg000004l_207       -           4911 24257at2157          -            345   6.8e-25   86.5   0.0   3   6    0.0047      0.97    7.1   0.0    28    82  1076  1130  1068  1132 0.87 # 328765 # 343497 # -1 # ID=4_207;partial=00;start_type=ATG;rbs_motif=None;rbs_spacer=None;gc_cont=0.377
ptg000004l_207       -           4911 24257at2157          -            345   6.8e-25   86.5   0.0   4   6   8.2e-10   1.7e-07   29.3   0.0    27    75  1360  1408  1357  1416 0.89 # 328765 # 343497 # -1 # ID=4_207;partial=00;start_type=ATG;rbs_motif=None;rbs_spacer=None;gc_cont=0.377
ptg000004l_207       -           4911 24257at2157          -            345   6.8e-25   86.5   0.0   5   6   7.4e-07   0.00015   19.6   0.0    24    64  1736  1776  1726  1787 0.87 # 328765 # 343497 # -1 # ID=4_207;partial=00;start_type=ATG;rbs_motif=None;rbs_spacer=None;gc_cont=0.377
ptg000004l_207       -           4911 24257at2157          -            345   6.8e-25   86.5   0.0   6   6       0.2        43    1.7   0.0    27    53  2046  2072  2036  2086 0.79 # 328765 # 343497 # -1 # ID=4_207;partial=00;start_type=ATG;rbs_motif=None;rbs_spacer=None;gc_cont=0.377
ptg000004l_33        -            838 24257at2157          -            345   3.5e-20   71.0   0.0   1   2   8.2e-13   1.7e-10   39.2   0.0    29   105   240   324   238   330 0.81 # 56196 # 58709 # -1 # ID=4_33;partial=00;start_type=ATG;rbs_motif=None;rbs_spacer=None;gc_cont=0.390
ptg000004l_33        -            838 24257at2157          -            345   3.5e-20   71.0   0.0   2   2   1.1e-09   2.3e-07   28.9   0.0    31   106   570   653   565   657 0.76 # 56196 # 58709 # -1 # ID=4_33;partial=00;start_type=ATG;rbs_motif=None;rbs_spacer=None;gc_cont=0.390
ptg000005l_164       -            836 24257at2157          -            345   9.3e-20   69.6   0.4   1   2     3e-13   6.2e-11   40.6   0.2    29   191   249   435   246   453 0.68 # 236598 # 239105 # -1 # ID=5_164;partial=00;start_type=ATG;rbs_motif=None;rbs_spacer=None;gc_cont=0.418
ptg000005l_164       -            836 24257at2157          -            345   9.3e-20   69.6   0.4   2   2   8.9e-09   1.8e-06   25.9   0.0    29    97   522   596   518   607 0.75 # 236598 # 239105 # -1 # ID=5_164;partial=00;start_type=ATG;rbs_motif=None;rbs_spacer=None;gc_cont=0.418
ptg000013l_314       -            781 24257at2157          -            345   4.1e-19   67.5   0.0   1   2   3.6e-10   7.5e-08   30.5   0.0    29    96   280   355   277   367 0.75 # 446376 # 448718 # -1 # ID=13_314;partial=00;start_type=ATG;rbs_motif=None;rbs_spacer=None;gc_cont=0.420
ptg000013l_314       -            781 24257at2157          -            345   4.1e-19   67.5   0.0   2   2   2.7e-11   5.7e-09   34.2   0.0    28   108   550   638   541   647 0.82 # 446376 # 448718 # -1 # ID=13_314;partial=00;start_type=ATG;rbs_motif=None;rbs_spacer=None;gc_cont=0.420
ptg000002l_294       -            355 24257at2157          -            345   3.4e-13   48.1   0.3   1   2   3.3e-05    0.0068   14.2   0.0     3    49     4    57     2    65 0.69 # 414540 # 415604 # 1 # ID=2_294;partial=00;start_type=ATG;rbs_motif=None;rbs_spacer=None;gc_cont=0.371
ptg000002l_294       -            355 24257at2157          -            345   3.4e-13   48.1   0.3   2   2   3.8e-10   7.9e-08   30.4   1.1    80   191   135   248   127   253 0.90 # 414540 # 415604 # 1 # ID=2_294;partial=00;start_type=ATG;rbs_motif=None;rbs_spacer=None;gc_cont=0.371
ptg000005l_848       -            429 24257at2157          -            345   1.3e-11   42.9   0.0   1   1   1.2e-13   2.6e-11   41.9   0.0    29   164   207   370   205   418 0.67 # 1242200 # 1243486 # 1 # ID=5_848;partial=00;start_type=ATG;rbs_motif=AAAAA;rbs_spacer=11bp;gc_cont=0.421
ptg000008l_478       -            406 24257at2157          -            345   2.4e-11   42.0   0.2   1   2       5.7   1.2e+03   -3.1   0.1   105   143    74   112    70   116 0.78 # 691532 # 692749 # 1 # ID=8_478;partial=00;start_type=ATG;rbs_motif=None;rbs_spacer=None;gc_cont=0.405
ptg000008l_478       -            406 24257at2157          -            345   2.4e-11   42.0   0.2   2   2   4.6e-13   9.5e-11   40.0   0.0    26   218   180   399   175   405 0.77 # 691532 # 692749 # 1 # ID=8_478;partial=00;start_type=ATG;rbs_motif=None;rbs_spacer=None;gc_cont=0.405
ptg000003l_40        -            438 24257at2157          -            345   4.8e-10   37.7   0.0   1   1   4.2e-12   8.8e-10   36.8   0.0    30   108   168   254   165   271 0.79 # 60856 # 62169 # 1 # ID=3_40;partial=00;start_type=ATG;rbs_motif=None;rbs_spacer=None;gc_cont=0.427
ptg000011l_555       -            438 24257at2157          -            345     1e-09   36.6   0.0   1   1   1.2e-11   2.5e-09   35.3   0.0    29   102   216   297   212   309 0.78 # 807583 # 808896 # -1 # ID=11_555;partial=00;start_type=ATG;rbs_motif=AATAA;rbs_spacer=6bp;gc_cont=0.412
ptg000017l_367       -           4093 24257at2157          -            345   1.9e-08   32.4   0.0   1   3    0.0021      0.45    8.2   0.0    33    64  1794  1825  1785  1832 0.91 # 542773 # 555051 # -1 # ID=17_367;partial=00;start_type=ATG;rbs_motif=None;rbs_spacer=None;gc_cont=0.369
ptg000017l_367       -           4093 24257at2157          -            345   1.9e-08   32.4   0.0   2   3     0.013       2.6    5.7   0.1    27    48  2066  2087  2055  2093 0.84 # 542773 # 555051 # -1 # ID=17_367;partial=00;start_type=ATG;rbs_motif=None;rbs_spacer=None;gc_cont=0.369
ptg000017l_367       -           4093 24257at2157          -            345   1.9e-08   32.4   0.0   3   3     6e-05     0.013   13.3   0.0    27    73  2410  2457  2396  2465 0.86 # 542773 # 555051 # -1 # ID=17_367;partial=00;start_type=ATG;rbs_motif=None;rbs_spacer=None;gc_cont=0.369
ptg000017l_45        -           1044 24257at2157          -            345   2.4e-08   32.1   0.0   1   2    0.0089       1.9    6.2   0.0    26    53   452   479   432   482 0.84 # 77862 # 80993 # -1 # ID=17_45;partial=00;start_type=ATG;rbs_motif=None;rbs_spacer=None;gc_cont=0.396
ptg000017l_45        -           1044 24257at2157          -            345   2.4e-08   32.1   0.0   2   2   5.6e-08   1.2e-05   23.3   0.0    30    94   733   805   730   820 0.74 # 77862 # 80993 # -1 # ID=17_45;partial=00;start_type=ATG;rbs_motif=None;rbs_spacer=None;gc_cont=0.396
ptg000008l_376       -            363 24257at2157          -            345   3.9e-08   31.4   0.0   1   2   4.9e-10     1e-07   30.0   0.0    30    92   128   198   124   215 0.71 # 559459 # 560547 # -1 # ID=8_376;partial=00;start_type=ATG;rbs_motif=None;rbs_spacer=None;gc_cont=0.380
ptg000008l_376       -            363 24257at2157          -            345   3.9e-08   31.4   0.0   2   2       6.3   1.3e+03   -3.2   0.0   123   171   243   292   229   320 0.62 # 559459 # 560547 # -1 # ID=8_376;partial=00;start_type=ATG;rbs_motif=None;rbs_spacer=None;gc_cont=0.380
ptg000009l_142       -            761 24257at2157          -            345   8.7e-08   30.3   0.0   1   1   9.7e-10     2e-07   29.1   0.0    30   100   322   400   316   404 0.81 # 190882 # 193164 # -1 # ID=9_142;partial=00;start_type=ATG;rbs_motif=None;rbs_spacer=None;gc_cont=0.432
ptg000005l_818       -            457 24257at2157          -            345   8.9e-08   30.2   0.0   1   1   7.2e-10   1.5e-07   29.5   0.0    29    85   261   317   258   338 0.84 # 1205685 # 1207055 # -1 # ID=5_818;partial=00;start_type=ATG;rbs_motif=None;rbs_spacer=None;gc_cont=0.414
ptg000017l_116       -            468 24257at2157          -            345     9e-08   30.2   0.0   1   1   1.1e-09   2.2e-07   28.9   0.0    29    93   244   316   242   330 0.79 # 181338 # 182741 # 1 # ID=17_116;partial=00;start_type=ATG;rbs_motif=None;rbs_spacer=None;gc_cont=0.415
ptg000005l_311       -            438 24257at2157          -            345   1.1e-07   29.9   0.0   1   1   1.3e-09   2.7e-07   28.7   0.0    29   105   217   304   214   311 0.79 # 438511 # 439824 # 1 # ID=5_311;partial=00;start_type=ATG;rbs_motif=None;rbs_spacer=None;gc_cont=0.391
ptg000011l_403       -            792 24257at2157          -            345   1.2e-07   29.8   0.0   1   1     3e-09   6.2e-07   27.5   0.0     8   186   314   513   308   549 0.69 # 597904 # 600279 # -1 # ID=11_403;partial=00;start_type=ATG;rbs_motif=None;rbs_spacer=None;gc_cont=0.367
ptg000009l_184       -            899 24257at2157          -            345   1.5e-07   29.5   0.0   1   1   1.5e-09   3.1e-07   28.5   0.0    30   105   641   724   637   730 0.79 # 245162 # 247858 # -1 # ID=9_184;partial=00;start_type=ATG;rbs_motif=None;rbs_spacer=None;gc_cont=0.400
ptg000003l_356       -            755 24257at2157          -            345   2.3e-07   28.9   0.0   1   1   2.7e-09   5.7e-07   27.6   0.0    30    91   506   575   502   591 0.77 # 524771 # 527035 # -1 # ID=3_356;partial=00;start_type=ATG;rbs_motif=AAAAAA;rbs_spacer=10bp;gc_cont=0.396
ptg000003l_225       -            748 24257at2157          -            345   2.9e-07   28.5   0.0   1   1   2.9e-09     6e-07   27.5   0.0    29    95   315   389   312   402 0.77 # 330040 # 332283 # -1 # ID=3_225;partial=00;start_type=ATG;rbs_motif=None;rbs_spacer=None;gc_cont=0.429
ptg000002l_278       -            759 24257at2157          -            345   5.2e-07   27.7   0.6   1   3   7.4e-05     0.015   13.0   0.2    29    48   275   294   271   301 0.86 # 389389 # 391665 # -1 # ID=2_278;partial=00;start_type=ATG;rbs_motif=None;rbs_spacer=None;gc_cont=0.384
ptg000002l_278       -            759 24257at2157          -            345   5.2e-07   27.7   0.6   2   3         1   2.1e+02   -0.6   0.0    76    94   339   357   327   363 0.75 # 389389 # 391665 # -1 # ID=2_278;partial=00;start_type=ATG;rbs_motif=None;rbs_spacer=None;gc_cont=0.384
ptg000002l_278       -            759 24257at2157          -            345   5.2e-07   27.7   0.6   3   3   0.00031     0.065   10.9   0.0    30    59   559   588   547   590 0.92 # 389389 # 391665 # -1 # ID=2_278;partial=00;start_type=ATG;rbs_motif=None;rbs_spacer=None;gc_cont=0.384
ptg000014l_508       -           1051 24257at2157          -            345   7.6e-07   27.2   0.0   1   2       4.1   8.5e+02   -2.6   0.0    35    62   503   530   495   544 0.74 # 755187 # 758339 # 1 # ID=14_508;partial=00;start_type=GTG;rbs_motif=AACAA;rbs_spacer=9bp;gc_cont=0.389
ptg000014l_508       -           1051 24257at2157          -            345   7.6e-07   27.2   0.0   2   2   1.2e-08   2.5e-06   25.4   0.0    28    95   785   860   781   875 0.74 # 755187 # 758339 # 1 # ID=14_508;partial=00;start_type=GTG;rbs_motif=AACAA;rbs_spacer=9bp;gc_cont=0.389
ptg000011l_375       -            435 24257at2157          -            345   1.6e-06   26.1   0.0   1   1   2.1e-08   4.3e-06   24.7   0.0    28    93   215   288   196   310 0.76 # 545733 # 547037 # 1 # ID=11_375;partial=00;start_type=ATG;rbs_motif=None;rbs_spacer=None;gc_cont=0.411
ptg000007l_268       -            826 24257at2157          -            345   1.8e-06   25.9   0.0   1   1   2.6e-08   5.3e-06   24.4   0.0    29   103   382   464   344   479 0.78 # 417590 # 420067 # -1 # ID=7_268;partial=00;start_type=ATG;rbs_motif=None;rbs_spacer=None;gc_cont=0.404
ptg000008l_39        -           1380 24257at2157          -            345   3.4e-06   25.0   0.0   1   2     3e-06   0.00062   17.6   0.0    29    53   448   472   443   475 0.88 # 62763 # 66902 # -1 # ID=8_39;partial=00;start_type=ATG;rbs_motif=None;rbs_spacer=None;gc_cont=0.384
ptg000008l_39        -           1380 24257at2157          -            345   3.4e-06   25.0   0.0   2   2      0.02       4.2    5.0   0.0    70    95   502   527   495   542 0.78 # 62763 # 66902 # -1 # ID=8_39;partial=00;start_type=ATG;rbs_motif=None;rbs_spacer=None;gc_cont=0.384
ptg000014l_377       -            588 24257at2157          -            345   3.7e-06   24.9   0.1   1   2   6.9e-06    0.0014   16.4   0.0    29    52   171   194   133   206 0.70 # 537899 # 539662 # -1 # ID=14_377;partial=00;start_type=ATG;rbs_motif=None;rbs_spacer=None;gc_cont=0.398
ptg000014l_377       -            588 24257at2157          -            345   3.7e-06   24.9   0.1   2   2     0.012       2.5    5.7   0.1   161   206   333   376   313   391 0.78 # 537899 # 539662 # -1 # ID=14_377;partial=00;start_type=ATG;rbs_motif=None;rbs_spacer=None;gc_cont=0.398
ptg000009l_375       -            660 24257at2157          -            345   6.9e-06   24.0   0.1   1   2      0.14        28    2.3   0.0    26    48   100   122    65   126 0.82 # 531236 # 533215 # 1 # ID=9_375;partial=00;start_type=ATG;rbs_motif=None;rbs_spacer=None;gc_cont=0.383
ptg000009l_375       -            660 24257at2157          -            345   6.9e-06   24.0   0.1   2   2   9.5e-07    0.0002   19.2   0.1   129   217   259   355   249   374 0.72 # 531236 # 533215 # 1 # ID=9_375;partial=00;start_type=ATG;rbs_motif=None;rbs_spacer=None;gc_cont=0.383
ptg000002l_410       -            537 24257at2157          -            345   8.5e-05   20.4   0.0   1   1   7.4e-07   0.00015   19.6   0.0    26    52   305   331   292   337 0.80 # 589479 # 591089 # 1 # ID=2_410;partial=00;start_type=ATG;rbs_motif=AATAA;rbs_spacer=4bp;gc_cont=0.363
ptg000002l_463       -            521 24257at2157          -            345   0.00029   18.7   0.2   1   2   7.5e-05     0.016   13.0   0.0    28    55   133   160   126   173 0.89 # 668345 # 669907 # -1 # ID=2_463;partial=00;start_type=ATG;rbs_motif=None;rbs_spacer=None;gc_cont=0.378
ptg000002l_463       -            521 24257at2157          -            345   0.00029   18.7   0.2   2   2     0.076        16    3.1   0.1    79   101   198   220   190   235 0.83 # 668345 # 669907 # -1 # ID=2_463;partial=00;start_type=ATG;rbs_motif=None;rbs_spacer=None;gc_cont=0.378
ptg000002l_121       -           1134 24257at2157          -            345    0.0007   17.4   0.0   1   2   0.00017     0.035   11.8   0.0    27    53   624   650   615   655 0.85 # 179185 # 182586 # -1 # ID=2_121;partial=00;start_type=ATG;rbs_motif=None;rbs_spacer=None;gc_cont=0.407
ptg000002l_121       -           1134 24257at2157          -            345    0.0007   17.4   0.0   2   2     0.098        20    2.7   0.0    77    96   690   709   680   729 0.69 # 179185 # 182586 # -1 # ID=2_121;partial=00;start_type=ATG;rbs_motif=None;rbs_spacer=None;gc_cont=0.407
ptg000005l_439       -            609 24257at2157          -            345    0.0053   14.5   0.2   1   2     0.078        16    3.1   0.2    31    51   106   126   103   130 0.87 # 613766 # 615592 # -1 # ID=5_439;partial=00;start_type=ATG;rbs_motif=None;rbs_spacer=None;gc_cont=0.374
ptg000005l_439       -            609 24257at2157          -            345    0.0053   14.5   0.2   2   2    0.0011      0.24    9.1   0.0    26    51   376   401   371   406 0.87 # 613766 # 615592 # -1 # ID=5_439;partial=00;start_type=ATG;rbs_motif=None;rbs_spacer=None;gc_cont=0.374
ptg000005l_645       -            812 24257at2157          -            345    0.0055   14.5   1.4   1   4     0.064        13    3.4   0.0    28    51   136   159   116   162 0.77 # 952326 # 954761 # -1 # ID=5_645;partial=00;start_type=ATG;rbs_motif=None;rbs_spacer=None;gc_cont=0.388
ptg000005l_645       -            812 24257at2157          -            345    0.0055   14.5   1.4   2   4       1.8   3.7e+02   -1.4   0.0    69   107   198   236   194   240 0.74 # 952326 # 954761 # -1 # ID=5_645;partial=00;start_type=ATG;rbs_motif=None;rbs_spacer=None;gc_cont=0.388
ptg000005l_645       -            812 24257at2157          -            345    0.0055   14.5   1.4   3   4       4.2   8.7e+02   -2.6   0.2   203   257   377   431   349   434 0.72 # 952326 # 954761 # -1 # ID=5_645;partial=00;start_type=ATG;rbs_motif=None;rbs_spacer=None;gc_cont=0.388
ptg000005l_645       -            812 24257at2157          -            345    0.0055   14.5   1.4   4   4    0.0027      0.57    7.9   0.0    31    50   537   556   504   580 0.85 # 952326 # 954761 # -1 # ID=5_645;partial=00;start_type=ATG;rbs_motif=None;rbs_spacer=None;gc_cont=0.388
ptg000005l_562       -            464 24257at2157          -            345     0.019   12.7   0.1   1   1   0.00018     0.037   11.7   0.1    28    53    72    97    63   100 0.89 # 821119 # 822510 # -1 # ID=5_562;partial=00;start_type=ATG;rbs_motif=AATAA;rbs_spacer=10bp;gc_cont=0.406
ptg000009l_378       -           1122 24257at2157          -            345     0.023   12.4   0.0   1   1   0.00022     0.045   11.5   0.0    15    46   650   681   647   687 0.90 # 536626 # 539991 # 1 # ID=9_378;partial=00;start_type=ATG;rbs_motif=None;rbs_spacer=None;gc_cont=0.395
ptg000006l_367       -            396 24257at2157          -            345     0.026   12.3   0.0   1   2       1.1   2.3e+02   -0.7   0.0    21    49    52    80    47    83 0.81 # 598438 # 599625 # 1 # ID=6_367;partial=00;start_type=ATG;rbs_motif=AATAA;rbs_spacer=14bp;gc_cont=0.406
ptg000006l_367       -            396 24257at2157          -            345     0.026   12.3   0.0   2   2   0.00064      0.13    9.9   0.0    68   123   152   207   148   222 0.88 # 598438 # 599625 # 1 # ID=6_367;partial=00;start_type=ATG;rbs_motif=AATAA;rbs_spacer=14bp;gc_cont=0.406
ptg000017l_371       -            396 24257at2157          -            345     0.026   12.3   0.0   1   2       1.1   2.3e+02   -0.7   0.0    21    49    52    80    47    83 0.81 # 562113 # 563300 # 1 # ID=17_371;partial=00;start_type=ATG;rbs_motif=None;rbs_spacer=None;gc_cont=0.404
ptg000017l_371       -            396 24257at2157          -            345     0.026   12.3   0.0   2   2   0.00064      0.13    9.9   0.0    68   123   152   207   148   222 0.88 # 562113 # 563300 # 1 # ID=17_371;partial=00;start_type=ATG;rbs_motif=None;rbs_spacer=None;gc_cont=0.404
#
# Program:         hmmsearch
# Version:         3.1b2 (February 2015)
# Pipeline mode:   SEARCH
# Query file:      /home/inf-41-2022/Assembly/busco_downloads/lineages/archaea_odb10/hmms/24257at2157.hmm
# Target file:     /home/inf-41-2022/Assembly/Busco/prodigal_output/predicted_genes/predicted.faa
# Option settings: hmmsearch --domtblout /home/inf-41-2022/Assembly/Busco/auto_lineage/run_archaea_odb10/hmmer_output/24257at2157.out --cpu 1 /home/inf-41-2022/Assembly/busco_downloads/lineages/archaea_odb10/hmms/24257at2157.hmm /home/inf-41-2022/Assembly/Busco/prodigal_output/predicted_genes/predicted.faa 
# Current dir:     /home/inf-41-2022/Assembly
# Date:            Thu Feb 23 22:59:39 2023
# [ok]
