#                                                                            --- full sequence --- -------------- this domain -------------   hmm coord   ali coord   env coord
# target name        accession   tlen query name           accession   qlen   E-value  score  bias   #  of  c-Evalue  i-Evalue  score  bias  from    to  from    to  from    to  acc description of target
#------------------- ---------- ----- -------------------- ---------- ----- --------- ------ ----- --- --- --------- --------- ------ ----- ----- ----- ----- ----- ----- ----- ---- ---------------------
ptg000004l_56        -            558 24288at2157          -            347   1.2e-79  267.2   5.0   1   2   1.5e-52   1.6e-49  168.1   0.8    25   210   153   359   130   382 0.76 # 95466 # 97139 # -1 # ID=4_56;partial=00;start_type=ATG;rbs_motif=AAAAAA;rbs_spacer=15bp;gc_cont=0.443
ptg000004l_56        -            558 24288at2157          -            347   1.2e-79  267.2   5.0   2   2   9.2e-32   9.8e-29   99.8   0.2   219   347   396   557   372   557 0.84 # 95466 # 97139 # -1 # ID=4_56;partial=00;start_type=ATG;rbs_motif=AAAAAA;rbs_spacer=15bp;gc_cont=0.443
ptg000015l_104       -            555 24288at2157          -            347   6.4e-62  208.9   2.5   1   3      0.63   6.7e+02   -1.6   0.1    43    89    77   123    68   129 0.74 # 138804 # 140468 # -1 # ID=15_104;partial=00;start_type=ATG;rbs_motif=None;rbs_spacer=None;gc_cont=0.445
ptg000015l_104       -            555 24288at2157          -            347   6.4e-62  208.9   2.5   2   3   5.8e-41   6.2e-38  130.0   0.2     5   214   131   367   127   375 0.81 # 138804 # 140468 # -1 # ID=15_104;partial=00;start_type=ATG;rbs_motif=None;rbs_spacer=None;gc_cont=0.445
ptg000015l_104       -            555 24288at2157          -            347   6.4e-62  208.9   2.5   3   3     2e-21   2.1e-18   65.8   0.0   218   347   406   554   378   554 0.88 # 138804 # 140468 # -1 # ID=15_104;partial=00;start_type=ATG;rbs_motif=None;rbs_spacer=None;gc_cont=0.445
ptg000010l_115       -            493 24288at2157          -            347   1.2e-45  155.4   0.1   1   2   2.1e-27   2.2e-24   85.5   0.0     4   207    32   270    29   290 0.73 # 178571 # 180049 # 1 # ID=10_115;partial=00;start_type=ATG;rbs_motif=None;rbs_spacer=None;gc_cont=0.373
ptg000010l_115       -            493 24288at2157          -            347   1.2e-45  155.4   0.1   2   2     8e-20   8.5e-17   60.5   0.0   233   340   356   484   318   488 0.83 # 178571 # 180049 # 1 # ID=10_115;partial=00;start_type=ATG;rbs_motif=None;rbs_spacer=None;gc_cont=0.373
ptg000003l_392       -            659 24288at2157          -            347   3.6e-38  130.8   0.7   1   2     4e-27   4.2e-24   84.5   0.7    44   215   112   288    47   297 0.82 # 585122 # 587098 # -1 # ID=3_392;partial=00;start_type=ATG;rbs_motif=None;rbs_spacer=None;gc_cont=0.390
ptg000003l_392       -            659 24288at2157          -            347   3.6e-38  130.8   0.7   2   2   1.3e-14   1.4e-11   43.4   0.0   269   340   552   626   543   629 0.85 # 585122 # 587098 # -1 # ID=3_392;partial=00;start_type=ATG;rbs_motif=None;rbs_spacer=None;gc_cont=0.390
ptg000005l_372       -            592 24288at2157          -            347   1.2e-31  109.3   0.1   1   3       1.6   1.7e+03   -3.0   0.1    75    97    28    50     5    62 0.68 # 520386 # 522161 # 1 # ID=5_372;partial=00;start_type=ATG;rbs_motif=AATAA;rbs_spacer=15bp;gc_cont=0.402
ptg000005l_372       -            592 24288at2157          -            347   1.2e-31  109.3   0.1   2   3   1.7e-22   1.8e-19   69.3   0.0    47   226   196   377   168   385 0.84 # 520386 # 522161 # 1 # ID=5_372;partial=00;start_type=ATG;rbs_motif=AATAA;rbs_spacer=15bp;gc_cont=0.402
ptg000005l_372       -            592 24288at2157          -            347   1.2e-31  109.3   0.1   3   3   1.4e-12   1.5e-09   36.7   0.0   290   339   523   574   510   578 0.82 # 520386 # 522161 # 1 # ID=5_372;partial=00;start_type=ATG;rbs_motif=AATAA;rbs_spacer=15bp;gc_cont=0.402
ptg000014l_200       -            577 24288at2157          -            347   1.8e-20   72.6   0.0   1   2   8.8e-14   9.3e-11   40.6   0.0    83   216   212   346   175   356 0.78 # 287827 # 289557 # -1 # ID=14_200;partial=00;start_type=ATG;rbs_motif=None;rbs_spacer=None;gc_cont=0.418
ptg000014l_200       -            577 24288at2157          -            347   1.8e-20   72.6   0.0   2   2   2.1e-10   2.2e-07   29.5   0.0   291   338   520   567   506   574 0.86 # 287827 # 289557 # -1 # ID=14_200;partial=00;start_type=ATG;rbs_motif=None;rbs_spacer=None;gc_cont=0.418
ptg000006l_44        -             88 24288at2157          -            347     0.035   12.4   0.0   1   1   3.6e-05     0.039   12.3   0.0   207   248    27    68    12    74 0.90 # 69459 # 69722 # -1 # ID=6_44;partial=00;start_type=ATG;rbs_motif=AACAA;rbs_spacer=6bp;gc_cont=0.375
ptg000001l_114       -            504 24288at2157          -            347      0.05   11.9   0.3   1   3       1.7   1.8e+03   -3.1   0.0   200   228    31    59    29    80 0.76 # 176792 # 178303 # 1 # ID=1_114;partial=00;start_type=ATG;rbs_motif=None;rbs_spacer=None;gc_cont=0.441
ptg000001l_114       -            504 24288at2157          -            347      0.05   11.9   0.3   2   3    0.0077       8.2    4.6   0.0   167   215   351   402   342   416 0.71 # 176792 # 178303 # 1 # ID=1_114;partial=00;start_type=ATG;rbs_motif=None;rbs_spacer=None;gc_cont=0.441
ptg000001l_114       -            504 24288at2157          -            347      0.05   11.9   0.3   3   3    0.0099        11    4.3   0.0   314   335   458   479   448   482 0.92 # 176792 # 178303 # 1 # ID=1_114;partial=00;start_type=ATG;rbs_motif=None;rbs_spacer=None;gc_cont=0.441
#
# Program:         hmmsearch
# Version:         3.1b2 (February 2015)
# Pipeline mode:   SEARCH
# Query file:      /home/inf-41-2022/Assembly/busco_downloads/lineages/archaea_odb10/hmms/24288at2157.hmm
# Target file:     /home/inf-41-2022/Assembly/Busco/prodigal_output/predicted_genes/predicted.faa
# Option settings: hmmsearch --domtblout /home/inf-41-2022/Assembly/Busco/auto_lineage/run_archaea_odb10/hmmer_output/24288at2157.out --cpu 1 /home/inf-41-2022/Assembly/busco_downloads/lineages/archaea_odb10/hmms/24288at2157.hmm /home/inf-41-2022/Assembly/Busco/prodigal_output/predicted_genes/predicted.faa 
# Current dir:     /home/inf-41-2022/Assembly
# Date:            Thu Feb 23 22:59:39 2023
# [ok]
