#                                                                            --- full sequence --- -------------- this domain -------------   hmm coord   ali coord   env coord
# target name        accession   tlen query name           accession   qlen   E-value  score  bias   #  of  c-Evalue  i-Evalue  score  bias  from    to  from    to  from    to  acc description of target
#------------------- ---------- ----- -------------------- ---------- ----- --------- ------ ----- --- --- --------- --------- ------ ----- ----- ----- ----- ----- ----- ----- ---- ---------------------
ptg000009l_152       -            528 25592at2157          -            354    2e-111  371.5   0.2   1   2   4.9e-23   2.3e-20   72.0   0.1     1    65    98   162    98   171 0.92 # 206608 # 208191 # 1 # ID=9_152;partial=00;start_type=ATG;rbs_motif=None;rbs_spacer=None;gc_cont=0.404
ptg000009l_152       -            528 25592at2157          -            354    2e-111  371.5   0.2   2   2   1.8e-91   8.7e-89  297.1   0.0    56   354   178   517   166   517 0.84 # 206608 # 208191 # 1 # ID=9_152;partial=00;start_type=ATG;rbs_motif=None;rbs_spacer=None;gc_cont=0.404
ptg000011l_457       -            438 25592at2157          -            354   2.3e-33  114.8   3.5   1   1   3.4e-35   1.6e-32  112.0   3.5     1   279    46   338    46   348 0.76 # 679219 # 680532 # 1 # ID=11_457;partial=00;start_type=ATG;rbs_motif=None;rbs_spacer=None;gc_cont=0.420
ptg000002l_325       -            459 25592at2157          -            354   1.1e-15   56.6   1.1   1   3   0.00045      0.21    9.7   0.9     2    22     6    26     5    31 0.87 # 466596 # 467972 # 1 # ID=2_325;partial=00;start_type=ATG;rbs_motif=None;rbs_spacer=None;gc_cont=0.446
ptg000002l_325       -            459 25592at2157          -            354   1.1e-15   56.6   1.1   2   3   1.2e-14   5.5e-12   44.5   0.0    64   174    84   203    65   210 0.77 # 466596 # 467972 # 1 # ID=2_325;partial=00;start_type=ATG;rbs_motif=None;rbs_spacer=None;gc_cont=0.446
ptg000002l_325       -            459 25592at2157          -            354   1.1e-15   56.6   1.1   3   3       4.3     2e+03   -3.4   0.0   232   280   283   331   266   340 0.61 # 466596 # 467972 # 1 # ID=2_325;partial=00;start_type=ATG;rbs_motif=None;rbs_spacer=None;gc_cont=0.446
ptg000003l_160       -            459 25592at2157          -            354   1.1e-15   56.6   1.1   1   3   0.00045      0.21    9.7   0.9     2    22     6    26     5    31 0.87 # 240793 # 242169 # -1 # ID=3_160;partial=00;start_type=ATG;rbs_motif=None;rbs_spacer=None;gc_cont=0.444
ptg000003l_160       -            459 25592at2157          -            354   1.1e-15   56.6   1.1   2   3   1.2e-14   5.5e-12   44.5   0.0    64   174    84   203    65   210 0.77 # 240793 # 242169 # -1 # ID=3_160;partial=00;start_type=ATG;rbs_motif=None;rbs_spacer=None;gc_cont=0.444
ptg000003l_160       -            459 25592at2157          -            354   1.1e-15   56.6   1.1   3   3       4.3     2e+03   -3.4   0.0   232   280   283   331   266   340 0.61 # 240793 # 242169 # -1 # ID=3_160;partial=00;start_type=ATG;rbs_motif=None;rbs_spacer=None;gc_cont=0.444
ptg000011l_190       -            677 25592at2157          -            354   5.3e-14   51.1   7.6   1   1   7.7e-16   3.7e-13   48.4   7.6     6   174   148   310   145   464 0.84 # 272771 # 274801 # 1 # ID=11_190;partial=00;start_type=ATG;rbs_motif=None;rbs_spacer=None;gc_cont=0.369
ptg000005l_539       -            686 25592at2157          -            354   1.2e-13   50.0   0.0   1   2     0.017         8    4.5   0.0     4    20   261   277   258   298 0.79 # 788816 # 790873 # 1 # ID=5_539;partial=00;start_type=ATG;rbs_motif=None;rbs_spacer=None;gc_cont=0.413
ptg000005l_539       -            686 25592at2157          -            354   1.2e-13   50.0   0.0   2   2   3.7e-14   1.7e-11   42.8   0.0    57   151   331   430   322   465 0.73 # 788816 # 790873 # 1 # ID=5_539;partial=00;start_type=ATG;rbs_motif=None;rbs_spacer=None;gc_cont=0.413
ptg000017l_400       -            612 25592at2157          -            354   1.1e-12   46.8   0.2   1   2     0.004       1.9    6.5   0.0     5    22   169   186   165   194 0.83 # 604176 # 606011 # -1 # ID=17_400;partial=00;start_type=ATG;rbs_motif=None;rbs_spacer=None;gc_cont=0.400
ptg000017l_400       -            612 25592at2157          -            354   1.1e-12   46.8   0.2   2   2     1e-12   4.8e-10   38.1   0.0    65   145   245   329   221   333 0.83 # 604176 # 606011 # -1 # ID=17_400;partial=00;start_type=ATG;rbs_motif=None;rbs_spacer=None;gc_cont=0.400
ptg000013l_181       -            646 25592at2157          -            354   4.6e-09   34.9   0.0   1   1   4.1e-11   1.9e-08   32.8   0.0     5   181    48   227    45   230 0.70 # 248959 # 250896 # 1 # ID=13_181;partial=00;start_type=ATG;rbs_motif=None;rbs_spacer=None;gc_cont=0.386
ptg000005l_835       -            843 25592at2157          -            354   6.5e-09   34.4   0.4   1   1   2.6e-11   1.2e-08   33.4   0.4     5   130    21   161    17   192 0.74 # 1223749 # 1226277 # 1 # ID=5_835;partial=00;start_type=ATG;rbs_motif=None;rbs_spacer=None;gc_cont=0.444
ptg000011l_391       -            843 25592at2157          -            354   6.5e-09   34.4   0.4   1   1   2.6e-11   1.2e-08   33.4   0.4     5   130    21   161    17   192 0.74 # 575802 # 578330 # 1 # ID=11_391;partial=00;start_type=ATG;rbs_motif=AATAA;rbs_spacer=9bp;gc_cont=0.445
ptg000015l_301       -            519 25592at2157          -            354   3.6e-07   28.6   0.0   1   1   1.3e-09   6.3e-07   27.8   0.0   111   180   444   513   417   517 0.85 # 441274 # 442830 # 1 # ID=15_301;partial=00;start_type=ATG;rbs_motif=None;rbs_spacer=None;gc_cont=0.425
ptg000012l_99        -           1003 25592at2157          -            354   6.3e-07   27.8   0.0   1   1   3.4e-09   1.6e-06   26.5   0.0     7   140   409   543   405   557 0.76 # 141033 # 144041 # -1 # ID=12_99;partial=00;start_type=ATG;rbs_motif=None;rbs_spacer=None;gc_cont=0.413
ptg000014l_312       -           1111 25592at2157          -            354   1.4e-06   26.7   0.1   1   1   8.6e-09   4.1e-06   25.2   0.1     5   130    21   159    17   186 0.74 # 447830 # 451162 # 1 # ID=14_312;partial=00;start_type=ATG;rbs_motif=None;rbs_spacer=None;gc_cont=0.396
ptg000017l_75        -           1009 25592at2157          -            354   0.00016   19.9   0.2   1   2      0.39   1.9e+02   -0.0   0.1     4    23   134   153   131   160 0.89 # 129658 # 132684 # 1 # ID=17_75;partial=00;start_type=ATG;rbs_motif=None;rbs_spacer=None;gc_cont=0.382
ptg000017l_75        -           1009 25592at2157          -            354   0.00016   19.9   0.2   2   2   2.3e-06    0.0011   17.2   0.0    32   130   182   271   176   307 0.79 # 129658 # 132684 # 1 # ID=17_75;partial=00;start_type=ATG;rbs_motif=None;rbs_spacer=None;gc_cont=0.382
ptg000004l_166       -            757 25592at2157          -            354   0.00022   19.5   0.5   1   2   2.7e-05     0.013   13.7   0.2     5   107    67   178    64   233 0.75 # 251396 # 253666 # -1 # ID=4_166;partial=00;start_type=ATG;rbs_motif=None;rbs_spacer=None;gc_cont=0.402
ptg000004l_166       -            757 25592at2157          -            354   0.00022   19.5   0.5   2   2       0.3   1.4e+02    0.4   0.0   252   294   658   700   614   726 0.78 # 251396 # 253666 # -1 # ID=4_166;partial=00;start_type=ATG;rbs_motif=None;rbs_spacer=None;gc_cont=0.402
ptg000006l_323       -            820 25592at2157          -            354   0.00027   19.2   0.9   1   1   1.9e-06   0.00088   17.5   0.9     5   157    43   195    39   220 0.82 # 524844 # 527303 # -1 # ID=6_323;partial=00;start_type=ATG;rbs_motif=None;rbs_spacer=None;gc_cont=0.380
ptg000007l_195       -            527 25592at2157          -            354    0.0055   14.9   0.0   1   1   2.5e-05     0.012   13.8   0.0   115   179   382   444   374   450 0.88 # 302962 # 304542 # -1 # ID=7_195;partial=00;start_type=ATG;rbs_motif=AATAA;rbs_spacer=11bp;gc_cont=0.380
ptg000013l_98        -            396 25592at2157          -            354     0.013   13.6   0.0   1   1   4.3e-05     0.021   13.0   0.0   131   197   126   195   111   213 0.82 # 123456 # 124643 # 1 # ID=13_98;partial=00;start_type=ATG;rbs_motif=None;rbs_spacer=None;gc_cont=0.343
#
# Program:         hmmsearch
# Version:         3.1b2 (February 2015)
# Pipeline mode:   SEARCH
# Query file:      /home/inf-41-2022/Assembly/busco_downloads/lineages/archaea_odb10/hmms/25592at2157.hmm
# Target file:     /home/inf-41-2022/Assembly/Busco/prodigal_output/predicted_genes/predicted.faa
# Option settings: hmmsearch --domtblout /home/inf-41-2022/Assembly/Busco/auto_lineage/run_archaea_odb10/hmmer_output/25592at2157.out --cpu 1 /home/inf-41-2022/Assembly/busco_downloads/lineages/archaea_odb10/hmms/25592at2157.hmm /home/inf-41-2022/Assembly/Busco/prodigal_output/predicted_genes/predicted.faa 
# Current dir:     /home/inf-41-2022/Assembly
# Date:            Thu Feb 23 22:59:40 2023
# [ok]
