#                                                                            --- full sequence --- -------------- this domain -------------   hmm coord   ali coord   env coord
# target name        accession   tlen query name           accession   qlen   E-value  score  bias   #  of  c-Evalue  i-Evalue  score  bias  from    to  from    to  from    to  acc description of target
#------------------- ---------- ----- -------------------- ---------- ----- --------- ------ ----- --- --- --------- --------- ------ ----- ----- ----- ----- ----- ----- ----- ---- ---------------------
ptg000017l_22        -            315 31316at2157          -            264   7.5e-43  145.4   0.0   1   1   1.8e-45     3e-42  143.4   0.0     1   260     5   309     5   311 0.82 # 32347 # 33291 # 1 # ID=17_22;partial=00;start_type=ATG;rbs_motif=None;rbs_spacer=None;gc_cont=0.386
ptg000006l_26        -            405 31316at2157          -            264    0.0028   15.7   0.1   1   2     7e-06     0.012   13.6   0.1   201   234   267   300   261   327 0.87 # 38319 # 39533 # -1 # ID=6_26;partial=00;start_type=ATG;rbs_motif=None;rbs_spacer=None;gc_cont=0.379
ptg000006l_26        -            405 31316at2157          -            264    0.0028   15.7   0.1   2   2      0.32   5.4e+02   -1.6   0.0   174   197   321   344   309   384 0.69 # 38319 # 39533 # -1 # ID=6_26;partial=00;start_type=ATG;rbs_motif=None;rbs_spacer=None;gc_cont=0.379
ptg000013l_356       -            524 31316at2157          -            264     0.025   12.6   0.2   1   2   0.00076       1.3    7.0   0.0   187   238   288   339   283   345 0.86 # 530772 # 532343 # 1 # ID=13_356;partial=00;start_type=ATG;rbs_motif=None;rbs_spacer=None;gc_cont=0.407
ptg000013l_356       -            524 31316at2157          -            264     0.025   12.6   0.2   2   2      0.01        18    3.2   0.0   186   232   350   396   346   399 0.90 # 530772 # 532343 # 1 # ID=13_356;partial=00;start_type=ATG;rbs_motif=None;rbs_spacer=None;gc_cont=0.407
ptg000007l_101       -            416 31316at2157          -            264     0.032   12.2   0.3   1   2   0.00056      0.96    7.4   0.1   187   238   180   231   176   237 0.86 # 157395 # 158642 # -1 # ID=7_101;partial=00;start_type=ATG;rbs_motif=None;rbs_spacer=None;gc_cont=0.399
ptg000007l_101       -            416 31316at2157          -            264     0.032   12.2   0.3   2   2     0.014        24    2.8   0.0   186   232   242   288   238   291 0.90 # 157395 # 158642 # -1 # ID=7_101;partial=00;start_type=ATG;rbs_motif=None;rbs_spacer=None;gc_cont=0.399
ptg000014l_440       -            351 31316at2157          -            264      0.04   11.9   0.1   1   1   3.3e-05     0.056   11.4   0.1   140   224   233   324   211   340 0.74 # 655716 # 656768 # 1 # ID=14_440;partial=00;start_type=ATG;rbs_motif=None;rbs_spacer=None;gc_cont=0.422
#
# Program:         hmmsearch
# Version:         3.1b2 (February 2015)
# Pipeline mode:   SEARCH
# Query file:      /home/inf-41-2022/Assembly/busco_downloads/lineages/archaea_odb10/hmms/31316at2157.hmm
# Target file:     /home/inf-41-2022/Assembly/Busco/prodigal_output/predicted_genes/predicted.faa
# Option settings: hmmsearch --domtblout /home/inf-41-2022/Assembly/Busco/auto_lineage/run_archaea_odb10/hmmer_output/31316at2157.out --cpu 1 /home/inf-41-2022/Assembly/busco_downloads/lineages/archaea_odb10/hmms/31316at2157.hmm /home/inf-41-2022/Assembly/Busco/prodigal_output/predicted_genes/predicted.faa 
# Current dir:     /home/inf-41-2022/Assembly
# Date:            Thu Feb 23 22:59:40 2023
# [ok]
