#                                                                            --- full sequence --- -------------- this domain -------------   hmm coord   ali coord   env coord
# target name        accession   tlen query name           accession   qlen   E-value  score  bias   #  of  c-Evalue  i-Evalue  score  bias  from    to  from    to  from    to  acc description of target
#------------------- ---------- ----- -------------------- ---------- ----- --------- ------ ----- --- --- --------- --------- ------ ----- ----- ----- ----- ----- ----- ----- ---- ---------------------
ptg000002l_328       -            668 32623at2157          -            361  3.6e-102  340.7   4.5   1   5   3.8e-27   5.4e-24   83.5   0.0     4    97    25   121    22   130 0.93 # 470289 # 472292 # -1 # ID=2_328;partial=00;start_type=ATG;rbs_motif=None;rbs_spacer=None;gc_cont=0.393
ptg000002l_328       -            668 32623at2157          -            361  3.6e-102  340.7   4.5   2   5   6.5e-31   9.3e-28   95.9   0.1   112   184   206   287   196   297 0.91 # 470289 # 472292 # -1 # ID=2_328;partial=00;start_type=ATG;rbs_motif=None;rbs_spacer=None;gc_cont=0.393
ptg000002l_328       -            668 32623at2157          -            361  3.6e-102  340.7   4.5   3   5   3.7e-28   5.3e-25   86.8   0.1   184   275   320   422   316   428 0.89 # 470289 # 472292 # -1 # ID=2_328;partial=00;start_type=ATG;rbs_motif=None;rbs_spacer=None;gc_cont=0.393
ptg000002l_328       -            668 32623at2157          -            361  3.6e-102  340.7   4.5   4   5   6.2e-09   8.8e-06   23.6   0.0   264   292   498   526   484   549 0.85 # 470289 # 472292 # -1 # ID=2_328;partial=00;start_type=ATG;rbs_motif=None;rbs_spacer=None;gc_cont=0.393
ptg000002l_328       -            668 32623at2157          -            361  3.6e-102  340.7   4.5   5   5   2.1e-16     3e-13   48.2   0.0   290   360   555   631   545   632 0.81 # 470289 # 472292 # -1 # ID=2_328;partial=00;start_type=ATG;rbs_motif=None;rbs_spacer=None;gc_cont=0.393
ptg000003l_159       -            619 32623at2157          -            361  6.8e-102  339.8   1.1   1   5   3.5e-28     5e-25   86.9   0.0     3    95    16   111    14   125 0.93 # 238793 # 240649 # 1 # ID=3_159;partial=00;start_type=ATG;rbs_motif=None;rbs_spacer=None;gc_cont=0.391
ptg000003l_159       -            619 32623at2157          -            361  6.8e-102  339.8   1.1   2   5   3.8e-31   5.4e-28   96.7   0.1   111   197   164   259   147   264 0.88 # 238793 # 240649 # 1 # ID=3_159;partial=00;start_type=ATG;rbs_motif=None;rbs_spacer=None;gc_cont=0.391
ptg000003l_159       -            619 32623at2157          -            361  6.8e-102  339.8   1.1   3   5   2.9e-28   4.1e-25   87.2   0.0   184   268   280   375   267   386 0.88 # 238793 # 240649 # 1 # ID=3_159;partial=00;start_type=ATG;rbs_motif=None;rbs_spacer=None;gc_cont=0.391
ptg000003l_159       -            619 32623at2157          -            361  6.8e-102  339.8   1.1   4   5   3.7e-08   5.2e-05   21.1   0.0   264   293   456   485   447   502 0.85 # 238793 # 240649 # 1 # ID=3_159;partial=00;start_type=ATG;rbs_motif=None;rbs_spacer=None;gc_cont=0.391
ptg000003l_159       -            619 32623at2157          -            361  6.8e-102  339.8   1.1   5   5   1.8e-14   2.5e-11   41.9   0.1   308   360   533   589   514   590 0.82 # 238793 # 240649 # 1 # ID=3_159;partial=00;start_type=ATG;rbs_motif=None;rbs_spacer=None;gc_cont=0.391
ptg000009l_255       -            607 32623at2157          -            361   2.2e-09   35.5   0.0   1   4      0.12   1.8e+02   -0.4   0.0    18    64    72   121    63   127 0.86 # 331829 # 333649 # 1 # ID=9_255;partial=00;start_type=TTG;rbs_motif=AACAA;rbs_spacer=13bp;gc_cont=0.384
ptg000009l_255       -            607 32623at2157          -            361   2.2e-09   35.5   0.0   2   4   8.4e-10   1.2e-06   26.5   0.0   141   184   160   203   140   213 0.86 # 331829 # 333649 # 1 # ID=9_255;partial=00;start_type=TTG;rbs_motif=AACAA;rbs_spacer=13bp;gc_cont=0.384
ptg000009l_255       -            607 32623at2157          -            361   2.2e-09   35.5   0.0   3   4      0.75   1.1e+03   -3.0   0.1    71    87   254   270   250   279 0.81 # 331829 # 333649 # 1 # ID=9_255;partial=00;start_type=TTG;rbs_motif=AACAA;rbs_spacer=13bp;gc_cont=0.384
ptg000009l_255       -            607 32623at2157          -            361   2.2e-09   35.5   0.0   4   4    0.0049       6.9    4.2   0.0   302   340   506   544   496   557 0.85 # 331829 # 333649 # 1 # ID=9_255;partial=00;start_type=TTG;rbs_motif=AACAA;rbs_spacer=13bp;gc_cont=0.384
ptg000016l_179       -            735 32623at2157          -            361   3.4e-09   34.9   0.0   1   2   3.2e-05     0.046   11.4   0.0    24    78   351   407   339   414 0.85 # 237302 # 239506 # -1 # ID=16_179;partial=00;start_type=ATG;rbs_motif=AATAA;rbs_spacer=7bp;gc_cont=0.393
ptg000016l_179       -            735 32623at2157          -            361   3.4e-09   34.9   0.0   2   2   1.4e-08     2e-05   22.5   0.1   111   193   404   486   401   527 0.83 # 237302 # 239506 # -1 # ID=16_179;partial=00;start_type=ATG;rbs_motif=AATAA;rbs_spacer=7bp;gc_cont=0.393
ptg000017l_49        -            463 32623at2157          -            361   6.5e-08   30.6   0.0   1   2   7.6e-07    0.0011   16.7   0.0    23    81    59   120    54   126 0.82 # 84389 # 85777 # -1 # ID=17_49;partial=00;start_type=ATG;rbs_motif=None;rbs_spacer=None;gc_cont=0.391
ptg000017l_49        -            463 32623at2157          -            361   6.5e-08   30.6   0.0   2   2   2.6e-05     0.037   11.7   0.0   142   191   147   197   123   214 0.80 # 84389 # 85777 # -1 # ID=17_49;partial=00;start_type=ATG;rbs_motif=None;rbs_spacer=None;gc_cont=0.391
ptg000015l_92        -            447 32623at2157          -            361    0.0084   13.8   0.0   1   2      0.37   5.3e+02   -2.0   0.0   318   350    55    88    45    97 0.81 # 118725 # 120065 # 1 # ID=15_92;partial=00;start_type=ATG;rbs_motif=None;rbs_spacer=None;gc_cont=0.395
ptg000015l_92        -            447 32623at2157          -            361    0.0084   13.8   0.0   2   2   1.9e-05     0.027   12.1   0.0   150   291   277   423   262   438 0.73 # 118725 # 120065 # 1 # ID=15_92;partial=00;start_type=ATG;rbs_motif=None;rbs_spacer=None;gc_cont=0.395
#
# Program:         hmmsearch
# Version:         3.1b2 (February 2015)
# Pipeline mode:   SEARCH
# Query file:      /home/inf-41-2022/Assembly/busco_downloads/lineages/archaea_odb10/hmms/32623at2157.hmm
# Target file:     /home/inf-41-2022/Assembly/Busco/prodigal_output/predicted_genes/predicted.faa
# Option settings: hmmsearch --domtblout /home/inf-41-2022/Assembly/Busco/auto_lineage/run_archaea_odb10/hmmer_output/32623at2157.out --cpu 1 /home/inf-41-2022/Assembly/busco_downloads/lineages/archaea_odb10/hmms/32623at2157.hmm /home/inf-41-2022/Assembly/Busco/prodigal_output/predicted_genes/predicted.faa 
# Current dir:     /home/inf-41-2022/Assembly
# Date:            Thu Feb 23 22:59:40 2023
# [ok]
