#                                                                            --- full sequence --- -------------- this domain -------------   hmm coord   ali coord   env coord
# target name        accession   tlen query name           accession   qlen   E-value  score  bias   #  of  c-Evalue  i-Evalue  score  bias  from    to  from    to  from    to  acc description of target
#------------------- ---------- ----- -------------------- ---------- ----- --------- ------ ----- --- --- --------- --------- ------ ----- ----- ----- ----- ----- ----- ----- ---- ---------------------
ptg000007l_550       -            511 37299at2157          -            410   3.2e-99  331.2   0.0   1   1  7.2e-102   8.7e-99  329.8   0.0     4   405     1   472     1   476 0.80 # 843282 # 844814 # -1 # ID=7_550;partial=00;start_type=ATG;rbs_motif=None;rbs_spacer=None;gc_cont=0.399
ptg000017l_162       -            718 37299at2157          -            410   7.7e-08   30.3   0.0   1   2      0.15   1.8e+02   -0.6   0.0    12    36    20    44     2    59 0.83 # 250345 # 252498 # -1 # ID=17_162;partial=00;start_type=ATG;rbs_motif=None;rbs_spacer=None;gc_cont=0.389
ptg000017l_162       -            718 37299at2157          -            410   7.7e-08   30.3   0.0   2   2   3.2e-10   3.9e-07   27.9   0.0    46   157    78   205    66   219 0.70 # 250345 # 252498 # -1 # ID=17_162;partial=00;start_type=ATG;rbs_motif=None;rbs_spacer=None;gc_cont=0.389
ptg000007l_263       -            721 37299at2157          -            410   4.2e-06   24.5   0.0   1   1   6.2e-09   7.6e-06   23.7   0.0    46   162    78   210    68   230 0.73 # 408609 # 410771 # 1 # ID=7_263;partial=00;start_type=ATG;rbs_motif=None;rbs_spacer=None;gc_cont=0.402
ptg000003l_82        -            573 37299at2157          -            410   2.3e-05   22.1   0.0   1   1   3.2e-08   3.8e-05   21.4   0.0    48   193    42   187     2   194 0.76 # 118424 # 120142 # -1 # ID=3_82;partial=00;start_type=ATG;rbs_motif=None;rbs_spacer=None;gc_cont=0.439
ptg000007l_50        -            526 37299at2157          -            410   4.2e-05   21.2   0.0   1   1   5.6e-08   6.8e-05   20.5   0.0    65   167    76   176    69   196 0.76 # 75130 # 76707 # 1 # ID=7_50;partial=00;start_type=ATG;rbs_motif=None;rbs_spacer=None;gc_cont=0.373
ptg000008l_241       -            573 37299at2157          -            410   4.5e-05   21.2   0.0   1   1   5.9e-08   7.2e-05   20.5   0.0    44   194    38   188     1   194 0.75 # 355465 # 357183 # -1 # ID=8_241;partial=00;start_type=ATG;rbs_motif=None;rbs_spacer=None;gc_cont=0.437
ptg000014l_345       -            358 37299at2157          -            410   0.00013   19.6   0.0   1   1   1.6e-07   0.00019   19.1   0.0    41    99    82   139    70   150 0.81 # 496395 # 497468 # -1 # ID=14_345;partial=00;start_type=ATG;rbs_motif=None;rbs_spacer=None;gc_cont=0.420
#
# Program:         hmmsearch
# Version:         3.1b2 (February 2015)
# Pipeline mode:   SEARCH
# Query file:      /home/inf-41-2022/Assembly/busco_downloads/lineages/archaea_odb10/hmms/37299at2157.hmm
# Target file:     /home/inf-41-2022/Assembly/Busco/prodigal_output/predicted_genes/predicted.faa
# Option settings: hmmsearch --domtblout /home/inf-41-2022/Assembly/Busco/auto_lineage/run_archaea_odb10/hmmer_output/37299at2157.out --cpu 1 /home/inf-41-2022/Assembly/busco_downloads/lineages/archaea_odb10/hmms/37299at2157.hmm /home/inf-41-2022/Assembly/Busco/prodigal_output/predicted_genes/predicted.faa 
# Current dir:     /home/inf-41-2022/Assembly
# Date:            Thu Feb 23 22:59:41 2023
# [ok]
