#                                                                            --- full sequence --- -------------- this domain -------------   hmm coord   ali coord   env coord
# target name        accession   tlen query name           accession   qlen   E-value  score  bias   #  of  c-Evalue  i-Evalue  score  bias  from    to  from    to  from    to  acc description of target
#------------------- ---------- ----- -------------------- ---------- ----- --------- ------ ----- --- --- --------- --------- ------ ----- ----- ----- ----- ----- ----- ----- ---- ---------------------
ptg000005l_144       -           1734 3905at2157           -            690  3.8e-212  705.5   5.5   1   3   1.7e-27   4.7e-24   83.8   0.5     2    92    23   120    22   140 0.88 # 205801 # 211002 # -1 # ID=5_144;partial=00;start_type=ATG;rbs_motif=AAAA;rbs_spacer=12bp;gc_cont=0.409
ptg000005l_144       -           1734 3905at2157           -            690  3.8e-212  705.5   5.5   2   3  9.9e-125  2.8e-121  405.2   0.0    98   422   193   538   178   550 0.93 # 205801 # 211002 # -1 # ID=5_144;partial=00;start_type=ATG;rbs_motif=AAAA;rbs_spacer=12bp;gc_cont=0.409
ptg000005l_144       -           1734 3905at2157           -            690  3.8e-212  705.5   5.5   3   3   1.1e-67   3.1e-64  216.6   0.5   442   689   604   876   569   877 0.87 # 205801 # 211002 # -1 # ID=5_144;partial=00;start_type=ATG;rbs_motif=AAAA;rbs_spacer=12bp;gc_cont=0.409
ptg000011l_374       -           1461 3905at2157           -            690    4e-187  622.8   0.0   1   4     8e-22   2.3e-18   65.1   0.3     2   114    22   142    21   158 0.88 # 540467 # 544849 # -1 # ID=11_374;partial=00;start_type=ATG;rbs_motif=AAGAA;rbs_spacer=4bp;gc_cont=0.393
ptg000011l_374       -           1461 3905at2157           -            690    4e-187  622.8   0.0   2   4  1.9e-105  5.3e-102  341.5   0.0   106   436   221   582   208   588 0.88 # 540467 # 544849 # -1 # ID=11_374;partial=00;start_type=ATG;rbs_motif=AAGAA;rbs_spacer=4bp;gc_cont=0.393
ptg000011l_374       -           1461 3905at2157           -            690    4e-187  622.8   0.0   3   4      0.25   7.2e+02   -2.7   0.0   426   440   602   616   600   620 0.82 # 540467 # 544849 # -1 # ID=11_374;partial=00;start_type=ATG;rbs_motif=AAGAA;rbs_spacer=4bp;gc_cont=0.393
ptg000011l_374       -           1461 3905at2157           -            690    4e-187  622.8   0.0   4   4   6.5e-66   1.8e-62  210.8   0.0   440   689   649   924   636   925 0.88 # 540467 # 544849 # -1 # ID=11_374;partial=00;start_type=ATG;rbs_motif=AAGAA;rbs_spacer=4bp;gc_cont=0.393
ptg000011l_647       -           1665 3905at2157           -            690  4.8e-115  384.6   3.1   1   3   5.8e-17   1.7e-13   49.0   0.0     2    99    20   122    19   136 0.92 # 956176 # 961170 # 1 # ID=11_647;partial=00;start_type=ATG;rbs_motif=None;rbs_spacer=None;gc_cont=0.381
ptg000011l_647       -           1665 3905at2157           -            690  4.8e-115  384.6   3.1   2   3   1.1e-59   3.1e-56  190.2   0.6   200   423   429   685   421   704 0.83 # 956176 # 961170 # 1 # ID=11_647;partial=00;start_type=ATG;rbs_motif=None;rbs_spacer=None;gc_cont=0.381
ptg000011l_647       -           1665 3905at2157           -            690  4.8e-115  384.6   3.1   3   3   6.3e-41   1.8e-37  128.2   0.0   444   690   770  1059   764  1059 0.71 # 956176 # 961170 # 1 # ID=11_647;partial=00;start_type=ATG;rbs_motif=None;rbs_spacer=None;gc_cont=0.381
#
# Program:         hmmsearch
# Version:         3.1b2 (February 2015)
# Pipeline mode:   SEARCH
# Query file:      /home/inf-41-2022/Assembly/busco_downloads/lineages/archaea_odb10/hmms/3905at2157.hmm
# Target file:     /home/inf-41-2022/Assembly/Busco/prodigal_output/predicted_genes/predicted.faa
# Option settings: hmmsearch --domtblout /home/inf-41-2022/Assembly/Busco/auto_lineage/run_archaea_odb10/hmmer_output/3905at2157.out --cpu 1 /home/inf-41-2022/Assembly/busco_downloads/lineages/archaea_odb10/hmms/3905at2157.hmm /home/inf-41-2022/Assembly/Busco/prodigal_output/predicted_genes/predicted.faa 
# Current dir:     /home/inf-41-2022/Assembly
# Date:            Thu Feb 23 22:59:41 2023
# [ok]
