#                                                                            --- full sequence --- -------------- this domain -------------   hmm coord   ali coord   env coord
# target name        accession   tlen query name           accession   qlen   E-value  score  bias   #  of  c-Evalue  i-Evalue  score  bias  from    to  from    to  from    to  acc description of target
#------------------- ---------- ----- -------------------- ---------- ----- --------- ------ ----- --- --- --------- --------- ------ ----- ----- ----- ----- ----- ----- ----- ---- ---------------------
ptg000017l_152       -            383 41214at2157          -            286     3e-68  229.1   0.0   1   2   5.1e-65   8.7e-62  207.9   0.0    12   237    23   260    18   270 0.89 # 231852 # 233000 # -1 # ID=17_152;partial=00;start_type=ATG;rbs_motif=None;rbs_spacer=None;gc_cont=0.400
ptg000017l_152       -            383 41214at2157          -            286     3e-68  229.1   0.0   2   2   2.2e-07   0.00038   18.7   0.0   244   279   299   334   270   340 0.79 # 231852 # 233000 # -1 # ID=17_152;partial=00;start_type=ATG;rbs_motif=None;rbs_spacer=None;gc_cont=0.400
ptg000008l_54        -           1032 41214at2157          -            286   5.1e-41  139.7   2.9   1   3   2.6e-20   4.4e-17   61.2   0.0    10   102    17   107     1   124 0.80 # 83506 # 86601 # 1 # ID=8_54;partial=00;start_type=ATG;rbs_motif=None;rbs_spacer=None;gc_cont=0.401
ptg000008l_54        -           1032 41214at2157          -            286   5.1e-41  139.7   2.9   2   3      0.12   2.1e+02   -0.1   0.3   253   286   697   730   684   730 0.82 # 83506 # 86601 # 1 # ID=8_54;partial=00;start_type=ATG;rbs_motif=None;rbs_spacer=None;gc_cont=0.401
ptg000008l_54        -           1032 41214at2157          -            286   5.1e-41  139.7   2.9   3   3   5.2e-25   8.9e-22   76.6   0.2    90   251   750   904   731   923 0.84 # 83506 # 86601 # 1 # ID=8_54;partial=00;start_type=ATG;rbs_motif=None;rbs_spacer=None;gc_cont=0.401
ptg000005l_661       -            431 41214at2157          -            286   2.5e-22   78.4   0.1   1   2     7e-25   1.2e-21   76.2   0.0     6   235    13   254    10   286 0.84 # 974760 # 976052 # -1 # ID=5_661;partial=00;start_type=ATG;rbs_motif=None;rbs_spacer=None;gc_cont=0.363
ptg000005l_661       -            431 41214at2157          -            286   2.5e-22   78.4   0.1   2   2      0.28   4.7e+02   -1.3   0.0   178   215   352   390   335   419 0.69 # 974760 # 976052 # -1 # ID=5_661;partial=00;start_type=ATG;rbs_motif=None;rbs_spacer=None;gc_cont=0.363
ptg000011l_268       -            703 41214at2157          -            286   8.2e-20   70.1   0.0   1   1   1.2e-22   2.1e-19   68.8   0.0     7   235    14   254    10   268 0.83 # 393098 # 395206 # -1 # ID=11_268;partial=00;start_type=ATG;rbs_motif=None;rbs_spacer=None;gc_cont=0.386
ptg000009l_174       -            760 41214at2157          -            286   2.9e-19   68.4   0.0   1   3       1.3   2.2e+03   -3.5   0.0    19    29    37    47    28    48 0.81 # 233822 # 236101 # 1 # ID=9_174;partial=00;start_type=ATG;rbs_motif=None;rbs_spacer=None;gc_cont=0.380
ptg000009l_174       -            760 41214at2157          -            286   2.9e-19   68.4   0.0   2   3   3.8e-20   6.5e-17   60.6   0.0    54   256    99   335    86   342 0.73 # 233822 # 236101 # 1 # ID=9_174;partial=00;start_type=ATG;rbs_motif=None;rbs_spacer=None;gc_cont=0.380
ptg000009l_174       -            760 41214at2157          -            286   2.9e-19   68.4   0.0   3   3      0.53     9e+02   -2.2   0.0   203   251   607   656   600   686 0.68 # 233822 # 236101 # 1 # ID=9_174;partial=00;start_type=ATG;rbs_motif=None;rbs_spacer=None;gc_cont=0.380
#
# Program:         hmmsearch
# Version:         3.1b2 (February 2015)
# Pipeline mode:   SEARCH
# Query file:      /home/inf-41-2022/Assembly/busco_downloads/lineages/archaea_odb10/hmms/41214at2157.hmm
# Target file:     /home/inf-41-2022/Assembly/Busco/prodigal_output/predicted_genes/predicted.faa
# Option settings: hmmsearch --domtblout /home/inf-41-2022/Assembly/Busco/auto_lineage/run_archaea_odb10/hmmer_output/41214at2157.out --cpu 1 /home/inf-41-2022/Assembly/busco_downloads/lineages/archaea_odb10/hmms/41214at2157.hmm /home/inf-41-2022/Assembly/Busco/prodigal_output/predicted_genes/predicted.faa 
# Current dir:     /home/inf-41-2022/Assembly
# Date:            Thu Feb 23 22:59:41 2023
# [ok]
