#                                                                            --- full sequence --- -------------- this domain -------------   hmm coord   ali coord   env coord
# target name        accession   tlen query name           accession   qlen   E-value  score  bias   #  of  c-Evalue  i-Evalue  score  bias  from    to  from    to  from    to  acc description of target
#------------------- ---------- ----- -------------------- ---------- ----- --------- ------ ----- --- --- --------- --------- ------ ----- ----- ----- ----- ----- ----- ----- ---- ---------------------
ptg000003l_212       -            527 47919at2157          -            348   2.7e-53  180.3   0.7   1   3   1.7e-36   2.5e-33  114.7   0.0     3   175    35   211    33   234 0.89 # 303805 # 305385 # 1 # ID=3_212;partial=00;start_type=ATG;rbs_motif=None;rbs_spacer=None;gc_cont=0.404
ptg000003l_212       -            527 47919at2157          -            348   2.7e-53  180.3   0.7   2   3     6e-12   8.6e-09   34.0   0.1   157   226   256   322   226   326 0.71 # 303805 # 305385 # 1 # ID=3_212;partial=00;start_type=ATG;rbs_motif=None;rbs_spacer=None;gc_cont=0.404
ptg000003l_212       -            527 47919at2157          -            348   2.7e-53  180.3   0.7   3   3   2.6e-09   3.6e-06   25.4   0.1   222   336   345   484   343   489 0.74 # 303805 # 305385 # 1 # ID=3_212;partial=00;start_type=ATG;rbs_motif=None;rbs_spacer=None;gc_cont=0.404
ptg000005l_687       -           1660 47919at2157          -            348   3.2e-09   35.4   0.0   1   2     4e-10   5.7e-07   28.0   0.0    60   175  1075  1199  1073  1231 0.81 # 1005588 # 1010567 # -1 # ID=5_687;partial=00;start_type=ATG;rbs_motif=None;rbs_spacer=None;gc_cont=0.360
ptg000005l_687       -           1660 47919at2157          -            348   3.2e-09   35.4   0.0   2   2    0.0052       7.4    4.6   0.0   225   244  1317  1336  1301  1416 0.83 # 1005588 # 1010567 # -1 # ID=5_687;partial=00;start_type=ATG;rbs_motif=None;rbs_spacer=None;gc_cont=0.360
ptg000016l_179       -            735 47919at2157          -            348   3.4e-09   35.3   2.2   1   3    0.0016       2.3    6.3   0.0    14    66   354   407   349   429 0.82 # 237302 # 239506 # -1 # ID=16_179;partial=00;start_type=ATG;rbs_motif=AATAA;rbs_spacer=7bp;gc_cont=0.393
ptg000016l_179       -            735 47919at2157          -            348   3.4e-09   35.3   2.2   2   3      0.21     3e+02   -0.7   0.1   111   155   461   506   458   525 0.72 # 237302 # 239506 # -1 # ID=16_179;partial=00;start_type=ATG;rbs_motif=AATAA;rbs_spacer=7bp;gc_cont=0.393
ptg000016l_179       -            735 47919at2157          -            348   3.4e-09   35.3   2.2   3   3   6.7e-10   9.5e-07   27.3   0.1   267   341   630   705   624   716 0.84 # 237302 # 239506 # -1 # ID=16_179;partial=00;start_type=ATG;rbs_motif=AATAA;rbs_spacer=7bp;gc_cont=0.393
ptg000017l_49        -            463 47919at2157          -            348    0.0011   17.1   0.2   1   3     0.014        19    3.2   0.0    32    64    82   115    57   145 0.70 # 84389 # 85777 # -1 # ID=17_49;partial=00;start_type=ATG;rbs_motif=None;rbs_spacer=None;gc_cont=0.391
ptg000017l_49        -            463 47919at2157          -            348    0.0011   17.1   0.2   2   3         2   2.9e+03   -3.9   0.0   111   126   174   189   173   196 0.80 # 84389 # 85777 # -1 # ID=17_49;partial=00;start_type=ATG;rbs_motif=None;rbs_spacer=None;gc_cont=0.391
ptg000017l_49        -            463 47919at2157          -            348    0.0011   17.1   0.2   3   3   4.4e-05     0.063   11.4   0.0   287   339   388   440   376   449 0.91 # 84389 # 85777 # -1 # ID=17_49;partial=00;start_type=ATG;rbs_motif=None;rbs_spacer=None;gc_cont=0.391
ptg000002l_328       -            668 47919at2157          -            348     0.012   13.8   0.0   1   1   1.5e-05     0.021   13.0   0.0   273   347   557   631   546   632 0.91 # 470289 # 472292 # -1 # ID=2_328;partial=00;start_type=ATG;rbs_motif=None;rbs_spacer=None;gc_cont=0.393
ptg000003l_159       -            619 47919at2157          -            348     0.035   12.2   0.0   1   1   5.4e-05     0.077   11.1   0.0   280   345   522   587   505   590 0.90 # 238793 # 240649 # 1 # ID=3_159;partial=00;start_type=ATG;rbs_motif=None;rbs_spacer=None;gc_cont=0.391
#
# Program:         hmmsearch
# Version:         3.1b2 (February 2015)
# Pipeline mode:   SEARCH
# Query file:      /home/inf-41-2022/Assembly/busco_downloads/lineages/archaea_odb10/hmms/47919at2157.hmm
# Target file:     /home/inf-41-2022/Assembly/Busco/prodigal_output/predicted_genes/predicted.faa
# Option settings: hmmsearch --domtblout /home/inf-41-2022/Assembly/Busco/auto_lineage/run_archaea_odb10/hmmer_output/47919at2157.out --cpu 1 /home/inf-41-2022/Assembly/busco_downloads/lineages/archaea_odb10/hmms/47919at2157.hmm /home/inf-41-2022/Assembly/Busco/prodigal_output/predicted_genes/predicted.faa 
# Current dir:     /home/inf-41-2022/Assembly
# Date:            Thu Feb 23 22:59:41 2023
# [ok]
