#                                                                            --- full sequence --- -------------- this domain -------------   hmm coord   ali coord   env coord
# target name        accession   tlen query name           accession   qlen   E-value  score  bias   #  of  c-Evalue  i-Evalue  score  bias  from    to  from    to  from    to  acc description of target
#------------------- ---------- ----- -------------------- ---------- ----- --------- ------ ----- --- --- --------- --------- ------ ----- ----- ----- ----- ----- ----- ----- ---- ---------------------
ptg000017l_186       -            572 56027at2157          -            302   1.1e-11   43.2   0.3   1   2     0.045        97    0.7   0.0     2    24   311   333   310   356 0.79 # 282408 # 284123 # 1 # ID=17_186;partial=00;start_type=ATG;rbs_motif=None;rbs_spacer=None;gc_cont=0.409
ptg000017l_186       -            572 56027at2157          -            302   1.1e-11   43.2   0.3   2   2   5.8e-14   1.2e-10   39.7   0.1    65   127   396   460   389   466 0.90 # 282408 # 284123 # 1 # ID=17_186;partial=00;start_type=ATG;rbs_motif=None;rbs_spacer=None;gc_cont=0.409
ptg000016l_183       -            366 56027at2157          -            302   4.1e-09   34.8   0.0   1   3      0.88   1.9e+03   -3.5   0.0   234   258    18    42    11    47 0.73 # 242260 # 243357 # 1 # ID=16_183;partial=00;start_type=ATG;rbs_motif=None;rbs_spacer=None;gc_cont=0.388
ptg000016l_183       -            366 56027at2157          -            302   4.1e-09   34.8   0.0   2   3   5.3e-06     0.011   13.6   0.0   140   193    62   117    51   178 0.77 # 242260 # 243357 # 1 # ID=16_183;partial=00;start_type=ATG;rbs_motif=None;rbs_spacer=None;gc_cont=0.388
ptg000016l_183       -            366 56027at2157          -            302   4.1e-09   34.8   0.0   3   3   1.5e-07   0.00032   18.7   0.0   227   293   252   321   241   328 0.81 # 242260 # 243357 # 1 # ID=16_183;partial=00;start_type=ATG;rbs_motif=None;rbs_spacer=None;gc_cont=0.388
ptg000017l_386       -            559 56027at2157          -            302   4.1e-09   34.7   0.0   1   2     0.041        88    0.8   0.0     2    42   266   310   265   315 0.87 # 583567 # 585243 # -1 # ID=17_386;partial=00;start_type=ATG;rbs_motif=None;rbs_spacer=None;gc_cont=0.434
ptg000017l_386       -            559 56027at2157          -            302   4.1e-09   34.7   0.0   2   2   2.2e-11   4.7e-08   31.3   0.0    66   124   384   444   372   462 0.77 # 583567 # 585243 # -1 # ID=17_386;partial=00;start_type=ATG;rbs_motif=None;rbs_spacer=None;gc_cont=0.434
ptg000011l_295       -            675 56027at2157          -            302   2.3e-08   32.3   0.0   1   2     0.007        15    3.4   0.0     2    46   294   342   293   346 0.89 # 428513 # 430537 # -1 # ID=11_295;partial=00;start_type=ATG;rbs_motif=None;rbs_spacer=None;gc_cont=0.429
ptg000011l_295       -            675 56027at2157          -            302   2.3e-08   32.3   0.0   2   2   5.7e-10   1.2e-06   26.6   0.0    63   111   459   512   439   530 0.83 # 428513 # 430537 # -1 # ID=11_295;partial=00;start_type=ATG;rbs_motif=None;rbs_spacer=None;gc_cont=0.429
#
# Program:         hmmsearch
# Version:         3.1b2 (February 2015)
# Pipeline mode:   SEARCH
# Query file:      /home/inf-41-2022/Assembly/busco_downloads/lineages/archaea_odb10/hmms/56027at2157.hmm
# Target file:     /home/inf-41-2022/Assembly/Busco/prodigal_output/predicted_genes/predicted.faa
# Option settings: hmmsearch --domtblout /home/inf-41-2022/Assembly/Busco/auto_lineage/run_archaea_odb10/hmmer_output/56027at2157.out --cpu 1 /home/inf-41-2022/Assembly/busco_downloads/lineages/archaea_odb10/hmms/56027at2157.hmm /home/inf-41-2022/Assembly/Busco/prodigal_output/predicted_genes/predicted.faa 
# Current dir:     /home/inf-41-2022/Assembly
# Date:            Thu Feb 23 22:59:42 2023
# [ok]
