#                                                                            --- full sequence --- -------------- this domain -------------   hmm coord   ali coord   env coord
# target name        accession   tlen query name           accession   qlen   E-value  score  bias   #  of  c-Evalue  i-Evalue  score  bias  from    to  from    to  from    to  acc description of target
#------------------- ---------- ----- -------------------- ---------- ----- --------- ------ ----- --- --- --------- --------- ------ ----- ----- ----- ----- ----- ----- ----- ---- ---------------------
ptg000005l_387       -            249 60670at2157          -            186   1.7e-05   23.7   0.0   1   2   1.1e-06    0.0015   17.3   0.0    44    88    70   114    21   126 0.84 # 542776 # 543522 # -1 # ID=5_387;partial=00;start_type=ATG;rbs_motif=None;rbs_spacer=None;gc_cont=0.440
ptg000005l_387       -            249 60670at2157          -            186   1.7e-05   23.7   0.0   2   2     0.013        18    4.0   0.0    97   131   154   188   131   194 0.80 # 542776 # 543522 # -1 # ID=5_387;partial=00;start_type=ATG;rbs_motif=None;rbs_spacer=None;gc_cont=0.440
ptg000007l_104       -            592 60670at2157          -            186   0.00026   19.8   0.7   1   2    0.0038       5.4    5.8   0.1   124   167   408   452   394   472 0.78 # 160735 # 162510 # -1 # ID=7_104;partial=00;start_type=ATG;rbs_motif=AACAA;rbs_spacer=9bp;gc_cont=0.411
ptg000007l_104       -            592 60670at2157          -            186   0.00026   19.8   0.7   2   2   3.5e-05      0.05   12.4   0.1   134   165   480   511   455   522 0.88 # 160735 # 162510 # -1 # ID=7_104;partial=00;start_type=ATG;rbs_motif=AACAA;rbs_spacer=9bp;gc_cont=0.411
ptg000001l_166       -            299 60670at2157          -            186   0.00027   19.8   0.1   1   1   4.2e-07    0.0006   18.6   0.1   138   184   206   252   192   254 0.87 # 259719 # 260615 # -1 # ID=1_166;partial=00;start_type=ATG;rbs_motif=AAAAAA;rbs_spacer=7bp;gc_cont=0.467
ptg000014l_513       -            299 60670at2157          -            186   0.00027   19.8   0.1   1   1   4.2e-07    0.0006   18.6   0.1   138   184   206   252   192   254 0.87 # 763718 # 764614 # -1 # ID=14_513;partial=00;start_type=ATG;rbs_motif=AAAAAA;rbs_spacer=7bp;gc_cont=0.465
ptg000017l_29        -            485 60670at2157          -            186     0.003   16.4   0.0   1   2       1.1   1.6e+03   -2.3   0.0   146   166   393   413   392   416 0.86 # 43834 # 45288 # -1 # ID=17_29;partial=00;start_type=ATG;rbs_motif=AAGAA;rbs_spacer=4bp;gc_cont=0.434
ptg000017l_29        -            485 60670at2157          -            186     0.003   16.4   0.0   2   2   5.9e-06    0.0083   14.9   0.0   126   183   426   483   420   484 0.91 # 43834 # 45288 # -1 # ID=17_29;partial=00;start_type=ATG;rbs_motif=AAGAA;rbs_spacer=4bp;gc_cont=0.434
ptg000007l_276       -            298 60670at2157          -            186    0.0041   15.9   0.1   1   1   6.9e-06    0.0098   14.7   0.1   138   184   207   253   193   255 0.87 # 430394 # 431287 # 1 # ID=7_276;partial=00;start_type=ATG;rbs_motif=None;rbs_spacer=None;gc_cont=0.430
#
# Program:         hmmsearch
# Version:         3.1b2 (February 2015)
# Pipeline mode:   SEARCH
# Query file:      /home/inf-41-2022/Assembly/busco_downloads/lineages/archaea_odb10/hmms/60670at2157.hmm
# Target file:     /home/inf-41-2022/Assembly/Busco/prodigal_output/predicted_genes/predicted.faa
# Option settings: hmmsearch --domtblout /home/inf-41-2022/Assembly/Busco/auto_lineage/run_archaea_odb10/hmmer_output/60670at2157.out --cpu 1 /home/inf-41-2022/Assembly/busco_downloads/lineages/archaea_odb10/hmms/60670at2157.hmm /home/inf-41-2022/Assembly/Busco/prodigal_output/predicted_genes/predicted.faa 
# Current dir:     /home/inf-41-2022/Assembly
# Date:            Thu Feb 23 22:59:42 2023
# [ok]
