#                                                                            --- full sequence --- -------------- this domain -------------   hmm coord   ali coord   env coord
# target name        accession   tlen query name           accession   qlen   E-value  score  bias   #  of  c-Evalue  i-Evalue  score  bias  from    to  from    to  from    to  acc description of target
#------------------- ---------- ----- -------------------- ---------- ----- --------- ------ ----- --- --- --------- --------- ------ ----- ----- ----- ----- ----- ----- ----- ---- ---------------------
ptg000005l_736       -            382 61613at2157          -            354   1.5e-21   75.3   0.0   1   2   7.2e-24   1.5e-20   72.0   0.0    35   177    45   193    34   217 0.85 # 1089220 # 1090365 # 1 # ID=5_736;partial=00;start_type=ATG;rbs_motif=None;rbs_spacer=None;gc_cont=0.408
ptg000005l_736       -            382 61613at2157          -            354   1.5e-21   75.3   0.0   2   2     0.025        53    1.1   0.0   242   340   278   373   257   379 0.68 # 1089220 # 1090365 # 1 # ID=5_736;partial=00;start_type=ATG;rbs_motif=None;rbs_spacer=None;gc_cont=0.408
ptg000013l_13        -            363 61613at2157          -            354   1.9e-19   68.4   0.1   1   2   2.5e-20   5.3e-17   60.3   0.1    38   177    27   173    13   221 0.83 # 13071 # 14159 # -1 # ID=13_13;partial=00;start_type=ATG;rbs_motif=None;rbs_spacer=None;gc_cont=0.444
ptg000013l_13        -            363 61613at2157          -            354   1.9e-19   68.4   0.1   2   2   0.00074       1.6    6.1   0.0   234   288   248   309   239   317 0.69 # 13071 # 14159 # -1 # ID=13_13;partial=00;start_type=ATG;rbs_motif=None;rbs_spacer=None;gc_cont=0.444
ptg000013l_17        -            363 61613at2157          -            354   1.9e-19   68.4   0.1   1   2   2.5e-20   5.3e-17   60.3   0.1    38   177    27   173    13   221 0.83 # 16723 # 17811 # -1 # ID=13_17;partial=00;start_type=ATG;rbs_motif=None;rbs_spacer=None;gc_cont=0.444
ptg000013l_17        -            363 61613at2157          -            354   1.9e-19   68.4   0.1   2   2   0.00074       1.6    6.1   0.0   234   288   248   309   239   317 0.69 # 16723 # 17811 # -1 # ID=13_17;partial=00;start_type=ATG;rbs_motif=None;rbs_spacer=None;gc_cont=0.444
ptg000013l_21        -            363 61613at2157          -            354   1.9e-19   68.4   0.1   1   2   2.5e-20   5.3e-17   60.3   0.1    38   177    27   173    13   221 0.83 # 20375 # 21463 # -1 # ID=13_21;partial=00;start_type=ATG;rbs_motif=None;rbs_spacer=None;gc_cont=0.444
ptg000013l_21        -            363 61613at2157          -            354   1.9e-19   68.4   0.1   2   2   0.00074       1.6    6.1   0.0   234   288   248   309   239   317 0.69 # 20375 # 21463 # -1 # ID=13_21;partial=00;start_type=ATG;rbs_motif=None;rbs_spacer=None;gc_cont=0.444
#
# Program:         hmmsearch
# Version:         3.1b2 (February 2015)
# Pipeline mode:   SEARCH
# Query file:      /home/inf-41-2022/Assembly/busco_downloads/lineages/archaea_odb10/hmms/61613at2157.hmm
# Target file:     /home/inf-41-2022/Assembly/Busco/prodigal_output/predicted_genes/predicted.faa
# Option settings: hmmsearch --domtblout /home/inf-41-2022/Assembly/Busco/auto_lineage/run_archaea_odb10/hmmer_output/61613at2157.out --cpu 1 /home/inf-41-2022/Assembly/busco_downloads/lineages/archaea_odb10/hmms/61613at2157.hmm /home/inf-41-2022/Assembly/Busco/prodigal_output/predicted_genes/predicted.faa 
# Current dir:     /home/inf-41-2022/Assembly
# Date:            Thu Feb 23 22:59:43 2023
# [ok]
