#                                                                            --- full sequence --- -------------- this domain -------------   hmm coord   ali coord   env coord
# target name        accession   tlen query name           accession   qlen   E-value  score  bias   #  of  c-Evalue  i-Evalue  score  bias  from    to  from    to  from    to  acc description of target
#------------------- ---------- ----- -------------------- ---------- ----- --------- ------ ----- --- --- --------- --------- ------ ----- ----- ----- ----- ----- ----- ----- ---- ---------------------
ptg000008l_46        -            752 6590at2157           -            391   6.1e-83  277.8  10.7   1   2   1.1e-43   1.3e-40  138.4   0.5     2   135   198   342   197   349 0.89 # 72419 # 74674 # 1 # ID=8_46;partial=00;start_type=ATG;rbs_motif=None;rbs_spacer=None;gc_cont=0.370
ptg000008l_46        -            752 6590at2157           -            391   6.1e-83  277.8  10.7   2   2     2e-44   2.5e-41  140.8   4.2   127   382   361   704   347   710 0.73 # 72419 # 74674 # 1 # ID=8_46;partial=00;start_type=ATG;rbs_motif=None;rbs_spacer=None;gc_cont=0.370
ptg000008l_165       -            576 6590at2157           -            391   1.2e-44  151.8   2.3   1   3   4.4e-35   5.4e-32  110.0   0.0     4   210    17   258    14   260 0.77 # 251723 # 253450 # 1 # ID=8_165;partial=00;start_type=ATG;rbs_motif=AAGAA;rbs_spacer=3bp;gc_cont=0.378
ptg000008l_165       -            576 6590at2157           -            391   1.2e-44  151.8   2.3   2   3   6.4e-12   7.8e-09   33.8   0.1   215   300   298   405   292   448 0.63 # 251723 # 253450 # 1 # ID=8_165;partial=00;start_type=ATG;rbs_motif=AAGAA;rbs_spacer=3bp;gc_cont=0.378
ptg000008l_165       -            576 6590at2157           -            391   1.2e-44  151.8   2.3   3   3    0.0016         2    6.1   0.1   304   355   437   488   428   533 0.71 # 251723 # 253450 # 1 # ID=8_165;partial=00;start_type=ATG;rbs_motif=AAGAA;rbs_spacer=3bp;gc_cont=0.378
ptg000013l_296       -            895 6590at2157           -            391   1.1e-21   76.1   0.2   1   3   8.1e-22   9.8e-19   66.4   0.0     3   165    50   223    48   241 0.83 # 415896 # 418580 # -1 # ID=13_296;partial=00;start_type=ATG;rbs_motif=None;rbs_spacer=None;gc_cont=0.397
ptg000013l_296       -            895 6590at2157           -            391   1.1e-21   76.1   0.2   2   3    0.0039       4.7    4.9   0.0   168   192   434   458   417   462 0.84 # 415896 # 418580 # -1 # ID=13_296;partial=00;start_type=ATG;rbs_motif=None;rbs_spacer=None;gc_cont=0.397
ptg000013l_296       -            895 6590at2157           -            391   1.1e-21   76.1   0.2   3   3     0.072        87    0.7   0.1   355   384   782   811   727   815 0.78 # 415896 # 418580 # -1 # ID=13_296;partial=00;start_type=ATG;rbs_motif=None;rbs_spacer=None;gc_cont=0.397
ptg000003l_314       -           1003 6590at2157           -            391   4.2e-11   41.3   7.6   1   5   4.2e-11   5.1e-08   31.1   0.1     7    59    92   145    87   262 0.89 # 463796 # 466804 # 1 # ID=3_314;partial=00;start_type=ATG;rbs_motif=None;rbs_spacer=None;gc_cont=0.388
ptg000003l_314       -           1003 6590at2157           -            391   4.2e-11   41.3   7.6   2   5    0.0022       2.6    5.7   0.1   172   191   507   525   455   530 0.59 # 463796 # 466804 # 1 # ID=3_314;partial=00;start_type=ATG;rbs_motif=None;rbs_spacer=None;gc_cont=0.388
ptg000003l_314       -           1003 6590at2157           -            391   4.2e-11   41.3   7.6   3   5      0.13   1.6e+02   -0.2   0.0    80   157   529   607   526   615 0.69 # 463796 # 466804 # 1 # ID=3_314;partial=00;start_type=ATG;rbs_motif=None;rbs_spacer=None;gc_cont=0.388
ptg000003l_314       -           1003 6590at2157           -            391   4.2e-11   41.3   7.6   4   5     0.056        68    1.0   0.1   309   345   758   794   738   800 0.87 # 463796 # 466804 # 1 # ID=3_314;partial=00;start_type=ATG;rbs_motif=None;rbs_spacer=None;gc_cont=0.388
ptg000003l_314       -           1003 6590at2157           -            391   4.2e-11   41.3   7.6   5   5      0.11   1.3e+02    0.1   0.0   355   381   825   851   821   858 0.90 # 463796 # 466804 # 1 # ID=3_314;partial=00;start_type=ATG;rbs_motif=None;rbs_spacer=None;gc_cont=0.388
ptg000002l_49        -           1073 6590at2157           -            391     6e-06   24.3   2.4   1   4   4.6e-05     0.056   11.2   0.1     9    54    47    93    44   109 0.81 # 82356 # 85574 # -1 # ID=2_49;partial=00;start_type=ATG;rbs_motif=AAAAAA;rbs_spacer=10bp;gc_cont=0.389
ptg000002l_49        -           1073 6590at2157           -            391     6e-06   24.3   2.4   2   4      0.18   2.2e+02   -0.6   0.0    75   115   141   182   132   191 0.84 # 82356 # 85574 # -1 # ID=2_49;partial=00;start_type=ATG;rbs_motif=AAAAAA;rbs_spacer=10bp;gc_cont=0.389
ptg000002l_49        -           1073 6590at2157           -            391     6e-06   24.3   2.4   3   4   9.3e-05      0.11   10.2   0.1   126   192   394   469   366   473 0.68 # 82356 # 85574 # -1 # ID=2_49;partial=00;start_type=ATG;rbs_motif=AAAAAA;rbs_spacer=10bp;gc_cont=0.389
ptg000002l_49        -           1073 6590at2157           -            391     6e-06   24.3   2.4   4   4       1.4   1.7e+03   -3.5   0.0   238   257   590   609   587   631 0.80 # 82356 # 85574 # -1 # ID=2_49;partial=00;start_type=ATG;rbs_motif=AAAAAA;rbs_spacer=10bp;gc_cont=0.389
ptg000008l_280       -           1126 6590at2157           -            391   1.4e-05   23.0   1.2   1   4    0.0001      0.13   10.0   0.0     9    53   211   256   204   267 0.83 # 421630 # 425007 # -1 # ID=8_280;partial=00;start_type=GTG;rbs_motif=None;rbs_spacer=None;gc_cont=0.395
ptg000008l_280       -           1126 6590at2157           -            391   1.4e-05   23.0   1.2   2   4      0.11   1.4e+02    0.1   0.0    83   136   314   367   287   384 0.74 # 421630 # 425007 # -1 # ID=8_280;partial=00;start_type=GTG;rbs_motif=None;rbs_spacer=None;gc_cont=0.395
ptg000008l_280       -           1126 6590at2157           -            391   1.4e-05   23.0   1.2   3   4   0.00048      0.59    7.8   0.1   171   194   579   601   523   605 0.76 # 421630 # 425007 # -1 # ID=8_280;partial=00;start_type=GTG;rbs_motif=None;rbs_spacer=None;gc_cont=0.395
ptg000008l_280       -           1126 6590at2157           -            391   1.4e-05   23.0   1.2   4   4      0.31   3.8e+02   -1.4   0.0   362   385   917   940   909   945 0.79 # 421630 # 425007 # -1 # ID=8_280;partial=00;start_type=GTG;rbs_motif=None;rbs_spacer=None;gc_cont=0.395
ptg000003l_464       -           1091 6590at2157           -            391   2.6e-05   22.2   0.0   1   2   3.1e-05     0.038   11.8   0.0     4    74    61   132    58   162 0.83 # 692536 # 695808 # -1 # ID=3_464;partial=00;start_type=ATG;rbs_motif=None;rbs_spacer=None;gc_cont=0.394
ptg000003l_464       -           1091 6590at2157           -            391   2.6e-05   22.2   0.0   2   2   0.00058       0.7    7.6   0.0   218   258   700   737   685   747 0.76 # 692536 # 695808 # -1 # ID=3_464;partial=00;start_type=ATG;rbs_motif=None;rbs_spacer=None;gc_cont=0.394
#
# Program:         hmmsearch
# Version:         3.1b2 (February 2015)
# Pipeline mode:   SEARCH
# Query file:      /home/inf-41-2022/Assembly/busco_downloads/lineages/archaea_odb10/hmms/6590at2157.hmm
# Target file:     /home/inf-41-2022/Assembly/Busco/prodigal_output/predicted_genes/predicted.faa
# Option settings: hmmsearch --domtblout /home/inf-41-2022/Assembly/Busco/auto_lineage/run_archaea_odb10/hmmer_output/6590at2157.out --cpu 1 /home/inf-41-2022/Assembly/busco_downloads/lineages/archaea_odb10/hmms/6590at2157.hmm /home/inf-41-2022/Assembly/Busco/prodigal_output/predicted_genes/predicted.faa 
# Current dir:     /home/inf-41-2022/Assembly
# Date:            Thu Feb 23 22:59:43 2023
# [ok]
