#                                                                            --- full sequence --- -------------- this domain -------------   hmm coord   ali coord   env coord
# target name        accession   tlen query name           accession   qlen   E-value  score  bias   #  of  c-Evalue  i-Evalue  score  bias  from    to  from    to  from    to  acc description of target
#------------------- ---------- ----- -------------------- ---------- ----- --------- ------ ----- --- --- --------- --------- ------ ----- ----- ----- ----- ----- ----- ----- ---- ---------------------
ptg000003l_381       -            648 66209at2157          -            266   2.6e-67  225.6   0.0   1   3   4.9e-70   2.6e-67  225.6   0.0    21   253    40   292     7   301 0.89 # 569877 # 571820 # -1 # ID=3_381;partial=00;start_type=ATG;rbs_motif=None;rbs_spacer=None;gc_cont=0.406
ptg000003l_381       -            648 66209at2157          -            266   2.6e-67  225.6   0.0   2   3       3.1   1.6e+03   -3.2   0.1   113   132   343   362   318   390 0.55 # 569877 # 571820 # -1 # ID=3_381;partial=00;start_type=ATG;rbs_motif=None;rbs_spacer=None;gc_cont=0.406
ptg000003l_381       -            648 66209at2157          -            266   2.6e-67  225.6   0.0   3   3       2.1   1.1e+03   -2.7   0.3    90   126   515   550   478   561 0.54 # 569877 # 571820 # -1 # ID=3_381;partial=00;start_type=ATG;rbs_motif=None;rbs_spacer=None;gc_cont=0.406
ptg000008l_163       -            369 66209at2157          -            266     1e-15   56.5   0.1   1   2     5e-18   2.6e-15   55.1   0.0   138   228    63   155    56   175 0.82 # 249314 # 250420 # -1 # ID=8_163;partial=00;start_type=ATG;rbs_motif=AACAA;rbs_spacer=10bp;gc_cont=0.402
ptg000008l_163       -            369 66209at2157          -            266     1e-15   56.5   0.1   2   2         2   1.1e+03   -2.6   0.0   238   256   239   257   228   264 0.74 # 249314 # 250420 # -1 # ID=8_163;partial=00;start_type=ATG;rbs_motif=AACAA;rbs_spacer=10bp;gc_cont=0.402
ptg000012l_100       -            370 66209at2157          -            266   6.5e-11   40.7   0.1   1   2     4e-13   2.1e-10   39.0   0.0   144   223    71   152    60   165 0.80 # 144316 # 145425 # 1 # ID=12_100;partial=00;start_type=ATG;rbs_motif=None;rbs_spacer=None;gc_cont=0.437
ptg000012l_100       -            370 66209at2157          -            266   6.5e-11   40.7   0.1   2   2         2     1e+03   -2.6   0.0   239   253   240   254   220   262 0.75 # 144316 # 145425 # 1 # ID=12_100;partial=00;start_type=ATG;rbs_motif=None;rbs_spacer=None;gc_cont=0.437
ptg000015l_301       -            519 66209at2157          -            266   1.1e-10   40.0   0.2   1   1   8.1e-13   4.3e-10   38.0   0.2   145   264   346   475   340   477 0.74 # 441274 # 442830 # 1 # ID=15_301;partial=00;start_type=ATG;rbs_motif=None;rbs_spacer=None;gc_cont=0.425
ptg000007l_195       -            527 66209at2157          -            266   1.5e-08   33.0   0.7   1   1   4.8e-11   2.5e-08   32.2   0.7   109   255   242   400   211   410 0.73 # 302962 # 304542 # -1 # ID=7_195;partial=00;start_type=ATG;rbs_motif=AATAA;rbs_spacer=11bp;gc_cont=0.380
ptg000008l_122       -            412 66209at2157          -            266   2.5e-06   25.7   0.4   1   2   1.6e-08   8.6e-06   23.9   0.1   137   172     3    38     1    41 0.93 # 179534 # 180769 # 1 # ID=8_122;partial=00;start_type=ATG;rbs_motif=None;rbs_spacer=None;gc_cont=0.464
ptg000008l_122       -            412 66209at2157          -            266   2.5e-06   25.7   0.4   2   2      0.77   4.1e+02   -1.2   0.0    47   104   211   270   200   308 0.75 # 179534 # 180769 # 1 # ID=8_122;partial=00;start_type=ATG;rbs_motif=None;rbs_spacer=None;gc_cont=0.464
ptg000014l_38        -            211 66209at2157          -            266   9.3e-06   23.8   0.0   1   1   2.2e-08   1.2e-05   23.5   0.0   130   195    29    98    19   140 0.74 # 56204 # 56836 # 1 # ID=14_38;partial=00;start_type=TTG;rbs_motif=None;rbs_spacer=None;gc_cont=0.401
ptg000009l_123       -            521 66209at2157          -            266    0.0001   20.4   0.3   1   2      0.72   3.8e+02   -1.1   0.0   213   252   175   216   161   218 0.66 # 164113 # 165675 # 1 # ID=9_123;partial=00;start_type=ATG;rbs_motif=None;rbs_spacer=None;gc_cont=0.397
ptg000009l_123       -            521 66209at2157          -            266    0.0001   20.4   0.3   2   2   1.6e-06   0.00086   17.4   0.1   137   212   279   362   249   378 0.74 # 164113 # 165675 # 1 # ID=9_123;partial=00;start_type=ATG;rbs_motif=None;rbs_spacer=None;gc_cont=0.397
ptg000015l_51        -            406 66209at2157          -            266   0.00013   20.1   0.7   1   2   4.9e-07   0.00026   19.1   0.1   135   172    14    51    10    56 0.88 # 73367 # 74584 # -1 # ID=15_51;partial=00;start_type=ATG;rbs_motif=AATAA;rbs_spacer=6bp;gc_cont=0.377
ptg000015l_51        -            406 66209at2157          -            266   0.00013   20.1   0.7   2   2         2   1.1e+03   -2.6   0.1   116   131   150   165   141   182 0.61 # 73367 # 74584 # -1 # ID=15_51;partial=00;start_type=ATG;rbs_motif=AATAA;rbs_spacer=6bp;gc_cont=0.377
ptg000007l_277       -            368 66209at2157          -            266   0.00032   18.8   0.0   1   2   3.7e-06     0.002   16.2   0.0   139   158   151   170   123   179 0.83 # 431410 # 432513 # -1 # ID=7_277;partial=00;start_type=ATG;rbs_motif=None;rbs_spacer=None;gc_cont=0.368
ptg000007l_277       -            368 66209at2157          -            266   0.00032   18.8   0.0   2   2      0.48   2.5e+02   -0.5   0.0   181   191   215   225   213   227 0.88 # 431410 # 432513 # -1 # ID=7_277;partial=00;start_type=ATG;rbs_motif=None;rbs_spacer=None;gc_cont=0.368
ptg000008l_549       -            641 66209at2157          -            266    0.0016   16.5   0.0   1   1   6.7e-06    0.0036   15.4   0.0   142   191   340   391   267   398 0.83 # 786268 # 788190 # -1 # ID=8_549;partial=00;start_type=ATG;rbs_motif=None;rbs_spacer=None;gc_cont=0.389
ptg000013l_215       -            133 66209at2157          -            266    0.0039   15.2   0.2   1   2    0.0098       5.2    5.0   0.0    11    70     9    68     2    85 0.83 # 294225 # 294623 # -1 # ID=13_215;partial=00;start_type=TTG;rbs_motif=None;rbs_spacer=None;gc_cont=0.378
ptg000013l_215       -            133 66209at2157          -            266    0.0039   15.2   0.2   2   2   0.00011     0.061   11.3   0.1    23    85    55   117    38   129 0.69 # 294225 # 294623 # -1 # ID=13_215;partial=00;start_type=TTG;rbs_motif=None;rbs_spacer=None;gc_cont=0.378
ptg000002l_193       -            395 66209at2157          -            266    0.0067   14.5   0.1   1   2   3.4e-05     0.018   13.0   0.0   143   172    25    55    19    57 0.87 # 281476 # 282660 # -1 # ID=2_193;partial=00;start_type=ATG;rbs_motif=AATAA;rbs_spacer=15bp;gc_cont=0.397
ptg000002l_193       -            395 66209at2157          -            266    0.0067   14.5   0.1   2   2       4.9   2.6e+03   -3.9   0.0   123   142   280   298   277   299 0.76 # 281476 # 282660 # -1 # ID=2_193;partial=00;start_type=ATG;rbs_motif=AATAA;rbs_spacer=15bp;gc_cont=0.397
ptg000017l_106       -            245 66209at2157          -            266     0.024   12.7   1.1   1   2   7.4e-05     0.039   11.9   0.2   135   161    35    61    12    68 0.80 # 168726 # 169460 # 1 # ID=17_106;partial=00;start_type=ATG;rbs_motif=None;rbs_spacer=None;gc_cont=0.374
ptg000017l_106       -            245 66209at2157          -            266     0.024   12.7   1.1   2   2       1.3   7.1e+02   -2.0   0.0   104   117   179   192   160   213 0.51 # 168726 # 169460 # 1 # ID=17_106;partial=00;start_type=ATG;rbs_motif=None;rbs_spacer=None;gc_cont=0.374
ptg000005l_755       -            315 66209at2157          -            266     0.035   12.1   0.1   1   1    0.0002       0.1   10.5   0.1   135   162   131   157   127   259 0.89 # 1125610 # 1126554 # 1 # ID=5_755;partial=00;start_type=ATG;rbs_motif=None;rbs_spacer=None;gc_cont=0.367
ptg000007l_89        -            919 66209at2157          -            266     0.084   10.9   4.5   1   2   5.1e-05     0.027   12.5   0.6    26   158   367   496   358   510 0.74 # 137423 # 140179 # 1 # ID=7_89;partial=00;start_type=ATG;rbs_motif=None;rbs_spacer=None;gc_cont=0.371
ptg000007l_89        -            919 66209at2157          -            266     0.084   10.9   4.5   2   2       1.3   6.7e+02   -1.9   0.2    70   103   685   718   680   725 0.84 # 137423 # 140179 # 1 # ID=7_89;partial=00;start_type=ATG;rbs_motif=None;rbs_spacer=None;gc_cont=0.371
#
# Program:         hmmsearch
# Version:         3.1b2 (February 2015)
# Pipeline mode:   SEARCH
# Query file:      /home/inf-41-2022/Assembly/busco_downloads/lineages/archaea_odb10/hmms/66209at2157.hmm
# Target file:     /home/inf-41-2022/Assembly/Busco/prodigal_output/predicted_genes/predicted.faa
# Option settings: hmmsearch --domtblout /home/inf-41-2022/Assembly/Busco/auto_lineage/run_archaea_odb10/hmmer_output/66209at2157.out --cpu 1 /home/inf-41-2022/Assembly/busco_downloads/lineages/archaea_odb10/hmms/66209at2157.hmm /home/inf-41-2022/Assembly/Busco/prodigal_output/predicted_genes/predicted.faa 
# Current dir:     /home/inf-41-2022/Assembly
# Date:            Thu Feb 23 22:59:43 2023
# [ok]
