#                                                                            --- full sequence --- -------------- this domain -------------   hmm coord   ali coord   env coord
# target name        accession   tlen query name           accession   qlen   E-value  score  bias   #  of  c-Evalue  i-Evalue  score  bias  from    to  from    to  from    to  acc description of target
#------------------- ---------- ----- -------------------- ---------- ----- --------- ------ ----- --- --- --------- --------- ------ ----- ----- ----- ----- ----- ----- ----- ---- ---------------------
ptg000005l_90        -           1072 6736at2157           -            480  1.1e-179  596.7   0.0   1   2   3.5e-68   7.4e-65  218.0   0.0     1   242    30   310    30   314 0.84 # 127247 # 130462 # 1 # ID=5_90;partial=00;start_type=ATG;rbs_motif=AAGAA;rbs_spacer=3bp;gc_cont=0.412
ptg000005l_90        -           1072 6736at2157           -            480  1.1e-179  596.7   0.0   2   2  5.5e-116  1.2e-112  375.7   0.0   208   478   730  1026   718  1028 0.91 # 127247 # 130462 # 1 # ID=5_90;partial=00;start_type=ATG;rbs_motif=AAGAA;rbs_spacer=3bp;gc_cont=0.412
ptg000002l_335       -            518 6736at2157           -            480   1.1e-36  125.1   0.1   1   3   5.9e-15   1.3e-11   42.5   0.0     2    85    34   121    33   127 0.89 # 480194 # 481747 # -1 # ID=2_335;partial=00;start_type=ATG;rbs_motif=AATAA;rbs_spacer=11bp;gc_cont=0.423
ptg000002l_335       -            518 6736at2157           -            480   1.1e-36  125.1   0.1   2   3      0.48     1e+03   -3.4   0.0   166   188   150   172   143   180 0.77 # 480194 # 481747 # -1 # ID=2_335;partial=00;start_type=ATG;rbs_motif=AATAA;rbs_spacer=11bp;gc_cont=0.423
ptg000002l_335       -            518 6736at2157           -            480   1.1e-36  125.1   0.1   3   3   2.9e-26   6.2e-23   79.8   0.0   240   456   232   467   216   480 0.83 # 480194 # 481747 # -1 # ID=2_335;partial=00;start_type=ATG;rbs_motif=AATAA;rbs_spacer=11bp;gc_cont=0.423
ptg000006l_63        -            512 6736at2157           -            480   3.8e-34  116.7   0.0   1   2   2.3e-05     0.049   10.9   0.0    25    85    76   137    60   152 0.85 # 97551 # 99086 # -1 # ID=6_63;partial=00;start_type=ATG;rbs_motif=AACAA;rbs_spacer=14bp;gc_cont=0.430
ptg000006l_63        -            512 6736at2157           -            480   3.8e-34  116.7   0.0   2   2   1.4e-33   3.1e-30  103.9   0.0   163   459   163   473   155   484 0.83 # 97551 # 99086 # -1 # ID=6_63;partial=00;start_type=ATG;rbs_motif=AACAA;rbs_spacer=14bp;gc_cont=0.430
ptg000002l_24        -            546 6736at2157           -            480   1.2e-19   68.9   0.0   1   2   6.5e-06     0.014   12.7   0.0    13    85    82   153    72   155 0.83 # 38365 # 40002 # 1 # ID=2_24;partial=00;start_type=ATG;rbs_motif=AAAAAA;rbs_spacer=15bp;gc_cont=0.437
ptg000002l_24        -            546 6736at2157           -            480   1.2e-19   68.9   0.0   2   2     2e-18   4.2e-15   54.0   0.0   160   392   176   422   172   480 0.76 # 38365 # 40002 # 1 # ID=2_24;partial=00;start_type=ATG;rbs_motif=AAAAAA;rbs_spacer=15bp;gc_cont=0.437
#
# Program:         hmmsearch
# Version:         3.1b2 (February 2015)
# Pipeline mode:   SEARCH
# Query file:      /home/inf-41-2022/Assembly/busco_downloads/lineages/archaea_odb10/hmms/6736at2157.hmm
# Target file:     /home/inf-41-2022/Assembly/Busco/prodigal_output/predicted_genes/predicted.faa
# Option settings: hmmsearch --domtblout /home/inf-41-2022/Assembly/Busco/auto_lineage/run_archaea_odb10/hmmer_output/6736at2157.out --cpu 1 /home/inf-41-2022/Assembly/busco_downloads/lineages/archaea_odb10/hmms/6736at2157.hmm /home/inf-41-2022/Assembly/Busco/prodigal_output/predicted_genes/predicted.faa 
# Current dir:     /home/inf-41-2022/Assembly
# Date:            Thu Feb 23 22:59:43 2023
# [ok]
