#                                                                            --- full sequence --- -------------- this domain -------------   hmm coord   ali coord   env coord
# target name        accession   tlen query name           accession   qlen   E-value  score  bias   #  of  c-Evalue  i-Evalue  score  bias  from    to  from    to  from    to  acc description of target
#------------------- ---------- ----- -------------------- ---------- ----- --------- ------ ----- --- --- --------- --------- ------ ----- ----- ----- ----- ----- ----- ----- ---- ---------------------
ptg000011l_640       -            959 7896at2157           -            433   3.8e-56  189.9   0.3   1   7   1.6e-20   6.7e-17   60.6   0.0     2   107    11   129    10   165 0.76 # 941422 # 944298 # -1 # ID=11_640;partial=00;start_type=ATG;rbs_motif=None;rbs_spacer=None;gc_cont=0.399
ptg000011l_640       -            959 7896at2157           -            433   3.8e-56  189.9   0.3   2   7   2.7e-08   0.00012   20.2   0.0   133   183   216   280   192   284 0.79 # 941422 # 944298 # -1 # ID=11_640;partial=00;start_type=ATG;rbs_motif=None;rbs_spacer=None;gc_cont=0.399
ptg000011l_640       -            959 7896at2157           -            433   3.8e-56  189.9   0.3   3   7   1.1e-10   4.7e-07   28.1   0.0   180   220   299   339   293   357 0.87 # 941422 # 944298 # -1 # ID=11_640;partial=00;start_type=ATG;rbs_motif=None;rbs_spacer=None;gc_cont=0.399
ptg000011l_640       -            959 7896at2157           -            433   3.8e-56  189.9   0.3   4   7   0.00011      0.46    8.4   0.0   230   280   375   435   352   444 0.76 # 941422 # 944298 # -1 # ID=11_640;partial=00;start_type=ATG;rbs_motif=None;rbs_spacer=None;gc_cont=0.399
ptg000011l_640       -            959 7896at2157           -            433   3.8e-56  189.9   0.3   5   7      0.14   6.2e+02   -1.9   0.0   287   308   532   553   467   562 0.75 # 941422 # 944298 # -1 # ID=11_640;partial=00;start_type=ATG;rbs_motif=None;rbs_spacer=None;gc_cont=0.399
ptg000011l_640       -            959 7896at2157           -            433   3.8e-56  189.9   0.3   6   7   5.1e-16   2.2e-12   45.7   0.0   302   370   596   664   592   693 0.95 # 941422 # 944298 # -1 # ID=11_640;partial=00;start_type=ATG;rbs_motif=None;rbs_spacer=None;gc_cont=0.399
ptg000011l_640       -            959 7896at2157           -            433   3.8e-56  189.9   0.3   7   7   2.6e-07    0.0011   17.0   0.1   395   433   713   753   707   753 0.91 # 941422 # 944298 # -1 # ID=11_640;partial=00;start_type=ATG;rbs_motif=None;rbs_spacer=None;gc_cont=0.399
ptg000014l_158       -            457 7896at2157           -            433    0.0059   14.6   0.2   1   2   1.4e-06    0.0059   14.6   0.2   381   431   220   273    75   275 0.84 # 223193 # 224563 # -1 # ID=14_158;partial=00;start_type=ATG;rbs_motif=AAAA;rbs_spacer=11bp;gc_cont=0.392
ptg000014l_158       -            457 7896at2157           -            433    0.0059   14.6   0.2   2   2      0.63   2.7e+03   -4.0   0.2   211   247   306   341   297   351 0.54 # 223193 # 224563 # -1 # ID=14_158;partial=00;start_type=ATG;rbs_motif=AAAA;rbs_spacer=11bp;gc_cont=0.392
#
# Program:         hmmsearch
# Version:         3.1b2 (February 2015)
# Pipeline mode:   SEARCH
# Query file:      /home/inf-41-2022/Assembly/busco_downloads/lineages/archaea_odb10/hmms/7896at2157.hmm
# Target file:     /home/inf-41-2022/Assembly/Busco/prodigal_output/predicted_genes/predicted.faa
# Option settings: hmmsearch --domtblout /home/inf-41-2022/Assembly/Busco/auto_lineage/run_archaea_odb10/hmmer_output/7896at2157.out --cpu 1 /home/inf-41-2022/Assembly/busco_downloads/lineages/archaea_odb10/hmms/7896at2157.hmm /home/inf-41-2022/Assembly/Busco/prodigal_output/predicted_genes/predicted.faa 
# Current dir:     /home/inf-41-2022/Assembly
# Date:            Thu Feb 23 22:59:44 2023
# [ok]
