#                                                                            --- full sequence --- -------------- this domain -------------   hmm coord   ali coord   env coord
# target name        accession   tlen query name           accession   qlen   E-value  score  bias   #  of  c-Evalue  i-Evalue  score  bias  from    to  from    to  from    to  acc description of target
#------------------- ---------- ----- -------------------- ---------- ----- --------- ------ ----- --- --- --------- --------- ------ ----- ----- ----- ----- ----- ----- ----- ---- ---------------------
ptg000014l_193       -            192 80629at2157          -            141     2e-35  120.4   5.0   1   2   4.9e-05       0.1   11.1   0.1     2    36     8    45     7    59 0.82 # 277687 # 278262 # -1 # ID=14_193;partial=00;start_type=ATG;rbs_motif=None;rbs_spacer=None;gc_cont=0.411
ptg000014l_193       -            192 80629at2157          -            141     2e-35  120.4   5.0   2   2   1.6e-35   3.4e-32  109.9   3.1    31   141    60   184    40   184 0.81 # 277687 # 278262 # -1 # ID=14_193;partial=00;start_type=ATG;rbs_motif=None;rbs_spacer=None;gc_cont=0.411
ptg000008l_601       -            192 80629at2157          -            141   5.9e-35  118.9   5.1   1   2    0.0001      0.22   10.1   0.1     2    36     8    45     7    59 0.82 # 874489 # 875064 # 1 # ID=8_601;partial=00;start_type=ATG;rbs_motif=None;rbs_spacer=None;gc_cont=0.417
ptg000008l_601       -            192 80629at2157          -            141   5.9e-35  118.9   5.1   2   2   2.1e-35   4.4e-32  109.6   3.0    32   141    61   184    40   184 0.81 # 874489 # 875064 # 1 # ID=8_601;partial=00;start_type=ATG;rbs_motif=None;rbs_spacer=None;gc_cont=0.417
ptg000015l_278       -            215 80629at2157          -            141   7.1e-07   27.9   0.2   1   2     0.059   1.3e+02    1.1   0.0     9    26    49    66    43    72 0.82 # 393536 # 394180 # -1 # ID=15_278;partial=00;start_type=ATG;rbs_motif=None;rbs_spacer=None;gc_cont=0.389
ptg000015l_278       -            215 80629at2157          -            141   7.1e-07   27.9   0.2   2   2   3.9e-09   8.3e-06   24.4   0.1    20   120    81   187    66   190 0.81 # 393536 # 394180 # -1 # ID=15_278;partial=00;start_type=ATG;rbs_motif=None;rbs_spacer=None;gc_cont=0.389
ptg000009l_195       -            528 80629at2157          -            141     0.032   12.8   0.2   1   2      0.51   1.1e+03   -1.9   0.0     5    46   321   362   318   367 0.83 # 257401 # 258984 # -1 # ID=9_195;partial=00;start_type=ATG;rbs_motif=None;rbs_spacer=None;gc_cont=0.394
ptg000009l_195       -            528 80629at2157          -            141     0.032   12.8   0.2   2   2   7.1e-05      0.15   10.6   0.2    75   129   435   489   430   497 0.93 # 257401 # 258984 # -1 # ID=9_195;partial=00;start_type=ATG;rbs_motif=None;rbs_spacer=None;gc_cont=0.394
#
# Program:         hmmsearch
# Version:         3.1b2 (February 2015)
# Pipeline mode:   SEARCH
# Query file:      /home/inf-41-2022/Assembly/busco_downloads/lineages/archaea_odb10/hmms/80629at2157.hmm
# Target file:     /home/inf-41-2022/Assembly/Busco/prodigal_output/predicted_genes/predicted.faa
# Option settings: hmmsearch --domtblout /home/inf-41-2022/Assembly/Busco/auto_lineage/run_archaea_odb10/hmmer_output/80629at2157.out --cpu 1 /home/inf-41-2022/Assembly/busco_downloads/lineages/archaea_odb10/hmms/80629at2157.hmm /home/inf-41-2022/Assembly/Busco/prodigal_output/predicted_genes/predicted.faa 
# Current dir:     /home/inf-41-2022/Assembly
# Date:            Thu Feb 23 22:59:45 2023
# [ok]
