#                                                                            --- full sequence --- -------------- this domain -------------   hmm coord   ali coord   env coord
# target name        accession   tlen query name           accession   qlen   E-value  score  bias   #  of  c-Evalue  i-Evalue  score  bias  from    to  from    to  from    to  acc description of target
#------------------- ---------- ----- -------------------- ---------- ----- --------- ------ ----- --- --- --------- --------- ------ ----- ----- ----- ----- ----- ----- ----- ---- ---------------------
ptg000002l_32        -            422 82853at2157          -            213   9.5e-39  131.9   0.9   1   2   9.9e-33   2.1e-29  101.4   1.3     2   162   107   299   106   313 0.78 # 48676 # 49941 # -1 # ID=2_32;partial=00;start_type=ATG;rbs_motif=None;rbs_spacer=None;gc_cont=0.433
ptg000002l_32        -            422 82853at2157          -            213   9.5e-39  131.9   0.9   2   2   2.3e-08   4.9e-05   21.8   0.0   167   211   355   409   319   411 0.81 # 48676 # 49941 # -1 # ID=2_32;partial=00;start_type=ATG;rbs_motif=None;rbs_spacer=None;gc_cont=0.433
ptg000013l_122       -            388 82853at2157          -            213   7.6e-15   53.8   0.1   1   2   1.1e-15   2.4e-12   45.7   0.0     2   163   140   328   139   334 0.79 # 159270 # 160433 # -1 # ID=13_122;partial=00;start_type=ATG;rbs_motif=AAAAAA;rbs_spacer=8bp;gc_cont=0.406
ptg000013l_122       -            388 82853at2157          -            213   7.6e-15   53.8   0.1   2   2    0.0018       3.8    5.8   0.0   195   213   349   367   345   367 0.87 # 159270 # 160433 # -1 # ID=13_122;partial=00;start_type=ATG;rbs_motif=AAAAAA;rbs_spacer=8bp;gc_cont=0.406
ptg000005l_453       -            594 82853at2157          -            213   3.7e-06   25.4   0.0   1   2    0.0004      0.85    7.9   0.0    26    65    75   114    64   119 0.89 # 636330 # 638111 # -1 # ID=5_453;partial=00;start_type=ATG;rbs_motif=None;rbs_spacer=None;gc_cont=0.390
ptg000005l_453       -            594 82853at2157          -            213   3.7e-06   25.4   0.0   2   2   3.2e-06    0.0068   14.8   0.0    64    94   132   162   122   173 0.84 # 636330 # 638111 # -1 # ID=5_453;partial=00;start_type=ATG;rbs_motif=None;rbs_spacer=None;gc_cont=0.390
ptg000012l_132       -            418 82853at2157          -            213     0.015   13.6   0.0   1   1   1.2e-05     0.027   12.8   0.0   124   166    60   102    56   111 0.92 # 185755 # 187008 # -1 # ID=12_132;partial=00;start_type=ATG;rbs_motif=None;rbs_spacer=None;gc_cont=0.485
#
# Program:         hmmsearch
# Version:         3.1b2 (February 2015)
# Pipeline mode:   SEARCH
# Query file:      /home/inf-41-2022/Assembly/busco_downloads/lineages/archaea_odb10/hmms/82853at2157.hmm
# Target file:     /home/inf-41-2022/Assembly/Busco/prodigal_output/predicted_genes/predicted.faa
# Option settings: hmmsearch --domtblout /home/inf-41-2022/Assembly/Busco/auto_lineage/run_archaea_odb10/hmmer_output/82853at2157.out --cpu 1 /home/inf-41-2022/Assembly/busco_downloads/lineages/archaea_odb10/hmms/82853at2157.hmm /home/inf-41-2022/Assembly/Busco/prodigal_output/predicted_genes/predicted.faa 
# Current dir:     /home/inf-41-2022/Assembly
# Date:            Thu Feb 23 22:59:45 2023
# [ok]
