#                                                                            --- full sequence --- -------------- this domain -------------   hmm coord   ali coord   env coord
# target name        accession   tlen query name           accession   qlen   E-value  score  bias   #  of  c-Evalue  i-Evalue  score  bias  from    to  from    to  from    to  acc description of target
#------------------- ---------- ----- -------------------- ---------- ----- --------- ------ ----- --- --- --------- --------- ------ ----- ----- ----- ----- ----- ----- ----- ---- ---------------------
ptg000007l_463       -           1730 84684at2157          -            183   3.7e-28   97.3  14.0   1   7      0.38   8.2e+02   -1.6   0.0    10    23   261   274   258   284 0.85 # 704125 # 709314 # -1 # ID=7_463;partial=00;start_type=ATG;rbs_motif=None;rbs_spacer=None;gc_cont=0.374
ptg000007l_463       -           1730 84684at2157          -            183   3.7e-28   97.3  14.0   2   7   2.8e-10     6e-07   28.2   0.0     7    86   609   686   603   699 0.85 # 704125 # 709314 # -1 # ID=7_463;partial=00;start_type=ATG;rbs_motif=None;rbs_spacer=None;gc_cont=0.374
ptg000007l_463       -           1730 84684at2157          -            183   3.7e-28   97.3  14.0   3   7     0.009        19    3.7   0.2    46   139   833   923   799   936 0.66 # 704125 # 709314 # -1 # ID=7_463;partial=00;start_type=ATG;rbs_motif=None;rbs_spacer=None;gc_cont=0.374
ptg000007l_463       -           1730 84684at2157          -            183   3.7e-28   97.3  14.0   4   7     0.012        25    3.3   0.1    56    89  1139  1172  1133  1176 0.85 # 704125 # 709314 # -1 # ID=7_463;partial=00;start_type=ATG;rbs_motif=None;rbs_spacer=None;gc_cont=0.374
ptg000007l_463       -           1730 84684at2157          -            183   3.7e-28   97.3  14.0   5   7   1.6e-08   3.3e-05   22.5   0.1     3    71  1175  1240  1173  1257 0.91 # 704125 # 709314 # -1 # ID=7_463;partial=00;start_type=ATG;rbs_motif=None;rbs_spacer=None;gc_cont=0.374
ptg000007l_463       -           1730 84684at2157          -            183   3.7e-28   97.3  14.0   6   7   8.4e-15   1.8e-11   42.9   0.0     4    86  1264  1346  1263  1361 0.89 # 704125 # 709314 # -1 # ID=7_463;partial=00;start_type=ATG;rbs_motif=None;rbs_spacer=None;gc_cont=0.374
ptg000007l_463       -           1730 84684at2157          -            183   3.7e-28   97.3  14.0   7   7       1.2   2.5e+03   -3.2   0.1   132   132  1551  1551  1487  1583 0.51 # 704125 # 709314 # -1 # ID=7_463;partial=00;start_type=ATG;rbs_motif=None;rbs_spacer=None;gc_cont=0.374
ptg000006l_195       -            305 84684at2157          -            183   5.5e-28   96.8   5.9   1   2   1.1e-26   2.4e-23   81.6   1.2     1   114    13   126    13   151 0.95 # 299859 # 300773 # -1 # ID=6_195;partial=00;start_type=ATG;rbs_motif=None;rbs_spacer=None;gc_cont=0.368
ptg000006l_195       -            305 84684at2157          -            183   5.5e-28   96.8   5.9   2   2     6e-07    0.0013   17.3   0.2   130   182   191   250   163   251 0.72 # 299859 # 300773 # -1 # ID=6_195;partial=00;start_type=ATG;rbs_motif=None;rbs_spacer=None;gc_cont=0.368
ptg000009l_138       -           1146 84684at2157          -            183   1.4e-07   30.3   0.1   1   2   6.5e-11   1.4e-07   30.3   0.1    10    84   183   258   180   272 0.89 # 180231 # 183668 # 1 # ID=9_138;partial=00;start_type=ATG;rbs_motif=None;rbs_spacer=None;gc_cont=0.380
ptg000009l_138       -           1146 84684at2157          -            183   1.4e-07   30.3   0.1   2   2         4   8.5e+03   -5.8   2.3    47    93   407   451   405   462 0.56 # 180231 # 183668 # 1 # ID=9_138;partial=00;start_type=ATG;rbs_motif=None;rbs_spacer=None;gc_cont=0.380
ptg000016l_208       -             61 84684at2157          -            183     0.067   11.7   0.0   1   1   3.3e-05     0.069   11.7   0.0    27    64    12    49     4    56 0.85 # 271237 # 271419 # 1 # ID=16_208;partial=00;start_type=ATG;rbs_motif=AACAA;rbs_spacer=5bp;gc_cont=0.235
#
# Program:         hmmsearch
# Version:         3.1b2 (February 2015)
# Pipeline mode:   SEARCH
# Query file:      /home/inf-41-2022/Assembly/busco_downloads/lineages/archaea_odb10/hmms/84684at2157.hmm
# Target file:     /home/inf-41-2022/Assembly/Busco/prodigal_output/predicted_genes/predicted.faa
# Option settings: hmmsearch --domtblout /home/inf-41-2022/Assembly/Busco/auto_lineage/run_archaea_odb10/hmmer_output/84684at2157.out --cpu 1 /home/inf-41-2022/Assembly/busco_downloads/lineages/archaea_odb10/hmms/84684at2157.hmm /home/inf-41-2022/Assembly/Busco/prodigal_output/predicted_genes/predicted.faa 
# Current dir:     /home/inf-41-2022/Assembly
# Date:            Thu Feb 23 22:59:45 2023
# [ok]
