#                                                                            --- full sequence --- -------------- this domain -------------   hmm coord   ali coord   env coord
# target name        accession   tlen query name           accession   qlen   E-value  score  bias   #  of  c-Evalue  i-Evalue  score  bias  from    to  from    to  from    to  acc description of target
#------------------- ---------- ----- -------------------- ---------- ----- --------- ------ ----- --- --- --------- --------- ------ ----- ----- ----- ----- ----- ----- ----- ---- ---------------------
ptg000016l_252       -            203 87367at2157          -             94     1e-22   78.9   1.7   1   3   7.6e-11   2.1e-07   29.8   0.1     2    39    19    56    18    70 0.86 # 347402 # 348010 # 1 # ID=16_252;partial=00;start_type=ATG;rbs_motif=AACAA;rbs_spacer=14bp;gc_cont=0.411
ptg000016l_252       -            203 87367at2157          -             94     1e-22   78.9   1.7   2   3   4.2e-13   1.2e-09   37.0   0.1    34    78    69   113    62   115 0.94 # 347402 # 348010 # 1 # ID=16_252;partial=00;start_type=ATG;rbs_motif=AACAA;rbs_spacer=14bp;gc_cont=0.411
ptg000016l_252       -            203 87367at2157          -             94     1e-22   78.9   1.7   3   3   8.5e-05      0.24   10.4   0.0    57    94   114   151   113   151 0.91 # 347402 # 348010 # 1 # ID=16_252;partial=00;start_type=ATG;rbs_motif=AACAA;rbs_spacer=14bp;gc_cont=0.411
ptg000014l_195       -            186 87367at2157          -             94   4.7e-22   76.8   2.1   1   3   2.4e-10   6.8e-07   28.2   0.1     2    37     2    37     1    49 0.88 # 283430 # 283987 # 1 # ID=14_195;partial=00;start_type=TTG;rbs_motif=None;rbs_spacer=None;gc_cont=0.432
ptg000014l_195       -            186 87367at2157          -             94   4.7e-22   76.8   2.1   2   3   4.8e-13   1.4e-09   36.8   0.1    34    78    52    96    46    98 0.94 # 283430 # 283987 # 1 # ID=14_195;partial=00;start_type=TTG;rbs_motif=None;rbs_spacer=None;gc_cont=0.432
ptg000014l_195       -            186 87367at2157          -             94   4.7e-22   76.8   2.1   3   3   7.4e-05      0.21   10.6   0.0    57    94    97   134    96   134 0.91 # 283430 # 283987 # 1 # ID=14_195;partial=00;start_type=TTG;rbs_motif=None;rbs_spacer=None;gc_cont=0.432
ptg000011l_409       -            164 87367at2157          -             94   3.9e-07   29.0   0.6   1   2   0.00066       1.9    7.6   0.1    16    40    54    78    27    93 0.67 # 607186 # 607677 # 1 # ID=11_409;partial=00;start_type=ATG;rbs_motif=AACAA;rbs_spacer=10bp;gc_cont=0.404
ptg000011l_409       -            164 87367at2157          -             94   3.9e-07   29.0   0.6   2   2   6.4e-07    0.0018   17.2   0.0    44    82   101   140    88   144 0.79 # 607186 # 607677 # 1 # ID=11_409;partial=00;start_type=ATG;rbs_motif=AACAA;rbs_spacer=10bp;gc_cont=0.404
#
# Program:         hmmsearch
# Version:         3.1b2 (February 2015)
# Pipeline mode:   SEARCH
# Query file:      /home/inf-41-2022/Assembly/busco_downloads/lineages/archaea_odb10/hmms/87367at2157.hmm
# Target file:     /home/inf-41-2022/Assembly/Busco/prodigal_output/predicted_genes/predicted.faa
# Option settings: hmmsearch --domtblout /home/inf-41-2022/Assembly/Busco/auto_lineage/run_archaea_odb10/hmmer_output/87367at2157.out --cpu 1 /home/inf-41-2022/Assembly/busco_downloads/lineages/archaea_odb10/hmms/87367at2157.hmm /home/inf-41-2022/Assembly/Busco/prodigal_output/predicted_genes/predicted.faa 
# Current dir:     /home/inf-41-2022/Assembly
# Date:            Thu Feb 23 22:59:45 2023
# [ok]
