#                                                                            --- full sequence --- -------------- this domain -------------   hmm coord   ali coord   env coord
# target name        accession   tlen query name           accession   qlen   E-value  score  bias   #  of  c-Evalue  i-Evalue  score  bias  from    to  from    to  from    to  acc description of target
#------------------- ---------- ----- -------------------- ---------- ----- --------- ------ ----- --- --- --------- --------- ------ ----- ----- ----- ----- ----- ----- ----- ---- ---------------------
ptg000007l_436       -            444 90882at2157          -            197     3e-22   77.9   0.4   1   4     2e-12   8.4e-09   34.1   0.1     1    36     8    44     8   117 0.80 # 662677 # 664008 # 1 # ID=7_436;partial=00;start_type=ATG;rbs_motif=None;rbs_spacer=None;gc_cont=0.405
ptg000007l_436       -            444 90882at2157          -            197     3e-22   77.9   0.4   2   4   9.3e-08    0.0004   18.8   0.0    44   111   134   215   117   222 0.72 # 662677 # 664008 # 1 # ID=7_436;partial=00;start_type=ATG;rbs_motif=None;rbs_spacer=None;gc_cont=0.405
ptg000007l_436       -            444 90882at2157          -            197     3e-22   77.9   0.4   3   4      0.16     7e+02   -1.6   0.0   118   134   249   265   241   277 0.77 # 662677 # 664008 # 1 # ID=7_436;partial=00;start_type=ATG;rbs_motif=None;rbs_spacer=None;gc_cont=0.405
ptg000007l_436       -            444 90882at2157          -            197     3e-22   77.9   0.4   4   4   1.6e-07   0.00069   18.0   0.0   145   190   310   358   290   363 0.77 # 662677 # 664008 # 1 # ID=7_436;partial=00;start_type=ATG;rbs_motif=None;rbs_spacer=None;gc_cont=0.405
ptg000005l_329       -            521 90882at2157          -            197     0.022   13.1   0.0   1   3    0.0053        23    3.3   0.0     2    32    44    74    43    84 0.77 # 463898 # 465460 # 1 # ID=5_329;partial=00;start_type=ATG;rbs_motif=None;rbs_spacer=None;gc_cont=0.413
ptg000005l_329       -            521 90882at2157          -            197     0.022   13.1   0.0   2   3   0.00058       2.5    6.4   0.0    40   105   146   216   138   227 0.79 # 463898 # 465460 # 1 # ID=5_329;partial=00;start_type=ATG;rbs_motif=None;rbs_spacer=None;gc_cont=0.413
ptg000005l_329       -            521 90882at2157          -            197     0.022   13.1   0.0   3   3      0.18   7.8e+02   -1.7   0.0   146   191   418   467   410   470 0.71 # 463898 # 465460 # 1 # ID=5_329;partial=00;start_type=ATG;rbs_motif=None;rbs_spacer=None;gc_cont=0.413
#
# Program:         hmmsearch
# Version:         3.1b2 (February 2015)
# Pipeline mode:   SEARCH
# Query file:      /home/inf-41-2022/Assembly/busco_downloads/lineages/archaea_odb10/hmms/90882at2157.hmm
# Target file:     /home/inf-41-2022/Assembly/Busco/prodigal_output/predicted_genes/predicted.faa
# Option settings: hmmsearch --domtblout /home/inf-41-2022/Assembly/Busco/auto_lineage/run_archaea_odb10/hmmer_output/90882at2157.out --cpu 1 /home/inf-41-2022/Assembly/busco_downloads/lineages/archaea_odb10/hmms/90882at2157.hmm /home/inf-41-2022/Assembly/Busco/prodigal_output/predicted_genes/predicted.faa 
# Current dir:     /home/inf-41-2022/Assembly
# Date:            Thu Feb 23 22:59:46 2023
# [ok]
