#                                                                                --- full sequence --- -------------- this domain -------------   hmm coord   ali coord   env coord
# target name            accession   tlen query name           accession   qlen   E-value  score  bias   #  of  c-Evalue  i-Evalue  score  bias  from    to  from    to  from    to  acc description of target
#    ------------------- ---------- ----- -------------------- ---------- ----- --------- ------ ----- --- --- --------- --------- ------ ----- ----- ----- ----- ----- ----- ----- ---- ---------------------
ptg000004l:205236-208292 -           1019 13501at4891          -            487   1.5e-54  182.7  54.2   1  11   1.3e-17   3.5e-14   49.6   0.0     9    63    29    85    26    88 0.88 -
ptg000004l:205236-208292 -           1019 13501at4891          -            487   1.5e-54  182.7  54.2   2  11   1.2e-07   0.00033   16.7   0.1    61    84   109   132   107   144 0.87 -
ptg000004l:205236-208292 -           1019 13501at4891          -            487   1.5e-54  182.7  54.2   3  11     9e-06     0.024   10.6   0.1    94   118   200   224   194   234 0.86 -
ptg000004l:205236-208292 -           1019 13501at4891          -            487   1.5e-54  182.7  54.2   4  11       0.1   2.7e+02   -2.8   0.2   186   220   275   304   261   353 0.48 -
ptg000004l:205236-208292 -           1019 13501at4891          -            487   1.5e-54  182.7  54.2   5  11     0.029        77   -1.0   0.0   163   179   380   396   374   406 0.82 -
ptg000004l:205236-208292 -           1019 13501at4891          -            487   1.5e-54  182.7  54.2   6  11   0.00016      0.43    6.4   8.8   174   286   466   609   461   617 0.72 -
ptg000004l:205236-208292 -           1019 13501at4891          -            487   1.5e-54  182.7  54.2   7  11     0.033        87   -1.2   0.2   272   302   631   663   627   689 0.63 -
ptg000004l:205236-208292 -           1019 13501at4891          -            487   1.5e-54  182.7  54.2   8  11    0.0062        17    1.2   0.2   296   336   692   744   675   752 0.69 -
ptg000004l:205236-208292 -           1019 13501at4891          -            487   1.5e-54  182.7  54.2   9  11   4.4e-11   1.2e-07   28.1   1.6   348   394   788   840   783   848 0.83 -
ptg000004l:205236-208292 -           1019 13501at4891          -            487   1.5e-54  182.7  54.2  10  11   1.5e-24     4e-21   72.5   0.2   398   451   867   923   861   925 0.92 -
ptg000004l:205236-208292 -           1019 13501at4891          -            487   1.5e-54  182.7  54.2  11  11   1.9e-09     5e-06   22.7   0.2   447   487   958  1009   956  1009 0.78 -
#
# Program:         hmmsearch
# Version:         3.1b2 (February 2015)
# Pipeline mode:   SEARCH
# Query file:      /home/inf-41-2022/Assembly/busco_downloads/lineages/saccharomycetes_odb10/hmms/13501at4891.hmm
# Target file:     /home/inf-41-2022/Assembly/Busco/run_saccharomycetes_odb10/metaeuk_output/initial_results/output.bp.p_ctg.fa.modified.fas
# Option settings: hmmsearch --domtblout /home/inf-41-2022/Assembly/Busco/run_saccharomycetes_odb10/hmmer_output/initial_run_results/13501at4891.out --cpu 1 /home/inf-41-2022/Assembly/busco_downloads/lineages/saccharomycetes_odb10/hmms/13501at4891.hmm /home/inf-41-2022/Assembly/Busco/run_saccharomycetes_odb10/metaeuk_output/initial_results/output.bp.p_ctg.fa.modified.fas 
# Current dir:     /home/inf-41-2022/Assembly
# Date:            Thu Feb 23 23:24:56 2023
# [ok]
