#                                                                                  --- full sequence --- -------------- this domain -------------   hmm coord   ali coord   env coord
# target name              accession   tlen query name           accession   qlen   E-value  score  bias   #  of  c-Evalue  i-Evalue  score  bias  from    to  from    to  from    to  acc description of target
#      ------------------- ---------- ----- -------------------- ---------- ----- --------- ------ ----- --- --- --------- --------- ------ ----- ----- ----- ----- ----- ----- ----- ---- ---------------------
ptg000017l:228474-229856   -            461 19258at4891          -            251   1.8e-81  270.4   2.2   1   2   5.3e-08   1.4e-06   25.1   0.2    25    83   135   222   130   240 0.71 -
ptg000017l:228474-229856   -            461 19258at4891          -            251   1.8e-81  270.4   2.2   2   2   5.6e-73   1.4e-71  237.9   0.1    82   250   247   449   236   450 0.84 -
ptg000005l:1392733-1394622 -            630 19258at4891          -            251   1.3e-39  133.3   0.1   1   1     9e-41   2.3e-39  132.4   0.1    25   206    51   252    39   299 0.84 -
ptg000003l:656823-657743   -            307 19258at4891          -            251   6.7e-37  124.3   0.1   1   1   5.8e-38   1.5e-36  123.2   0.1    43   209    46   229     2   241 0.83 -
ptg000017l:256275-257438   -            388 19258at4891          -            251   7.4e-36  120.9   0.1   1   2   6.7e-36   1.7e-34  116.5   0.0    62   249    82   288    50   290 0.73 -
ptg000017l:256275-257438   -            388 19258at4891          -            251   7.4e-36  120.9   0.1   2   2      0.56        14    2.1   0.0    54   100   334   380   284   384 0.71 -
ptg000011l:771168-771989   -            274 19258at4891          -            251   1.9e-35  119.6   0.0   1   1   1.2e-36     3e-35  118.9   0.0    38   209    25   213     5   227 0.80 -
ptg000005l:1445151-1446179 -            343 19258at4891          -            251   2.7e-35  119.1   0.0   1   1     2e-36   5.1e-35  118.2   0.0    63   206    91   248    26   258 0.82 -
ptg000003l:673740-674480   -            247 19258at4891          -            251   2.9e-35  119.0   0.0   1   1   1.4e-36   3.6e-35  118.7   0.0    30   215     2   201     1   241 0.81 -
ptg000010l:269048-270046   -            333 19258at4891          -            251     8e-35  117.5   0.0   1   1   4.8e-36   1.2e-34  116.9   0.0    25   208     7   219     3   268 0.76 -
ptg000003l:775573-776346   -            258 19258at4891          -            251   4.9e-34  115.0   0.1   1   1   2.6e-35   6.7e-34  114.5   0.1    25   210     4   208     1   219 0.78 -
ptg000005l:675265-676200   -            312 19258at4891          -            251   5.1e-33  111.6   0.9   1   2     0.061       1.6    5.2   0.0    19    61    25    74     4    91 0.69 -
ptg000005l:675265-676200   -            312 19258at4891          -            251   5.1e-33  111.6   0.9   2   2   1.7e-32   4.3e-31  105.3   0.1    69   212   111   265    84   308 0.76 -
ptg000001l:97036-97869     -            278 19258at4891          -            251   2.9e-32  109.2   0.0   1   1   1.7e-33   4.3e-32  108.6   0.0    23   203    13   218     2   226 0.80 -
ptg000004l:312633-313562   -            310 19258at4891          -            251   4.2e-32  108.6   0.8   1   2       1.6        42    0.5   0.0    25    54     3    33     2    69 0.67 -
ptg000004l:312633-313562   -            310 19258at4891          -            251   4.2e-32  108.6   0.8   2   2   8.2e-33   2.1e-31  106.3   0.1    69   208    83   233    58   246 0.80 -
ptg000003l:785207-786289   -            361 19258at4891          -            251   4.9e-32  108.4   0.0   1   1   2.8e-33   7.1e-32  107.9   0.0    24   225   101   318    69   331 0.78 -
ptg000011l:289900-290724   -            275 19258at4891          -            251   6.7e-32  108.0   0.0   1   1     4e-33     1e-31  107.4   0.0    23   206     8   216     2   232 0.80 -
ptg000007l:252548-254659   -            704 19258at4891          -            251     1e-31  107.3   0.0   1   1   7.7e-33     2e-31  106.4   0.0    24   207    80   285    68   300 0.81 -
ptg000017l:141802-142617   -            272 19258at4891          -            251   1.4e-31  106.9   0.0   1   1   8.6e-33   2.2e-31  106.3   0.0    24   210    10   214     3   223 0.77 -
ptg000003l:678605-681064   -            820 19258at4891          -            251     1e-30  104.1   0.0   1   1     1e-31   2.6e-30  102.8   0.0    16   210   187   415   173   422 0.74 -
ptg000006l:642186-642983   -            266 19258at4891          -            251   2.7e-30  102.7   0.0   1   1   1.5e-31   3.9e-30  102.2   0.0    24   209     5   208     1   223 0.76 -
ptg000005l:280752-282290   -            513 19258at4891          -            251   1.1e-27   94.1   0.3   1   1   4.3e-28   1.1e-26   90.9   0.3    13   223   185   443   174   478 0.69 -
ptg000002l:15666-16565     -            300 19258at4891          -            251   4.4e-27   92.2   0.1   1   1   3.4e-28   8.6e-27   91.2   0.1    20   204     3   211     1   220 0.76 -
ptg000017l:213674-214837   -            388 19258at4891          -            251   1.1e-26   90.8   0.1   1   1   1.2e-27   3.1e-26   89.4   0.1    23   203    63   264    45   276 0.71 -
ptg000007l:445419-446474   -            352 19258at4891          -            251   6.8e-26   88.3   0.6   1   1   1.2e-26     3e-25   86.2   0.6    25   203    21   220     3   231 0.69 -
ptg000015l:86556-88274     -            573 19258at4891          -            251   2.1e-25   86.7   0.1   1   1   1.4e-26   3.6e-25   85.9   0.1    15   203   291   496   281   506 0.78 -
ptg000014l:92509-97236     -           1576 19258at4891          -            251   2.3e-25   86.6   0.4   1   2   4.3e-21   1.1e-19   67.9   0.1    14   156  1254  1419  1245  1429 0.75 -
ptg000014l:92509-97236     -           1576 19258at4891          -            251   2.3e-25   86.6   0.4   2   2   2.4e-05    0.0006   16.4   0.0   146   205  1441  1502  1426  1509 0.86 -
ptg000011l:240641-241510   -            290 19258at4891          -            251   4.8e-25   85.5   0.1   1   2       1.1        29    1.0   0.0     5    43    12    48     8   100 0.75 -
ptg000011l:240641-241510   -            290 19258at4891          -            251   4.8e-25   85.5   0.1   2   2   1.7e-25   4.2e-24   82.4   0.0   101   249   143   285   134   287 0.79 -
ptg000002l:744375-745328   -            318 19258at4891          -            251   8.3e-25   84.7   0.0   1   1   4.9e-26   1.2e-24   84.1   0.0    30   208    16   224     9   248 0.77 -
ptg000011l:124481-125269   -            263 19258at4891          -            251   1.1e-24   84.3   0.0   1   1     1e-25   2.6e-24   83.1   0.0    26   249     2   262     1   263 0.68 -
ptg000008l:940068-942725   -            886 19258at4891          -            251   1.9e-24   83.6   3.0   1   2   8.6e-08   2.2e-06   24.4   0.0    23    98    12   105     2   116 0.77 -
ptg000008l:940068-942725   -            886 19258at4891          -            251   1.9e-24   83.6   3.0   2   2   1.4e-17   3.7e-16   56.4   0.0    98   206   138   261   130   274 0.79 -
ptg000015l:510437-512728   -            764 19258at4891          -            251   2.2e-24   83.3   0.2   1   1   3.8e-25   9.6e-24   81.2   0.2    23   215   349   564   333   578 0.70 -
ptg000011l:990290-991552   -            421 19258at4891          -            251   2.3e-24   83.3   0.3   1   1     8e-24     2e-22   76.9   0.3    44   223   146   355   102   378 0.72 -
ptg000005l:1413456-1414262 -            269 19258at4891          -            251     5e-24   82.2   0.0   1   1   9.6e-25   2.5e-23   79.9   0.0    25   248     5   267     2   269 0.69 -
ptg000012l:96176-96967     -            264 19258at4891          -            251   5.4e-24   82.1   0.0   1   2       5.1   1.3e+02   -1.1   0.0    27    43     6    22     3    76 0.73 -
ptg000012l:96176-96967     -            264 19258at4891          -            251   5.4e-24   82.1   0.0   2   2   6.4e-25   1.6e-23   80.5   0.0   100   238   116   251   104   261 0.84 -
ptg000010l:89137-92946     -           1270 19258at4891          -            251   1.4e-23   80.7   0.4   1   1   7.3e-24   1.9e-22   77.0   0.4    18   206   972  1201   961  1218 0.70 -
ptg000015l:317550-318296   -            249 19258at4891          -            251   2.1e-23   80.1   0.1   1   1     1e-24   2.6e-23   79.8   0.1    31   203     2   194     1   247 0.74 -
ptg000010l:213560-214231   -            224 19258at4891          -            251   2.7e-23   79.8   0.0   1   1   1.6e-24     4e-23   79.2   0.0    45   197    31   204     3   215 0.78 -
ptg000005l:1375481-1376368 -            296 19258at4891          -            251   6.5e-23   78.5   0.3   1   1   9.8e-23   2.5e-21   73.3   0.3    25   226     7   246     1   255 0.67 -
ptg000002l:285223-286446   -            408 19258at4891          -            251     7e-23   78.4   0.0   1   2      0.56        14    2.0   0.0    25    61    10    46     3    54 0.73 -
ptg000002l:285223-286446   -            408 19258at4891          -            251     7e-23   78.4   0.0   2   2   6.6e-23   1.7e-21   73.9   0.0    68   247    89   295    73   299 0.74 -
ptg000013l:383783-385873   -            697 19258at4891          -            251   7.8e-23   78.3   0.0   1   2      0.92        23    1.3   0.0    22    46   391   415   381   435 0.69 -
ptg000013l:383783-385873   -            697 19258at4891          -            251   7.8e-23   78.3   0.0   2   2     5e-23   1.3e-21   74.3   0.0    46   210   463   644   457   671 0.81 -
ptg000011l:104985-106931   -            649 19258at4891          -            251   8.3e-23   78.2   0.4   1   1   6.2e-23   1.6e-21   74.0   0.4    95   203   474   577   368   629 0.75 -
ptg000008l:894540-895424   -            295 19258at4891          -            251   1.2e-22   77.6   0.8   1   3      0.22       5.6    3.4   0.0    26    43     1    18     1    48 0.81 -
ptg000008l:894540-895424   -            295 19258at4891          -            251   1.2e-22   77.6   0.8   2   3   2.8e-08   7.2e-07   26.0   0.1    84   131    91   147    53   152 0.80 -
ptg000008l:894540-895424   -            295 19258at4891          -            251   1.2e-22   77.6   0.8   3   3   2.8e-14   7.3e-13   45.6   0.0   138   219   174   248   161   291 0.81 -
ptg000013l:168803-169798   -            332 19258at4891          -            251   3.1e-22   76.3   1.1   1   3     0.034      0.87    6.0   0.0    25    46    12    33     4    59 0.81 -
ptg000013l:168803-169798   -            332 19258at4891          -            251   3.1e-22   76.3   1.1   2   3   6.9e-08   1.8e-06   24.7   0.1    97   132   137   172   101   180 0.84 -
ptg000013l:168803-169798   -            332 19258at4891          -            251   3.1e-22   76.3   1.1   3   3     2e-13     5e-12   42.9   0.0   139   207   209   274   206   324 0.82 -
ptg000012l:54690-55994     -            435 19258at4891          -            251   1.1e-21   74.6   0.3   1   3   0.00019    0.0048   13.4   0.0    24    98    23   115     8   125 0.68 -
ptg000012l:54690-55994     -            435 19258at4891          -            251   1.1e-21   74.6   0.3   2   3    0.0087      0.22    8.0   0.0   116   140   167   191   163   197 0.85 -
ptg000012l:54690-55994     -            435 19258at4891          -            251   1.1e-21   74.6   0.3   3   3   1.9e-15   4.7e-14   49.5   0.0   138   207   224   292   218   305 0.91 -
ptg000005l:1466499-1467317 -            273 19258at4891          -            251   1.1e-21   74.5   0.1   1   1   6.2e-23   1.6e-21   74.0   0.1    32   205     1   196     1   247 0.71 -
ptg000014l:706442-708964   -            841 19258at4891          -            251   1.3e-21   74.3   0.3   1   2       7.2   1.8e+02   -1.6   0.0    15    45   535   565   522   581 0.72 -
ptg000014l:706442-708964   -            841 19258at4891          -            251   1.3e-21   74.3   0.3   2   2   5.7e-22   1.5e-20   70.8   0.1    99   203   669   768   586   776 0.77 -
ptg000008l:937753-938757   -            335 19258at4891          -            251   1.5e-21   74.1   0.0   1   2    0.0096      0.25    7.8   0.0    13    82    28   113    18   135 0.67 -
ptg000008l:937753-938757   -            335 19258at4891          -            251   1.5e-21   74.1   0.0   2   2   1.4e-19   3.5e-18   63.0   0.0    91   207   148   271   141   332 0.84 -
ptg000014l:443074-444303   -            410 19258at4891          -            251   2.1e-21   73.6   0.6   1   2   4.8e-14   1.2e-12   44.8   0.1    16   154     8   168     3   176 0.73 -
ptg000014l:443074-444303   -            410 19258at4891          -            251   2.1e-21   73.6   0.6   2   2   1.9e-08   4.7e-07   26.6   0.1   158   209   233   283   213   296 0.84 -
ptg000017l:190127-191578   -            484 19258at4891          -            251   3.1e-21   73.0   0.6   1   1   2.9e-22   7.3e-21   71.8   0.6    13   204   156   367   149   381 0.75 -
ptg000005l:268238-269137   -            300 19258at4891          -            251   3.5e-21   72.8   0.1   1   1   1.9e-21   4.9e-20   69.1   0.1    28   208     3   203     1   223 0.77 -
ptg000005l:75038-75934     -            299 19258at4891          -            251     1e-20   71.3   0.2   1   1     6e-22   1.5e-20   70.8   0.2    71   209    62   214     4   222 0.73 -
ptg000006l:506920-511347   -           1476 19258at4891          -            251   3.1e-20   69.8   0.2   1   1   2.2e-21   5.5e-20   68.9   0.2    23   204  1172  1381  1151  1392 0.76 -
ptg000003l:654396-655211   -            272 19258at4891          -            251   4.6e-20   69.2   0.0   1   1   3.6e-21   9.1e-20   68.2   0.0    91   210   100   211    87   221 0.88 -
ptg000005l:1005590-1010551 -           1654 19258at4891          -            251   6.7e-20   68.6   3.0   1   3   5.4e-05    0.0014   15.2   0.0    81   197   337   470   305   490 0.67 -
ptg000005l:1005590-1010551 -           1654 19258at4891          -            251   6.7e-20   68.6   3.0   2   3    0.0055      0.14    8.6   0.0    21    78   589   652   575   659 0.63 -
ptg000005l:1005590-1010551 -           1654 19258at4891          -            251   6.7e-20   68.6   3.0   3   3   3.8e-13   9.6e-12   41.9   0.2   101   203   808   917   771   935 0.72 -
ptg000012l:51342-52058     -            239 19258at4891          -            251     9e-20   68.2   0.3   1   1   5.7e-21   1.5e-19   67.5   0.3    31   206     2   193     1   202 0.74 -
ptg000014l:720336-721283   -            316 19258at4891          -            251   2.8e-19   66.6   0.1   1   2    0.0053      0.13    8.7   0.0    21    80    20    86     7   105 0.71 -
ptg000014l:720336-721283   -            316 19258at4891          -            251   2.8e-19   66.6   0.1   2   2   1.9e-17   4.9e-16   56.0   0.1    95   203   126   230    97   244 0.83 -
ptg000011l:768412-769278   -            289 19258at4891          -            251   7.8e-19   65.2   0.0   1   1   5.7e-20   1.5e-18   64.3   0.0    91   205   110   216   100   225 0.86 -
ptg000006l:536060-537121   -            354 19258at4891          -            251   1.4e-18   64.3   0.3   1   2      0.54        14    2.1   0.0    23    46     2    25     1    43 0.85 -
ptg000006l:536060-537121   -            354 19258at4891          -            251   1.4e-18   64.3   0.3   2   2   3.4e-18   8.7e-17   58.4   0.2    92   193   129   242    35   253 0.82 -
ptg000011l:442349-443206   -            286 19258at4891          -            251   1.5e-18   64.2   0.5   1   1   8.4e-19   2.1e-17   60.4   0.5    25   205     2   198     1   212 0.84 -
ptg000010l:58563-59585     -            341 19258at4891          -            251   1.5e-18   64.2   0.5   1   1   5.7e-19   1.4e-17   61.0   0.5    17   210    32   266    20   303 0.70 -
ptg000005l:424696-426189   -            498 19258at4891          -            251   1.7e-18   64.1   0.0   1   3    0.0048      0.12    8.8   0.0    20    46    19    45     3    93 0.80 -
ptg000005l:424696-426189   -            498 19258at4891          -            251   1.7e-18   64.1   0.0   2   3   7.1e-09   1.8e-07   27.9   0.0   100   162   132   191   105   200 0.86 -
ptg000005l:424696-426189   -            498 19258at4891          -            251   1.7e-18   64.1   0.0   3   3   1.7e-07   4.3e-06   23.4   0.0   160   203   268   311   240   327 0.88 -
ptg000007l:524506-525336   -            277 19258at4891          -            251   5.5e-18   62.4   0.4   1   2    0.0095      0.24    7.8   0.2    32    86     1    55     1    89 0.82 -
ptg000007l:524506-525336   -            277 19258at4891          -            251   5.5e-18   62.4   0.4   2   2   2.1e-16   5.4e-15   52.6   0.0   100   197    96   190    91   200 0.88 -
ptg000014l:67072-67932     -            287 19258at4891          -            251   5.9e-18   62.3   0.5   1   1     2e-17   5.1e-16   55.9   0.5    27   209     2   228     1   268 0.68 -
ptg000004l:351378-352682   -            435 19258at4891          -            251     1e-17   61.5   0.1   1   2   1.7e-18   4.3e-17   59.4   0.0    22   200    19   214     9   226 0.75 -
ptg000004l:351378-352682   -            435 19258at4891          -            251     1e-17   61.5   0.1   2   2       8.6   2.2e+02   -1.8   0.0   196   217   278   299   276   302 0.85 -
ptg000001l:199915-201399   -            495 19258at4891          -            251   1.2e-17   61.3   0.2   1   2   7.9e-12     2e-10   37.6   0.1    26   150     6   153     2   161 0.71 -
ptg000001l:199915-201399   -            495 19258at4891          -            251   1.2e-17   61.3   0.2   2   2   6.7e-07   1.7e-05   21.5   0.0   164   206   361   403   349   419 0.90 -
ptg000015l:166190-167233   -            348 19258at4891          -            251   1.5e-17   61.0   0.7   1   3    0.0017     0.044   10.3   0.0    21    86     8    85     2   102 0.67 -
ptg000015l:166190-167233   -            348 19258at4891          -            251   1.5e-17   61.0   0.7   2   3     4e-15     1e-13   48.4   0.0    87   199   107   219    95   233 0.85 -
ptg000015l:166190-167233   -            348 19258at4891          -            251   1.5e-17   61.0   0.7   3   3       9.6   2.5e+02   -2.0   0.0   196   210   284   298   282   306 0.79 -
ptg000017l:355005-356048   -            348 19258at4891          -            251   1.8e-17   60.7   0.0   1   2       3.6        93   -0.6   0.0    36    74    28    67     4    84 0.71 -
ptg000017l:355005-356048   -            348 19258at4891          -            251   1.8e-17   60.7   0.0   2   2   8.5e-18   2.2e-16   57.1   0.0    99   246   158   324   153   328 0.68 -
ptg000011l:79115-79984     -            290 19258at4891          -            251   2.6e-17   60.2   0.0   1   2     0.086       2.2    4.7   0.0    32   103     1    80     1    90 0.62 -
ptg000011l:79115-79984     -            290 19258at4891          -            251   2.6e-17   60.2   0.0   2   2   8.3e-17   2.1e-15   53.9   0.0    85   211    89   211    80   230 0.85 -
ptg000006l:645208-646161   -            318 19258at4891          -            251     3e-17   60.0   0.1   1   1   2.1e-16   5.3e-15   52.6   0.1    97   197   142   243    34   255 0.79 -
ptg000017l:134717-137359   -            881 19258at4891          -            251     4e-17   59.5   0.5   1   3      0.83        21    1.5   0.0    46    88   442   485   416   504 0.80 -
ptg000017l:134717-137359   -            881 19258at4891          -            251     4e-17   59.5   0.5   2   3   1.5e-10   3.8e-09   33.4   0.1   104   155   527   579   519   584 0.85 -
ptg000017l:134717-137359   -            881 19258at4891          -            251     4e-17   59.5   0.5   3   3   1.8e-06   4.5e-05   20.1   0.0   181   208   790   817   787   827 0.86 -
ptg000003l:449874-450758   -            295 19258at4891          -            251   5.1e-17   59.2   0.1   1   1   1.4e-16   3.6e-15   53.2   0.1    25   200     2   202     1   214 0.75 -
ptg000005l:172921-174459   -            513 19258at4891          -            251   1.7e-16   57.5   3.1   1   2     0.068       1.7    5.0   0.2    28    82   193   257   182   296 0.63 -
ptg000005l:172921-174459   -            513 19258at4891          -            251   1.7e-16   57.5   3.1   2   2   2.4e-16     6e-15   52.4   0.0    95   203   302   404   294   413 0.90 -
ptg000002l:193776-194717   -            314 19258at4891          -            251   2.1e-16   57.2   0.1   1   1   5.4e-16   1.4e-14   51.3   0.1    22   198     4   213     2   226 0.68 -
ptg000003l:193765-195456   -            564 19258at4891          -            251   2.2e-16   57.1   0.4   1   2     2e-10   5.1e-09   33.0   0.0    23   152   166   317   149   328 0.74 -
ptg000003l:193765-195456   -            564 19258at4891          -            251   2.2e-16   57.1   0.4   2   2   5.3e-07   1.4e-05   21.8   0.0   159   209   364   413   354   421 0.84 -
ptg000002l:549011-549892   -            294 19258at4891          -            251     3e-16   56.7   0.0   1   2       0.1       2.6    4.5   0.0    25    82     4    73     2    79 0.72 -
ptg000002l:549011-549892   -            294 19258at4891          -            251     3e-16   56.7   0.0   2   2   1.2e-15     3e-14   50.1   0.0    98   202   108   207    84   217 0.89 -
ptg000006l:675172-675804   -            211 19258at4891          -            251   3.1e-16   56.6   2.3   1   1   7.9e-15     2e-13   47.4   2.3    26   196     2   204     1   210 0.66 -
ptg000008l:427227-428942   -            572 19258at4891          -            251   3.2e-16   56.6   0.4   1   2   2.9e-10   7.5e-09   32.5   0.0    23   151   174   324   154   336 0.69 -
ptg000008l:427227-428942   -            572 19258at4891          -            251   3.2e-16   56.6   0.4   2   2   5.1e-07   1.3e-05   21.9   0.1   159   208   372   420   361   430 0.84 -
ptg000008l:502527-503513   -            329 19258at4891          -            251   4.9e-16   56.0   0.0   1   2   6.5e-05    0.0016   15.0   0.0    31   101     3    90     1    94 0.64 -
ptg000008l:502527-503513   -            329 19258at4891          -            251   4.9e-16   56.0   0.0   2   2     3e-11   7.7e-10   35.7   0.0    99   210   105   225    97   232 0.79 -
ptg000017l:138464-139438   -            325 19258at4891          -            251   6.1e-16   55.7   0.1   1   1   7.7e-17   1.9e-15   54.0   0.1    85   200   124   253   106   268 0.73 -
ptg000008l:520632-521738   -            369 19258at4891          -            251   6.7e-16   55.5   0.4   1   1   1.5e-14   3.8e-13   46.5   0.4    86   198   111   226     3   234 0.76 -
ptg000017l:75923-76450     -            176 19258at4891          -            251   1.1e-15   54.8   0.0   1   1   9.8e-17   2.5e-15   53.7   0.0   102   204     9   125     2   132 0.80 -
ptg000007l:830459-831421   -            321 19258at4891          -            251   1.6e-15   54.3   7.0   1   3     0.046       1.2    5.6   0.1    27    72     8    58     2    67 0.67 -
ptg000007l:830459-831421   -            321 19258at4891          -            251   1.6e-15   54.3   7.0   2   3   1.4e-09   3.6e-08   30.2   1.1    59   137    66   162    59   168 0.67 -
ptg000007l:830459-831421   -            321 19258at4891          -            251   1.6e-15   54.3   7.0   3   3   2.2e-06   5.7e-05   19.7   0.0   142   209   185   266   175   280 0.74 -
ptg000017l:156690-157775   -            362 19258at4891          -            251   3.1e-15   53.3   0.1   1   1   3.6e-14   9.2e-13   45.3   0.1    95   203   113   221     2   231 0.65 -
ptg000006l:573123-575030   -            636 19258at4891          -            251   4.2e-15   52.9   0.0   1   1   4.3e-16   1.1e-14   51.6   0.0    14   206   316   535   310   546 0.73 -
ptg000003l:275409-276383   -            325 19258at4891          -            251     5e-15   52.7   2.2   1   1     2e-14   5.2e-13   46.1   2.2    27   193     6   207     2   216 0.63 -
ptg000009l:418918-419913   -            332 19258at4891          -            251     5e-15   52.7   5.3   1   1   2.5e-13   6.3e-12   42.5   5.3    89   204   114   251     1   316 0.73 -
ptg000005l:313567-314409   -            281 19258at4891          -            251   6.9e-15   52.2   0.0   1   2      0.24         6    3.3   0.0    32    77     1    49     1    58 0.73 -
ptg000005l:313567-314409   -            281 19258at4891          -            251   6.9e-15   52.2   0.0   2   2   1.2e-14   2.9e-13   46.9   0.0   101   197    97   190    88   201 0.86 -
ptg000003l:468089-469735   -            549 19258at4891          -            251   1.1e-14   51.5   0.6   1   1   8.2e-16   2.1e-14   50.6   0.1    98   196   261   358   178   379 0.81 -
ptg000001l:192811-193917   -            369 19258at4891          -            251   1.5e-14   51.2   0.0   1   1   9.9e-16   2.5e-14   50.4   0.0   103   193   138   236   125   243 0.81 -
ptg000003l:82447-83388     -            314 19258at4891          -            251   2.8e-14   50.2   2.2   1   2   0.00091     0.023   11.2   0.1    26    82     1    66     1    80 0.72 -
ptg000003l:82447-83388     -            314 19258at4891          -            251   2.8e-14   50.2   2.2   2   2   1.5e-11   3.7e-10   36.7   0.4    95   200   108   221   105   229 0.77 -
ptg000016l:163749-164546   -            266 19258at4891          -            251   4.8e-14   49.5   0.2   1   1   2.5e-15   6.4e-14   49.1   0.2   100   207    66   169    43   186 0.89 -
ptg000006l:603833-604750   -            306 19258at4891          -            251   4.8e-14   49.5   0.9   1   2      0.28       7.1    3.0   0.1    26    63     4    45     1    59 0.54 -
ptg000006l:603833-604750   -            306 19258at4891          -            251   4.8e-14   49.5   0.9   2   2   5.5e-14   1.4e-12   44.7   0.0    95   196   103   198    76   216 0.84 -
ptg000006l:199065-200117   -            351 19258at4891          -            251   1.3e-13   48.0   0.0   1   1   1.2e-14   3.1e-13   46.8   0.0   103   208   110   229   102   238 0.78 -
ptg000005l:401483-402436   -            318 19258at4891          -            251   8.6e-13   45.4   0.1   1   1   3.4e-13   8.5e-12   42.1   0.1    92   209    93   221     1   275 0.81 -
ptg000014l:180469-181347   -            293 19258at4891          -            251   2.1e-12   44.1   0.0   1   1   1.9e-13   4.9e-12   42.9   0.0    83   205    84   226    73   230 0.71 -
ptg000003l:777514-778512   -            333 19258at4891          -            251   6.8e-12   42.4   0.0   1   2      0.56        14    2.0   0.0    24    47     4    27     1    57 0.71 -
ptg000003l:777514-778512   -            333 19258at4891          -            251   6.8e-12   42.4   0.0   2   2   5.2e-12   1.3e-10   38.2   0.0    76   214    78   221    73   231 0.77 -
ptg000016l:261699-262295   -            199 19258at4891          -            251   7.9e-12   42.2   0.2   1   1   6.1e-13   1.5e-11   41.3   0.2    97   206    27   145     1   190 0.74 -
ptg000002l:349975-350865   -            297 19258at4891          -            251   7.9e-12   42.2   0.3   1   1     8e-13     2e-11   40.9   0.3    97   207   120   239    88   249 0.73 -
ptg000003l:440638-441669   -            344 19258at4891          -            251   6.1e-11   39.3   3.0   1   2         5   1.3e+02   -1.1   0.0    26    52     2    28     1    48 0.69 -
ptg000003l:440638-441669   -            344 19258at4891          -            251   6.1e-11   39.3   3.0   2   2   9.8e-12   2.5e-10   37.3   1.3    78   207   132   271   100   283 0.70 -
ptg000015l:259170-262202   -           1011 19258at4891          -            251   3.3e-10   36.9   0.0   1   2   2.4e-10   6.1e-09   32.8   0.0   103   173   676   759   670   763 0.72 -
ptg000015l:259170-262202   -           1011 19258at4891          -            251   3.3e-10   36.9   0.0   2   2      0.94        24    1.3   0.0   182   211   798   828   796   833 0.79 -
ptg000004l:91267-93438     -            724 19258at4891          -            251   1.3e-09   34.9   0.4   1   3       3.6        92   -0.6   0.0    27    69   306   352   301   361 0.60 -
ptg000004l:91267-93438     -            724 19258at4891          -            251   1.3e-09   34.9   0.4   2   3   1.7e-08   4.2e-07   26.7   0.1    53   134   359   443   330   465 0.79 -
ptg000004l:91267-93438     -            724 19258at4891          -            251   1.3e-09   34.9   0.4   3   3     0.085       2.2    4.7   0.0   166   197   500   530   476   555 0.75 -
ptg000006l:428481-430478   -            666 19258at4891          -            251   1.8e-06   24.6   0.0   1   3       1.5        39    0.6   0.0    83   103   271   290   251   296 0.80 -
ptg000006l:428481-430478   -            666 19258at4891          -            251   1.8e-06   24.6   0.0   2   3   0.00043     0.011   12.2   0.0    98   136   325   363   313   366 0.86 -
ptg000006l:428481-430478   -            666 19258at4891          -            251   1.8e-06   24.6   0.0   3   3     0.017      0.44    7.0   0.0   183   206   442   465   434   478 0.89 -
ptg000009l:406091-406819   -            243 19258at4891          -            251     2e-05   21.2   0.0   1   1   9.2e-06   0.00023   17.7   0.0    75   133    93   151    87   243 0.83 -
ptg000007l:677131-677628   -            166 19258at4891          -            251   2.3e-05   21.0   0.0   1   1   1.1e-06   2.9e-05   20.7   0.0   137   215     3    77     1    86 0.78 -
ptg000002l:425875-430230   -           1452 19258at4891          -            251   0.00011   18.8   0.0   1   1     1e-05   0.00026   17.6   0.0    99   133   123   157   117   181 0.85 -
ptg000003l:840173-841156   -            328 19258at4891          -            251   0.00014   18.5   0.0   1   1   1.6e-05   0.00041   16.9   0.0   120   209   183   279   173   298 0.71 -
ptg000008l:219203-222211   -           1003 19258at4891          -            251      0.01   12.4   0.4   1   1    0.0022     0.057    9.9   0.4    90   134   787   831   680   835 0.85 -
#
# Program:         hmmsearch
# Version:         3.1b2 (February 2015)
# Pipeline mode:   SEARCH
# Query file:      /home/inf-41-2022/Assembly/busco_downloads/lineages/saccharomycetes_odb10/hmms/19258at4891.hmm
# Target file:     /home/inf-41-2022/Assembly/Busco/run_saccharomycetes_odb10/metaeuk_output/initial_results/output.bp.p_ctg.fa.modified.fas
# Option settings: hmmsearch --domtblout /home/inf-41-2022/Assembly/Busco/run_saccharomycetes_odb10/hmmer_output/initial_run_results/19258at4891.out --cpu 1 /home/inf-41-2022/Assembly/busco_downloads/lineages/saccharomycetes_odb10/hmms/19258at4891.hmm /home/inf-41-2022/Assembly/Busco/run_saccharomycetes_odb10/metaeuk_output/initial_results/output.bp.p_ctg.fa.modified.fas 
# Current dir:     /home/inf-41-2022/Assembly
# Date:            Thu Feb 23 23:25:28 2023
# [ok]
