#                                                                                --- full sequence --- -------------- this domain -------------   hmm coord   ali coord   env coord
# target name            accession   tlen query name           accession   qlen   E-value  score  bias   #  of  c-Evalue  i-Evalue  score  bias  from    to  from    to  from    to  acc description of target
#    ------------------- ---------- ----- -------------------- ---------- ----- --------- ------ ----- --- --- --------- --------- ------ ----- ----- ----- ----- ----- ----- ----- ---- ---------------------
ptg000006l:171509-173471 -            540 20323at4891          -            242   7.8e-93  307.6  11.0   1   1   3.8e-93   5.1e-90  298.4  11.0     3   236   219   507   217   512 0.86 -
ptg000008l:676250-677422 -            391 20323at4891          -            242   7.5e-44  147.2  11.6   1   6   0.00015       0.2    8.3   0.2    38    61     1    27     1    34 0.84 -
ptg000008l:676250-677422 -            391 20323at4891          -            242   7.5e-44  147.2  11.6   2   6     7e-24   9.4e-21   71.6   0.2    61   136    48   125    32   134 0.89 -
ptg000008l:676250-677422 -            391 20323at4891          -            242   7.5e-44  147.2  11.6   3   6   1.8e-14   2.4e-11   40.8   0.0   140   184   156   211   132   216 0.80 -
ptg000008l:676250-677422 -            391 20323at4891          -            242   7.5e-44  147.2  11.6   4   6   9.4e-09   1.3e-05   22.1   0.0   182   213   256   287   247   293 0.86 -
ptg000008l:676250-677422 -            391 20323at4891          -            242   7.5e-44  147.2  11.6   5   6     0.017        23    1.5   0.0    71   105   312   346   309   348 0.84 -
ptg000008l:676250-677422 -            391 20323at4891          -            242   7.5e-44  147.2  11.6   6   6   0.00047      0.63    6.7   0.3   211   236   336   365   319   368 0.72 -
#
# Program:         hmmsearch
# Version:         3.1b2 (February 2015)
# Pipeline mode:   SEARCH
# Query file:      /home/inf-41-2022/Assembly/busco_downloads/lineages/saccharomycetes_odb10/hmms/20323at4891.hmm
# Target file:     /home/inf-41-2022/Assembly/Busco/run_saccharomycetes_odb10/metaeuk_output/initial_results/output.bp.p_ctg.fa.modified.fas
# Option settings: hmmsearch --domtblout /home/inf-41-2022/Assembly/Busco/run_saccharomycetes_odb10/hmmer_output/initial_run_results/20323at4891.out --cpu 1 /home/inf-41-2022/Assembly/busco_downloads/lineages/saccharomycetes_odb10/hmms/20323at4891.hmm /home/inf-41-2022/Assembly/Busco/run_saccharomycetes_odb10/metaeuk_output/initial_results/output.bp.p_ctg.fa.modified.fas 
# Current dir:     /home/inf-41-2022/Assembly
# Date:            Thu Feb 23 23:25:32 2023
# [ok]
