#                                                                                --- full sequence --- -------------- this domain -------------   hmm coord   ali coord   env coord
# target name            accession   tlen query name           accession   qlen   E-value  score  bias   #  of  c-Evalue  i-Evalue  score  bias  from    to  from    to  from    to  acc description of target
#    ------------------- ---------- ----- -------------------- ---------- ----- --------- ------ ----- --- --- --------- --------- ------ ----- ----- ----- ----- ----- ----- ----- ---- ---------------------
ptg000015l:207776-208831 -            352 20735at4891          -            212   1.1e-49  166.0  13.9   1   4     0.015       9.8    2.8   0.2     2    22    35    55    34    86 0.68 -
ptg000015l:207776-208831 -            352 20735at4891          -            212   1.1e-49  166.0  13.9   2   4    0.0026       1.7    5.2   0.9    11    53    85   129    77   137 0.77 -
ptg000015l:207776-208831 -            352 20735at4891          -            212   1.1e-49  166.0  13.9   3   4   9.5e-47   6.4e-44  147.2   1.0    53   182   147   298   142   317 0.85 -
ptg000015l:207776-208831 -            352 20735at4891          -            212   1.1e-49  166.0  13.9   4   4   6.5e-07   0.00044   17.0   0.0   182   212   320   352   309   352 0.90 -
ptg000017l:563616-564407 -            264 20735at4891          -            212   1.3e-11   41.6   1.6   1   3   7.6e-13   5.1e-10   36.4   0.3    52   116   104   168    68   190 0.85 -
ptg000017l:563616-564407 -            264 20735at4891          -            212   1.3e-11   41.6   1.6   2   3      0.43   2.9e+02   -2.0   0.0   128   154   197   229   182   237 0.57 -
ptg000017l:563616-564407 -            264 20735at4891          -            212   1.3e-11   41.6   1.6   3   3    0.0095       6.4    3.4   0.0   153   173   243   264   240   264 0.84 -
ptg000003l:806348-806995 -            216 20735at4891          -            212   1.2e-05   22.1   0.4   1   2      0.51   3.4e+02   -2.2   0.0     4    18    11    25     5    45 0.61 -
ptg000003l:806348-806995 -            216 20735at4891          -            212   1.2e-05   22.1   0.4   2   2   1.9e-08   1.2e-05   22.1   0.4    58   144    84   172    73   194 0.77 -
ptg000008l:847529-848176 -            216 20735at4891          -            212   1.2e-05   22.1   0.4   1   2      0.51   3.4e+02   -2.2   0.0     4    18    11    25     5    45 0.61 -
ptg000008l:847529-848176 -            216 20735at4891          -            212   1.2e-05   22.1   0.4   2   2   1.9e-08   1.2e-05   22.1   0.4    58   144    84   172    73   194 0.77 -
#
# Program:         hmmsearch
# Version:         3.1b2 (February 2015)
# Pipeline mode:   SEARCH
# Query file:      /home/inf-41-2022/Assembly/busco_downloads/lineages/saccharomycetes_odb10/hmms/20735at4891.hmm
# Target file:     /home/inf-41-2022/Assembly/Busco/run_saccharomycetes_odb10/metaeuk_output/initial_results/output.bp.p_ctg.fa.modified.fas
# Option settings: hmmsearch --domtblout /home/inf-41-2022/Assembly/Busco/run_saccharomycetes_odb10/hmmer_output/initial_run_results/20735at4891.out --cpu 1 /home/inf-41-2022/Assembly/busco_downloads/lineages/saccharomycetes_odb10/hmms/20735at4891.hmm /home/inf-41-2022/Assembly/Busco/run_saccharomycetes_odb10/metaeuk_output/initial_results/output.bp.p_ctg.fa.modified.fas 
# Current dir:     /home/inf-41-2022/Assembly
# Date:            Thu Feb 23 23:25:34 2023
# [ok]
