#                                                                                --- full sequence --- -------------- this domain -------------   hmm coord   ali coord   env coord
# target name            accession   tlen query name           accession   qlen   E-value  score  bias   #  of  c-Evalue  i-Evalue  score  bias  from    to  from    to  from    to  acc description of target
#    ------------------- ---------- ----- -------------------- ---------- ----- --------- ------ ----- --- --- --------- --------- ------ ----- ----- ----- ----- ----- ----- ----- ---- ---------------------
ptg000006l:411355-412611 -            419 22532at4891          -            238   1.8e-37  126.5  32.1   1   4   2.6e-19   2.3e-16   57.4   0.2     3    40     1    38     1    44 0.94 -
ptg000006l:411355-412611 -            419 22532at4891          -            238   1.8e-37  126.5  32.1   2   4   3.1e-05     0.027   11.3   0.0    44    65    63    84    51    89 0.87 -
ptg000006l:411355-412611 -            419 22532at4891          -            238   1.8e-37  126.5  32.1   3   4     0.065        58    0.5   0.1    65    88   119   142   116   176 0.63 -
ptg000006l:411355-412611 -            419 22532at4891          -            238   1.8e-37  126.5  32.1   4   4   9.8e-20   8.7e-17   58.8  21.0   107   238   223   385   166   385 0.80 -
ptg000007l:393467-394129 -            221 22532at4891          -            238   1.7e-07   28.4  21.0   1   2    0.0099       8.8    3.1   7.8   105   195     6    91     3    94 0.76 -
ptg000007l:393467-394129 -            221 22532at4891          -            238   1.7e-07   28.4  21.0   2   2   3.2e-10   2.8e-07   27.7  11.3   149   237    73   169    66   170 0.85 -
ptg000004l:180207-180926 -            240 22532at4891          -            238   0.00049   17.1  27.8   1   2   7.4e-07   0.00066   16.6  21.5   109   236    30   173     8   175 0.74 -
ptg000004l:180207-180926 -            240 22532at4891          -            238   0.00049   17.1  27.8   2   2      0.32   2.8e+02   -1.8   1.5   195   220   205   230   167   238 0.42 -
#
# Program:         hmmsearch
# Version:         3.1b2 (February 2015)
# Pipeline mode:   SEARCH
# Query file:      /home/inf-41-2022/Assembly/busco_downloads/lineages/saccharomycetes_odb10/hmms/22532at4891.hmm
# Target file:     /home/inf-41-2022/Assembly/Busco/run_saccharomycetes_odb10/metaeuk_output/initial_results/output.bp.p_ctg.fa.modified.fas
# Option settings: hmmsearch --domtblout /home/inf-41-2022/Assembly/Busco/run_saccharomycetes_odb10/hmmer_output/initial_run_results/22532at4891.out --cpu 1 /home/inf-41-2022/Assembly/busco_downloads/lineages/saccharomycetes_odb10/hmms/22532at4891.hmm /home/inf-41-2022/Assembly/Busco/run_saccharomycetes_odb10/metaeuk_output/initial_results/output.bp.p_ctg.fa.modified.fas 
# Current dir:     /home/inf-41-2022/Assembly
# Date:            Thu Feb 23 23:25:42 2023
# [ok]
