#                                                                                --- full sequence --- -------------- this domain -------------   hmm coord   ali coord   env coord
# target name            accession   tlen query name           accession   qlen   E-value  score  bias   #  of  c-Evalue  i-Evalue  score  bias  from    to  from    to  from    to  acc description of target
#    ------------------- ---------- ----- -------------------- ---------- ----- --------- ------ ----- --- --- --------- --------- ------ ----- ----- ----- ----- ----- ----- ----- ---- ---------------------
ptg000006l:685611-689009 -           1133 2421at4891           -            710  8.2e-249  824.9  14.3   1   3      0.22        37   -0.3   0.0     6    28    19    43    15   121 0.75 -
ptg000006l:685611-689009 -           1133 2421at4891           -            710  8.2e-249  824.9  14.3   2   3  5.5e-148  9.2e-146  484.3   2.2   114   434   263   609   258   624 0.90 -
ptg000006l:685611-689009 -           1133 2421at4891           -            710  8.2e-249  824.9  14.3   3   3  5.9e-106  9.9e-104  345.4   2.9   326   700   640  1040   625  1049 0.80 -
ptg000005l:572023-573117 -            365 2421at4891           -            710   1.5e-83  278.7  19.6   1   3   4.3e-58   7.1e-56  187.2   1.4   116   305     6   201     2   203 0.93 -
ptg000005l:572023-573117 -            365 2421at4891           -            710   1.5e-83  278.7  19.6   2   3   6.2e-17     1e-14   51.1   1.4   525   609   200   280   199   286 0.89 -
ptg000005l:572023-573117 -            365 2421at4891           -            710   1.5e-83  278.7  19.6   3   3   2.3e-17   3.9e-15   52.5   2.8   616   672   308   365   301   365 0.96 -
ptg000009l:452756-453892 -            379 2421at4891           -            710   7.6e-76  253.2  18.1   1   2   6.5e-53   1.1e-50  170.0   4.0   107   306    14   222     3   226 0.93 -
ptg000009l:452756-453892 -            379 2421at4891           -            710   7.6e-76  253.2  18.1   2   2   4.6e-28   7.7e-26   87.9   6.9   529   672   221   379   219   379 0.85 -
ptg000007l:694914-696317 -            468 2421at4891           -            710   9.4e-47  157.0  18.2   1   3   1.1e-14   1.8e-12   43.7   2.5   114   221   131   248   117   255 0.73 -
ptg000007l:694914-696317 -            468 2421at4891           -            710   9.4e-47  157.0  18.2   2   3   1.5e-07   2.4e-05   20.1   0.2   253   301   258   307   253   311 0.86 -
ptg000007l:694914-696317 -            468 2421at4891           -            710   9.4e-47  157.0  18.2   3   3     2e-32   3.4e-30  102.3   3.1   530   676   310   466   306   468 0.86 -
ptg000016l:395253-396632 -            460 2421at4891           -            710   2.9e-46  155.4  19.0   1   3   9.1e-26   1.5e-23   80.3   4.4   117   305     2   194     1   201 0.87 -
ptg000016l:395253-396632 -            460 2421at4891           -            710   2.9e-46  155.4  19.0   2   3   2.1e-09   3.5e-07   26.2   0.1   523   559   200   236   193   260 0.85 -
ptg000016l:395253-396632 -            460 2421at4891           -            710   2.9e-46  155.4  19.0   3   3   6.8e-19   1.1e-16   57.6   2.9   558   672   335   459   318   460 0.72 -
ptg000014l:486212-487318 -            369 2421at4891           -            710     4e-41  138.4   3.3   1   3     3e-13     5e-11   38.9   0.1   118   222     2   112     1   115 0.80 -
ptg000014l:486212-487318 -            369 2421at4891           -            710     4e-41  138.4   3.3   2   3     2e-09   3.4e-07   26.2   0.0   264   304   122   162   114   169 0.91 -
ptg000014l:486212-487318 -            369 2421at4891           -            710     4e-41  138.4   3.3   3   3   1.6e-23   2.6e-21   72.9   0.1   524   672   216   369   187   369 0.88 -
ptg000017l:640192-641418 -            409 2421at4891           -            710   6.2e-30  101.4  18.6   1   3   5.8e-19   9.8e-17   57.8   3.4   117   304     2   189     1   195 0.82 -
ptg000017l:640192-641418 -            409 2421at4891           -            710   6.2e-30  101.4  18.6   2   3   1.1e-08   1.8e-06   23.8   0.4   526   569   196   239   192   252 0.89 -
ptg000017l:640192-641418 -            409 2421at4891           -            710   6.2e-30  101.4  18.6   3   3   1.8e-10     3e-08   29.7   1.7   564   672   288   408   271   409 0.72 -
ptg000009l:357982-358749 -            256 2421at4891           -            710     4e-27   92.1  11.0   1   3   9.3e-08   1.6e-05   20.8   0.1   183   225     3    45     1    52 0.91 -
ptg000009l:357982-358749 -            256 2421at4891           -            710     4e-27   92.1  11.0   2   3   0.00028     0.046    9.3   0.6   261   297    59    95    53   100 0.90 -
ptg000009l:357982-358749 -            256 2421at4891           -            710     4e-27   92.1  11.0   3   3   3.4e-22   5.7e-20   68.5   1.0   526   672   100   256    96   256 0.84 -
ptg000002l:95198-96088   -            297 2421at4891           -            710   2.7e-26   89.4   8.8   1   3   1.8e-08     3e-06   23.1   0.7   182   256    40   114    11   120 0.88 -
ptg000002l:95198-96088   -            297 2421at4891           -            710   2.7e-26   89.4   8.8   2   3     0.007       1.2    4.7   0.2   263   297   102   136    92   141 0.88 -
ptg000002l:95198-96088   -            297 2421at4891           -            710   2.7e-26   89.4   8.8   3   3   9.3e-23   1.6e-20   70.3   0.6   526   672   141   297   137   297 0.81 -
ptg000002l:344455-346794 -            780 2421at4891           -            710   3.2e-17   59.4  21.6   1   5       3.1   5.2e+02   -4.1   3.1   416   536    74   192    45   217 0.58 -
ptg000002l:344455-346794 -            780 2421at4891           -            710   3.2e-17   59.4  21.6   2   5   1.7e-17   2.9e-15   52.9   1.2    77   221   284   428   271   433 0.81 -
ptg000002l:344455-346794 -            780 2421at4891           -            710   3.2e-17   59.4  21.6   3   5      0.55        91   -1.6   0.0   269   304   443   478   442   485 0.86 -
ptg000002l:344455-346794 -            780 2421at4891           -            710   3.2e-17   59.4  21.6   4   5     0.057       9.6    1.6   0.0   551   600   498   547   489   565 0.77 -
ptg000002l:344455-346794 -            780 2421at4891           -            710   3.2e-17   59.4  21.6   5   5     9e-07   0.00015   17.5   1.1   615   674   718   780   708   780 0.87 -
ptg000001l:104254-105732 -            493 2421at4891           -            710   5.5e-16   55.3   9.0   1   3   1.9e-09   3.1e-07   26.4   1.3   117   218   103   214    94   256 0.76 -
ptg000001l:104254-105732 -            493 2421at4891           -            710   5.5e-16   55.3   9.0   2   3      0.14        23    0.3   0.2   447   496   293   343   260   387 0.57 -
ptg000001l:104254-105732 -            493 2421at4891           -            710   5.5e-16   55.3   9.0   3   3   3.4e-11   5.7e-09   32.1   0.1   612   662   419   471   415   489 0.82 -
ptg000009l:464633-466087 -            485 2421at4891           -            710   7.8e-16   54.8  16.2   1   4    0.0071       1.2    4.6   0.0   118   139    37    58    21    70 0.87 -
ptg000009l:464633-466087 -            485 2421at4891           -            710   7.8e-16   54.8  16.2   2   4   4.5e-06   0.00074   15.2   0.2   181   224   133   178    94   203 0.84 -
ptg000009l:464633-466087 -            485 2421at4891           -            710   7.8e-16   54.8  16.2   3   4   9.3e-05     0.016   10.8   0.0   265   300   271   307   267   313 0.88 -
ptg000009l:464633-466087 -            485 2421at4891           -            710   7.8e-16   54.8  16.2   4   4   1.9e-08   3.1e-06   23.1   7.7   560   672   338   484   312   485 0.59 -
ptg000007l:852734-856396 -           1221 2421at4891           -            710     1e-13   47.8  16.6   1   5   2.2e-05    0.0036   12.9   0.5   113   151   192   226   185   295 0.64 -
ptg000007l:852734-856396 -           1221 2421at4891           -            710     1e-13   47.8  16.6   2   5      0.11        19    0.7   0.1   267   302   302   337   270   366 0.69 -
ptg000007l:852734-856396 -           1221 2421at4891           -            710     1e-13   47.8  16.6   3   5   1.4e-13   2.3e-11   40.0   3.0   531   664   340   487   296   490 0.79 -
ptg000007l:852734-856396 -           1221 2421at4891           -            710     1e-13   47.8  16.6   4   5      0.67   1.1e+02   -1.9   0.2   664   706   516   565   497   568 0.66 -
ptg000007l:852734-856396 -           1221 2421at4891           -            710     1e-13   47.8  16.6   5   5     0.067        11    1.4   0.0   318   354   894   930   890   945 0.87 -
ptg000005l:243091-245238 -            716 2421at4891           -            710     5e-12   42.2   9.7   1   4   5.8e-09   9.6e-07   24.8   0.0   116   163    67   118    41   127 0.77 -
ptg000005l:243091-245238 -            716 2421at4891           -            710     5e-12   42.2   9.7   2   4     0.002      0.34    6.4   0.1   198   268   204   278   172   341 0.63 -
ptg000005l:243091-245238 -            716 2421at4891           -            710     5e-12   42.2   9.7   3   4      0.44        74   -1.3   0.4   224   256   574   606   570   613 0.82 -
ptg000005l:243091-245238 -            716 2421at4891           -            710     5e-12   42.2   9.7   4   4   7.1e-06    0.0012   14.5   0.1   608   673   639   703   615   714 0.81 -
ptg000011l:555530-559213 -           1228 2421at4891           -            710   4.8e-11   39.0   3.7   1   2     2e-08   3.4e-06   23.0   0.2   117   167   692   741   688   748 0.85 -
ptg000011l:555530-559213 -           1228 2421at4891           -            710   4.8e-11   39.0   3.7   2   2   1.8e-06   0.00029   16.5   0.5   613   687  1145  1226  1130  1228 0.82 -
ptg000003l:523050-524126 -            359 2421at4891           -            710   1.2e-08   31.0   2.1   1   3   2.2e-05    0.0036   12.9   0.0   118   146     1    29     1    53 0.91 -
ptg000003l:523050-524126 -            359 2421at4891           -            710   1.2e-08   31.0   2.1   2   3     0.005      0.83    5.1   0.1   177   227    86   136    62   149 0.70 -
ptg000003l:523050-524126 -            359 2421at4891           -            710   1.2e-08   31.0   2.1   3   3   0.00011     0.018   10.6   0.3   565   637   279   358   155   359 0.71 -
#
# Program:         hmmsearch
# Version:         3.1b2 (February 2015)
# Pipeline mode:   SEARCH
# Query file:      /home/inf-41-2022/Assembly/busco_downloads/lineages/saccharomycetes_odb10/hmms/2421at4891.hmm
# Target file:     /home/inf-41-2022/Assembly/Busco/run_saccharomycetes_odb10/metaeuk_output/initial_results/output.bp.p_ctg.fa.modified.fas
# Option settings: hmmsearch --domtblout /home/inf-41-2022/Assembly/Busco/run_saccharomycetes_odb10/hmmer_output/initial_run_results/2421at4891.out --cpu 1 /home/inf-41-2022/Assembly/busco_downloads/lineages/saccharomycetes_odb10/hmms/2421at4891.hmm /home/inf-41-2022/Assembly/Busco/run_saccharomycetes_odb10/metaeuk_output/initial_results/output.bp.p_ctg.fa.modified.fas 
# Current dir:     /home/inf-41-2022/Assembly
# Date:            Thu Feb 23 23:25:49 2023
# [ok]
