#                                                                                --- full sequence --- -------------- this domain -------------   hmm coord   ali coord   env coord
# target name            accession   tlen query name           accession   qlen   E-value  score  bias   #  of  c-Evalue  i-Evalue  score  bias  from    to  from    to  from    to  acc description of target
#    ------------------- ---------- ----- -------------------- ---------- ----- --------- ------ ----- --- --- --------- --------- ------ ----- ----- ----- ----- ----- ----- ----- ---- ---------------------
ptg000005l:51626-52630   -            335 25195at4891          -            223  2.2e-113  374.4   5.7   1   2   1.3e-72     9e-70  231.8   0.0     1   130     4   137     4   160 0.92 -
ptg000005l:51626-52630   -            335 25195at4891          -            223  2.2e-113  374.4   5.7   2   2   3.5e-44   2.3e-41  138.9   4.2   115   223   175   299   164   299 0.90 -
ptg000014l:518646-519455 -            270 25195at4891          -            223   2.4e-49  165.0   4.0   1   2   1.4e-37   9.4e-35  117.3   1.3     4   124     1   126     1   159 0.88 -
ptg000014l:518646-519455 -            270 25195at4891          -            223   2.4e-49  165.0   4.0   2   2   1.5e-16     1e-13   48.6   0.1   155   223   201   270   196   270 0.95 -
ptg000009l:404126-405604 -            493 25195at4891          -            223   4.2e-27   92.3   0.3   1   3   6.2e-30   4.2e-27   92.3   0.3     8   117    16   134     9   142 0.85 -
ptg000009l:404126-405604 -            493 25195at4891          -            223   4.2e-27   92.3   0.3   2   3      0.24   1.6e+02   -1.2   0.4   126   221   172   270   162   284 0.64 -
ptg000009l:404126-405604 -            493 25195at4891          -            223   4.2e-27   92.3   0.3   3   3       1.1   7.1e+02   -3.3   5.3   112   161   266   315   224   385 0.50 -
ptg000011l:809171-810904 -            578 25195at4891          -            223      0.01   12.6   0.7   1   1   3.3e-05     0.022   11.5   0.7   100   138   192   232   182   237 0.81 -
#
# Program:         hmmsearch
# Version:         3.1b2 (February 2015)
# Pipeline mode:   SEARCH
# Query file:      /home/inf-41-2022/Assembly/busco_downloads/lineages/saccharomycetes_odb10/hmms/25195at4891.hmm
# Target file:     /home/inf-41-2022/Assembly/Busco/run_saccharomycetes_odb10/metaeuk_output/initial_results/output.bp.p_ctg.fa.modified.fas
# Option settings: hmmsearch --domtblout /home/inf-41-2022/Assembly/Busco/run_saccharomycetes_odb10/hmmer_output/initial_run_results/25195at4891.out --cpu 1 /home/inf-41-2022/Assembly/busco_downloads/lineages/saccharomycetes_odb10/hmms/25195at4891.hmm /home/inf-41-2022/Assembly/Busco/run_saccharomycetes_odb10/metaeuk_output/initial_results/output.bp.p_ctg.fa.modified.fas 
# Current dir:     /home/inf-41-2022/Assembly
# Date:            Thu Feb 23 23:25:54 2023
# [ok]
