#                                                                                --- full sequence --- -------------- this domain -------------   hmm coord   ali coord   env coord
# target name            accession   tlen query name           accession   qlen   E-value  score  bias   #  of  c-Evalue  i-Evalue  score  bias  from    to  from    to  from    to  acc description of target
#    ------------------- ---------- ----- -------------------- ---------- ----- --------- ------ ----- --- --- --------- --------- ------ ----- ----- ----- ----- ----- ----- ----- ---- ---------------------
ptg000014l:568045-570960 -            972 2543at4891           -            558  1.5e-113  377.5  40.1   1   7   1.7e-14   4.5e-11   39.2   0.1     2    41     5    50     4    61 0.87 -
ptg000014l:568045-570960 -            972 2543at4891           -            558  1.5e-113  377.5  40.1   2   7   1.1e-05     0.028   10.2   0.0    33    65    96   136    87   161 0.78 -
ptg000014l:568045-570960 -            972 2543at4891           -            558  1.5e-113  377.5  40.1   3   7   4.6e-33   1.2e-29  100.5   1.5    69   177   183   317   174   327 0.80 -
ptg000014l:568045-570960 -            972 2543at4891           -            558  1.5e-113  377.5  40.1   4   7   7.3e-09     2e-05   20.6   0.2   211   270   432   494   410   534 0.77 -
ptg000014l:568045-570960 -            972 2543at4891           -            558  1.5e-113  377.5  40.1   5   7   7.2e-33   1.9e-29   99.9   1.2   275   382   546   665   544   674 0.90 -
ptg000014l:568045-570960 -            972 2543at4891           -            558  1.5e-113  377.5  40.1   6   7   1.8e-32   4.9e-29   98.5   1.7   382   519   689   862   684   864 0.79 -
ptg000014l:568045-570960 -            972 2543at4891           -            558  1.5e-113  377.5  40.1   7   7   4.4e-10   1.2e-06   24.7   3.2   487   558   881   968   875   968 0.74 -
#
# Program:         hmmsearch
# Version:         3.1b2 (February 2015)
# Pipeline mode:   SEARCH
# Query file:      /home/inf-41-2022/Assembly/busco_downloads/lineages/saccharomycetes_odb10/hmms/2543at4891.hmm
# Target file:     /home/inf-41-2022/Assembly/Busco/run_saccharomycetes_odb10/metaeuk_output/initial_results/output.bp.p_ctg.fa.modified.fas
# Option settings: hmmsearch --domtblout /home/inf-41-2022/Assembly/Busco/run_saccharomycetes_odb10/hmmer_output/initial_run_results/2543at4891.out --cpu 1 /home/inf-41-2022/Assembly/busco_downloads/lineages/saccharomycetes_odb10/hmms/2543at4891.hmm /home/inf-41-2022/Assembly/Busco/run_saccharomycetes_odb10/metaeuk_output/initial_results/output.bp.p_ctg.fa.modified.fas 
# Current dir:     /home/inf-41-2022/Assembly
# Date:            Thu Feb 23 23:25:56 2023
# [ok]
