#                                                                                --- full sequence --- -------------- this domain -------------   hmm coord   ali coord   env coord
# target name            accession   tlen query name           accession   qlen   E-value  score  bias   #  of  c-Evalue  i-Evalue  score  bias  from    to  from    to  from    to  acc description of target
#    ------------------- ---------- ----- -------------------- ---------- ----- --------- ------ ----- --- --- --------- --------- ------ ----- ----- ----- ----- ----- ----- ----- ---- ---------------------
ptg000003l:415914-416831 -            306 28415at4891          -            211   6.7e-89  294.0   0.9   1   1   7.3e-88   3.9e-85  281.7   0.9     7   195    14   247     8   277 0.83 -
ptg000011l:195193-196002 -            270 28415at4891          -            211   3.4e-50  167.6   0.1   1   2   7.3e-41   3.9e-38  128.2   0.0     6   130     3   126     1   136 0.97 -
ptg000011l:195193-196002 -            270 28415at4891          -            211   3.4e-50  167.6   0.1   2   2     5e-13   2.7e-10   37.2   0.0   133   191   175   246   159   262 0.75 -
ptg000005l:377327-378142 -            272 28415at4891          -            211   9.6e-48  159.6   0.1   1   2   1.3e-38     7e-36  120.8   0.0     8   129     1   121     1   131 0.97 -
ptg000005l:377327-378142 -            272 28415at4891          -            211   9.6e-48  159.6   0.1   2   2   6.3e-13   3.4e-10   36.9   0.0   134   189   177   245   161   266 0.76 -
ptg000011l:378930-380033 -            368 28415at4891          -            211   5.3e-23   78.7   0.0   1   2   9.4e-22   5.1e-19   65.7   0.0     9   109     2   110     1   149 0.84 -
ptg000011l:378930-380033 -            368 28415at4891          -            211   5.3e-23   78.7   0.0   2   2   0.00011     0.059    9.9   0.0   136   183   188   244   175   254 0.71 -
ptg000005l:823124-823960 -            279 28415at4891          -            211   7.3e-18   61.9   0.0   1   2   7.3e-19   3.9e-16   56.3   0.0     7   133     2   138     1   148 0.75 -
ptg000005l:823124-823960 -            279 28415at4891          -            211   7.3e-18   61.9   0.0   2   2     0.013       6.7    3.2   0.0   140   182   183   233   158   242 0.62 -
#
# Program:         hmmsearch
# Version:         3.1b2 (February 2015)
# Pipeline mode:   SEARCH
# Query file:      /home/inf-41-2022/Assembly/busco_downloads/lineages/saccharomycetes_odb10/hmms/28415at4891.hmm
# Target file:     /home/inf-41-2022/Assembly/Busco/run_saccharomycetes_odb10/metaeuk_output/initial_results/output.bp.p_ctg.fa.modified.fas
# Option settings: hmmsearch --domtblout /home/inf-41-2022/Assembly/Busco/run_saccharomycetes_odb10/hmmer_output/initial_run_results/28415at4891.out --cpu 1 /home/inf-41-2022/Assembly/busco_downloads/lineages/saccharomycetes_odb10/hmms/28415at4891.hmm /home/inf-41-2022/Assembly/Busco/run_saccharomycetes_odb10/metaeuk_output/initial_results/output.bp.p_ctg.fa.modified.fas 
# Current dir:     /home/inf-41-2022/Assembly
# Date:            Thu Feb 23 23:26:09 2023
# [ok]
