#                                                                                --- full sequence --- -------------- this domain -------------   hmm coord   ali coord   env coord
# target name            accession   tlen query name           accession   qlen   E-value  score  bias   #  of  c-Evalue  i-Evalue  score  bias  from    to  from    to  from    to  acc description of target
#    ------------------- ---------- ----- -------------------- ---------- ----- --------- ------ ----- --- --- --------- --------- ------ ----- ----- ----- ----- ----- ----- ----- ---- ---------------------
ptg000014l:427231-427920 -            230 30857at4891          -            151   1.1e-33  113.4   0.2   1   3   6.9e-08   6.1e-05   20.1   0.0     1    45     4    53     4    71 0.77 -
ptg000014l:427231-427920 -            230 30857at4891          -            151   1.1e-33  113.4   0.2   2   3   1.4e-11   1.3e-08   32.1   0.1    33    85    77   139    73   149 0.80 -
ptg000014l:427231-427920 -            230 30857at4891          -            151   1.1e-33  113.4   0.2   3   3   2.3e-19     2e-16   57.4   0.0    80   146   153   230   141   230 0.83 -
ptg000010l:279326-280615 -            430 30857at4891          -            151   1.3e-08   32.0   0.0   1   3   1.5e-11   1.3e-08   32.0   0.0    81   146     3    74     1    79 0.88 -
ptg000010l:279326-280615 -            430 30857at4891          -            151   1.3e-08   32.0   0.0   2   3      0.69   6.2e+02   -2.6   0.1    54    73   164   183   140   213 0.70 -
ptg000010l:279326-280615 -            430 30857at4891          -            151   1.3e-08   32.0   0.0   3   3      0.58   5.2e+02   -2.4   0.7    29    72   269   312   245   329 0.64 -
ptg000003l:720105-721169 -            355 30857at4891          -            151   2.6e-06   24.6   0.2   1   4   2.9e-09   2.6e-06   24.6   0.2    98   132     1    40     1    65 0.71 -
ptg000003l:720105-721169 -            355 30857at4891          -            151   2.6e-06   24.6   0.2   2   4      0.52   4.7e+02   -2.2   0.2    21    46    96   118    79   148 0.62 -
ptg000003l:720105-721169 -            355 30857at4891          -            151   2.6e-06   24.6   0.2   3   4      0.45     4e+02   -2.0   0.1    17    39   271   295   254   321 0.52 -
ptg000003l:720105-721169 -            355 30857at4891          -            151   2.6e-06   24.6   0.2   4   4      0.57   5.1e+02   -2.3   0.0    18    49   319   351   302   354 0.57 -
#
# Program:         hmmsearch
# Version:         3.1b2 (February 2015)
# Pipeline mode:   SEARCH
# Query file:      /home/inf-41-2022/Assembly/busco_downloads/lineages/saccharomycetes_odb10/hmms/30857at4891.hmm
# Target file:     /home/inf-41-2022/Assembly/Busco/run_saccharomycetes_odb10/metaeuk_output/initial_results/output.bp.p_ctg.fa.modified.fas
# Option settings: hmmsearch --domtblout /home/inf-41-2022/Assembly/Busco/run_saccharomycetes_odb10/hmmer_output/initial_run_results/30857at4891.out --cpu 1 /home/inf-41-2022/Assembly/busco_downloads/lineages/saccharomycetes_odb10/hmms/30857at4891.hmm /home/inf-41-2022/Assembly/Busco/run_saccharomycetes_odb10/metaeuk_output/initial_results/output.bp.p_ctg.fa.modified.fas 
# Current dir:     /home/inf-41-2022/Assembly
# Date:            Thu Feb 23 23:26:20 2023
# [ok]
