#                                                                                --- full sequence --- -------------- this domain -------------   hmm coord   ali coord   env coord
# target name            accession   tlen query name           accession   qlen   E-value  score  bias   #  of  c-Evalue  i-Evalue  score  bias  from    to  from    to  from    to  acc description of target
#    ------------------- ---------- ----- -------------------- ---------- ----- --------- ------ ----- --- --- --------- --------- ------ ----- ----- ----- ----- ----- ----- ----- ---- ---------------------
ptg000005l:767210-768541 -            444 30938at4891          -            197   8.3e-50  166.5   8.0   1   3    0.0017       2.3    5.1   0.0     1    27     5    34     5    94 0.75 -
ptg000005l:767210-768541 -            444 30938at4891          -            197   8.3e-50  166.5   8.0   2   3   9.9e-51   1.3e-47  159.3   2.8    32   161   101   266    97   285 0.81 -
ptg000005l:767210-768541 -            444 30938at4891          -            197   8.3e-50  166.5   8.0   3   3     0.015        20    2.0   0.2   164   192   308   337   301   340 0.75 -
ptg000014l:156967-157878 -            304 30938at4891          -            197    0.0038   14.2   0.4   1   4      0.17   2.2e+02   -1.4   0.0   146   161     2    17     1    31 0.84 -
ptg000014l:156967-157878 -            304 30938at4891          -            197    0.0038   14.2   0.4   2   4      0.43   5.7e+02   -2.7   0.0    32    51    32    51    25    65 0.64 -
ptg000014l:156967-157878 -            304 30938at4891          -            197    0.0038   14.2   0.4   3   4      0.03        40    1.1   0.0   111   124   132   145   123   155 0.88 -
ptg000014l:156967-157878 -            304 30938at4891          -            197    0.0038   14.2   0.4   4   4   0.00012      0.16    8.9   0.0   105   171   217   287   208   291 0.87 -
#
# Program:         hmmsearch
# Version:         3.1b2 (February 2015)
# Pipeline mode:   SEARCH
# Query file:      /home/inf-41-2022/Assembly/busco_downloads/lineages/saccharomycetes_odb10/hmms/30938at4891.hmm
# Target file:     /home/inf-41-2022/Assembly/Busco/run_saccharomycetes_odb10/metaeuk_output/initial_results/output.bp.p_ctg.fa.modified.fas
# Option settings: hmmsearch --domtblout /home/inf-41-2022/Assembly/Busco/run_saccharomycetes_odb10/hmmer_output/initial_run_results/30938at4891.out --cpu 1 /home/inf-41-2022/Assembly/busco_downloads/lineages/saccharomycetes_odb10/hmms/30938at4891.hmm /home/inf-41-2022/Assembly/Busco/run_saccharomycetes_odb10/metaeuk_output/initial_results/output.bp.p_ctg.fa.modified.fas 
# Current dir:     /home/inf-41-2022/Assembly
# Date:            Thu Feb 23 23:26:21 2023
# [ok]
