#                                                                                --- full sequence --- -------------- this domain -------------   hmm coord   ali coord   env coord
# target name            accession   tlen query name           accession   qlen   E-value  score  bias   #  of  c-Evalue  i-Evalue  score  bias  from    to  from    to  from    to  acc description of target
#    ------------------- ---------- ----- -------------------- ---------- ----- --------- ------ ----- --- --- --------- --------- ------ ----- ----- ----- ----- ----- ----- ----- ---- ---------------------
ptg000005l:338093-338527 -            145 32025at4891          -            134   2.4e-69  228.9   1.6   1   1   1.6e-71   3.2e-69  228.5   1.6     6   134     1   143     1   143 0.94 -
ptg000008l:708338-708832 -            165 32025at4891          -            134   1.8e-25   86.9   0.1   1   1   1.1e-27   2.3e-25   86.5   0.1     1   130     8   144     8   148 0.80 -
ptg000005l:556278-556676 -            133 32025at4891          -            134   1.1e-23   81.1   0.1   1   1   6.5e-26   1.3e-23   80.9   0.1    38   134    33   131    10   131 0.83 -
ptg000002l:397405-397803 -            133 32025at4891          -            134   2.7e-22   76.6   0.1   1   1   1.5e-24   3.1e-22   76.4   0.1    38   134    33   131     9   131 0.84 -
ptg000005l:617095-617511 -            139 32025at4891          -            134   9.8e-21   71.6   0.0   1   1   5.9e-23   1.2e-20   71.3   0.0    41   133    42   132    23   133 0.94 -
ptg000005l:797368-798012 -            215 32025at4891          -            134   4.1e-20   69.6   0.1   1   1   3.5e-22   7.3e-20   68.8   0.1    38   126    49   136    41   144 0.89 -
ptg000005l:548882-549358 -            159 32025at4891          -            134   7.4e-20   68.8   0.3   1   1   7.4e-22   1.5e-19   67.7   0.3    36   132    50   156    35   159 0.80 -
ptg000011l:953583-953990 -            136 32025at4891          -            134     1e-19   68.3   0.1   1   1   5.8e-22   1.2e-19   68.1   0.1    37   120    44   125    32   136 0.86 -
ptg000007l:302213-302698 -            162 32025at4891          -            134   2.3e-19   67.1   0.1   1   1   3.1e-21   6.4e-19   65.7   0.1     1   124     5   145     5   157 0.77 -
ptg000013l:278235-278669 -            145 32025at4891          -            134   9.8e-17   58.6   0.0   1   1   6.9e-19   1.4e-16   58.1   0.0    43   130    55   140    47   143 0.92 -
ptg000009l:133292-133909 -            206 32025at4891          -            134   3.6e-13   47.1   0.1   1   1   2.4e-15     5e-13   46.7   0.1    41   133    47   143    38   144 0.82 -
ptg000009l:360852-361601 -            250 32025at4891          -            134   5.6e-07   27.1   0.0   1   1   4.2e-09   8.5e-07   26.5   0.0    37   108    48   120     9   141 0.69 -
ptg000008l:756013-756411 -            133 32025at4891          -            134   5.8e-07   27.0   0.0   1   1   3.1e-09   6.4e-07   26.9   0.0    38   110    51   123    29   133 0.86 -
#
# Program:         hmmsearch
# Version:         3.1b2 (February 2015)
# Pipeline mode:   SEARCH
# Query file:      /home/inf-41-2022/Assembly/busco_downloads/lineages/saccharomycetes_odb10/hmms/32025at4891.hmm
# Target file:     /home/inf-41-2022/Assembly/Busco/run_saccharomycetes_odb10/metaeuk_output/initial_results/output.bp.p_ctg.fa.modified.fas
# Option settings: hmmsearch --domtblout /home/inf-41-2022/Assembly/Busco/run_saccharomycetes_odb10/hmmer_output/initial_run_results/32025at4891.out --cpu 1 /home/inf-41-2022/Assembly/busco_downloads/lineages/saccharomycetes_odb10/hmms/32025at4891.hmm /home/inf-41-2022/Assembly/Busco/run_saccharomycetes_odb10/metaeuk_output/initial_results/output.bp.p_ctg.fa.modified.fas 
# Current dir:     /home/inf-41-2022/Assembly
# Date:            Thu Feb 23 23:26:24 2023
# [ok]
