#                                                                                --- full sequence --- -------------- this domain -------------   hmm coord   ali coord   env coord
# target name            accession   tlen query name           accession   qlen   E-value  score  bias   #  of  c-Evalue  i-Evalue  score  bias  from    to  from    to  from    to  acc description of target
#    ------------------- ---------- ----- -------------------- ---------- ----- --------- ------ ----- --- --- --------- --------- ------ ----- ----- ----- ----- ----- ----- ----- ---- ---------------------
ptg000008l:291105-291851 -            249 32845at4891          -            140   3.1e-28   95.5   6.9   1   3   7.5e-07   0.00067   16.6   0.0     1    21     3    23     3    33 0.88 -
ptg000008l:291105-291851 -            249 32845at4891          -            140   3.1e-28   95.5   6.9   2   3   4.2e-15   3.8e-12   43.4   0.3    17    88    43   143    35   147 0.76 -
ptg000008l:291105-291851 -            249 32845at4891          -            140   3.1e-28   95.5   6.9   3   3   6.4e-10   5.7e-07   26.6   0.7    85   118   163   196   155   236 0.76 -
ptg000008l:204654-205391 -            246 32845at4891          -            140     1e-11   41.9   0.2   1   2   0.00042      0.38    7.7   0.0    28    66    34    74    22    92 0.77 -
ptg000008l:204654-205391 -            246 32845at4891          -            140     1e-11   41.9   0.2   2   2   1.1e-11   9.4e-09   32.4   0.1    63   115   105   160    89   178 0.85 -
ptg000008l:420787-421452 -            222 32845at4891          -            140   5.8e-05   20.1   0.7   1   2   3.6e-06    0.0032   14.4   0.3    90   115   108   133     1   154 0.84 -
ptg000008l:420787-421452 -            222 32845at4891          -            140   5.8e-05   20.1   0.7   2   2      0.12     1e+02   -0.2   0.0     7    42   145   180   139   182 0.75 -
#
# Program:         hmmsearch
# Version:         3.1b2 (February 2015)
# Pipeline mode:   SEARCH
# Query file:      /home/inf-41-2022/Assembly/busco_downloads/lineages/saccharomycetes_odb10/hmms/32845at4891.hmm
# Target file:     /home/inf-41-2022/Assembly/Busco/run_saccharomycetes_odb10/metaeuk_output/initial_results/output.bp.p_ctg.fa.modified.fas
# Option settings: hmmsearch --domtblout /home/inf-41-2022/Assembly/Busco/run_saccharomycetes_odb10/hmmer_output/initial_run_results/32845at4891.out --cpu 1 /home/inf-41-2022/Assembly/busco_downloads/lineages/saccharomycetes_odb10/hmms/32845at4891.hmm /home/inf-41-2022/Assembly/Busco/run_saccharomycetes_odb10/metaeuk_output/initial_results/output.bp.p_ctg.fa.modified.fas 
# Current dir:     /home/inf-41-2022/Assembly
# Date:            Thu Feb 23 23:26:27 2023
# [ok]
