#                                                                                --- full sequence --- -------------- this domain -------------   hmm coord   ali coord   env coord
# target name            accession   tlen query name           accession   qlen   E-value  score  bias   #  of  c-Evalue  i-Evalue  score  bias  from    to  from    to  from    to  acc description of target
#    ------------------- ---------- ----- -------------------- ---------- ----- --------- ------ ----- --- --- --------- --------- ------ ----- ----- ----- ----- ----- ----- ----- ---- ---------------------
ptg000008l:208532-209755 -            408 34739at4891          -            195   3.1e-78  259.3  11.6   1   4   1.5e-48     1e-45  153.2   2.7     1    88    37   124    37   154 0.93 -
ptg000008l:208532-209755 -            408 34739at4891          -            195   3.1e-78  259.3  11.6   2   4   5.7e-34   3.8e-31  105.6   0.4    78   161   156   239   151   251 0.93 -
ptg000008l:208532-209755 -            408 34739at4891          -            195   3.1e-78  259.3  11.6   3   4     0.016        11    3.0   0.0   161   179   302   320   276   335 0.80 -
ptg000008l:208532-209755 -            408 34739at4891          -            195   3.1e-78  259.3  11.6   4   4     0.079        53    0.7   0.0   168   195   371   400   351   400 0.74 -
ptg000014l:284974-286419 -            482 34739at4891          -            195   3.1e-33  112.4   1.6   1   2   1.2e-30   7.7e-28   94.8   0.3     1    81    39   119    39   139 0.94 -
ptg000014l:284974-286419 -            482 34739at4891          -            195   3.1e-33  112.4   1.6   2   2   1.1e-06   0.00076   16.5   0.1   102   141   182   221   154   229 0.78 -
ptg000005l:733973-735361 -            463 34739at4891          -            195     4e-05   20.7   0.3   1   1   1.1e-07   7.3e-05   19.8   0.3     2    72    79   148    78   196 0.79 -
ptg000007l:655477-661926 -           2150 34739at4891          -            195    0.0052   13.8   0.0   1   1   2.3e-05     0.016   12.2   0.0     5    71   675   737   671   743 0.88 -
#
# Program:         hmmsearch
# Version:         3.1b2 (February 2015)
# Pipeline mode:   SEARCH
# Query file:      /home/inf-41-2022/Assembly/busco_downloads/lineages/saccharomycetes_odb10/hmms/34739at4891.hmm
# Target file:     /home/inf-41-2022/Assembly/Busco/run_saccharomycetes_odb10/metaeuk_output/initial_results/output.bp.p_ctg.fa.modified.fas
# Option settings: hmmsearch --domtblout /home/inf-41-2022/Assembly/Busco/run_saccharomycetes_odb10/hmmer_output/initial_run_results/34739at4891.out --cpu 1 /home/inf-41-2022/Assembly/busco_downloads/lineages/saccharomycetes_odb10/hmms/34739at4891.hmm /home/inf-41-2022/Assembly/Busco/run_saccharomycetes_odb10/metaeuk_output/initial_results/output.bp.p_ctg.fa.modified.fas 
# Current dir:     /home/inf-41-2022/Assembly
# Date:            Thu Feb 23 23:26:33 2023
# [ok]
