#                                                                                --- full sequence --- -------------- this domain -------------   hmm coord   ali coord   env coord
# target name            accession   tlen query name           accession   qlen   E-value  score  bias   #  of  c-Evalue  i-Evalue  score  bias  from    to  from    to  from    to  acc description of target
#    ------------------- ---------- ----- -------------------- ---------- ----- --------- ------ ----- --- --- --------- --------- ------ ----- ----- ----- ----- ----- ----- ----- ---- ---------------------
ptg000005l:867755-869422 -            556 4972at4891           -            493    4e-279  923.7  17.9   1   1  1.3e-279  4.3e-277  917.0  17.9     1   493     7   554     7   554 0.94 -
ptg000006l:549081-550730 -            550 4972at4891           -            493   1.3e-76  255.7   5.5   1   1   9.7e-78   3.2e-75  251.1   5.5    18   485    32   527    21   534 0.84 -
ptg000016l:361654-363234 -            527 4972at4891           -            493     1e-68  229.7  11.9   1   1   4.8e-70   1.6e-67  225.8  11.9    20   484    27   517    21   526 0.82 -
ptg000006l:349443-351050 -            536 4972at4891           -            493     2e-66  222.2   4.8   1   1   1.3e-68   4.3e-66  221.1   4.8    19   483    30   530    15   536 0.84 -
ptg000005l:200436-202019 -            528 4972at4891           -            493   8.6e-62  206.9  15.0   1   1   2.8e-63   9.5e-61  203.4  15.0    12   481    18   524     7   527 0.84 -
ptg000006l:189080-190738 -            553 4972at4891           -            493   1.7e-61  205.9   7.7   1   1   1.2e-62   3.9e-60  201.4   7.7    21   485    47   549    31   553 0.80 -
ptg000006l:336939-338642 -            568 4972at4891           -            493     1e-51  173.7   5.5   1   1   1.6e-53   5.5e-51  171.2   5.5    25   484    41   547    13   553 0.82 -
ptg000005l:816938-818575 -            546 4972at4891           -            493   1.4e-47  159.9   1.6   1   1   1.5e-48   5.1e-46  154.8   1.6    23   451    30   500    20   524 0.80 -
#
# Program:         hmmsearch
# Version:         3.1b2 (February 2015)
# Pipeline mode:   SEARCH
# Query file:      /home/inf-41-2022/Assembly/busco_downloads/lineages/saccharomycetes_odb10/hmms/4972at4891.hmm
# Target file:     /home/inf-41-2022/Assembly/Busco/run_saccharomycetes_odb10/metaeuk_output/initial_results/output.bp.p_ctg.fa.modified.fas
# Option settings: hmmsearch --domtblout /home/inf-41-2022/Assembly/Busco/run_saccharomycetes_odb10/hmmer_output/initial_run_results/4972at4891.out --cpu 1 /home/inf-41-2022/Assembly/busco_downloads/lineages/saccharomycetes_odb10/hmms/4972at4891.hmm /home/inf-41-2022/Assembly/Busco/run_saccharomycetes_odb10/metaeuk_output/initial_results/output.bp.p_ctg.fa.modified.fas 
# Current dir:     /home/inf-41-2022/Assembly
# Date:            Thu Feb 23 23:27:00 2023
# [ok]
