#                                                                                --- full sequence --- -------------- this domain -------------   hmm coord   ali coord   env coord
# target name            accession   tlen query name           accession   qlen   E-value  score  bias   #  of  c-Evalue  i-Evalue  score  bias  from    to  from    to  from    to  acc description of target
#    ------------------- ---------- ----- -------------------- ---------- ----- --------- ------ ----- --- --- --------- --------- ------ ----- ----- ----- ----- ----- ----- ----- ---- ---------------------
ptg000015l:33692-35647   -            652 8224at4891           -            399  1.7e-158  524.7  22.4   1   5   2.1e-12   2.8e-09   33.3   0.0     1    35     2    37     2    44 0.91 -
ptg000015l:33692-35647   -            652 8224at4891           -            399  1.7e-158  524.7  22.4   2   5   5.7e-52   7.7e-49  163.6   6.9    31   179   100   307    94   320 0.85 -
ptg000015l:33692-35647   -            652 8224at4891           -            399  1.7e-158  524.7  22.4   3   5   7.8e-87     1e-83  278.4   0.1   180   341   333   508   326   517 0.93 -
ptg000015l:33692-35647   -            652 8224at4891           -            399  1.7e-158  524.7  22.4   4   5   8.8e-17   1.2e-13   47.8   0.0   338   398   528   599   518   600 0.84 -
ptg000015l:33692-35647   -            652 8224at4891           -            399  1.7e-158  524.7  22.4   5   5     0.041        55   -0.5   0.8   387   399   637   649   634   649 0.92 -
ptg000005l:653829-655847 -            673 8224at4891           -            399   1.9e-06   24.0   0.4   1   2    0.0014       1.9    4.3   0.2     4    57     4    61     1   165 0.79 -
ptg000005l:653829-655847 -            673 8224at4891           -            399   1.9e-06   24.0   0.4   2   2   2.5e-07   0.00033   16.7   0.0   269   370   390   494   371   508 0.75 -
#
# Program:         hmmsearch
# Version:         3.1b2 (February 2015)
# Pipeline mode:   SEARCH
# Query file:      /home/inf-41-2022/Assembly/busco_downloads/lineages/saccharomycetes_odb10/hmms/8224at4891.hmm
# Target file:     /home/inf-41-2022/Assembly/Busco/run_saccharomycetes_odb10/metaeuk_output/initial_results/output.bp.p_ctg.fa.modified.fas
# Option settings: hmmsearch --domtblout /home/inf-41-2022/Assembly/Busco/run_saccharomycetes_odb10/hmmer_output/initial_run_results/8224at4891.out --cpu 1 /home/inf-41-2022/Assembly/busco_downloads/lineages/saccharomycetes_odb10/hmms/8224at4891.hmm /home/inf-41-2022/Assembly/Busco/run_saccharomycetes_odb10/metaeuk_output/initial_results/output.bp.p_ctg.fa.modified.fas 
# Current dir:     /home/inf-41-2022/Assembly
# Date:            Thu Feb 23 23:27:26 2023
# [ok]
