#                                                                                --- full sequence --- -------------- this domain -------------   hmm coord   ali coord   env coord
# target name            accession   tlen query name           accession   qlen   E-value  score  bias   #  of  c-Evalue  i-Evalue  score  bias  from    to  from    to  from    to  acc description of target
#    ------------------- ---------- ----- -------------------- ---------- ----- --------- ------ ----- --- --- --------- --------- ------ ----- ----- ----- ----- ----- ----- ----- ---- ---------------------
ptg000017l:556765-558489 -            575 9012at4891           -            421  7.1e-182  602.1   7.6   1   3   2.8e-05     0.015   11.3   0.2     3    54    40    95    38   103 0.75 -
ptg000017l:556765-558489 -            575 9012at4891           -            421  7.1e-182  602.1   7.6   2   3   1.2e-68   6.2e-66  220.1   0.0    17   217    75   330    73   347 0.81 -
ptg000017l:556765-558489 -            575 9012at4891           -            421  7.1e-182  602.1   7.6   3   3  1.8e-115  9.6e-113  374.3   2.9   222   420   365   572   339   573 0.92 -
ptg000002l:296268-296771 -            168 9012at4891           -            421   4.8e-05   19.5   0.0   1   1     1e-07   5.5e-05   19.3   0.0   239   332    29   125     3   136 0.69 -
ptg000003l:687039-687968 -            310 9012at4891           -            421    0.0039   13.2   0.0   1   1     1e-05    0.0056   12.7   0.0   259   325    78   145    56   184 0.82 -
ptg000014l:269282-270184 -            301 9012at4891           -            421     0.011   11.8   0.1   1   1   2.9e-05     0.015   11.3   0.1   259   326    96   166    92   176 0.82 -
ptg000011l:132826-133662 -            279 9012at4891           -            421     0.016   11.3   0.0   1   1   3.8e-05      0.02   10.9   0.0   259   318    74   138    25   151 0.75 -
#
# Program:         hmmsearch
# Version:         3.1b2 (February 2015)
# Pipeline mode:   SEARCH
# Query file:      /home/inf-41-2022/Assembly/busco_downloads/lineages/saccharomycetes_odb10/hmms/9012at4891.hmm
# Target file:     /home/inf-41-2022/Assembly/Busco/run_saccharomycetes_odb10/metaeuk_output/initial_results/output.bp.p_ctg.fa.modified.fas
# Option settings: hmmsearch --domtblout /home/inf-41-2022/Assembly/Busco/run_saccharomycetes_odb10/hmmer_output/initial_run_results/9012at4891.out --cpu 1 /home/inf-41-2022/Assembly/busco_downloads/lineages/saccharomycetes_odb10/hmms/9012at4891.hmm /home/inf-41-2022/Assembly/Busco/run_saccharomycetes_odb10/metaeuk_output/initial_results/output.bp.p_ctg.fa.modified.fas 
# Current dir:     /home/inf-41-2022/Assembly
# Date:            Thu Feb 23 23:27:31 2023
# [ok]
