#                                                                                --- full sequence --- -------------- this domain -------------   hmm coord   ali coord   env coord
# target name            accession   tlen query name           accession   qlen   E-value  score  bias   #  of  c-Evalue  i-Evalue  score  bias  from    to  from    to  from    to  acc description of target
#    ------------------- ---------- ----- -------------------- ---------- ----- --------- ------ ----- --- --- --------- --------- ------ ----- ----- ----- ----- ----- ----- ----- ---- ---------------------
ptg000007l:836951-838612 -            554 9995at4891           -            372  9.5e-142  469.5   5.3   1   4   2.8e-25   2.5e-22   76.5   0.1     1    73    32   120    32   138 0.77 -
ptg000007l:836951-838612 -            554 9995at4891           -            372  9.5e-142  469.5   5.3   2   4  9.1e-115  8.1e-112  371.0   0.0    67   305   138   404   127   429 0.89 -
ptg000007l:836951-838612 -            554 9995at4891           -            372  9.5e-142  469.5   5.3   3   4      0.11     1e+02   -1.2   0.0   308   328   431   454   425   472 0.78 -
ptg000007l:836951-838612 -            554 9995at4891           -            372  9.5e-142  469.5   5.3   4   4   7.8e-09   6.9e-06   22.4   0.3   324   371   479   535   461   536 0.79 -
ptg000005l:563515-565194 -            560 9995at4891           -            372   3.4e-41  138.6   0.0   1   1   6.4e-44   5.7e-41  137.9   0.0    71   301   155   413   148   417 0.85 -
ptg000005l:908158-909609 -            484 9995at4891           -            372   1.6e-27   93.6   0.2   1   2   8.1e-26   7.3e-23   78.3   0.0    72   249    51   235    25   239 0.87 -
ptg000005l:908158-909609 -            484 9995at4891           -            372   1.6e-27   93.6   0.2   2   2   4.6e-06    0.0041   13.3   0.0   248   300   263   320   255   345 0.79 -
#
# Program:         hmmsearch
# Version:         3.1b2 (February 2015)
# Pipeline mode:   SEARCH
# Query file:      /home/inf-41-2022/Assembly/busco_downloads/lineages/saccharomycetes_odb10/hmms/9995at4891.hmm
# Target file:     /home/inf-41-2022/Assembly/Busco/run_saccharomycetes_odb10/metaeuk_output/initial_results/output.bp.p_ctg.fa.modified.fas
# Option settings: hmmsearch --domtblout /home/inf-41-2022/Assembly/Busco/run_saccharomycetes_odb10/hmmer_output/initial_run_results/9995at4891.out --cpu 1 /home/inf-41-2022/Assembly/busco_downloads/lineages/saccharomycetes_odb10/hmms/9995at4891.hmm /home/inf-41-2022/Assembly/Busco/run_saccharomycetes_odb10/metaeuk_output/initial_results/output.bp.p_ctg.fa.modified.fas 
# Current dir:     /home/inf-41-2022/Assembly
# Date:            Thu Feb 23 23:27:37 2023
# [ok]
